<?xml version="1.0" encoding="UTF-8"?>
<testsuite xmlns:xsi="http://www.w3.org/2001/XMLSchema-instance" xsi:noNamespaceSchemaLocation="https://maven.apache.org/surefire/maven-surefire-plugin/xsd/surefire-test-report-3.0.xsd" version="3.0" name="com.example.Analytics.logic.operations.BudgetServiceTest" time="6.408" tests="6" errors="0" skipped="0" failures="0">
  <properties>
    <property name="jdk.tls.rejectClientInitiatedRenegotiation" value="true"/>
    <property name="java.specification.version" value="17"/>
    <property name="sun.cpu.isalist" value="amd64"/>
    <property name="sun.jnu.encoding" value="Cp1252"/>
    <property name="java.class.path" value="C:\Users\tobia\Documents\privat\KIT\Semester_China\financetracker\implementation\analytics\target\test-classes;C:\Users\tobia\Documents\privat\KIT\Semester_China\financetracker\implementation\analytics\target\classes;C:\Users\tobia\.m2\repository\org\apache\poi\poi\5.2.5\poi-5.2.5.jar;C:\Users\tobia\.m2\repository\commons-codec\commons-codec\1.16.0\commons-codec-1.16.0.jar;C:\Users\tobia\.m2\repository\org\apache\commons\commons-collections4\4.4\commons-collections4-4.4.jar;C:\Users\tobia\.m2\repository\org\apache\commons\commons-math3\3.6.1\commons-math3-3.6.1.jar;C:\Users\tobia\.m2\repository\commons-io\commons-io\2.15.0\commons-io-2.15.0.jar;C:\Users\tobia\.m2\repository\com\zaxxer\SparseBitSet\1.3\SparseBitSet-1.3.jar;C:\Users\tobia\.m2\repository\org\apache\logging\log4j\log4j-api\2.21.1\log4j-api-2.21.1.jar;C:\Users\tobia\.m2\repository\org\apache\poi\poi-ooxml\5.2.5\poi-ooxml-5.2.5.jar;C:\Users\tobia\.m2\repository\org\apache\poi\poi-ooxml-lite\5.2.5\poi-ooxml-lite-5.2.5.jar;C:\Users\tobia\.m2\repository\org\apache\xmlbeans\xmlbeans\5.2.0\xmlbeans-5.2.0.jar;C:\Users\tobia\.m2\repository\org\apache\commons\commons-compress\1.25.0\commons-compress-1.25.0.jar;C:\Users\tobia\.m2\repository\com\github\virtuald\curvesapi\1.08\curvesapi-1.08.jar;C:\Users\tobia\.m2\repository\org\springframework\boot\spring-boot-starter-web\3.2.2\spring-boot-starter-web-3.2.2.jar;C:\Users\tobia\.m2\repository\org\springframework\boot\spring-boot-starter\3.2.2\spring-boot-starter-3.2.2.jar;C:\Users\tobia\.m2\repository\org\springframework\boot\spring-boot\3.2.2\spring-boot-3.2.2.jar;C:\Users\tobia\.m2\repository\org\springframework\boot\spring-boot-autoconfigure\3.2.2\spring-boot-autoconfigure-3.2.2.jar;C:\Users\tobia\.m2\repository\org\springframework\boot\spring-boot-starter-logging\3.2.2\spring-boot-starter-logging-3.2.2.jar;C:\Users\tobia\.m2\repository\org\apache\logging\log4j\log4j-to-slf4j\2.21.1\log4j-to-slf4j-2.21.1.jar;C:\Users\tobia\.m2\repository\org\slf4j\jul-to-slf4j\2.0.11\jul-to-slf4j-2.0.11.jar;C:\Users\tobia\.m2\repository\jakarta\annotation\jakarta.annotation-api\2.1.1\jakarta.annotation-api-2.1.1.jar;C:\Users\tobia\.m2\repository\org\yaml\snakeyaml\2.2\snakeyaml-2.2.jar;C:\Users\tobia\.m2\repository\org\springframework\boot\spring-boot-starter-json\3.2.2\spring-boot-starter-json-3.2.2.jar;C:\Users\tobia\.m2\repository\com\fasterxml\jackson\datatype\jackson-datatype-jdk8\2.15.3\jackson-datatype-jdk8-2.15.3.jar;C:\Users\tobia\.m2\repository\com\fasterxml\jackson\datatype\jackson-datatype-jsr310\2.15.3\jackson-datatype-jsr310-2.15.3.jar;C:\Users\tobia\.m2\repository\com\fasterxml\jackson\module\jackson-module-parameter-names\2.15.3\jackson-module-parameter-names-2.15.3.jar;C:\Users\tobia\.m2\repository\org\springframework\boot\spring-boot-starter-tomcat\3.2.2\spring-boot-starter-tomcat-3.2.2.jar;C:\Users\tobia\.m2\repository\org\apache\tomcat\embed\tomcat-embed-core\10.1.18\tomcat-embed-core-10.1.18.jar;C:\Users\tobia\.m2\repository\org\apache\tomcat\embed\tomcat-embed-el\10.1.18\tomcat-embed-el-10.1.18.jar;C:\Users\tobia\.m2\repository\org\apache\tomcat\embed\tomcat-embed-websocket\10.1.18\tomcat-embed-websocket-10.1.18.jar;C:\Users\tobia\.m2\repository\org\springframework\spring-web\6.1.3\spring-web-6.1.3.jar;C:\Users\tobia\.m2\repository\org\springframework\spring-beans\6.1.3\spring-beans-6.1.3.jar;C:\Users\tobia\.m2\repository\org\springframework\spring-webmvc\6.1.3\spring-webmvc-6.1.3.jar;C:\Users\tobia\.m2\repository\org\springframework\spring-aop\6.1.3\spring-aop-6.1.3.jar;C:\Users\tobia\.m2\repository\org\springframework\spring-expression\6.1.3\spring-expression-6.1.3.jar;C:\Users\tobia\.m2\repository\org\springframework\kafka\spring-kafka\3.1.1\spring-kafka-3.1.1.jar;C:\Users\tobia\.m2\repository\org\springframework\spring-context\6.1.3\spring-context-6.1.3.jar;C:\Users\tobia\.m2\repository\org\springframework\spring-messaging\6.1.3\spring-messaging-6.1.3.jar;C:\Users\tobia\.m2\repository\org\springframework\spring-tx\6.1.3\spring-tx-6.1.3.jar;C:\Users\tobia\.m2\repository\org\springframework\retry\spring-retry\2.0.5\spring-retry-2.0.5.jar;C:\Users\tobia\.m2\repository\org\apache\kafka\kafka-clients\3.6.1\kafka-clients-3.6.1.jar;C:\Users\tobia\.m2\repository\com\github\luben\zstd-jni\1.5.5-1\zstd-jni-1.5.5-1.jar;C:\Users\tobia\.m2\repository\org\lz4\lz4-java\1.8.0\lz4-java-1.8.0.jar;C:\Users\tobia\.m2\repository\org\xerial\snappy\snappy-java\1.1.10.5\snappy-java-1.1.10.5.jar;C:\Users\tobia\.m2\repository\org\slf4j\slf4j-api\2.0.11\slf4j-api-2.0.11.jar;C:\Users\tobia\.m2\repository\io\micrometer\micrometer-observation\1.12.2\micrometer-observation-1.12.2.jar;C:\Users\tobia\.m2\repository\io\micrometer\micrometer-commons\1.12.2\micrometer-commons-1.12.2.jar;C:\Users\tobia\.m2\repository\com\google\code\findbugs\jsr305\3.0.2\jsr305-3.0.2.jar;C:\Users\tobia\.m2\repository\org\springframework\boot\spring-boot-starter-data-jpa\3.1.5\spring-boot-starter-data-jpa-3.1.5.jar;C:\Users\tobia\.m2\repository\org\springframework\boot\spring-boot-starter-aop\3.2.2\spring-boot-starter-aop-3.2.2.jar;C:\Users\tobia\.m2\repository\org\aspectj\aspectjweaver\1.9.21\aspectjweaver-1.9.21.jar;C:\Users\tobia\.m2\repository\org\springframework\boot\spring-boot-starter-jdbc\3.2.2\spring-boot-starter-jdbc-3.2.2.jar;C:\Users\tobia\.m2\repository\com\zaxxer\HikariCP\5.0.1\HikariCP-5.0.1.jar;C:\Users\tobia\.m2\repository\org\springframework\spring-jdbc\6.1.3\spring-jdbc-6.1.3.jar;C:\Users\tobia\.m2\repository\org\hibernate\orm\hibernate-core\6.4.1.Final\hibernate-core-6.4.1.Final.jar;C:\Users\tobia\.m2\repository\jakarta\persistence\jakarta.persistence-api\3.1.0\jakarta.persistence-api-3.1.0.jar;C:\Users\tobia\.m2\repository\jakarta\transaction\jakarta.transaction-api\2.0.1\jakarta.transaction-api-2.0.1.jar;C:\Users\tobia\.m2\repository\org\jboss\logging\jboss-logging\3.5.3.Final\jboss-logging-3.5.3.Final.jar;C:\Users\tobia\.m2\repository\org\hibernate\common\hibernate-commons-annotations\6.0.6.Final\hibernate-commons-annotations-6.0.6.Final.jar;C:\Users\tobia\.m2\repository\io\smallrye\jandex\3.1.2\jandex-3.1.2.jar;C:\Users\tobia\.m2\repository\com\fasterxml\classmate\1.6.0\classmate-1.6.0.jar;C:\Users\tobia\.m2\repository\net\bytebuddy\byte-buddy\1.14.11\byte-buddy-1.14.11.jar;C:\Users\tobia\.m2\repository\org\glassfish\jaxb\jaxb-runtime\4.0.4\jaxb-runtime-4.0.4.jar;C:\Users\tobia\.m2\repository\org\glassfish\jaxb\jaxb-core\4.0.4\jaxb-core-4.0.4.jar;C:\Users\tobia\.m2\repository\org\eclipse\angus\angus-activation\2.0.1\angus-activation-2.0.1.jar;C:\Users\tobia\.m2\repository\org\glassfish\jaxb\txw2\4.0.4\txw2-4.0.4.jar;C:\Users\tobia\.m2\repository\com\sun\istack\istack-commons-runtime\4.1.2\istack-commons-runtime-4.1.2.jar;C:\Users\tobia\.m2\repository\jakarta\inject\jakarta.inject-api\2.0.1\jakarta.inject-api-2.0.1.jar;C:\Users\tobia\.m2\repository\org\antlr\antlr4-runtime\4.13.0\antlr4-runtime-4.13.0.jar;C:\Users\tobia\.m2\repository\org\springframework\data\spring-data-jpa\3.2.2\spring-data-jpa-3.2.2.jar;C:\Users\tobia\.m2\repository\org\springframework\data\spring-data-commons\3.2.2\spring-data-commons-3.2.2.jar;C:\Users\tobia\.m2\repository\org\springframework\spring-orm\6.1.3\spring-orm-6.1.3.jar;C:\Users\tobia\.m2\repository\org\springframework\spring-aspects\6.1.3\spring-aspects-6.1.3.jar;C:\Users\tobia\.m2\repository\org\springframework\boot\spring-boot-starter-test\3.2.2\spring-boot-starter-test-3.2.2.jar;C:\Users\tobia\.m2\repository\org\springframework\boot\spring-boot-test\3.2.2\spring-boot-test-3.2.2.jar;C:\Users\tobia\.m2\repository\org\springframework\boot\spring-boot-test-autoconfigure\3.2.2\spring-boot-test-autoconfigure-3.2.2.jar;C:\Users\tobia\.m2\repository\com\jayway\jsonpath\json-path\2.8.0\json-path-2.8.0.jar;C:\Users\tobia\.m2\repository\jakarta\xml\bind\jakarta.xml.bind-api\4.0.1\jakarta.xml.bind-api-4.0.1.jar;C:\Users\tobia\.m2\repository\jakarta\activation\jakarta.activation-api\2.1.2\jakarta.activation-api-2.1.2.jar;C:\Users\tobia\.m2\repository\net\minidev\json-smart\2.5.0\json-smart-2.5.0.jar;C:\Users\tobia\.m2\repository\net\minidev\accessors-smart\2.5.0\accessors-smart-2.5.0.jar;C:\Users\tobia\.m2\repository\org\ow2\asm\asm\9.3\asm-9.3.jar;C:\Users\tobia\.m2\repository\org\assertj\assertj-core\3.24.2\assertj-core-3.24.2.jar;C:\Users\tobia\.m2\repository\org\awaitility\awaitility\4.2.0\awaitility-4.2.0.jar;C:\Users\tobia\.m2\repository\org\hamcrest\hamcrest\2.2\hamcrest-2.2.jar;C:\Users\tobia\.m2\repository\org\junit\jupiter\junit-jupiter\5.10.1\junit-jupiter-5.10.1.jar;C:\Users\tobia\.m2\repository\org\junit\jupiter\junit-jupiter-params\5.10.1\junit-jupiter-params-5.10.1.jar;C:\Users\tobia\.m2\repository\org\junit\jupiter\junit-jupiter-engine\5.10.1\junit-jupiter-engine-5.10.1.jar;C:\Users\tobia\.m2\repository\org\mockito\mockito-core\5.7.0\mockito-core-5.7.0.jar;C:\Users\tobia\.m2\repository\net\bytebuddy\byte-buddy-agent\1.14.11\byte-buddy-agent-1.14.11.jar;C:\Users\tobia\.m2\repository\org\objenesis\objenesis\3.3\objenesis-3.3.jar;C:\Users\tobia\.m2\repository\org\mockito\mockito-junit-jupiter\5.7.0\mockito-junit-jupiter-5.7.0.jar;C:\Users\tobia\.m2\repository\org\skyscreamer\jsonassert\1.5.1\jsonassert-1.5.1.jar;C:\Users\tobia\.m2\repository\com\vaadin\external\google\android-json\0.0.20131108.vaadin1\android-json-0.0.20131108.vaadin1.jar;C:\Users\tobia\.m2\repository\org\springframework\spring-core\6.1.3\spring-core-6.1.3.jar;C:\Users\tobia\.m2\repository\org\springframework\spring-jcl\6.1.3\spring-jcl-6.1.3.jar;C:\Users\tobia\.m2\repository\org\springframework\spring-test\6.1.3\spring-test-6.1.3.jar;C:\Users\tobia\.m2\repository\org\xmlunit\xmlunit-core\2.9.1\xmlunit-core-2.9.1.jar;C:\Users\tobia\.m2\repository\org\springframework\kafka\spring-kafka-test\3.1.1\spring-kafka-test-3.1.1.jar;C:\Users\tobia\.m2\repository\org\apache\zookeeper\zookeeper\3.8.3\zookeeper-3.8.3.jar;C:\Users\tobia\.m2\repository\org\apache\zookeeper\zookeeper-jute\3.8.3\zookeeper-jute-3.8.3.jar;C:\Users\tobia\.m2\repository\org\apache\yetus\audience-annotations\0.12.0\audience-annotations-0.12.0.jar;C:\Users\tobia\.m2\repository\io\netty\netty-handler\4.1.105.Final\netty-handler-4.1.105.Final.jar;C:\Users\tobia\.m2\repository\io\netty\netty-common\4.1.105.Final\netty-common-4.1.105.Final.jar;C:\Users\tobia\.m2\repository\io\netty\netty-resolver\4.1.105.Final\netty-resolver-4.1.105.Final.jar;C:\Users\tobia\.m2\repository\io\netty\netty-buffer\4.1.105.Final\netty-buffer-4.1.105.Final.jar;C:\Users\tobia\.m2\repository\io\netty\netty-transport\4.1.105.Final\netty-transport-4.1.105.Final.jar;C:\Users\tobia\.m2\repository\io\netty\netty-transport-native-unix-common\4.1.105.Final\netty-transport-native-unix-common-4.1.105.Final.jar;C:\Users\tobia\.m2\repository\io\netty\netty-codec\4.1.105.Final\netty-codec-4.1.105.Final.jar;C:\Users\tobia\.m2\repository\io\netty\netty-transport-native-epoll\4.1.105.Final\netty-transport-native-epoll-4.1.105.Final.jar;C:\Users\tobia\.m2\repository\io\netty\netty-transport-classes-epoll\4.1.105.Final\netty-transport-classes-epoll-4.1.105.Final.jar;C:\Users\tobia\.m2\repository\ch\qos\logback\logback-core\1.4.14\logback-core-1.4.14.jar;C:\Users\tobia\.m2\repository\ch\qos\logback\logback-classic\1.4.14\logback-classic-1.4.14.jar;C:\Users\tobia\.m2\repository\org\apache\kafka\kafka-clients\3.6.1\kafka-clients-3.6.1-test.jar;C:\Users\tobia\.m2\repository\org\apache\kafka\kafka-metadata\3.6.1\kafka-metadata-3.6.1.jar;C:\Users\tobia\.m2\repository\org\apache\kafka\kafka-raft\3.6.1\kafka-raft-3.6.1.jar;C:\Users\tobia\.m2\repository\com\yammer\metrics\metrics-core\2.2.0\metrics-core-2.2.0.jar;C:\Users\tobia\.m2\repository\org\apache\kafka\kafka-server-common\3.6.1\kafka-server-common-3.6.1.jar;C:\Users\tobia\.m2\repository\net\sf\jopt-simple\jopt-simple\5.0.4\jopt-simple-5.0.4.jar;C:\Users\tobia\.m2\repository\org\pcollections\pcollections\4.0.1\pcollections-4.0.1.jar;C:\Users\tobia\.m2\repository\org\apache\kafka\kafka-server-common\3.6.1\kafka-server-common-3.6.1-test.jar;C:\Users\tobia\.m2\repository\org\apache\kafka\kafka-streams-test-utils\3.6.1\kafka-streams-test-utils-3.6.1.jar;C:\Users\tobia\.m2\repository\org\apache\kafka\kafka-streams\3.6.1\kafka-streams-3.6.1.jar;C:\Users\tobia\.m2\repository\org\rocksdb\rocksdbjni\7.9.2\rocksdbjni-7.9.2.jar;C:\Users\tobia\.m2\repository\org\apache\kafka\kafka_2.13\3.6.1\kafka_2.13-3.6.1.jar;C:\Users\tobia\.m2\repository\org\scala-lang\scala-library\2.13.11\scala-library-2.13.11.jar;C:\Users\tobia\.m2\repository\org\apache\kafka\kafka-group-coordinator\3.6.1\kafka-group-coordinator-3.6.1.jar;C:\Users\tobia\.m2\repository\org\apache\kafka\kafka-storage-api\3.6.1\kafka-storage-api-3.6.1.jar;C:\Users\tobia\.m2\repository\org\apache\kafka\kafka-tools-api\3.6.1\kafka-tools-api-3.6.1.jar;C:\Users\tobia\.m2\repository\org\apache\kafka\kafka-storage\3.6.1\kafka-storage-3.6.1.jar;C:\Users\tobia\.m2\repository\com\github\ben-manes\caffeine\caffeine\3.1.8\caffeine-3.1.8.jar;C:\Users\tobia\.m2\repository\org\checkerframework\checker-qual\3.37.0\checker-qual-3.37.0.jar;C:\Users\tobia\.m2\repository\com\google\errorprone\error_prone_annotations\2.21.1\error_prone_annotations-2.21.1.jar;C:\Users\tobia\.m2\repository\net\sourceforge\argparse4j\argparse4j\0.7.0\argparse4j-0.7.0.jar;C:\Users\tobia\.m2\repository\commons-validator\commons-validator\1.7\commons-validator-1.7.jar;C:\Users\tobia\.m2\repository\commons-beanutils\commons-beanutils\1.9.4\commons-beanutils-1.9.4.jar;C:\Users\tobia\.m2\repository\commons-digester\commons-digester\2.1\commons-digester-2.1.jar;C:\Users\tobia\.m2\repository\commons-collections\commons-collections\3.2.2\commons-collections-3.2.2.jar;C:\Users\tobia\.m2\repository\com\fasterxml\jackson\module\jackson-module-scala_2.13\2.15.3\jackson-module-scala_2.13-2.15.3.jar;C:\Users\tobia\.m2\repository\com\thoughtworks\paranamer\paranamer\2.8\paranamer-2.8.jar;C:\Users\tobia\.m2\repository\com\fasterxml\jackson\dataformat\jackson-dataformat-csv\2.15.3\jackson-dataformat-csv-2.15.3.jar;C:\Users\tobia\.m2\repository\org\bitbucket\b_c\jose4j\0.9.3\jose4j-0.9.3.jar;C:\Users\tobia\.m2\repository\org\scala-lang\modules\scala-collection-compat_2.13\2.10.0\scala-collection-compat_2.13-2.10.0.jar;C:\Users\tobia\.m2\repository\org\scala-lang\modules\scala-java8-compat_2.13\1.0.2\scala-java8-compat_2.13-1.0.2.jar;C:\Users\tobia\.m2\repository\org\scala-lang\scala-reflect\2.13.11\scala-reflect-2.13.11.jar;C:\Users\tobia\.m2\repository\com\typesafe\scala-logging\scala-logging_2.13\3.9.4\scala-logging_2.13-3.9.4.jar;C:\Users\tobia\.m2\repository\io\dropwizard\metrics\metrics-core\4.2.23\metrics-core-4.2.23.jar;C:\Users\tobia\.m2\repository\commons-cli\commons-cli\1.4\commons-cli-1.4.jar;C:\Users\tobia\.m2\repository\org\apache\kafka\kafka_2.13\3.6.1\kafka_2.13-3.6.1-test.jar;C:\Users\tobia\.m2\repository\org\junit\jupiter\junit-jupiter-api\5.10.1\junit-jupiter-api-5.10.1.jar;C:\Users\tobia\.m2\repository\org\opentest4j\opentest4j\1.3.0\opentest4j-1.3.0.jar;C:\Users\tobia\.m2\repository\org\junit\platform\junit-platform-commons\1.10.1\junit-platform-commons-1.10.1.jar;C:\Users\tobia\.m2\repository\org\apiguardian\apiguardian-api\1.1.2\apiguardian-api-1.1.2.jar;C:\Users\tobia\.m2\repository\org\junit\platform\junit-platform-launcher\1.10.1\junit-platform-launcher-1.10.1.jar;C:\Users\tobia\.m2\repository\org\junit\platform\junit-platform-engine\1.10.1\junit-platform-engine-1.10.1.jar;C:\Users\tobia\.m2\repository\com\h2database\h2\2.1.214\h2-2.1.214.jar;C:\Users\tobia\.m2\repository\com\google\code\gson\gson\2.10.1\gson-2.10.1.jar;C:\Users\tobia\.m2\repository\com\squareup\okhttp3\okhttp\4.11.0\okhttp-4.11.0.jar;C:\Users\tobia\.m2\repository\com\squareup\okio\okio\3.2.0\okio-3.2.0.jar;C:\Users\tobia\.m2\repository\com\squareup\okio\okio-jvm\3.2.0\okio-jvm-3.2.0.jar;C:\Users\tobia\.m2\repository\org\jetbrains\kotlin\kotlin-stdlib-common\1.9.22\kotlin-stdlib-common-1.9.22.jar;C:\Users\tobia\.m2\repository\org\jetbrains\kotlin\kotlin-stdlib\1.9.22\kotlin-stdlib-1.9.22.jar;C:\Users\tobia\.m2\repository\org\jetbrains\annotations\13.0\annotations-13.0.jar;C:\Users\tobia\.m2\repository\org\jetbrains\kotlin\kotlin-stdlib-jdk8\1.9.22\kotlin-stdlib-jdk8-1.9.22.jar;C:\Users\tobia\.m2\repository\org\jetbrains\kotlin\kotlin-stdlib-jdk7\1.9.22\kotlin-stdlib-jdk7-1.9.22.jar;C:\Users\tobia\.m2\repository\io\gsonfire\gson-fire\1.9.0\gson-fire-1.9.0.jar;C:\Users\tobia\.m2\repository\io\swagger\swagger-annotations\1.6.12\swagger-annotations-1.6.12.jar;C:\Users\tobia\.m2\repository\com\squareup\okhttp3\logging-interceptor\4.12.0\logging-interceptor-4.12.0.jar;C:\Users\tobia\.m2\repository\org\openapitools\jackson-databind-nullable\0.2.1\jackson-databind-nullable-0.2.1.jar;C:\Users\tobia\.m2\repository\com\fasterxml\jackson\core\jackson-databind\2.15.3\jackson-databind-2.15.3.jar;C:\Users\tobia\.m2\repository\com\fasterxml\jackson\core\jackson-annotations\2.15.3\jackson-annotations-2.15.3.jar;C:\Users\tobia\.m2\repository\com\fasterxml\jackson\core\jackson-core\2.15.3\jackson-core-2.15.3.jar;C:\Users\tobia\.m2\repository\org\springdoc\springdoc-openapi-ui\1.7.0\springdoc-openapi-ui-1.7.0.jar;C:\Users\tobia\.m2\repository\org\springdoc\springdoc-openapi-webmvc-core\1.7.0\springdoc-openapi-webmvc-core-1.7.0.jar;C:\Users\tobia\.m2\repository\org\springdoc\springdoc-openapi-common\1.7.0\springdoc-openapi-common-1.7.0.jar;C:\Users\tobia\.m2\repository\io\swagger\core\v3\swagger-core\2.2.9\swagger-core-2.2.9.jar;C:\Users\tobia\.m2\repository\org\apache\commons\commons-lang3\3.13.0\commons-lang3-3.13.0.jar;C:\Users\tobia\.m2\repository\com\fasterxml\jackson\dataformat\jackson-dataformat-yaml\2.15.3\jackson-dataformat-yaml-2.15.3.jar;C:\Users\tobia\.m2\repository\io\swagger\core\v3\swagger-annotations\2.2.9\swagger-annotations-2.2.9.jar;C:\Users\tobia\.m2\repository\io\swagger\core\v3\swagger-models\2.2.9\swagger-models-2.2.9.jar;C:\Users\tobia\.m2\repository\jakarta\validation\jakarta.validation-api\3.0.2\jakarta.validation-api-3.0.2.jar;C:\Users\tobia\.m2\repository\org\webjars\swagger-ui\4.18.2\swagger-ui-4.18.2.jar;C:\Users\tobia\.m2\repository\javax\validation\validation-api\1.0.0.GA\validation-api-1.0.0.GA.jar;C:\Users\tobia\.m2\repository\javax\annotation\javax.annotation-api\1.3.2\javax.annotation-api-1.3.2.jar;C:\Users\tobia\.m2\repository\javax\servlet\javax.servlet-api\3.0.1\javax.servlet-api-3.0.1.jar;C:\Users\tobia\.m2\repository\org\projectlombok\lombok\1.18.30\lombok-1.18.30.jar;"/>
    <property name="java.vm.vendor" value="Oracle Corporation"/>
    <property name="sun.arch.data.model" value="64"/>
    <property name="user.variant" value=""/>
    <property name="catalina.useNaming" value="false"/>
    <property name="java.vendor.url" value="https://java.oracle.com/"/>
    <property name="user.timezone" value="Europe/Berlin"/>
    <property name="org.jboss.logging.provider" value="slf4j"/>
    <property name="os.name" value="Windows 10"/>
    <property name="java.vm.specification.version" value="17"/>
    <property name="sun.java.launcher" value="SUN_STANDARD"/>
    <property name="user.country" value="GB"/>
    <property name="sun.boot.library.path" value="C:\Program Files\Java\jdk-17.0.1\bin"/>
    <property name="sun.java.command" value="C:\Users\tobia\AppData\Local\Temp\surefire16990683226318270583\surefirebooter-20240305074807277_3.jar C:\Users\tobia\AppData\Local\Temp\surefire16990683226318270583 2024-03-05T07-48-06_739-jvmRun1 surefire-20240305074807277_1tmp surefire_0-20240305074807277_2tmp"/>
    <property name="jdk.debug" value="release"/>
    <property name="surefire.test.class.path" value="C:\Users\tobia\Documents\privat\KIT\Semester_China\financetracker\implementation\analytics\target\test-classes;C:\Users\tobia\Documents\privat\KIT\Semester_China\financetracker\implementation\analytics\target\classes;C:\Users\tobia\.m2\repository\org\apache\poi\poi\5.2.5\poi-5.2.5.jar;C:\Users\tobia\.m2\repository\commons-codec\commons-codec\1.16.0\commons-codec-1.16.0.jar;C:\Users\tobia\.m2\repository\org\apache\commons\commons-collections4\4.4\commons-collections4-4.4.jar;C:\Users\tobia\.m2\repository\org\apache\commons\commons-math3\3.6.1\commons-math3-3.6.1.jar;C:\Users\tobia\.m2\repository\commons-io\commons-io\2.15.0\commons-io-2.15.0.jar;C:\Users\tobia\.m2\repository\com\zaxxer\SparseBitSet\1.3\SparseBitSet-1.3.jar;C:\Users\tobia\.m2\repository\org\apache\logging\log4j\log4j-api\2.21.1\log4j-api-2.21.1.jar;C:\Users\tobia\.m2\repository\org\apache\poi\poi-ooxml\5.2.5\poi-ooxml-5.2.5.jar;C:\Users\tobia\.m2\repository\org\apache\poi\poi-ooxml-lite\5.2.5\poi-ooxml-lite-5.2.5.jar;C:\Users\tobia\.m2\repository\org\apache\xmlbeans\xmlbeans\5.2.0\xmlbeans-5.2.0.jar;C:\Users\tobia\.m2\repository\org\apache\commons\commons-compress\1.25.0\commons-compress-1.25.0.jar;C:\Users\tobia\.m2\repository\com\github\virtuald\curvesapi\1.08\curvesapi-1.08.jar;C:\Users\tobia\.m2\repository\org\springframework\boot\spring-boot-starter-web\3.2.2\spring-boot-starter-web-3.2.2.jar;C:\Users\tobia\.m2\repository\org\springframework\boot\spring-boot-starter\3.2.2\spring-boot-starter-3.2.2.jar;C:\Users\tobia\.m2\repository\org\springframework\boot\spring-boot\3.2.2\spring-boot-3.2.2.jar;C:\Users\tobia\.m2\repository\org\springframework\boot\spring-boot-autoconfigure\3.2.2\spring-boot-autoconfigure-3.2.2.jar;C:\Users\tobia\.m2\repository\org\springframework\boot\spring-boot-starter-logging\3.2.2\spring-boot-starter-logging-3.2.2.jar;C:\Users\tobia\.m2\repository\org\apache\logging\log4j\log4j-to-slf4j\2.21.1\log4j-to-slf4j-2.21.1.jar;C:\Users\tobia\.m2\repository\org\slf4j\jul-to-slf4j\2.0.11\jul-to-slf4j-2.0.11.jar;C:\Users\tobia\.m2\repository\jakarta\annotation\jakarta.annotation-api\2.1.1\jakarta.annotation-api-2.1.1.jar;C:\Users\tobia\.m2\repository\org\yaml\snakeyaml\2.2\snakeyaml-2.2.jar;C:\Users\tobia\.m2\repository\org\springframework\boot\spring-boot-starter-json\3.2.2\spring-boot-starter-json-3.2.2.jar;C:\Users\tobia\.m2\repository\com\fasterxml\jackson\datatype\jackson-datatype-jdk8\2.15.3\jackson-datatype-jdk8-2.15.3.jar;C:\Users\tobia\.m2\repository\com\fasterxml\jackson\datatype\jackson-datatype-jsr310\2.15.3\jackson-datatype-jsr310-2.15.3.jar;C:\Users\tobia\.m2\repository\com\fasterxml\jackson\module\jackson-module-parameter-names\2.15.3\jackson-module-parameter-names-2.15.3.jar;C:\Users\tobia\.m2\repository\org\springframework\boot\spring-boot-starter-tomcat\3.2.2\spring-boot-starter-tomcat-3.2.2.jar;C:\Users\tobia\.m2\repository\org\apache\tomcat\embed\tomcat-embed-core\10.1.18\tomcat-embed-core-10.1.18.jar;C:\Users\tobia\.m2\repository\org\apache\tomcat\embed\tomcat-embed-el\10.1.18\tomcat-embed-el-10.1.18.jar;C:\Users\tobia\.m2\repository\org\apache\tomcat\embed\tomcat-embed-websocket\10.1.18\tomcat-embed-websocket-10.1.18.jar;C:\Users\tobia\.m2\repository\org\springframework\spring-web\6.1.3\spring-web-6.1.3.jar;C:\Users\tobia\.m2\repository\org\springframework\spring-beans\6.1.3\spring-beans-6.1.3.jar;C:\Users\tobia\.m2\repository\org\springframework\spring-webmvc\6.1.3\spring-webmvc-6.1.3.jar;C:\Users\tobia\.m2\repository\org\springframework\spring-aop\6.1.3\spring-aop-6.1.3.jar;C:\Users\tobia\.m2\repository\org\springframework\spring-expression\6.1.3\spring-expression-6.1.3.jar;C:\Users\tobia\.m2\repository\org\springframework\kafka\spring-kafka\3.1.1\spring-kafka-3.1.1.jar;C:\Users\tobia\.m2\repository\org\springframework\spring-context\6.1.3\spring-context-6.1.3.jar;C:\Users\tobia\.m2\repository\org\springframework\spring-messaging\6.1.3\spring-messaging-6.1.3.jar;C:\Users\tobia\.m2\repository\org\springframework\spring-tx\6.1.3\spring-tx-6.1.3.jar;C:\Users\tobia\.m2\repository\org\springframework\retry\spring-retry\2.0.5\spring-retry-2.0.5.jar;C:\Users\tobia\.m2\repository\org\apache\kafka\kafka-clients\3.6.1\kafka-clients-3.6.1.jar;C:\Users\tobia\.m2\repository\com\github\luben\zstd-jni\1.5.5-1\zstd-jni-1.5.5-1.jar;C:\Users\tobia\.m2\repository\org\lz4\lz4-java\1.8.0\lz4-java-1.8.0.jar;C:\Users\tobia\.m2\repository\org\xerial\snappy\snappy-java\1.1.10.5\snappy-java-1.1.10.5.jar;C:\Users\tobia\.m2\repository\org\slf4j\slf4j-api\2.0.11\slf4j-api-2.0.11.jar;C:\Users\tobia\.m2\repository\io\micrometer\micrometer-observation\1.12.2\micrometer-observation-1.12.2.jar;C:\Users\tobia\.m2\repository\io\micrometer\micrometer-commons\1.12.2\micrometer-commons-1.12.2.jar;C:\Users\tobia\.m2\repository\com\google\code\findbugs\jsr305\3.0.2\jsr305-3.0.2.jar;C:\Users\tobia\.m2\repository\org\springframework\boot\spring-boot-starter-data-jpa\3.1.5\spring-boot-starter-data-jpa-3.1.5.jar;C:\Users\tobia\.m2\repository\org\springframework\boot\spring-boot-starter-aop\3.2.2\spring-boot-starter-aop-3.2.2.jar;C:\Users\tobia\.m2\repository\org\aspectj\aspectjweaver\1.9.21\aspectjweaver-1.9.21.jar;C:\Users\tobia\.m2\repository\org\springframework\boot\spring-boot-starter-jdbc\3.2.2\spring-boot-starter-jdbc-3.2.2.jar;C:\Users\tobia\.m2\repository\com\zaxxer\HikariCP\5.0.1\HikariCP-5.0.1.jar;C:\Users\tobia\.m2\repository\org\springframework\spring-jdbc\6.1.3\spring-jdbc-6.1.3.jar;C:\Users\tobia\.m2\repository\org\hibernate\orm\hibernate-core\6.4.1.Final\hibernate-core-6.4.1.Final.jar;C:\Users\tobia\.m2\repository\jakarta\persistence\jakarta.persistence-api\3.1.0\jakarta.persistence-api-3.1.0.jar;C:\Users\tobia\.m2\repository\jakarta\transaction\jakarta.transaction-api\2.0.1\jakarta.transaction-api-2.0.1.jar;C:\Users\tobia\.m2\repository\org\jboss\logging\jboss-logging\3.5.3.Final\jboss-logging-3.5.3.Final.jar;C:\Users\tobia\.m2\repository\org\hibernate\common\hibernate-commons-annotations\6.0.6.Final\hibernate-commons-annotations-6.0.6.Final.jar;C:\Users\tobia\.m2\repository\io\smallrye\jandex\3.1.2\jandex-3.1.2.jar;C:\Users\tobia\.m2\repository\com\fasterxml\classmate\1.6.0\classmate-1.6.0.jar;C:\Users\tobia\.m2\repository\net\bytebuddy\byte-buddy\1.14.11\byte-buddy-1.14.11.jar;C:\Users\tobia\.m2\repository\org\glassfish\jaxb\jaxb-runtime\4.0.4\jaxb-runtime-4.0.4.jar;C:\Users\tobia\.m2\repository\org\glassfish\jaxb\jaxb-core\4.0.4\jaxb-core-4.0.4.jar;C:\Users\tobia\.m2\repository\org\eclipse\angus\angus-activation\2.0.1\angus-activation-2.0.1.jar;C:\Users\tobia\.m2\repository\org\glassfish\jaxb\txw2\4.0.4\txw2-4.0.4.jar;C:\Users\tobia\.m2\repository\com\sun\istack\istack-commons-runtime\4.1.2\istack-commons-runtime-4.1.2.jar;C:\Users\tobia\.m2\repository\jakarta\inject\jakarta.inject-api\2.0.1\jakarta.inject-api-2.0.1.jar;C:\Users\tobia\.m2\repository\org\antlr\antlr4-runtime\4.13.0\antlr4-runtime-4.13.0.jar;C:\Users\tobia\.m2\repository\org\springframework\data\spring-data-jpa\3.2.2\spring-data-jpa-3.2.2.jar;C:\Users\tobia\.m2\repository\org\springframework\data\spring-data-commons\3.2.2\spring-data-commons-3.2.2.jar;C:\Users\tobia\.m2\repository\org\springframework\spring-orm\6.1.3\spring-orm-6.1.3.jar;C:\Users\tobia\.m2\repository\org\springframework\spring-aspects\6.1.3\spring-aspects-6.1.3.jar;C:\Users\tobia\.m2\repository\org\springframework\boot\spring-boot-starter-test\3.2.2\spring-boot-starter-test-3.2.2.jar;C:\Users\tobia\.m2\repository\org\springframework\boot\spring-boot-test\3.2.2\spring-boot-test-3.2.2.jar;C:\Users\tobia\.m2\repository\org\springframework\boot\spring-boot-test-autoconfigure\3.2.2\spring-boot-test-autoconfigure-3.2.2.jar;C:\Users\tobia\.m2\repository\com\jayway\jsonpath\json-path\2.8.0\json-path-2.8.0.jar;C:\Users\tobia\.m2\repository\jakarta\xml\bind\jakarta.xml.bind-api\4.0.1\jakarta.xml.bind-api-4.0.1.jar;C:\Users\tobia\.m2\repository\jakarta\activation\jakarta.activation-api\2.1.2\jakarta.activation-api-2.1.2.jar;C:\Users\tobia\.m2\repository\net\minidev\json-smart\2.5.0\json-smart-2.5.0.jar;C:\Users\tobia\.m2\repository\net\minidev\accessors-smart\2.5.0\accessors-smart-2.5.0.jar;C:\Users\tobia\.m2\repository\org\ow2\asm\asm\9.3\asm-9.3.jar;C:\Users\tobia\.m2\repository\org\assertj\assertj-core\3.24.2\assertj-core-3.24.2.jar;C:\Users\tobia\.m2\repository\org\awaitility\awaitility\4.2.0\awaitility-4.2.0.jar;C:\Users\tobia\.m2\repository\org\hamcrest\hamcrest\2.2\hamcrest-2.2.jar;C:\Users\tobia\.m2\repository\org\junit\jupiter\junit-jupiter\5.10.1\junit-jupiter-5.10.1.jar;C:\Users\tobia\.m2\repository\org\junit\jupiter\junit-jupiter-params\5.10.1\junit-jupiter-params-5.10.1.jar;C:\Users\tobia\.m2\repository\org\junit\jupiter\junit-jupiter-engine\5.10.1\junit-jupiter-engine-5.10.1.jar;C:\Users\tobia\.m2\repository\org\mockito\mockito-core\5.7.0\mockito-core-5.7.0.jar;C:\Users\tobia\.m2\repository\net\bytebuddy\byte-buddy-agent\1.14.11\byte-buddy-agent-1.14.11.jar;C:\Users\tobia\.m2\repository\org\objenesis\objenesis\3.3\objenesis-3.3.jar;C:\Users\tobia\.m2\repository\org\mockito\mockito-junit-jupiter\5.7.0\mockito-junit-jupiter-5.7.0.jar;C:\Users\tobia\.m2\repository\org\skyscreamer\jsonassert\1.5.1\jsonassert-1.5.1.jar;C:\Users\tobia\.m2\repository\com\vaadin\external\google\android-json\0.0.20131108.vaadin1\android-json-0.0.20131108.vaadin1.jar;C:\Users\tobia\.m2\repository\org\springframework\spring-core\6.1.3\spring-core-6.1.3.jar;C:\Users\tobia\.m2\repository\org\springframework\spring-jcl\6.1.3\spring-jcl-6.1.3.jar;C:\Users\tobia\.m2\repository\org\springframework\spring-test\6.1.3\spring-test-6.1.3.jar;C:\Users\tobia\.m2\repository\org\xmlunit\xmlunit-core\2.9.1\xmlunit-core-2.9.1.jar;C:\Users\tobia\.m2\repository\org\springframework\kafka\spring-kafka-test\3.1.1\spring-kafka-test-3.1.1.jar;C:\Users\tobia\.m2\repository\org\apache\zookeeper\zookeeper\3.8.3\zookeeper-3.8.3.jar;C:\Users\tobia\.m2\repository\org\apache\zookeeper\zookeeper-jute\3.8.3\zookeeper-jute-3.8.3.jar;C:\Users\tobia\.m2\repository\org\apache\yetus\audience-annotations\0.12.0\audience-annotations-0.12.0.jar;C:\Users\tobia\.m2\repository\io\netty\netty-handler\4.1.105.Final\netty-handler-4.1.105.Final.jar;C:\Users\tobia\.m2\repository\io\netty\netty-common\4.1.105.Final\netty-common-4.1.105.Final.jar;C:\Users\tobia\.m2\repository\io\netty\netty-resolver\4.1.105.Final\netty-resolver-4.1.105.Final.jar;C:\Users\tobia\.m2\repository\io\netty\netty-buffer\4.1.105.Final\netty-buffer-4.1.105.Final.jar;C:\Users\tobia\.m2\repository\io\netty\netty-transport\4.1.105.Final\netty-transport-4.1.105.Final.jar;C:\Users\tobia\.m2\repository\io\netty\netty-transport-native-unix-common\4.1.105.Final\netty-transport-native-unix-common-4.1.105.Final.jar;C:\Users\tobia\.m2\repository\io\netty\netty-codec\4.1.105.Final\netty-codec-4.1.105.Final.jar;C:\Users\tobia\.m2\repository\io\netty\netty-transport-native-epoll\4.1.105.Final\netty-transport-native-epoll-4.1.105.Final.jar;C:\Users\tobia\.m2\repository\io\netty\netty-transport-classes-epoll\4.1.105.Final\netty-transport-classes-epoll-4.1.105.Final.jar;C:\Users\tobia\.m2\repository\ch\qos\logback\logback-core\1.4.14\logback-core-1.4.14.jar;C:\Users\tobia\.m2\repository\ch\qos\logback\logback-classic\1.4.14\logback-classic-1.4.14.jar;C:\Users\tobia\.m2\repository\org\apache\kafka\kafka-clients\3.6.1\kafka-clients-3.6.1-test.jar;C:\Users\tobia\.m2\repository\org\apache\kafka\kafka-metadata\3.6.1\kafka-metadata-3.6.1.jar;C:\Users\tobia\.m2\repository\org\apache\kafka\kafka-raft\3.6.1\kafka-raft-3.6.1.jar;C:\Users\tobia\.m2\repository\com\yammer\metrics\metrics-core\2.2.0\metrics-core-2.2.0.jar;C:\Users\tobia\.m2\repository\org\apache\kafka\kafka-server-common\3.6.1\kafka-server-common-3.6.1.jar;C:\Users\tobia\.m2\repository\net\sf\jopt-simple\jopt-simple\5.0.4\jopt-simple-5.0.4.jar;C:\Users\tobia\.m2\repository\org\pcollections\pcollections\4.0.1\pcollections-4.0.1.jar;C:\Users\tobia\.m2\repository\org\apache\kafka\kafka-server-common\3.6.1\kafka-server-common-3.6.1-test.jar;C:\Users\tobia\.m2\repository\org\apache\kafka\kafka-streams-test-utils\3.6.1\kafka-streams-test-utils-3.6.1.jar;C:\Users\tobia\.m2\repository\org\apache\kafka\kafka-streams\3.6.1\kafka-streams-3.6.1.jar;C:\Users\tobia\.m2\repository\org\rocksdb\rocksdbjni\7.9.2\rocksdbjni-7.9.2.jar;C:\Users\tobia\.m2\repository\org\apache\kafka\kafka_2.13\3.6.1\kafka_2.13-3.6.1.jar;C:\Users\tobia\.m2\repository\org\scala-lang\scala-library\2.13.11\scala-library-2.13.11.jar;C:\Users\tobia\.m2\repository\org\apache\kafka\kafka-group-coordinator\3.6.1\kafka-group-coordinator-3.6.1.jar;C:\Users\tobia\.m2\repository\org\apache\kafka\kafka-storage-api\3.6.1\kafka-storage-api-3.6.1.jar;C:\Users\tobia\.m2\repository\org\apache\kafka\kafka-tools-api\3.6.1\kafka-tools-api-3.6.1.jar;C:\Users\tobia\.m2\repository\org\apache\kafka\kafka-storage\3.6.1\kafka-storage-3.6.1.jar;C:\Users\tobia\.m2\repository\com\github\ben-manes\caffeine\caffeine\3.1.8\caffeine-3.1.8.jar;C:\Users\tobia\.m2\repository\org\checkerframework\checker-qual\3.37.0\checker-qual-3.37.0.jar;C:\Users\tobia\.m2\repository\com\google\errorprone\error_prone_annotations\2.21.1\error_prone_annotations-2.21.1.jar;C:\Users\tobia\.m2\repository\net\sourceforge\argparse4j\argparse4j\0.7.0\argparse4j-0.7.0.jar;C:\Users\tobia\.m2\repository\commons-validator\commons-validator\1.7\commons-validator-1.7.jar;C:\Users\tobia\.m2\repository\commons-beanutils\commons-beanutils\1.9.4\commons-beanutils-1.9.4.jar;C:\Users\tobia\.m2\repository\commons-digester\commons-digester\2.1\commons-digester-2.1.jar;C:\Users\tobia\.m2\repository\commons-collections\commons-collections\3.2.2\commons-collections-3.2.2.jar;C:\Users\tobia\.m2\repository\com\fasterxml\jackson\module\jackson-module-scala_2.13\2.15.3\jackson-module-scala_2.13-2.15.3.jar;C:\Users\tobia\.m2\repository\com\thoughtworks\paranamer\paranamer\2.8\paranamer-2.8.jar;C:\Users\tobia\.m2\repository\com\fasterxml\jackson\dataformat\jackson-dataformat-csv\2.15.3\jackson-dataformat-csv-2.15.3.jar;C:\Users\tobia\.m2\repository\org\bitbucket\b_c\jose4j\0.9.3\jose4j-0.9.3.jar;C:\Users\tobia\.m2\repository\org\scala-lang\modules\scala-collection-compat_2.13\2.10.0\scala-collection-compat_2.13-2.10.0.jar;C:\Users\tobia\.m2\repository\org\scala-lang\modules\scala-java8-compat_2.13\1.0.2\scala-java8-compat_2.13-1.0.2.jar;C:\Users\tobia\.m2\repository\org\scala-lang\scala-reflect\2.13.11\scala-reflect-2.13.11.jar;C:\Users\tobia\.m2\repository\com\typesafe\scala-logging\scala-logging_2.13\3.9.4\scala-logging_2.13-3.9.4.jar;C:\Users\tobia\.m2\repository\io\dropwizard\metrics\metrics-core\4.2.23\metrics-core-4.2.23.jar;C:\Users\tobia\.m2\repository\commons-cli\commons-cli\1.4\commons-cli-1.4.jar;C:\Users\tobia\.m2\repository\org\apache\kafka\kafka_2.13\3.6.1\kafka_2.13-3.6.1-test.jar;C:\Users\tobia\.m2\repository\org\junit\jupiter\junit-jupiter-api\5.10.1\junit-jupiter-api-5.10.1.jar;C:\Users\tobia\.m2\repository\org\opentest4j\opentest4j\1.3.0\opentest4j-1.3.0.jar;C:\Users\tobia\.m2\repository\org\junit\platform\junit-platform-commons\1.10.1\junit-platform-commons-1.10.1.jar;C:\Users\tobia\.m2\repository\org\apiguardian\apiguardian-api\1.1.2\apiguardian-api-1.1.2.jar;C:\Users\tobia\.m2\repository\org\junit\platform\junit-platform-launcher\1.10.1\junit-platform-launcher-1.10.1.jar;C:\Users\tobia\.m2\repository\org\junit\platform\junit-platform-engine\1.10.1\junit-platform-engine-1.10.1.jar;C:\Users\tobia\.m2\repository\com\h2database\h2\2.1.214\h2-2.1.214.jar;C:\Users\tobia\.m2\repository\com\google\code\gson\gson\2.10.1\gson-2.10.1.jar;C:\Users\tobia\.m2\repository\com\squareup\okhttp3\okhttp\4.11.0\okhttp-4.11.0.jar;C:\Users\tobia\.m2\repository\com\squareup\okio\okio\3.2.0\okio-3.2.0.jar;C:\Users\tobia\.m2\repository\com\squareup\okio\okio-jvm\3.2.0\okio-jvm-3.2.0.jar;C:\Users\tobia\.m2\repository\org\jetbrains\kotlin\kotlin-stdlib-common\1.9.22\kotlin-stdlib-common-1.9.22.jar;C:\Users\tobia\.m2\repository\org\jetbrains\kotlin\kotlin-stdlib\1.9.22\kotlin-stdlib-1.9.22.jar;C:\Users\tobia\.m2\repository\org\jetbrains\annotations\13.0\annotations-13.0.jar;C:\Users\tobia\.m2\repository\org\jetbrains\kotlin\kotlin-stdlib-jdk8\1.9.22\kotlin-stdlib-jdk8-1.9.22.jar;C:\Users\tobia\.m2\repository\org\jetbrains\kotlin\kotlin-stdlib-jdk7\1.9.22\kotlin-stdlib-jdk7-1.9.22.jar;C:\Users\tobia\.m2\repository\io\gsonfire\gson-fire\1.9.0\gson-fire-1.9.0.jar;C:\Users\tobia\.m2\repository\io\swagger\swagger-annotations\1.6.12\swagger-annotations-1.6.12.jar;C:\Users\tobia\.m2\repository\com\squareup\okhttp3\logging-interceptor\4.12.0\logging-interceptor-4.12.0.jar;C:\Users\tobia\.m2\repository\org\openapitools\jackson-databind-nullable\0.2.1\jackson-databind-nullable-0.2.1.jar;C:\Users\tobia\.m2\repository\com\fasterxml\jackson\core\jackson-databind\2.15.3\jackson-databind-2.15.3.jar;C:\Users\tobia\.m2\repository\com\fasterxml\jackson\core\jackson-annotations\2.15.3\jackson-annotations-2.15.3.jar;C:\Users\tobia\.m2\repository\com\fasterxml\jackson\core\jackson-core\2.15.3\jackson-core-2.15.3.jar;C:\Users\tobia\.m2\repository\org\springdoc\springdoc-openapi-ui\1.7.0\springdoc-openapi-ui-1.7.0.jar;C:\Users\tobia\.m2\repository\org\springdoc\springdoc-openapi-webmvc-core\1.7.0\springdoc-openapi-webmvc-core-1.7.0.jar;C:\Users\tobia\.m2\repository\org\springdoc\springdoc-openapi-common\1.7.0\springdoc-openapi-common-1.7.0.jar;C:\Users\tobia\.m2\repository\io\swagger\core\v3\swagger-core\2.2.9\swagger-core-2.2.9.jar;C:\Users\tobia\.m2\repository\org\apache\commons\commons-lang3\3.13.0\commons-lang3-3.13.0.jar;C:\Users\tobia\.m2\repository\com\fasterxml\jackson\dataformat\jackson-dataformat-yaml\2.15.3\jackson-dataformat-yaml-2.15.3.jar;C:\Users\tobia\.m2\repository\io\swagger\core\v3\swagger-annotations\2.2.9\swagger-annotations-2.2.9.jar;C:\Users\tobia\.m2\repository\io\swagger\core\v3\swagger-models\2.2.9\swagger-models-2.2.9.jar;C:\Users\tobia\.m2\repository\jakarta\validation\jakarta.validation-api\3.0.2\jakarta.validation-api-3.0.2.jar;C:\Users\tobia\.m2\repository\org\webjars\swagger-ui\4.18.2\swagger-ui-4.18.2.jar;C:\Users\tobia\.m2\repository\javax\validation\validation-api\1.0.0.GA\validation-api-1.0.0.GA.jar;C:\Users\tobia\.m2\repository\javax\annotation\javax.annotation-api\1.3.2\javax.annotation-api-1.3.2.jar;C:\Users\tobia\.m2\repository\javax\servlet\javax.servlet-api\3.0.1\javax.servlet-api-3.0.1.jar;C:\Users\tobia\.m2\repository\org\projectlombok\lombok\1.18.30\lombok-1.18.30.jar;"/>
    <property name="sun.cpu.endian" value="little"/>
    <property name="user.home" value="C:\Users\tobia"/>
    <property name="user.language" value="en"/>
    <property name="java.specification.vendor" value="Oracle Corporation"/>
    <property name="spring.embedded.kafka.brokers" value="localhost:54080"/>
    <property name="java.version.date" value="2021-10-19"/>
    <property name="java.home" value="C:\Program Files\Java\jdk-17.0.1"/>
    <property name="file.separator" value="\"/>
    <property name="basedir" value="C:\Users\tobia\Documents\privat\KIT\Semester_China\financetracker\implementation\analytics"/>
    <property name="java.vm.compressedOopsMode" value="32-bit"/>
    <property name="line.separator" value="&#10;"/>
    <property name="java.vm.specification.vendor" value="Oracle Corporation"/>
    <property name="java.specification.name" value="Java Platform API Specification"/>
    <property name="FILE_LOG_CHARSET" value="windows-1252"/>
    <property name="java.awt.headless" value="true"/>
    <property name="surefire.real.class.path" value="C:\Users\tobia\AppData\Local\Temp\surefire16990683226318270583\surefirebooter-20240305074807277_3.jar"/>
    <property name="user.script" value=""/>
    <property name="sun.management.compiler" value="HotSpot 64-Bit Tiered Compilers"/>
    <property name="java.runtime.version" value="17.0.1+12-LTS-39"/>
    <property name="user.name" value="tobia"/>
    <property name="path.separator" value=";"/>
    <property name="os.version" value="10.0"/>
    <property name="java.runtime.name" value="Java(TM) SE Runtime Environment"/>
    <property name="file.encoding" value="Cp1252"/>
    <property name="java.vm.name" value="Java HotSpot(TM) 64-Bit Server VM"/>
    <property name="localRepository" value="C:\Users\tobia\.m2\repository"/>
    <property name="java.vendor.url.bug" value="https://bugreport.java.com/bugreport/"/>
    <property name="java.io.tmpdir" value="C:\Users\tobia\AppData\Local\Temp\"/>
    <property name="catalina.home" value="C:\Users\tobia\AppData\Local\Temp\tomcat.0.253626924201782466"/>
    <property name="com.zaxxer.hikari.pool_number" value="9"/>
    <property name="java.version" value="17.0.1"/>
    <property name="spring.kafka.bootstrap-servers" value="localhost:54080"/>
    <property name="user.dir" value="C:\Users\tobia\Documents\privat\KIT\Semester_China\financetracker\implementation\analytics"/>
    <property name="os.arch" value="amd64"/>
    <property name="java.vm.specification.name" value="Java Virtual Machine Specification"/>
    <property name="PID" value="11964"/>
    <property name="sun.os.patch.level" value=""/>
    <property name="CONSOLE_LOG_CHARSET" value="windows-1252"/>
    <property name="catalina.base" value="C:\Users\tobia\AppData\Local\Temp\tomcat.0.14430765431540911722"/>
    <property name="native.encoding" value="Cp1252"/>
    <property name="java.library.path" value="C:\Program Files\Java\jdk-17.0.1\bin;C:\WINDOWS\Sun\Java\bin;C:\WINDOWS\system32;C:\WINDOWS;C:\Program Files\Common Files\Oracle\Java\javapath;C:\WINDOWS\system32;C:\WINDOWS;C:\WINDOWS\System32\Wbem;C:\WINDOWS\System32\WindowsPowerShell\v1.0\;C:\WINDOWS\System32\OpenSSH\;C:\Program Files\Git\cmd;C:\Program Files\nodejs\;C:\Program Files\Java\jdk-17.0.1\bin;C:\Program Files\CMake\bin;C:\Program Files\Docker\Docker\resources\bin;C:\ProgramData\DockerDesktop\version-bin;C:\ProgramData\chocolatey\bin;C:\ProgramData\chocolatey\lib\maven\apache-maven-3.9.6\bin;C:\users\tobia\appdata\local\packages\pythonsoftwarefoundation.python.3.9_qbz5n2kfra8p0\localcache\local-packages\python39\Scripts;C:\Users\tobia\AppData\Local\Microsoft\WindowsApps;C:\Users\tobia\AppData\Local\Programs\Microsoft VS Code\bin;C:\Users\tobia\AppData\Roaming\npm;C:\Program Files\Java\jdk-17.0.1\bin;C:\Users\tobia\AppData\Local\Pandoc\;."/>
    <property name="java.vm.info" value="mixed mode, sharing"/>
    <property name="java.vendor" value="Oracle Corporation"/>
    <property name="java.vm.version" value="17.0.1+12-LTS-39"/>
    <property name="sun.io.unicode.encoding" value="UnicodeLittle"/>
    <property name="java.class.version" value="61.0"/>
  </properties>
  <testcase name="testBudgetPlan_whenGettingData_CorrectlyCreated" classname="com.example.Analytics.logic.operations.BudgetServiceTest" time="0.072">
    <system-out><![CDATA[2024-03-05T07:49:41.899+01:00  INFO 11964 --- [           main] t.c.s.AnnotationConfigContextLoaderUtils : Could not detect default configuration classes for test class [com.example.Analytics.logic.operations.BudgetServiceTest]: BudgetServiceTest does not declare any static, non-private, non-final, nested classes annotated with @Configuration.
2024-03-05T07:49:41.901+01:00  INFO 11964 --- [           main] .b.t.c.SpringBootTestContextBootstrapper : Found @SpringBootConfiguration com.example.Analytics.AnalyticsApplication for test class com.example.Analytics.logic.operations.BudgetServiceTest

  .   ____          _            __ _ _
 /\\ / ___'_ __ _ _(_)_ __  __ _ \ \ \ \
( ( )\___ | '_ | '_| | '_ \/ _` | \ \ \ \
 \\/  ___)| |_)| | | | | || (_| |  ) ) ) )
  '  |____| .__|_| |_|_| |_\__, | / / / /
 =========|_|==============|___/=/_/_/_/
 :: Spring Boot ::                (v3.2.2)

2024-03-05T07:49:42.317+01:00  INFO 11964 --- [-kit-executor-1] kafka.server.ControllerServer            : Formatting C:\Users\tobia\AppData\Local\Temp\kafka-11562819809130378155\controller_0 with metadata.version 3.3-IV0.
2024-03-05T07:49:42.318+01:00  INFO 11964 --- [-kit-executor-3] kafka.server.BrokerServer                : [BrokerServer id=0] Transition from SHUTDOWN to STARTING
2024-03-05T07:49:42.318+01:00  INFO 11964 --- [-kit-executor-3] kafka.server.SharedServer                : [SharedServer id=0] Starting SharedServer
2024-03-05T07:49:42.319+01:00  INFO 11964 --- [-kit-executor-2] kafka.server.ControllerServer            : [ControllerServer id=0] Starting controller
2024-03-05T07:49:42.323+01:00  INFO 11964 --- [-kit-executor-2] o.a.k.s.network.EndpointReadyFutures     : authorizerStart completed for endpoint CONTROLLER. Endpoint is now READY.
2024-03-05T07:49:42.338+01:00  INFO 11964 --- [-kit-executor-2] kafka.network.ConnectionQuotas           : Updated connection-accept-rate max connection creation rate to 2147483647
2024-03-05T07:49:42.344+01:00  INFO 11964 --- [-kit-executor-2] kafka.network.DataPlaneAcceptor          : Awaiting socket connections on localhost:54079.
2024-03-05T07:49:42.344+01:00  INFO 11964 --- [-kit-executor-2] kafka.network.DataPlaneAcceptor          : Opened wildcard endpoint localhost:54079
2024-03-05T07:49:42.356+01:00  INFO 11964 --- [-kit-executor-3] kafka.log.UnifiedLog$                    : [LogLoader partition=__cluster_metadata-0, dir=C:\Users\tobia\AppData\Local\Temp\kafka-11562819809130378155\controller_0] Loading producer state till offset 0 with message format version 2
2024-03-05T07:49:42.356+01:00  INFO 11964 --- [-kit-executor-3] kafka.log.UnifiedLog$                    : [LogLoader partition=__cluster_metadata-0, dir=C:\Users\tobia\AppData\Local\Temp\kafka-11562819809130378155\controller_0] Reloading from producer snapshot and rebuilding producer state from offset 0
2024-03-05T07:49:42.356+01:00  INFO 11964 --- [-kit-executor-3] kafka.log.UnifiedLog$                    : [LogLoader partition=__cluster_metadata-0, dir=C:\Users\tobia\AppData\Local\Temp\kafka-11562819809130378155\controller_0] Producer state recovery took 0ms for snapshot load and 0ms for segment recovery from offset 0
2024-03-05T07:49:42.357+01:00  INFO 11964 --- [-kit-executor-3] kafka.raft.KafkaMetadataLog$             : Initialized snapshots with IDs SortedSet() from C:\Users\tobia\AppData\Local\Temp\kafka-11562819809130378155\controller_0\__cluster_metadata-0
2024-03-05T07:49:42.441+01:00  INFO 11964 --- [piration-reaper] ExpirationService$ExpiredOperationReaper : [raft-expiration-reaper]: Starting
2024-03-05T07:49:42.444+01:00  INFO 11964 --- [-kit-executor-2] kafka.network.SocketServer               : [SocketServer listenerType=CONTROLLER, nodeId=0] Created data-plane acceptor and processors for endpoint : ListenerName(CONTROLLER)
2024-03-05T07:49:42.460+01:00  INFO 11964 --- [-kit-executor-3] org.apache.kafka.raft.QuorumState        : [RaftManager id=0] Completed transition to Unattached(epoch=0, voters=[0], electionTimeoutMs=1864) from null
2024-03-05T07:49:42.476+01:00  INFO 11964 --- [-kit-executor-3] org.apache.kafka.raft.QuorumState        : [RaftManager id=0] Completed transition to CandidateState(localId=0, epoch=1, retries=1, voteStates={0=GRANTED}, highWatermark=Optional.empty, electionTimeoutMs=1549) from Unattached(epoch=0, voters=[0], electionTimeoutMs=1864)
2024-03-05T07:49:42.524+01:00  INFO 11964 --- [-kit-executor-3] org.apache.kafka.raft.QuorumState        : [RaftManager id=0] Completed transition to Leader(localId=0, epoch=1, epochStartOffset=0, highWatermark=Optional.empty, voterStates={0=ReplicaState(nodeId=0, endOffset=Optional.empty, lastFetchTimestamp=-1, lastCaughtUpTimestamp=-1, hasAcknowledgedLeader=true)}) from CandidateState(localId=0, epoch=1, retries=1, voteStates={0=GRANTED}, highWatermark=Optional.empty, electionTimeoutMs=1549)
2024-03-05T07:49:42.540+01:00  INFO 11964 --- [-request-thread] kafka.raft.RaftSendThread                : [kafka-0-raft-outbound-request-thread]: Starting
2024-03-05T07:49:42.540+01:00  INFO 11964 --- [-raft-io-thread] k.raft.KafkaRaftManager$RaftIoThread     : [kafka-0-raft-io-thread]: Starting
2024-03-05T07:49:42.543+01:00  INFO 11964 --- [-raft-io-thread] org.apache.kafka.raft.LeaderState        : [RaftManager id=0] High watermark set to LogOffsetMetadata(offset=1, metadata=Optional[(segmentBaseOffset=0,relativePositionInSegment=91)]) for the first time for epoch 1 based on indexOfHw 0 and voters [ReplicaState(nodeId=0, endOffset=Optional[LogOffsetMetadata(offset=1, metadata=Optional[(segmentBaseOffset=0,relativePositionInSegment=91)])], lastFetchTimestamp=-1, lastCaughtUpTimestamp=-1, hasAcknowledgedLeader=true)]
2024-03-05T07:49:42.544+01:00  INFO 11964 --- [r-event-handler] o.a.kafka.image.loader.MetadataLoader    : [MetadataLoader id=0] initializeNewPublishers: The loader is still catching up because we have loaded up to offset -1, but the high water mark is 1
2024-03-05T07:49:42.544+01:00  INFO 11964 --- [-kit-executor-3] kafka.server.BrokerServer                : [BrokerServer id=0] Starting broker
2024-03-05T07:49:42.552+01:00  INFO 11964 --- [-kit-executor-3] kafka.log.LogManager                     : Log directory C:\Users\tobia\AppData\Local\Temp\kafka-11562819809130378155\broker_0_data0 not found, creating it.
2024-03-05T07:49:42.552+01:00  INFO 11964 --- [-kit-executor-2] kafka.server.ControllerServer            : [ControllerServer id=0] Waiting for controller quorum voters future
2024-03-05T07:49:42.553+01:00  INFO 11964 --- [-kit-executor-2] kafka.server.ControllerServer            : [ControllerServer id=0] Finished waiting for controller quorum voters future
2024-03-05T07:49:42.553+01:00  INFO 11964 --- [-kit-executor-2] o.a.kafka.controller.QuorumController    : [QuorumController id=0] Creating new QuorumController with clusterId cTTD3Rd5RmywtZAGy2ty9g.
2024-03-05T07:49:42.557+01:00  INFO 11964 --- [-kit-executor-2] kafka.server.ControllerServer            : [ControllerServer id=0] Waiting for the controller metadata publishers to be installed
2024-03-05T07:49:42.557+01:00  INFO 11964 --- [r-event-handler] o.a.kafka.image.loader.MetadataLoader    : [MetadataLoader id=0] initializeNewPublishers: The loader is still catching up because we have loaded up to offset -1, but the high water mark is 1
2024-03-05T07:49:42.557+01:00  INFO 11964 --- [-kit-executor-2] kafka.server.ControllerServer            : [ControllerServer id=0] Finished waiting for the controller metadata publishers to be installed
2024-03-05T07:49:42.558+01:00  INFO 11964 --- [-kit-executor-2] kafka.network.SocketServer               : [SocketServer listenerType=CONTROLLER, nodeId=0] Enabling request processing.
2024-03-05T07:49:42.558+01:00  INFO 11964 --- [-kit-executor-2] kafka.server.ControllerServer            : [ControllerServer id=0] Waiting for all of the authorizer futures to be completed
2024-03-05T07:49:42.558+01:00  INFO 11964 --- [-kit-executor-2] kafka.server.ControllerServer            : [ControllerServer id=0] Finished waiting for all of the authorizer futures to be completed
2024-03-05T07:49:42.558+01:00  INFO 11964 --- [-kit-executor-2] kafka.server.ControllerServer            : [ControllerServer id=0] Waiting for all of the SocketServer Acceptors to be started
2024-03-05T07:49:42.559+01:00  INFO 11964 --- [-kit-executor-2] kafka.server.ControllerServer            : [ControllerServer id=0] Finished waiting for all of the SocketServer Acceptors to be started
2024-03-05T07:49:42.563+01:00  INFO 11964 --- [nelReaper-Fetch] lientQuotaManager$ThrottledChannelReaper : [broker-0-ThrottledChannelReaper-Fetch]: Starting
2024-03-05T07:49:42.564+01:00  INFO 11964 --- [lReaper-Produce] lientQuotaManager$ThrottledChannelReaper : [broker-0-ThrottledChannelReaper-Produce]: Starting
2024-03-05T07:49:42.564+01:00  INFO 11964 --- [lReaper-Request] lientQuotaManager$ThrottledChannelReaper : [broker-0-ThrottledChannelReaper-Request]: Starting
2024-03-05T07:49:42.564+01:00  INFO 11964 --- [trollerMutation] lientQuotaManager$ThrottledChannelReaper : [broker-0-ThrottledChannelReaper-ControllerMutation]: Starting
2024-03-05T07:49:42.565+01:00  INFO 11964 --- [nelReaper-Fetch] lientQuotaManager$ThrottledChannelReaper : [controller-0-ThrottledChannelReaper-Fetch]: Starting
2024-03-05T07:49:42.565+01:00  INFO 11964 --- [lReaper-Produce] lientQuotaManager$ThrottledChannelReaper : [controller-0-ThrottledChannelReaper-Produce]: Starting
2024-03-05T07:49:42.565+01:00  INFO 11964 --- [lReaper-Request] lientQuotaManager$ThrottledChannelReaper : [controller-0-ThrottledChannelReaper-Request]: Starting
2024-03-05T07:49:42.565+01:00  INFO 11964 --- [trollerMutation] lientQuotaManager$ThrottledChannelReaper : [controller-0-ThrottledChannelReaper-ControllerMutation]: Starting
2024-03-05T07:49:42.566+01:00  INFO 11964 --- [per-0-AlterAcls] perationPurgatory$ExpiredOperationReaper : [ExpirationReaper-0-AlterAcls]: Starting
2024-03-05T07:49:42.568+01:00  INFO 11964 --- [-kit-executor-3] kafka.server.BrokerServer                : [BrokerServer id=0] Waiting for controller quorum voters future
2024-03-05T07:49:42.568+01:00  INFO 11964 --- [-kit-executor-3] kafka.server.BrokerServer                : [BrokerServer id=0] Finished waiting for controller quorum voters future
2024-03-05T07:49:42.571+01:00  INFO 11964 --- [-raft-io-thread] org.apache.kafka.raft.KafkaRaftClient    : [RaftManager id=0] Registered the listener org.apache.kafka.image.loader.MetadataLoader@2027115094
2024-03-05T07:49:42.572+01:00  INFO 11964 --- [-raft-io-thread] org.apache.kafka.raft.KafkaRaftClient    : [RaftManager id=0] Registered the listener org.apache.kafka.controller.QuorumController$QuorumMetaLogListener@1981068092
2024-03-05T07:49:42.573+01:00  INFO 11964 --- [r-event-handler] o.a.kafka.image.loader.MetadataLoader    : [MetadataLoader id=0] maybePublishMetadata(LOG_DELTA): The loader is still catching up because we have not loaded a controller record as of offset 0 and high water mark is 1
2024-03-05T07:49:42.574+01:00  INFO 11964 --- [0-event-handler] o.a.kafka.controller.QuorumController    : [QuorumController id=0] Becoming the active controller at epoch 1, next write offset 1.
2024-03-05T07:49:42.574+01:00  WARN 11964 --- [0-event-handler] o.a.kafka.controller.QuorumController    : [QuorumController id=0] Performing controller activation. The metadata log appears to be empty. Appending 1 bootstrap record(s) in metadata transaction at metadata.version 3.6-IV2 from bootstrap source 'testkit'. Setting the ZK migration state to NONE since this is a de-novo KRaft cluster.
2024-03-05T07:49:42.574+01:00  INFO 11964 --- [0-event-handler] o.a.k.controller.OffsetControlManager    : [QuorumController id=0] Replayed BeginTransactionRecord(name='Bootstrap records') at offset 1.
2024-03-05T07:49:42.574+01:00  INFO 11964 --- [0-event-handler] o.a.k.controller.FeatureControlManager   : [QuorumController id=0] Replayed a FeatureLevelRecord setting metadata version to 3.6-IV2
2024-03-05T07:49:42.574+01:00  INFO 11964 --- [0-event-handler] o.a.k.controller.OffsetControlManager    : [QuorumController id=0] Replayed EndTransactionRecord() at offset 4.
2024-03-05T07:49:42.575+01:00  INFO 11964 --- [channel-manager] k.s.BrokerToControllerRequestThread      : [broker-0-to-controller-forwarding-channel-manager]: Starting
2024-03-05T07:49:42.575+01:00  INFO 11964 --- [channel-manager] k.s.BrokerToControllerRequestThread      : [broker-0-to-controller-forwarding-channel-manager]: Recorded new controller, from now on will use node localhost:54079 (id: 0 rack: null)
2024-03-05T07:49:42.596+01:00  INFO 11964 --- [-kit-executor-3] kafka.network.ConnectionQuotas           : Updated connection-accept-rate max connection creation rate to 2147483647
2024-03-05T07:49:42.620+01:00  INFO 11964 --- [r-event-handler] o.a.kafka.image.loader.MetadataLoader    : [MetadataLoader id=0] maybePublishMetadata(LOG_DELTA): The loader finished catching up to the current high water mark of 5
2024-03-05T07:49:42.624+01:00  INFO 11964 --- [-kit-executor-3] kafka.network.DataPlaneAcceptor          : Awaiting socket connections on localhost:54080.
2024-03-05T07:49:42.624+01:00  INFO 11964 --- [-kit-executor-3] kafka.network.DataPlaneAcceptor          : Opened wildcard endpoint localhost:54080
2024-03-05T07:49:42.646+01:00  INFO 11964 --- [-kit-executor-3] kafka.network.SocketServer               : [SocketServer listenerType=BROKER, nodeId=0] Created data-plane acceptor and processors for endpoint : ListenerName(EXTERNAL)
2024-03-05T07:49:42.653+01:00  INFO 11964 --- [channel-manager] k.s.BrokerToControllerRequestThread      : [broker-0-to-controller-alter-partition-channel-manager]: Starting
2024-03-05T07:49:42.654+01:00  INFO 11964 --- [channel-manager] k.s.BrokerToControllerRequestThread      : [broker-0-to-controller-alter-partition-channel-manager]: Recorded new controller, from now on will use node localhost:54079 (id: 0 rack: null)
2024-03-05T07:49:42.658+01:00  INFO 11964 --- [eaper-0-Produce] perationPurgatory$ExpiredOperationReaper : [ExpirationReaper-0-Produce]: Starting
2024-03-05T07:49:42.658+01:00  INFO 11964 --- [nReaper-0-Fetch] perationPurgatory$ExpiredOperationReaper : [ExpirationReaper-0-Fetch]: Starting
2024-03-05T07:49:42.659+01:00  INFO 11964 --- [0-DeleteRecords] perationPurgatory$ExpiredOperationReaper : [ExpirationReaper-0-DeleteRecords]: Starting
2024-03-05T07:49:42.660+01:00  INFO 11964 --- [r-0-ElectLeader] perationPurgatory$ExpiredOperationReaper : [ExpirationReaper-0-ElectLeader]: Starting
2024-03-05T07:49:42.660+01:00  INFO 11964 --- [r-0-RemoteFetch] perationPurgatory$ExpiredOperationReaper : [ExpirationReaper-0-RemoteFetch]: Starting
2024-03-05T07:49:42.663+01:00  INFO 11964 --- [per-0-Heartbeat] perationPurgatory$ExpiredOperationReaper : [ExpirationReaper-0-Heartbeat]: Starting
2024-03-05T07:49:42.663+01:00  INFO 11964 --- [per-0-Rebalance] perationPurgatory$ExpiredOperationReaper : [ExpirationReaper-0-Rebalance]: Starting
2024-03-05T07:49:42.665+01:00  INFO 11964 --- [r-event-handler] o.a.kafka.image.loader.MetadataLoader    : [MetadataLoader id=0] InitializeNewPublishers: initializing SnapshotGenerator with a snapshot at offset 4
2024-03-05T07:49:42.665+01:00  INFO 11964 --- [r-event-handler] o.a.kafka.image.loader.MetadataLoader    : [MetadataLoader id=0] InitializeNewPublishers: initializing FeaturesPublisher with a snapshot at offset 4
2024-03-05T07:49:42.665+01:00  INFO 11964 --- [r-event-handler] o.a.kafka.image.loader.MetadataLoader    : [MetadataLoader id=0] InitializeNewPublishers: initializing DynamicConfigPublisher controller id=0 with a snapshot at offset 4
2024-03-05T07:49:42.665+01:00  INFO 11964 --- [r-event-handler] o.a.kafka.image.loader.MetadataLoader    : [MetadataLoader id=0] InitializeNewPublishers: initializing DynamicClientQuotaPublisher controller id=0 with a snapshot at offset 4
2024-03-05T07:49:42.665+01:00  INFO 11964 --- [r-event-handler] o.a.kafka.image.loader.MetadataLoader    : [MetadataLoader id=0] InitializeNewPublishers: initializing ScramPublisher controller id=0 with a snapshot at offset 4
2024-03-05T07:49:42.665+01:00  INFO 11964 --- [r-event-handler] o.a.kafka.image.loader.MetadataLoader    : [MetadataLoader id=0] InitializeNewPublishers: initializing DelegationTokenPublisher controller id=0 with a snapshot at offset 4
2024-03-05T07:49:42.665+01:00  INFO 11964 --- [r-event-handler] o.a.kafka.image.loader.MetadataLoader    : [MetadataLoader id=0] InitializeNewPublishers: initializing ControllerMetadataMetricsPublisher with a snapshot at offset 4
2024-03-05T07:49:42.665+01:00  INFO 11964 --- [r-event-handler] o.a.kafka.image.loader.MetadataLoader    : [MetadataLoader id=0] InitializeNewPublishers: initializing AclPublisher controller id=0 with a snapshot at offset 4
2024-03-05T07:49:42.673+01:00  INFO 11964 --- [r-event-handler] kafka.server.BrokerLifecycleManager      : [BrokerLifecycleManager id=0] Incarnation aHA3EoILTQCyifjv1vqLPg of broker 0 in cluster cTTD3Rd5RmywtZAGy2ty9g is now STARTING.
2024-03-05T07:49:42.674+01:00  INFO 11964 --- [channel-manager] k.s.BrokerToControllerRequestThread      : [broker-0-to-controller-heartbeat-channel-manager]: Starting
2024-03-05T07:49:42.674+01:00  INFO 11964 --- [channel-manager] k.s.BrokerToControllerRequestThread      : [broker-0-to-controller-heartbeat-channel-manager]: Recorded new controller, from now on will use node localhost:54079 (id: 0 rack: null)
2024-03-05T07:49:42.677+01:00  INFO 11964 --- [per-0-AlterAcls] perationPurgatory$ExpiredOperationReaper : [ExpirationReaper-0-AlterAcls]: Starting
2024-03-05T07:49:42.680+01:00  INFO 11964 --- [0-event-handler] o.a.k.controller.ClusterControlManager   : [QuorumController id=0] Replayed initial RegisterBrokerRecord for broker 0: RegisterBrokerRecord(brokerId=0, isMigratingZkBroker=false, incarnationId=aHA3EoILTQCyifjv1vqLPg, brokerEpoch=5, endPoints=[BrokerEndpoint(name='EXTERNAL', host='localhost', port=54080, securityProtocol=0)], features=[BrokerFeature(name='metadata.version', minSupportedVersion=1, maxSupportedVersion=14)], rack=null, fenced=true, inControlledShutdown=false)
2024-03-05T07:49:42.682+01:00  INFO 11964 --- [r-event-handler] o.a.kafka.image.loader.MetadataLoader    : [MetadataLoader id=0] InitializeNewPublishers: initializing BrokerMetadataPublisher with a snapshot at offset 4
2024-03-05T07:49:42.682+01:00  INFO 11964 --- [r-event-handler] k.s.metadata.BrokerMetadataPublisher     : [BrokerMetadataPublisher id=0] Publishing initial metadata at offset OffsetAndEpoch(offset=4, epoch=1) with metadata.version 3.6-IV2.
2024-03-05T07:49:42.682+01:00  INFO 11964 --- [r-event-handler] kafka.log.LogManager                     : Loading logs from log dirs ArraySeq(C:\Users\tobia\AppData\Local\Temp\kafka-11562819809130378155\broker_0_data0)
2024-03-05T07:49:42.682+01:00  INFO 11964 --- [-kit-executor-3] kafka.server.BrokerServer                : [BrokerServer id=0] Waiting for the broker metadata publishers to be installed
2024-03-05T07:49:42.682+01:00  INFO 11964 --- [-kit-executor-3] kafka.server.BrokerServer                : [BrokerServer id=0] Finished waiting for the broker metadata publishers to be installed
2024-03-05T07:49:42.682+01:00  INFO 11964 --- [-kit-executor-3] kafka.server.BrokerServer                : [BrokerServer id=0] Waiting for the controller to acknowledge that we are caught up
2024-03-05T07:49:42.684+01:00  INFO 11964 --- [r-event-handler] kafka.log.LogManager                     : No logs found to be loaded in C:\Users\tobia\AppData\Local\Temp\kafka-11562819809130378155\broker_0_data0
2024-03-05T07:49:42.684+01:00  INFO 11964 --- [r-event-handler] kafka.log.LogManager                     : Loaded 0 logs in 2ms
2024-03-05T07:49:42.684+01:00  INFO 11964 --- [r-event-handler] kafka.log.LogManager                     : Starting log cleanup with a period of 300000 ms.
2024-03-05T07:49:42.685+01:00  INFO 11964 --- [r-event-handler] kafka.log.LogManager                     : Starting log flusher with a default period of 9223372036854775807 ms.
2024-03-05T07:49:42.687+01:00  INFO 11964 --- [r-event-handler] kafka.log.LogCleaner                     : Starting the log cleaner
2024-03-05T07:49:42.706+01:00  INFO 11964 --- [r-event-handler] k.coordinator.group.GroupCoordinator     : [GroupCoordinator 0]: Starting up.
2024-03-05T07:49:42.707+01:00  INFO 11964 --- [r-event-handler] k.coordinator.group.GroupCoordinator     : [GroupCoordinator 0]: Startup complete.
2024-03-05T07:49:42.707+01:00  INFO 11964 --- [r-event-handler] k.c.transaction.TransactionCoordinator   : [TransactionCoordinator id=0] Starting up.
2024-03-05T07:49:42.707+01:00  INFO 11964 --- [r-event-handler] k.c.transaction.TransactionCoordinator   : [TransactionCoordinator id=0] Startup complete.
2024-03-05T07:49:42.707+01:00  INFO 11964 --- [r-event-handler] k.s.metadata.BrokerMetadataPublisher     : [BrokerMetadataPublisher id=0] Updating metadata.version to 14 at offset OffsetAndEpoch(offset=4, epoch=1).
2024-03-05T07:49:42.708+01:00  INFO 11964 --- [leaner-thread-0] kafka.log.LogCleaner$CleanerThread       : [kafka-log-cleaner-thread-0]: Starting
2024-03-05T07:49:42.709+01:00  INFO 11964 --- [rFailureHandler] k.s.ReplicaManager$LogDirFailureHandler  : [LogDirFailureHandler]: Starting
2024-03-05T07:49:42.710+01:00  INFO 11964 --- [nSenderThread-0] kafka.server.AddPartitionsToTxnManager   : [AddPartitionsToTxnSenderThread-0]: Starting
2024-03-05T07:49:42.710+01:00  INFO 11964 --- [rSenderThread-0] k.c.t.TransactionMarkerChannelManager    : [TxnMarkerSenderThread-0]: Starting
2024-03-05T07:49:42.713+01:00  INFO 11964 --- [channel-manager] kafka.server.BrokerLifecycleManager      : [BrokerLifecycleManager id=0] Successfully registered broker 0 with broker epoch 5
2024-03-05T07:49:42.715+01:00  INFO 11964 --- [channel-manager] kafka.server.BrokerLifecycleManager      : [BrokerLifecycleManager id=0] The broker has caught up. Transitioning from STARTING to RECOVERY.
2024-03-05T07:49:42.715+01:00  INFO 11964 --- [-kit-executor-3] kafka.server.BrokerServer                : [BrokerServer id=0] Finished waiting for the controller to acknowledge that we are caught up
2024-03-05T07:49:42.715+01:00  INFO 11964 --- [-kit-executor-3] kafka.server.BrokerServer                : [BrokerServer id=0] Waiting for the initial broker metadata update to be published
2024-03-05T07:49:42.715+01:00  INFO 11964 --- [-kit-executor-3] kafka.server.BrokerServer                : [BrokerServer id=0] Finished waiting for the initial broker metadata update to be published
2024-03-05T07:49:42.716+01:00  INFO 11964 --- [-kit-executor-3] kafka.server.KafkaConfig                 : KafkaConfig values: 
	advertised.listeners = null
	alter.config.policy.class.name = null
	alter.log.dirs.replication.quota.window.num = 11
	alter.log.dirs.replication.quota.window.size.seconds = 1
	authorizer.class.name = 
	auto.create.topics.enable = true
	auto.include.jmx.reporter = true
	auto.leader.rebalance.enable = true
	background.threads = 10
	broker.heartbeat.interval.ms = 2000
	broker.id = 0
	broker.id.generation.enable = true
	broker.rack = null
	broker.session.timeout.ms = 9000
	client.quota.callback.class = null
	compression.type = producer
	connection.failed.authentication.delay.ms = 100
	connections.max.idle.ms = 600000
	connections.max.reauth.ms = 0
	control.plane.listener.name = null
	controlled.shutdown.enable = true
	controlled.shutdown.max.retries = 3
	controlled.shutdown.retry.backoff.ms = 5000
	controller.listener.names = CONTROLLER
	controller.quorum.append.linger.ms = 25
	controller.quorum.election.backoff.max.ms = 1000
	controller.quorum.election.timeout.ms = 1000
	controller.quorum.fetch.timeout.ms = 2000
	controller.quorum.request.timeout.ms = 2000
	controller.quorum.retry.backoff.ms = 20
	controller.quorum.voters = [0@0.0.0.0:0]
	controller.quota.window.num = 11
	controller.quota.window.size.seconds = 1
	controller.socket.timeout.ms = 30000
	create.topic.policy.class.name = null
	default.replication.factor = 1
	delegation.token.expiry.check.interval.ms = 3600000
	delegation.token.expiry.time.ms = 86400000
	delegation.token.master.key = null
	delegation.token.max.lifetime.ms = 604800000
	delegation.token.secret.key = null
	delete.records.purgatory.purge.interval.requests = 1
	delete.topic.enable = true
	early.start.listeners = null
	fetch.max.bytes = 57671680
	fetch.purgatory.purge.interval.requests = 1000
	group.consumer.assignors = [org.apache.kafka.coordinator.group.assignor.RangeAssignor]
	group.consumer.heartbeat.interval.ms = 5000
	group.consumer.max.heartbeat.interval.ms = 15000
	group.consumer.max.session.timeout.ms = 60000
	group.consumer.max.size = 2147483647
	group.consumer.min.heartbeat.interval.ms = 5000
	group.consumer.min.session.timeout.ms = 45000
	group.consumer.session.timeout.ms = 45000
	group.coordinator.new.enable = false
	group.coordinator.threads = 1
	group.initial.rebalance.delay.ms = 0
	group.max.session.timeout.ms = 1800000
	group.max.size = 2147483647
	group.min.session.timeout.ms = 6000
	initial.broker.registration.timeout.ms = 60000
	inter.broker.listener.name = EXTERNAL
	inter.broker.protocol.version = 3.6-IV2
	kafka.metrics.polling.interval.secs = 10
	kafka.metrics.reporters = []
	leader.imbalance.check.interval.seconds = 300
	leader.imbalance.per.broker.percentage = 10
	listener.security.protocol.map = EXTERNAL:PLAINTEXT,CONTROLLER:PLAINTEXT
	listeners = EXTERNAL://localhost:0,CONTROLLER://localhost:0
	log.cleaner.backoff.ms = 15000
	log.cleaner.dedupe.buffer.size = 2097152
	log.cleaner.delete.retention.ms = 86400000
	log.cleaner.enable = true
	log.cleaner.io.buffer.load.factor = 0.9
	log.cleaner.io.buffer.size = 524288
	log.cleaner.io.max.bytes.per.second = 1.7976931348623157E308
	log.cleaner.max.compaction.lag.ms = 9223372036854775807
	log.cleaner.min.cleanable.ratio = 0.5
	log.cleaner.min.compaction.lag.ms = 0
	log.cleaner.threads = 1
	log.cleanup.policy = [delete]
	log.dir = /tmp/kafka-logs
	log.dirs = C:\Users\tobia\AppData\Local\Temp\kafka-11562819809130378155\broker_0_data0
	log.flush.interval.messages = 9223372036854775807
	log.flush.interval.ms = null
	log.flush.offset.checkpoint.interval.ms = 60000
	log.flush.scheduler.interval.ms = 9223372036854775807
	log.flush.start.offset.checkpoint.interval.ms = 60000
	log.index.interval.bytes = 4096
	log.index.size.max.bytes = 10485760
	log.local.retention.bytes = -2
	log.local.retention.ms = -2
	log.message.downconversion.enable = true
	log.message.format.version = 3.0-IV1
	log.message.timestamp.after.max.ms = 9223372036854775807
	log.message.timestamp.before.max.ms = 9223372036854775807
	log.message.timestamp.difference.max.ms = 9223372036854775807
	log.message.timestamp.type = CreateTime
	log.preallocate = false
	log.retention.bytes = -1
	log.retention.check.interval.ms = 300000
	log.retention.hours = 168
	log.retention.minutes = null
	log.retention.ms = null
	log.roll.hours = 168
	log.roll.jitter.hours = 0
	log.roll.jitter.ms = null
	log.roll.ms = null
	log.segment.bytes = 1073741824
	log.segment.delete.delay.ms = 60000
	max.connection.creation.rate = 2147483647
	max.connections = 2147483647
	max.connections.per.ip = 2147483647
	max.connections.per.ip.overrides = 
	max.incremental.fetch.session.cache.slots = 1000
	message.max.bytes = 1048588
	metadata.log.dir = C:\Users\tobia\AppData\Local\Temp\kafka-11562819809130378155\controller_0
	metadata.log.max.record.bytes.between.snapshots = 20971520
	metadata.log.max.snapshot.interval.ms = 3600000
	metadata.log.segment.bytes = 1073741824
	metadata.log.segment.min.bytes = 8388608
	metadata.log.segment.ms = 604800000
	metadata.max.idle.interval.ms = 500
	metadata.max.retention.bytes = 104857600
	metadata.max.retention.ms = 604800000
	metric.reporters = []
	metrics.num.samples = 2
	metrics.recording.level = INFO
	metrics.sample.window.ms = 30000
	min.insync.replicas = 1
	node.id = 0
	num.io.threads = 8
	num.network.threads = 3
	num.partitions = 1
	num.recovery.threads.per.data.dir = 1
	num.replica.alter.log.dirs.threads = null
	num.replica.fetchers = 1
	offset.metadata.max.bytes = 4096
	offsets.commit.required.acks = -1
	offsets.commit.timeout.ms = 5000
	offsets.load.buffer.size = 5242880
	offsets.retention.check.interval.ms = 600000
	offsets.retention.minutes = 10080
	offsets.topic.compression.codec = 0
	offsets.topic.num.partitions = 50
	offsets.topic.replication.factor = 1
	offsets.topic.segment.bytes = 104857600
	password.encoder.cipher.algorithm = AES/CBC/PKCS5Padding
	password.encoder.iterations = 4096
	password.encoder.key.length = 128
	password.encoder.keyfactory.algorithm = null
	password.encoder.old.secret = null
	password.encoder.secret = null
	principal.builder.class = class org.apache.kafka.common.security.authenticator.DefaultKafkaPrincipalBuilder
	process.roles = [broker, controller]
	producer.id.expiration.check.interval.ms = 600000
	producer.id.expiration.ms = 86400000
	producer.purgatory.purge.interval.requests = 1000
	queued.max.request.bytes = -1
	queued.max.requests = 500
	quota.window.num = 11
	quota.window.size.seconds = 1
	remote.log.index.file.cache.total.size.bytes = 1073741824
	remote.log.manager.task.interval.ms = 30000
	remote.log.manager.task.retry.backoff.max.ms = 30000
	remote.log.manager.task.retry.backoff.ms = 500
	remote.log.manager.task.retry.jitter = 0.2
	remote.log.manager.thread.pool.size = 10
	remote.log.metadata.custom.metadata.max.bytes = 128
	remote.log.metadata.manager.class.name = org.apache.kafka.server.log.remote.metadata.storage.TopicBasedRemoteLogMetadataManager
	remote.log.metadata.manager.class.path = null
	remote.log.metadata.manager.impl.prefix = rlmm.config.
	remote.log.metadata.manager.listener.name = null
	remote.log.reader.max.pending.tasks = 100
	remote.log.reader.threads = 10
	remote.log.storage.manager.class.name = null
	remote.log.storage.manager.class.path = null
	remote.log.storage.manager.impl.prefix = rsm.config.
	remote.log.storage.system.enable = false
	replica.fetch.backoff.ms = 1000
	replica.fetch.max.bytes = 1048576
	replica.fetch.min.bytes = 1
	replica.fetch.response.max.bytes = 10485760
	replica.fetch.wait.max.ms = 500
	replica.high.watermark.checkpoint.interval.ms = 5000
	replica.lag.time.max.ms = 30000
	replica.selector.class = null
	replica.socket.receive.buffer.bytes = 65536
	replica.socket.timeout.ms = 30000
	replication.quota.window.num = 11
	replication.quota.window.size.seconds = 1
	request.timeout.ms = 30000
	reserved.broker.max.id = 1000
	sasl.client.callback.handler.class = null
	sasl.enabled.mechanisms = [GSSAPI]
	sasl.jaas.config = null
	sasl.kerberos.kinit.cmd = /usr/bin/kinit
	sasl.kerberos.min.time.before.relogin = 60000
	sasl.kerberos.principal.to.local.rules = [DEFAULT]
	sasl.kerberos.service.name = null
	sasl.kerberos.ticket.renew.jitter = 0.05
	sasl.kerberos.ticket.renew.window.factor = 0.8
	sasl.login.callback.handler.class = null
	sasl.login.class = null
	sasl.login.connect.timeout.ms = null
	sasl.login.read.timeout.ms = null
	sasl.login.refresh.buffer.seconds = 300
	sasl.login.refresh.min.period.seconds = 60
	sasl.login.refresh.window.factor = 0.8
	sasl.login.refresh.window.jitter = 0.05
	sasl.login.retry.backoff.max.ms = 10000
	sasl.login.retry.backoff.ms = 100
	sasl.mechanism.controller.protocol = GSSAPI
	sasl.mechanism.inter.broker.protocol = GSSAPI
	sasl.oauthbearer.clock.skew.seconds = 30
	sasl.oauthbearer.expected.audience = null
	sasl.oauthbearer.expected.issuer = null
	sasl.oauthbearer.jwks.endpoint.refresh.ms = 3600000
	sasl.oauthbearer.jwks.endpoint.retry.backoff.max.ms = 10000
	sasl.oauthbearer.jwks.endpoint.retry.backoff.ms = 100
	sasl.oauthbearer.jwks.endpoint.url = null
	sasl.oauthbearer.scope.claim.name = scope
	sasl.oauthbearer.sub.claim.name = sub
	sasl.oauthbearer.token.endpoint.url = null
	sasl.server.callback.handler.class = null
	sasl.server.max.receive.size = 524288
	security.inter.broker.protocol = PLAINTEXT
	security.providers = null
	server.max.startup.time.ms = 600000
	socket.connection.setup.timeout.max.ms = 30000
	socket.connection.setup.timeout.ms = 10000
	socket.listen.backlog.size = 50
	socket.receive.buffer.bytes = 102400
	socket.request.max.bytes = 104857600
	socket.send.buffer.bytes = 102400
	ssl.cipher.suites = []
	ssl.client.auth = none
	ssl.enabled.protocols = [TLSv1.2, TLSv1.3]
	ssl.endpoint.identification.algorithm = https
	ssl.engine.factory.class = null
	ssl.key.password = null
	ssl.keymanager.algorithm = SunX509
	ssl.keystore.certificate.chain = null
	ssl.keystore.key = null
	ssl.keystore.location = null
	ssl.keystore.password = null
	ssl.keystore.type = JKS
	ssl.principal.mapping.rules = DEFAULT
	ssl.protocol = TLSv1.3
	ssl.provider = null
	ssl.secure.random.implementation = null
	ssl.trustmanager.algorithm = PKIX
	ssl.truststore.certificates = null
	ssl.truststore.location = null
	ssl.truststore.password = null
	ssl.truststore.type = JKS
	transaction.abort.timed.out.transaction.cleanup.interval.ms = 10000
	transaction.max.timeout.ms = 900000
	transaction.partition.verification.enable = true
	transaction.remove.expired.transaction.cleanup.interval.ms = 3600000
	transaction.state.log.load.buffer.size = 5242880
	transaction.state.log.min.isr = 2
	transaction.state.log.num.partitions = 50
	transaction.state.log.replication.factor = 3
	transaction.state.log.segment.bytes = 104857600
	transactional.id.expiration.ms = 604800000
	unclean.leader.election.enable = false
	unstable.api.versions.enable = false
	zookeeper.clientCnxnSocket = null
	zookeeper.connect = null
	zookeeper.connection.timeout.ms = null
	zookeeper.max.in.flight.requests = 10
	zookeeper.metadata.migration.enable = false
	zookeeper.session.timeout.ms = 18000
	zookeeper.set.acl = false
	zookeeper.ssl.cipher.suites = null
	zookeeper.ssl.client.enable = false
	zookeeper.ssl.crl.enable = false
	zookeeper.ssl.enabled.protocols = null
	zookeeper.ssl.endpoint.identification.algorithm = HTTPS
	zookeeper.ssl.keystore.location = null
	zookeeper.ssl.keystore.password = null
	zookeeper.ssl.keystore.type = null
	zookeeper.ssl.ocsp.enable = false
	zookeeper.ssl.protocol = TLSv1.2
	zookeeper.ssl.truststore.location = null
	zookeeper.ssl.truststore.password = null
	zookeeper.ssl.truststore.type = null

2024-03-05T07:49:42.719+01:00  INFO 11964 --- [-kit-executor-3] kafka.server.BrokerServer                : [BrokerServer id=0] Waiting for the broker to be unfenced
2024-03-05T07:49:42.721+01:00  INFO 11964 --- [0-event-handler] o.a.k.controller.BrokerHeartbeatManager  : [QuorumController id=0] The request from broker 0 to unfence has been granted because it has caught up with the offset of its register broker record 5.
2024-03-05T07:49:42.722+01:00  INFO 11964 --- [0-event-handler] o.a.k.controller.ClusterControlManager   : [QuorumController id=0] Replayed BrokerRegistrationChangeRecord modifying the registration for broker 0: BrokerRegistrationChangeRecord(brokerId=0, brokerEpoch=5, fenced=-1, inControlledShutdown=0)
2024-03-05T07:49:42.761+01:00  INFO 11964 --- [channel-manager] kafka.server.BrokerLifecycleManager      : [BrokerLifecycleManager id=0] The broker has been unfenced. Transitioning from RECOVERY to RUNNING.
2024-03-05T07:49:42.762+01:00  INFO 11964 --- [-kit-executor-3] kafka.server.BrokerServer                : [BrokerServer id=0] Finished waiting for the broker to be unfenced
2024-03-05T07:49:42.762+01:00  INFO 11964 --- [-kit-executor-3] o.a.k.s.network.EndpointReadyFutures     : authorizerStart completed for endpoint EXTERNAL. Endpoint is now READY.
2024-03-05T07:49:42.762+01:00  INFO 11964 --- [-kit-executor-3] kafka.network.SocketServer               : [SocketServer listenerType=BROKER, nodeId=0] Enabling request processing.
2024-03-05T07:49:42.763+01:00  INFO 11964 --- [-kit-executor-3] kafka.server.BrokerServer                : [BrokerServer id=0] Waiting for all of the authorizer futures to be completed
2024-03-05T07:49:42.763+01:00  INFO 11964 --- [-kit-executor-3] kafka.server.BrokerServer                : [BrokerServer id=0] Finished waiting for all of the authorizer futures to be completed
2024-03-05T07:49:42.763+01:00  INFO 11964 --- [-kit-executor-3] kafka.server.BrokerServer                : [BrokerServer id=0] Waiting for all of the SocketServer Acceptors to be started
2024-03-05T07:49:42.763+01:00  INFO 11964 --- [-kit-executor-3] kafka.server.BrokerServer                : [BrokerServer id=0] Finished waiting for all of the SocketServer Acceptors to be started
2024-03-05T07:49:42.763+01:00  INFO 11964 --- [-kit-executor-3] kafka.server.BrokerServer                : [BrokerServer id=0] Transition from STARTING to STARTED
2024-03-05T07:49:42.764+01:00  INFO 11964 --- [           main] o.a.k.clients.admin.AdminClientConfig    : AdminClientConfig values: 
	auto.include.jmx.reporter = true
	bootstrap.servers = [localhost:54080]
	client.dns.lookup = use_all_dns_ips
	client.id = 
	connections.max.idle.ms = 300000
	default.api.timeout.ms = 60000
	metadata.max.age.ms = 300000
	metric.reporters = []
	metrics.num.samples = 2
	metrics.recording.level = INFO
	metrics.sample.window.ms = 30000
	receive.buffer.bytes = 65536
	reconnect.backoff.max.ms = 1000
	reconnect.backoff.ms = 50
	request.timeout.ms = 30000
	retries = 2147483647
	retry.backoff.ms = 100
	sasl.client.callback.handler.class = null
	sasl.jaas.config = null
	sasl.kerberos.kinit.cmd = /usr/bin/kinit
	sasl.kerberos.min.time.before.relogin = 60000
	sasl.kerberos.service.name = null
	sasl.kerberos.ticket.renew.jitter = 0.05
	sasl.kerberos.ticket.renew.window.factor = 0.8
	sasl.login.callback.handler.class = null
	sasl.login.class = null
	sasl.login.connect.timeout.ms = null
	sasl.login.read.timeout.ms = null
	sasl.login.refresh.buffer.seconds = 300
	sasl.login.refresh.min.period.seconds = 60
	sasl.login.refresh.window.factor = 0.8
	sasl.login.refresh.window.jitter = 0.05
	sasl.login.retry.backoff.max.ms = 10000
	sasl.login.retry.backoff.ms = 100
	sasl.mechanism = GSSAPI
	sasl.oauthbearer.clock.skew.seconds = 30
	sasl.oauthbearer.expected.audience = null
	sasl.oauthbearer.expected.issuer = null
	sasl.oauthbearer.jwks.endpoint.refresh.ms = 3600000
	sasl.oauthbearer.jwks.endpoint.retry.backoff.max.ms = 10000
	sasl.oauthbearer.jwks.endpoint.retry.backoff.ms = 100
	sasl.oauthbearer.jwks.endpoint.url = null
	sasl.oauthbearer.scope.claim.name = scope
	sasl.oauthbearer.sub.claim.name = sub
	sasl.oauthbearer.token.endpoint.url = null
	security.protocol = PLAINTEXT
	security.providers = null
	send.buffer.bytes = 131072
	socket.connection.setup.timeout.max.ms = 30000
	socket.connection.setup.timeout.ms = 10000
	ssl.cipher.suites = null
	ssl.enabled.protocols = [TLSv1.2, TLSv1.3]
	ssl.endpoint.identification.algorithm = https
	ssl.engine.factory.class = null
	ssl.key.password = null
	ssl.keymanager.algorithm = SunX509
	ssl.keystore.certificate.chain = null
	ssl.keystore.key = null
	ssl.keystore.location = null
	ssl.keystore.password = null
	ssl.keystore.type = JKS
	ssl.protocol = TLSv1.3
	ssl.provider = null
	ssl.secure.random.implementation = null
	ssl.trustmanager.algorithm = PKIX
	ssl.truststore.certificates = null
	ssl.truststore.location = null
	ssl.truststore.password = null
	ssl.truststore.type = JKS

2024-03-05T07:49:42.774+01:00  INFO 11964 --- [           main] o.a.kafka.common.utils.AppInfoParser     : Kafka version: 3.6.1
2024-03-05T07:49:42.774+01:00  INFO 11964 --- [           main] o.a.kafka.common.utils.AppInfoParser     : Kafka commitId: 5e3c2b738d253ff5
2024-03-05T07:49:42.774+01:00  INFO 11964 --- [           main] o.a.kafka.common.utils.AppInfoParser     : Kafka startTimeMs: 1709621382774
2024-03-05T07:49:42.791+01:00  INFO 11964 --- [0-event-handler] o.a.k.c.ReplicationControlManager        : [QuorumController id=0] CreateTopics result(s): CreatableTopic(name='product-update', numPartitions=2, replicationFactor=1, assignments=[], configs=[]): SUCCESS, CreatableTopic(name='oneTimeTransaction-update', numPartitions=2, replicationFactor=1, assignments=[], configs=[]): SUCCESS, CreatableTopic(name='recurringTransaction-update', numPartitions=2, replicationFactor=1, assignments=[], configs=[]): SUCCESS
2024-03-05T07:49:42.792+01:00  INFO 11964 --- [0-event-handler] o.a.k.c.ReplicationControlManager        : [QuorumController id=0] Replayed TopicRecord for topic product-update with topic ID 5mAdO67jQSyA8cGwPcrR7w.
2024-03-05T07:49:42.792+01:00  INFO 11964 --- [0-event-handler] o.a.k.c.ReplicationControlManager        : [QuorumController id=0] Replayed PartitionRecord for new partition product-update-0 with topic ID 5mAdO67jQSyA8cGwPcrR7w and PartitionRegistration(replicas=[0], isr=[0], removingReplicas=[], addingReplicas=[], leader=0, leaderRecoveryState=RECOVERED, leaderEpoch=0, partitionEpoch=0).
2024-03-05T07:49:42.792+01:00  INFO 11964 --- [0-event-handler] o.a.k.c.ReplicationControlManager        : [QuorumController id=0] Replayed PartitionRecord for new partition product-update-1 with topic ID 5mAdO67jQSyA8cGwPcrR7w and PartitionRegistration(replicas=[0], isr=[0], removingReplicas=[], addingReplicas=[], leader=0, leaderRecoveryState=RECOVERED, leaderEpoch=0, partitionEpoch=0).
2024-03-05T07:49:42.792+01:00  INFO 11964 --- [0-event-handler] o.a.k.c.ReplicationControlManager        : [QuorumController id=0] Replayed TopicRecord for topic oneTimeTransaction-update with topic ID kQvyEbNORjOJFsKEo_8KxA.
2024-03-05T07:49:42.792+01:00  INFO 11964 --- [0-event-handler] o.a.k.c.ReplicationControlManager        : [QuorumController id=0] Replayed PartitionRecord for new partition oneTimeTransaction-update-0 with topic ID kQvyEbNORjOJFsKEo_8KxA and PartitionRegistration(replicas=[0], isr=[0], removingReplicas=[], addingReplicas=[], leader=0, leaderRecoveryState=RECOVERED, leaderEpoch=0, partitionEpoch=0).
2024-03-05T07:49:42.792+01:00  INFO 11964 --- [0-event-handler] o.a.k.c.ReplicationControlManager        : [QuorumController id=0] Replayed PartitionRecord for new partition oneTimeTransaction-update-1 with topic ID kQvyEbNORjOJFsKEo_8KxA and PartitionRegistration(replicas=[0], isr=[0], removingReplicas=[], addingReplicas=[], leader=0, leaderRecoveryState=RECOVERED, leaderEpoch=0, partitionEpoch=0).
2024-03-05T07:49:42.792+01:00  INFO 11964 --- [0-event-handler] o.a.k.c.ReplicationControlManager        : [QuorumController id=0] Replayed TopicRecord for topic recurringTransaction-update with topic ID fd3-pUM4R4OYIxzAtUnSZw.
2024-03-05T07:49:42.792+01:00  INFO 11964 --- [0-event-handler] o.a.k.c.ReplicationControlManager        : [QuorumController id=0] Replayed PartitionRecord for new partition recurringTransaction-update-0 with topic ID fd3-pUM4R4OYIxzAtUnSZw and PartitionRegistration(replicas=[0], isr=[0], removingReplicas=[], addingReplicas=[], leader=0, leaderRecoveryState=RECOVERED, leaderEpoch=0, partitionEpoch=0).
2024-03-05T07:49:42.792+01:00  INFO 11964 --- [0-event-handler] o.a.k.c.ReplicationControlManager        : [QuorumController id=0] Replayed PartitionRecord for new partition recurringTransaction-update-1 with topic ID fd3-pUM4R4OYIxzAtUnSZw and PartitionRegistration(replicas=[0], isr=[0], removingReplicas=[], addingReplicas=[], leader=0, leaderRecoveryState=RECOVERED, leaderEpoch=0, partitionEpoch=0).
2024-03-05T07:49:42.823+01:00  INFO 11964 --- [r-event-handler] state.change.logger                      : [Broker id=0] Transitioning 6 partition(s) to local leaders.
2024-03-05T07:49:42.823+01:00  INFO 11964 --- [r-event-handler] kafka.server.ReplicaFetcherManager       : [ReplicaFetcherManager on broker 0] Removed fetcher for partitions Set(product-update-1, oneTimeTransaction-update-0, recurringTransaction-update-0, product-update-0, oneTimeTransaction-update-1, recurringTransaction-update-1)
2024-03-05T07:49:42.823+01:00  INFO 11964 --- [r-event-handler] state.change.logger                      : [Broker id=0] Creating new partition product-update-1 with topic id 5mAdO67jQSyA8cGwPcrR7w.
2024-03-05T07:49:42.826+01:00  INFO 11964 --- [| adminclient-9] o.a.kafka.common.utils.AppInfoParser     : App info kafka.admin.client for adminclient-9 unregistered
2024-03-05T07:49:42.828+01:00  INFO 11964 --- [| adminclient-9] o.apache.kafka.common.metrics.Metrics    : Metrics scheduler closed
2024-03-05T07:49:42.828+01:00  INFO 11964 --- [| adminclient-9] o.apache.kafka.common.metrics.Metrics    : Closing reporter org.apache.kafka.common.metrics.JmxReporter
2024-03-05T07:49:42.828+01:00  INFO 11964 --- [| adminclient-9] o.apache.kafka.common.metrics.Metrics    : Metrics reporters closed
2024-03-05T07:49:42.831+01:00  INFO 11964 --- [           main] c.e.A.l.operations.BudgetServiceTest     : Starting BudgetServiceTest using Java 17.0.1 with PID 11964 (started by tobia in C:\Users\tobia\Documents\privat\KIT\Semester_China\financetracker\implementation\analytics)
2024-03-05T07:49:42.831+01:00  INFO 11964 --- [           main] c.e.A.l.operations.BudgetServiceTest     : No active profile set, falling back to 1 default profile: "default"
2024-03-05T07:49:42.840+01:00  INFO 11964 --- [r-event-handler] kafka.log.UnifiedLog$                    : [LogLoader partition=product-update-1, dir=C:\Users\tobia\AppData\Local\Temp\kafka-11562819809130378155\broker_0_data0] Loading producer state till offset 0 with message format version 2
2024-03-05T07:49:42.841+01:00  INFO 11964 --- [r-event-handler] kafka.log.LogManager                     : Created log for partition product-update-1 in C:\Users\tobia\AppData\Local\Temp\kafka-11562819809130378155\broker_0_data0\product-update-1 with properties {}
2024-03-05T07:49:42.841+01:00  INFO 11964 --- [r-event-handler] kafka.cluster.Partition                  : [Partition product-update-1 broker=0] No checkpointed highwatermark is found for partition product-update-1
2024-03-05T07:49:42.842+01:00  INFO 11964 --- [r-event-handler] kafka.cluster.Partition                  : [Partition product-update-1 broker=0] Log loaded for partition product-update-1 with initial high watermark 0
2024-03-05T07:49:42.842+01:00  INFO 11964 --- [r-event-handler] state.change.logger                      : [Broker id=0] Leader product-update-1 with topic id Some(5mAdO67jQSyA8cGwPcrR7w) starts at leader epoch 0 from offset 0 with partition epoch 0, high watermark 0, ISR [0], adding replicas [] and removing replicas [] . Previous leader None and previous leader epoch was -1.
2024-03-05T07:49:42.850+01:00  INFO 11964 --- [r-event-handler] state.change.logger                      : [Broker id=0] Creating new partition oneTimeTransaction-update-0 with topic id kQvyEbNORjOJFsKEo_8KxA.
2024-03-05T07:49:42.861+01:00  INFO 11964 --- [r-event-handler] kafka.log.UnifiedLog$                    : [LogLoader partition=oneTimeTransaction-update-0, dir=C:\Users\tobia\AppData\Local\Temp\kafka-11562819809130378155\broker_0_data0] Loading producer state till offset 0 with message format version 2
2024-03-05T07:49:42.861+01:00  INFO 11964 --- [r-event-handler] kafka.log.LogManager                     : Created log for partition oneTimeTransaction-update-0 in C:\Users\tobia\AppData\Local\Temp\kafka-11562819809130378155\broker_0_data0\oneTimeTransaction-update-0 with properties {}
2024-03-05T07:49:42.861+01:00  INFO 11964 --- [r-event-handler] kafka.cluster.Partition                  : [Partition oneTimeTransaction-update-0 broker=0] No checkpointed highwatermark is found for partition oneTimeTransaction-update-0
2024-03-05T07:49:42.861+01:00  INFO 11964 --- [r-event-handler] kafka.cluster.Partition                  : [Partition oneTimeTransaction-update-0 broker=0] Log loaded for partition oneTimeTransaction-update-0 with initial high watermark 0
2024-03-05T07:49:42.862+01:00  INFO 11964 --- [r-event-handler] state.change.logger                      : [Broker id=0] Leader oneTimeTransaction-update-0 with topic id Some(kQvyEbNORjOJFsKEo_8KxA) starts at leader epoch 0 from offset 0 with partition epoch 0, high watermark 0, ISR [0], adding replicas [] and removing replicas [] . Previous leader None and previous leader epoch was -1.
2024-03-05T07:49:42.874+01:00  INFO 11964 --- [r-event-handler] state.change.logger                      : [Broker id=0] Creating new partition recurringTransaction-update-0 with topic id fd3-pUM4R4OYIxzAtUnSZw.
2024-03-05T07:49:42.886+01:00  INFO 11964 --- [r-event-handler] kafka.log.UnifiedLog$                    : [LogLoader partition=recurringTransaction-update-0, dir=C:\Users\tobia\AppData\Local\Temp\kafka-11562819809130378155\broker_0_data0] Loading producer state till offset 0 with message format version 2
2024-03-05T07:49:42.887+01:00  INFO 11964 --- [r-event-handler] kafka.log.LogManager                     : Created log for partition recurringTransaction-update-0 in C:\Users\tobia\AppData\Local\Temp\kafka-11562819809130378155\broker_0_data0\recurringTransaction-update-0 with properties {}
2024-03-05T07:49:42.887+01:00  INFO 11964 --- [r-event-handler] kafka.cluster.Partition                  : [Partition recurringTransaction-update-0 broker=0] No checkpointed highwatermark is found for partition recurringTransaction-update-0
2024-03-05T07:49:42.887+01:00  INFO 11964 --- [r-event-handler] kafka.cluster.Partition                  : [Partition recurringTransaction-update-0 broker=0] Log loaded for partition recurringTransaction-update-0 with initial high watermark 0
2024-03-05T07:49:42.888+01:00  INFO 11964 --- [r-event-handler] state.change.logger                      : [Broker id=0] Leader recurringTransaction-update-0 with topic id Some(fd3-pUM4R4OYIxzAtUnSZw) starts at leader epoch 0 from offset 0 with partition epoch 0, high watermark 0, ISR [0], adding replicas [] and removing replicas [] . Previous leader None and previous leader epoch was -1.
2024-03-05T07:49:42.896+01:00  INFO 11964 --- [r-event-handler] state.change.logger                      : [Broker id=0] Creating new partition product-update-0 with topic id 5mAdO67jQSyA8cGwPcrR7w.
2024-03-05T07:49:42.910+01:00  INFO 11964 --- [r-event-handler] kafka.log.UnifiedLog$                    : [LogLoader partition=product-update-0, dir=C:\Users\tobia\AppData\Local\Temp\kafka-11562819809130378155\broker_0_data0] Loading producer state till offset 0 with message format version 2
2024-03-05T07:49:42.910+01:00  INFO 11964 --- [r-event-handler] kafka.log.LogManager                     : Created log for partition product-update-0 in C:\Users\tobia\AppData\Local\Temp\kafka-11562819809130378155\broker_0_data0\product-update-0 with properties {}
2024-03-05T07:49:42.910+01:00  INFO 11964 --- [r-event-handler] kafka.cluster.Partition                  : [Partition product-update-0 broker=0] No checkpointed highwatermark is found for partition product-update-0
2024-03-05T07:49:42.910+01:00  INFO 11964 --- [r-event-handler] kafka.cluster.Partition                  : [Partition product-update-0 broker=0] Log loaded for partition product-update-0 with initial high watermark 0
2024-03-05T07:49:42.911+01:00  INFO 11964 --- [r-event-handler] state.change.logger                      : [Broker id=0] Leader product-update-0 with topic id Some(5mAdO67jQSyA8cGwPcrR7w) starts at leader epoch 0 from offset 0 with partition epoch 0, high watermark 0, ISR [0], adding replicas [] and removing replicas [] . Previous leader None and previous leader epoch was -1.
2024-03-05T07:49:42.923+01:00  INFO 11964 --- [r-event-handler] state.change.logger                      : [Broker id=0] Creating new partition oneTimeTransaction-update-1 with topic id kQvyEbNORjOJFsKEo_8KxA.
2024-03-05T07:49:42.987+01:00  INFO 11964 --- [r-event-handler] kafka.log.UnifiedLog$                    : [LogLoader partition=oneTimeTransaction-update-1, dir=C:\Users\tobia\AppData\Local\Temp\kafka-11562819809130378155\broker_0_data0] Loading producer state till offset 0 with message format version 2
2024-03-05T07:49:42.988+01:00  INFO 11964 --- [r-event-handler] kafka.log.LogManager                     : Created log for partition oneTimeTransaction-update-1 in C:\Users\tobia\AppData\Local\Temp\kafka-11562819809130378155\broker_0_data0\oneTimeTransaction-update-1 with properties {}
2024-03-05T07:49:42.988+01:00  INFO 11964 --- [r-event-handler] kafka.cluster.Partition                  : [Partition oneTimeTransaction-update-1 broker=0] No checkpointed highwatermark is found for partition oneTimeTransaction-update-1
2024-03-05T07:49:42.989+01:00  INFO 11964 --- [r-event-handler] kafka.cluster.Partition                  : [Partition oneTimeTransaction-update-1 broker=0] Log loaded for partition oneTimeTransaction-update-1 with initial high watermark 0
2024-03-05T07:49:42.989+01:00  INFO 11964 --- [r-event-handler] state.change.logger                      : [Broker id=0] Leader oneTimeTransaction-update-1 with topic id Some(kQvyEbNORjOJFsKEo_8KxA) starts at leader epoch 0 from offset 0 with partition epoch 0, high watermark 0, ISR [0], adding replicas [] and removing replicas [] . Previous leader None and previous leader epoch was -1.
2024-03-05T07:49:42.998+01:00  INFO 11964 --- [r-event-handler] state.change.logger                      : [Broker id=0] Creating new partition recurringTransaction-update-1 with topic id fd3-pUM4R4OYIxzAtUnSZw.
2024-03-05T07:49:43.008+01:00  INFO 11964 --- [r-event-handler] kafka.log.UnifiedLog$                    : [LogLoader partition=recurringTransaction-update-1, dir=C:\Users\tobia\AppData\Local\Temp\kafka-11562819809130378155\broker_0_data0] Loading producer state till offset 0 with message format version 2
2024-03-05T07:49:43.009+01:00  INFO 11964 --- [r-event-handler] kafka.log.LogManager                     : Created log for partition recurringTransaction-update-1 in C:\Users\tobia\AppData\Local\Temp\kafka-11562819809130378155\broker_0_data0\recurringTransaction-update-1 with properties {}
2024-03-05T07:49:43.009+01:00  INFO 11964 --- [r-event-handler] kafka.cluster.Partition                  : [Partition recurringTransaction-update-1 broker=0] No checkpointed highwatermark is found for partition recurringTransaction-update-1
2024-03-05T07:49:43.009+01:00  INFO 11964 --- [r-event-handler] kafka.cluster.Partition                  : [Partition recurringTransaction-update-1 broker=0] Log loaded for partition recurringTransaction-update-1 with initial high watermark 0
2024-03-05T07:49:43.009+01:00  INFO 11964 --- [r-event-handler] state.change.logger                      : [Broker id=0] Leader recurringTransaction-update-1 with topic id Some(fd3-pUM4R4OYIxzAtUnSZw) starts at leader epoch 0 from offset 0 with partition epoch 0, high watermark 0, ISR [0], adding replicas [] and removing replicas [] . Previous leader None and previous leader epoch was -1.
2024-03-05T07:49:43.336+01:00  INFO 11964 --- [           main] .s.d.r.c.RepositoryConfigurationDelegate : Bootstrapping Spring Data JPA repositories in DEFAULT mode.
2024-03-05T07:49:43.383+01:00  INFO 11964 --- [           main] .s.d.r.c.RepositoryConfigurationDelegate : Finished Spring Data repository scanning in 47 ms. Found 5 JPA repository interfaces.
2024-03-05T07:49:43.537+01:00  INFO 11964 --- [           main] o.s.b.w.embedded.tomcat.TomcatWebServer  : Tomcat initialized with port 0 (http)
2024-03-05T07:49:43.538+01:00  INFO 11964 --- [           main] o.apache.catalina.core.StandardService   : Starting service [Tomcat]
2024-03-05T07:49:43.538+01:00  INFO 11964 --- [           main] o.apache.catalina.core.StandardEngine    : Starting Servlet engine: [Apache Tomcat/10.1.18]
2024-03-05T07:49:43.653+01:00  INFO 11964 --- [           main] o.a.c.c.C.[Tomcat].[localhost].[/]       : Initializing Spring embedded WebApplicationContext
2024-03-05T07:49:43.653+01:00  INFO 11964 --- [           main] w.s.c.ServletWebServerApplicationContext : Root WebApplicationContext: initialization completed in 818 ms
2024-03-05T07:49:43.676+01:00  INFO 11964 --- [           main] com.zaxxer.hikari.HikariDataSource       : HikariPool-9 - Starting...
2024-03-05T07:49:43.680+01:00  INFO 11964 --- [           main] com.zaxxer.hikari.pool.HikariPool        : HikariPool-9 - Added connection conn80: url=jdbc:h2:mem:analytics user=USERNAME
2024-03-05T07:49:43.680+01:00  INFO 11964 --- [           main] com.zaxxer.hikari.HikariDataSource       : HikariPool-9 - Start completed.
2024-03-05T07:49:43.680+01:00  INFO 11964 --- [           main] o.s.b.a.h2.H2ConsoleAutoConfiguration    : H2 console available at '/h2-console'. Database available at 'jdbc:h2:mem:analytics'
2024-03-05T07:49:43.746+01:00  INFO 11964 --- [           main] o.hibernate.jpa.internal.util.LogHelper  : HHH000204: Processing PersistenceUnitInfo [name: default]
2024-03-05T07:49:43.762+01:00  INFO 11964 --- [           main] o.h.c.internal.RegionFactoryInitiator    : HHH000026: Second-level cache disabled
2024-03-05T07:49:43.776+01:00  INFO 11964 --- [           main] o.s.o.j.p.SpringPersistenceUnitInfo      : No LoadTimeWeaver setup: ignoring JPA class transformer
2024-03-05T07:49:43.779+01:00  WARN 11964 --- [           main] org.hibernate.orm.deprecation            : HHH90000025: H2Dialect does not need to be specified explicitly using 'hibernate.dialect' (remove the property setting and it will be selected by default)
2024-03-05T07:49:43.999+01:00  INFO 11964 --- [           main] o.h.e.t.j.p.i.JtaPlatformInitiator       : HHH000489: No JTA platform available (set 'hibernate.transaction.jta.platform' to enable JTA platform integration)
2024-03-05T07:49:44.021+01:00  INFO 11964 --- [           main] j.LocalContainerEntityManagerFactoryBean : Initialized JPA EntityManagerFactory for persistence unit 'default'
2024-03-05T07:49:44.173+01:00  WARN 11964 --- [           main] JpaBaseConfiguration$JpaWebConfiguration : spring.jpa.open-in-view is enabled by default. Therefore, database queries may be performed during view rendering. Explicitly configure spring.jpa.open-in-view to disable this warning
2024-03-05T07:49:44.422+01:00  INFO 11964 --- [           main] o.s.b.w.embedded.tomcat.TomcatWebServer  : Tomcat started on port 54085 (http) with context path ''
2024-03-05T07:49:44.425+01:00  INFO 11964 --- [           main] o.a.k.clients.consumer.ConsumerConfig    : ConsumerConfig values: 
	allow.auto.create.topics = true
	auto.commit.interval.ms = 5000
	auto.include.jmx.reporter = true
	auto.offset.reset = earliest
	bootstrap.servers = [localhost:54080]
	check.crcs = true
	client.dns.lookup = use_all_dns_ips
	client.id = consumer-budget-25
	client.rack = 
	connections.max.idle.ms = 540000
	default.api.timeout.ms = 60000
	enable.auto.commit = false
	exclude.internal.topics = true
	fetch.max.bytes = 52428800
	fetch.max.wait.ms = 500
	fetch.min.bytes = 1
	group.id = budget
	group.instance.id = null
	heartbeat.interval.ms = 3000
	interceptor.classes = []
	internal.leave.group.on.close = true
	internal.throw.on.fetch.stable.offset.unsupported = false
	isolation.level = read_uncommitted
	key.deserializer = class org.apache.kafka.common.serialization.StringDeserializer
	max.partition.fetch.bytes = 1048576
	max.poll.interval.ms = 300000
	max.poll.records = 500
	metadata.max.age.ms = 300000
	metric.reporters = []
	metrics.num.samples = 2
	metrics.recording.level = INFO
	metrics.sample.window.ms = 30000
	partition.assignment.strategy = [class org.apache.kafka.clients.consumer.RangeAssignor, class org.apache.kafka.clients.consumer.CooperativeStickyAssignor]
	receive.buffer.bytes = 65536
	reconnect.backoff.max.ms = 1000
	reconnect.backoff.ms = 50
	request.timeout.ms = 30000
	retry.backoff.ms = 100
	sasl.client.callback.handler.class = null
	sasl.jaas.config = null
	sasl.kerberos.kinit.cmd = /usr/bin/kinit
	sasl.kerberos.min.time.before.relogin = 60000
	sasl.kerberos.service.name = null
	sasl.kerberos.ticket.renew.jitter = 0.05
	sasl.kerberos.ticket.renew.window.factor = 0.8
	sasl.login.callback.handler.class = null
	sasl.login.class = null
	sasl.login.connect.timeout.ms = null
	sasl.login.read.timeout.ms = null
	sasl.login.refresh.buffer.seconds = 300
	sasl.login.refresh.min.period.seconds = 60
	sasl.login.refresh.window.factor = 0.8
	sasl.login.refresh.window.jitter = 0.05
	sasl.login.retry.backoff.max.ms = 10000
	sasl.login.retry.backoff.ms = 100
	sasl.mechanism = GSSAPI
	sasl.oauthbearer.clock.skew.seconds = 30
	sasl.oauthbearer.expected.audience = null
	sasl.oauthbearer.expected.issuer = null
	sasl.oauthbearer.jwks.endpoint.refresh.ms = 3600000
	sasl.oauthbearer.jwks.endpoint.retry.backoff.max.ms = 10000
	sasl.oauthbearer.jwks.endpoint.retry.backoff.ms = 100
	sasl.oauthbearer.jwks.endpoint.url = null
	sasl.oauthbearer.scope.claim.name = scope
	sasl.oauthbearer.sub.claim.name = sub
	sasl.oauthbearer.token.endpoint.url = null
	security.protocol = PLAINTEXT
	security.providers = null
	send.buffer.bytes = 131072
	session.timeout.ms = 45000
	socket.connection.setup.timeout.max.ms = 30000
	socket.connection.setup.timeout.ms = 10000
	ssl.cipher.suites = null
	ssl.enabled.protocols = [TLSv1.2, TLSv1.3]
	ssl.endpoint.identification.algorithm = https
	ssl.engine.factory.class = null
	ssl.key.password = null
	ssl.keymanager.algorithm = SunX509
	ssl.keystore.certificate.chain = null
	ssl.keystore.key = null
	ssl.keystore.location = null
	ssl.keystore.password = null
	ssl.keystore.type = JKS
	ssl.protocol = TLSv1.3
	ssl.provider = null
	ssl.secure.random.implementation = null
	ssl.trustmanager.algorithm = PKIX
	ssl.truststore.certificates = null
	ssl.truststore.location = null
	ssl.truststore.password = null
	ssl.truststore.type = JKS
	value.deserializer = class org.springframework.kafka.support.serializer.JsonDeserializer

2024-03-05T07:49:44.431+01:00  INFO 11964 --- [           main] o.a.kafka.common.utils.AppInfoParser     : Kafka version: 3.6.1
2024-03-05T07:49:44.431+01:00  INFO 11964 --- [           main] o.a.kafka.common.utils.AppInfoParser     : Kafka commitId: 5e3c2b738d253ff5
2024-03-05T07:49:44.431+01:00  INFO 11964 --- [           main] o.a.kafka.common.utils.AppInfoParser     : Kafka startTimeMs: 1709621384431
2024-03-05T07:49:44.431+01:00  INFO 11964 --- [           main] fkaConsumerFactory$ExtendedKafkaConsumer : [Consumer clientId=consumer-budget-25, groupId=budget] Subscribed to topic(s): oneTimeTransaction-update
2024-03-05T07:49:44.433+01:00  INFO 11964 --- [           main] o.a.k.clients.consumer.ConsumerConfig    : ConsumerConfig values: 
	allow.auto.create.topics = true
	auto.commit.interval.ms = 5000
	auto.include.jmx.reporter = true
	auto.offset.reset = earliest
	bootstrap.servers = [localhost:54080]
	check.crcs = true
	client.dns.lookup = use_all_dns_ips
	client.id = consumer-product-26
	client.rack = 
	connections.max.idle.ms = 540000
	default.api.timeout.ms = 60000
	enable.auto.commit = false
	exclude.internal.topics = true
	fetch.max.bytes = 52428800
	fetch.max.wait.ms = 500
	fetch.min.bytes = 1
	group.id = product
	group.instance.id = null
	heartbeat.interval.ms = 3000
	interceptor.classes = []
	internal.leave.group.on.close = true
	internal.throw.on.fetch.stable.offset.unsupported = false
	isolation.level = read_uncommitted
	key.deserializer = class org.apache.kafka.common.serialization.StringDeserializer
	max.partition.fetch.bytes = 1048576
	max.poll.interval.ms = 300000
	max.poll.records = 500
	metadata.max.age.ms = 300000
	metric.reporters = []
	metrics.num.samples = 2
	metrics.recording.level = INFO
	metrics.sample.window.ms = 30000
	partition.assignment.strategy = [class org.apache.kafka.clients.consumer.RangeAssignor, class org.apache.kafka.clients.consumer.CooperativeStickyAssignor]
	receive.buffer.bytes = 65536
	reconnect.backoff.max.ms = 1000
	reconnect.backoff.ms = 50
	request.timeout.ms = 30000
	retry.backoff.ms = 100
	sasl.client.callback.handler.class = null
	sasl.jaas.config = null
	sasl.kerberos.kinit.cmd = /usr/bin/kinit
	sasl.kerberos.min.time.before.relogin = 60000
	sasl.kerberos.service.name = null
	sasl.kerberos.ticket.renew.jitter = 0.05
	sasl.kerberos.ticket.renew.window.factor = 0.8
	sasl.login.callback.handler.class = null
	sasl.login.class = null
	sasl.login.connect.timeout.ms = null
	sasl.login.read.timeout.ms = null
	sasl.login.refresh.buffer.seconds = 300
	sasl.login.refresh.min.period.seconds = 60
	sasl.login.refresh.window.factor = 0.8
	sasl.login.refresh.window.jitter = 0.05
	sasl.login.retry.backoff.max.ms = 10000
	sasl.login.retry.backoff.ms = 100
	sasl.mechanism = GSSAPI
	sasl.oauthbearer.clock.skew.seconds = 30
	sasl.oauthbearer.expected.audience = null
	sasl.oauthbearer.expected.issuer = null
	sasl.oauthbearer.jwks.endpoint.refresh.ms = 3600000
	sasl.oauthbearer.jwks.endpoint.retry.backoff.max.ms = 10000
	sasl.oauthbearer.jwks.endpoint.retry.backoff.ms = 100
	sasl.oauthbearer.jwks.endpoint.url = null
	sasl.oauthbearer.scope.claim.name = scope
	sasl.oauthbearer.sub.claim.name = sub
	sasl.oauthbearer.token.endpoint.url = null
	security.protocol = PLAINTEXT
	security.providers = null
	send.buffer.bytes = 131072
	session.timeout.ms = 45000
	socket.connection.setup.timeout.max.ms = 30000
	socket.connection.setup.timeout.ms = 10000
	ssl.cipher.suites = null
	ssl.enabled.protocols = [TLSv1.2, TLSv1.3]
	ssl.endpoint.identification.algorithm = https
	ssl.engine.factory.class = null
	ssl.key.password = null
	ssl.keymanager.algorithm = SunX509
	ssl.keystore.certificate.chain = null
	ssl.keystore.key = null
	ssl.keystore.location = null
	ssl.keystore.password = null
	ssl.keystore.type = JKS
	ssl.protocol = TLSv1.3
	ssl.provider = null
	ssl.secure.random.implementation = null
	ssl.trustmanager.algorithm = PKIX
	ssl.truststore.certificates = null
	ssl.truststore.location = null
	ssl.truststore.password = null
	ssl.truststore.type = JKS
	value.deserializer = class org.springframework.kafka.support.serializer.JsonDeserializer

2024-03-05T07:49:44.440+01:00  INFO 11964 --- [ntainer#2-0-C-1] org.apache.kafka.clients.Metadata        : [Consumer clientId=consumer-budget-25, groupId=budget] Cluster ID: cTTD3Rd5RmywtZAGy2ty9g
2024-03-05T07:49:44.441+01:00  INFO 11964 --- [quest-handler-4] k.s.DefaultAutoTopicCreationManager      : Sent auto-creation request for Set(__consumer_offsets) to the active controller.
2024-03-05T07:49:44.444+01:00  INFO 11964 --- [0-event-handler] o.a.k.c.ReplicationControlManager        : [QuorumController id=0] CreateTopics result(s): CreatableTopic(name='__consumer_offsets', numPartitions=50, replicationFactor=1, assignments=[], configs=[CreateableTopicConfig(name='compression.type', value='producer'), CreateableTopicConfig(name='cleanup.policy', value='compact'), CreateableTopicConfig(name='segment.bytes', value='104857600')]): SUCCESS
2024-03-05T07:49:44.444+01:00  INFO 11964 --- [0-event-handler] o.a.k.c.ReplicationControlManager        : [QuorumController id=0] Replayed TopicRecord for topic __consumer_offsets with topic ID LNXH-wc6S_m3224quRHaZA.
2024-03-05T07:49:44.444+01:00  INFO 11964 --- [0-event-handler] o.a.k.c.ConfigurationControlManager      : [QuorumController id=0] Replayed ConfigRecord for ConfigResource(type=TOPIC, name='__consumer_offsets') which set configuration compression.type to producer
2024-03-05T07:49:44.445+01:00  INFO 11964 --- [0-event-handler] o.a.k.c.ConfigurationControlManager      : [QuorumController id=0] Replayed ConfigRecord for ConfigResource(type=TOPIC, name='__consumer_offsets') which set configuration cleanup.policy to compact
2024-03-05T07:49:44.445+01:00  INFO 11964 --- [0-event-handler] o.a.k.c.ConfigurationControlManager      : [QuorumController id=0] Replayed ConfigRecord for ConfigResource(type=TOPIC, name='__consumer_offsets') which set configuration segment.bytes to 104857600
2024-03-05T07:49:44.445+01:00  INFO 11964 --- [0-event-handler] o.a.k.c.ReplicationControlManager        : [QuorumController id=0] Replayed PartitionRecord for new partition __consumer_offsets-0 with topic ID LNXH-wc6S_m3224quRHaZA and PartitionRegistration(replicas=[0], isr=[0], removingReplicas=[], addingReplicas=[], leader=0, leaderRecoveryState=RECOVERED, leaderEpoch=0, partitionEpoch=0).
2024-03-05T07:49:44.445+01:00  INFO 11964 --- [0-event-handler] o.a.k.c.ReplicationControlManager        : [QuorumController id=0] Replayed PartitionRecord for new partition __consumer_offsets-1 with topic ID LNXH-wc6S_m3224quRHaZA and PartitionRegistration(replicas=[0], isr=[0], removingReplicas=[], addingReplicas=[], leader=0, leaderRecoveryState=RECOVERED, leaderEpoch=0, partitionEpoch=0).
2024-03-05T07:49:44.445+01:00  INFO 11964 --- [0-event-handler] o.a.k.c.ReplicationControlManager        : [QuorumController id=0] Replayed PartitionRecord for new partition __consumer_offsets-2 with topic ID LNXH-wc6S_m3224quRHaZA and PartitionRegistration(replicas=[0], isr=[0], removingReplicas=[], addingReplicas=[], leader=0, leaderRecoveryState=RECOVERED, leaderEpoch=0, partitionEpoch=0).
2024-03-05T07:49:44.445+01:00  INFO 11964 --- [0-event-handler] o.a.k.c.ReplicationControlManager        : [QuorumController id=0] Replayed PartitionRecord for new partition __consumer_offsets-3 with topic ID LNXH-wc6S_m3224quRHaZA and PartitionRegistration(replicas=[0], isr=[0], removingReplicas=[], addingReplicas=[], leader=0, leaderRecoveryState=RECOVERED, leaderEpoch=0, partitionEpoch=0).
2024-03-05T07:49:44.445+01:00  INFO 11964 --- [0-event-handler] o.a.k.c.ReplicationControlManager        : [QuorumController id=0] Replayed PartitionRecord for new partition __consumer_offsets-4 with topic ID LNXH-wc6S_m3224quRHaZA and PartitionRegistration(replicas=[0], isr=[0], removingReplicas=[], addingReplicas=[], leader=0, leaderRecoveryState=RECOVERED, leaderEpoch=0, partitionEpoch=0).
2024-03-05T07:49:44.445+01:00  INFO 11964 --- [0-event-handler] o.a.k.c.ReplicationControlManager        : [QuorumController id=0] Replayed PartitionRecord for new partition __consumer_offsets-5 with topic ID LNXH-wc6S_m3224quRHaZA and PartitionRegistration(replicas=[0], isr=[0], removingReplicas=[], addingReplicas=[], leader=0, leaderRecoveryState=RECOVERED, leaderEpoch=0, partitionEpoch=0).
2024-03-05T07:49:44.445+01:00  INFO 11964 --- [0-event-handler] o.a.k.c.ReplicationControlManager        : [QuorumController id=0] Replayed PartitionRecord for new partition __consumer_offsets-6 with topic ID LNXH-wc6S_m3224quRHaZA and PartitionRegistration(replicas=[0], isr=[0], removingReplicas=[], addingReplicas=[], leader=0, leaderRecoveryState=RECOVERED, leaderEpoch=0, partitionEpoch=0).
2024-03-05T07:49:44.445+01:00  INFO 11964 --- [0-event-handler] o.a.k.c.ReplicationControlManager        : [QuorumController id=0] Replayed PartitionRecord for new partition __consumer_offsets-7 with topic ID LNXH-wc6S_m3224quRHaZA and PartitionRegistration(replicas=[0], isr=[0], removingReplicas=[], addingReplicas=[], leader=0, leaderRecoveryState=RECOVERED, leaderEpoch=0, partitionEpoch=0).
2024-03-05T07:49:44.445+01:00  INFO 11964 --- [0-event-handler] o.a.k.c.ReplicationControlManager        : [QuorumController id=0] Replayed PartitionRecord for new partition __consumer_offsets-8 with topic ID LNXH-wc6S_m3224quRHaZA and PartitionRegistration(replicas=[0], isr=[0], removingReplicas=[], addingReplicas=[], leader=0, leaderRecoveryState=RECOVERED, leaderEpoch=0, partitionEpoch=0).
2024-03-05T07:49:44.445+01:00  INFO 11964 --- [0-event-handler] o.a.k.c.ReplicationControlManager        : [QuorumController id=0] Replayed PartitionRecord for new partition __consumer_offsets-9 with topic ID LNXH-wc6S_m3224quRHaZA and PartitionRegistration(replicas=[0], isr=[0], removingReplicas=[], addingReplicas=[], leader=0, leaderRecoveryState=RECOVERED, leaderEpoch=0, partitionEpoch=0).
2024-03-05T07:49:44.445+01:00  INFO 11964 --- [0-event-handler] o.a.k.c.ReplicationControlManager        : [QuorumController id=0] Replayed PartitionRecord for new partition __consumer_offsets-10 with topic ID LNXH-wc6S_m3224quRHaZA and PartitionRegistration(replicas=[0], isr=[0], removingReplicas=[], addingReplicas=[], leader=0, leaderRecoveryState=RECOVERED, leaderEpoch=0, partitionEpoch=0).
2024-03-05T07:49:44.445+01:00  INFO 11964 --- [0-event-handler] o.a.k.c.ReplicationControlManager        : [QuorumController id=0] Replayed PartitionRecord for new partition __consumer_offsets-11 with topic ID LNXH-wc6S_m3224quRHaZA and PartitionRegistration(replicas=[0], isr=[0], removingReplicas=[], addingReplicas=[], leader=0, leaderRecoveryState=RECOVERED, leaderEpoch=0, partitionEpoch=0).
2024-03-05T07:49:44.445+01:00  INFO 11964 --- [0-event-handler] o.a.k.c.ReplicationControlManager        : [QuorumController id=0] Replayed PartitionRecord for new partition __consumer_offsets-12 with topic ID LNXH-wc6S_m3224quRHaZA and PartitionRegistration(replicas=[0], isr=[0], removingReplicas=[], addingReplicas=[], leader=0, leaderRecoveryState=RECOVERED, leaderEpoch=0, partitionEpoch=0).
2024-03-05T07:49:44.445+01:00  INFO 11964 --- [0-event-handler] o.a.k.c.ReplicationControlManager        : [QuorumController id=0] Replayed PartitionRecord for new partition __consumer_offsets-13 with topic ID LNXH-wc6S_m3224quRHaZA and PartitionRegistration(replicas=[0], isr=[0], removingReplicas=[], addingReplicas=[], leader=0, leaderRecoveryState=RECOVERED, leaderEpoch=0, partitionEpoch=0).
2024-03-05T07:49:44.445+01:00  INFO 11964 --- [0-event-handler] o.a.k.c.ReplicationControlManager        : [QuorumController id=0] Replayed PartitionRecord for new partition __consumer_offsets-14 with topic ID LNXH-wc6S_m3224quRHaZA and PartitionRegistration(replicas=[0], isr=[0], removingReplicas=[], addingReplicas=[], leader=0, leaderRecoveryState=RECOVERED, leaderEpoch=0, partitionEpoch=0).
2024-03-05T07:49:44.445+01:00  INFO 11964 --- [0-event-handler] o.a.k.c.ReplicationControlManager        : [QuorumController id=0] Replayed PartitionRecord for new partition __consumer_offsets-15 with topic ID LNXH-wc6S_m3224quRHaZA and PartitionRegistration(replicas=[0], isr=[0], removingReplicas=[], addingReplicas=[], leader=0, leaderRecoveryState=RECOVERED, leaderEpoch=0, partitionEpoch=0).
2024-03-05T07:49:44.445+01:00  INFO 11964 --- [0-event-handler] o.a.k.c.ReplicationControlManager        : [QuorumController id=0] Replayed PartitionRecord for new partition __consumer_offsets-16 with topic ID LNXH-wc6S_m3224quRHaZA and PartitionRegistration(replicas=[0], isr=[0], removingReplicas=[], addingReplicas=[], leader=0, leaderRecoveryState=RECOVERED, leaderEpoch=0, partitionEpoch=0).
2024-03-05T07:49:44.446+01:00  INFO 11964 --- [0-event-handler] o.a.k.c.ReplicationControlManager        : [QuorumController id=0] Replayed PartitionRecord for new partition __consumer_offsets-17 with topic ID LNXH-wc6S_m3224quRHaZA and PartitionRegistration(replicas=[0], isr=[0], removingReplicas=[], addingReplicas=[], leader=0, leaderRecoveryState=RECOVERED, leaderEpoch=0, partitionEpoch=0).
2024-03-05T07:49:44.446+01:00  INFO 11964 --- [0-event-handler] o.a.k.c.ReplicationControlManager        : [QuorumController id=0] Replayed PartitionRecord for new partition __consumer_offsets-18 with topic ID LNXH-wc6S_m3224quRHaZA and PartitionRegistration(replicas=[0], isr=[0], removingReplicas=[], addingReplicas=[], leader=0, leaderRecoveryState=RECOVERED, leaderEpoch=0, partitionEpoch=0).
2024-03-05T07:49:44.446+01:00  INFO 11964 --- [0-event-handler] o.a.k.c.ReplicationControlManager        : [QuorumController id=0] Replayed PartitionRecord for new partition __consumer_offsets-19 with topic ID LNXH-wc6S_m3224quRHaZA and PartitionRegistration(replicas=[0], isr=[0], removingReplicas=[], addingReplicas=[], leader=0, leaderRecoveryState=RECOVERED, leaderEpoch=0, partitionEpoch=0).
2024-03-05T07:49:44.446+01:00  INFO 11964 --- [0-event-handler] o.a.k.c.ReplicationControlManager        : [QuorumController id=0] Replayed PartitionRecord for new partition __consumer_offsets-20 with topic ID LNXH-wc6S_m3224quRHaZA and PartitionRegistration(replicas=[0], isr=[0], removingReplicas=[], addingReplicas=[], leader=0, leaderRecoveryState=RECOVERED, leaderEpoch=0, partitionEpoch=0).
2024-03-05T07:49:44.446+01:00  INFO 11964 --- [0-event-handler] o.a.k.c.ReplicationControlManager        : [QuorumController id=0] Replayed PartitionRecord for new partition __consumer_offsets-21 with topic ID LNXH-wc6S_m3224quRHaZA and PartitionRegistration(replicas=[0], isr=[0], removingReplicas=[], addingReplicas=[], leader=0, leaderRecoveryState=RECOVERED, leaderEpoch=0, partitionEpoch=0).
2024-03-05T07:49:44.446+01:00  INFO 11964 --- [0-event-handler] o.a.k.c.ReplicationControlManager        : [QuorumController id=0] Replayed PartitionRecord for new partition __consumer_offsets-22 with topic ID LNXH-wc6S_m3224quRHaZA and PartitionRegistration(replicas=[0], isr=[0], removingReplicas=[], addingReplicas=[], leader=0, leaderRecoveryState=RECOVERED, leaderEpoch=0, partitionEpoch=0).
2024-03-05T07:49:44.446+01:00  INFO 11964 --- [0-event-handler] o.a.k.c.ReplicationControlManager        : [QuorumController id=0] Replayed PartitionRecord for new partition __consumer_offsets-23 with topic ID LNXH-wc6S_m3224quRHaZA and PartitionRegistration(replicas=[0], isr=[0], removingReplicas=[], addingReplicas=[], leader=0, leaderRecoveryState=RECOVERED, leaderEpoch=0, partitionEpoch=0).
2024-03-05T07:49:44.446+01:00  INFO 11964 --- [0-event-handler] o.a.k.c.ReplicationControlManager        : [QuorumController id=0] Replayed PartitionRecord for new partition __consumer_offsets-24 with topic ID LNXH-wc6S_m3224quRHaZA and PartitionRegistration(replicas=[0], isr=[0], removingReplicas=[], addingReplicas=[], leader=0, leaderRecoveryState=RECOVERED, leaderEpoch=0, partitionEpoch=0).
2024-03-05T07:49:44.446+01:00  INFO 11964 --- [0-event-handler] o.a.k.c.ReplicationControlManager        : [QuorumController id=0] Replayed PartitionRecord for new partition __consumer_offsets-25 with topic ID LNXH-wc6S_m3224quRHaZA and PartitionRegistration(replicas=[0], isr=[0], removingReplicas=[], addingReplicas=[], leader=0, leaderRecoveryState=RECOVERED, leaderEpoch=0, partitionEpoch=0).
2024-03-05T07:49:44.446+01:00  INFO 11964 --- [0-event-handler] o.a.k.c.ReplicationControlManager        : [QuorumController id=0] Replayed PartitionRecord for new partition __consumer_offsets-26 with topic ID LNXH-wc6S_m3224quRHaZA and PartitionRegistration(replicas=[0], isr=[0], removingReplicas=[], addingReplicas=[], leader=0, leaderRecoveryState=RECOVERED, leaderEpoch=0, partitionEpoch=0).
2024-03-05T07:49:44.446+01:00  INFO 11964 --- [0-event-handler] o.a.k.c.ReplicationControlManager        : [QuorumController id=0] Replayed PartitionRecord for new partition __consumer_offsets-27 with topic ID LNXH-wc6S_m3224quRHaZA and PartitionRegistration(replicas=[0], isr=[0], removingReplicas=[], addingReplicas=[], leader=0, leaderRecoveryState=RECOVERED, leaderEpoch=0, partitionEpoch=0).
2024-03-05T07:49:44.446+01:00  INFO 11964 --- [0-event-handler] o.a.k.c.ReplicationControlManager        : [QuorumController id=0] Replayed PartitionRecord for new partition __consumer_offsets-28 with topic ID LNXH-wc6S_m3224quRHaZA and PartitionRegistration(replicas=[0], isr=[0], removingReplicas=[], addingReplicas=[], leader=0, leaderRecoveryState=RECOVERED, leaderEpoch=0, partitionEpoch=0).
2024-03-05T07:49:44.446+01:00  INFO 11964 --- [0-event-handler] o.a.k.c.ReplicationControlManager        : [QuorumController id=0] Replayed PartitionRecord for new partition __consumer_offsets-29 with topic ID LNXH-wc6S_m3224quRHaZA and PartitionRegistration(replicas=[0], isr=[0], removingReplicas=[], addingReplicas=[], leader=0, leaderRecoveryState=RECOVERED, leaderEpoch=0, partitionEpoch=0).
2024-03-05T07:49:44.446+01:00  INFO 11964 --- [0-event-handler] o.a.k.c.ReplicationControlManager        : [QuorumController id=0] Replayed PartitionRecord for new partition __consumer_offsets-30 with topic ID LNXH-wc6S_m3224quRHaZA and PartitionRegistration(replicas=[0], isr=[0], removingReplicas=[], addingReplicas=[], leader=0, leaderRecoveryState=RECOVERED, leaderEpoch=0, partitionEpoch=0).
2024-03-05T07:49:44.446+01:00  INFO 11964 --- [0-event-handler] o.a.k.c.ReplicationControlManager        : [QuorumController id=0] Replayed PartitionRecord for new partition __consumer_offsets-31 with topic ID LNXH-wc6S_m3224quRHaZA and PartitionRegistration(replicas=[0], isr=[0], removingReplicas=[], addingReplicas=[], leader=0, leaderRecoveryState=RECOVERED, leaderEpoch=0, partitionEpoch=0).
2024-03-05T07:49:44.446+01:00  INFO 11964 --- [0-event-handler] o.a.k.c.ReplicationControlManager        : [QuorumController id=0] Replayed PartitionRecord for new partition __consumer_offsets-32 with topic ID LNXH-wc6S_m3224quRHaZA and PartitionRegistration(replicas=[0], isr=[0], removingReplicas=[], addingReplicas=[], leader=0, leaderRecoveryState=RECOVERED, leaderEpoch=0, partitionEpoch=0).
2024-03-05T07:49:44.446+01:00  INFO 11964 --- [0-event-handler] o.a.k.c.ReplicationControlManager        : [QuorumController id=0] Replayed PartitionRecord for new partition __consumer_offsets-33 with topic ID LNXH-wc6S_m3224quRHaZA and PartitionRegistration(replicas=[0], isr=[0], removingReplicas=[], addingReplicas=[], leader=0, leaderRecoveryState=RECOVERED, leaderEpoch=0, partitionEpoch=0).
2024-03-05T07:49:44.446+01:00  INFO 11964 --- [0-event-handler] o.a.k.c.ReplicationControlManager        : [QuorumController id=0] Replayed PartitionRecord for new partition __consumer_offsets-34 with topic ID LNXH-wc6S_m3224quRHaZA and PartitionRegistration(replicas=[0], isr=[0], removingReplicas=[], addingReplicas=[], leader=0, leaderRecoveryState=RECOVERED, leaderEpoch=0, partitionEpoch=0).
2024-03-05T07:49:44.446+01:00  INFO 11964 --- [0-event-handler] o.a.k.c.ReplicationControlManager        : [QuorumController id=0] Replayed PartitionRecord for new partition __consumer_offsets-35 with topic ID LNXH-wc6S_m3224quRHaZA and PartitionRegistration(replicas=[0], isr=[0], removingReplicas=[], addingReplicas=[], leader=0, leaderRecoveryState=RECOVERED, leaderEpoch=0, partitionEpoch=0).
2024-03-05T07:49:44.446+01:00  INFO 11964 --- [0-event-handler] o.a.k.c.ReplicationControlManager        : [QuorumController id=0] Replayed PartitionRecord for new partition __consumer_offsets-36 with topic ID LNXH-wc6S_m3224quRHaZA and PartitionRegistration(replicas=[0], isr=[0], removingReplicas=[], addingReplicas=[], leader=0, leaderRecoveryState=RECOVERED, leaderEpoch=0, partitionEpoch=0).
2024-03-05T07:49:44.446+01:00  INFO 11964 --- [0-event-handler] o.a.k.c.ReplicationControlManager        : [QuorumController id=0] Replayed PartitionRecord for new partition __consumer_offsets-37 with topic ID LNXH-wc6S_m3224quRHaZA and PartitionRegistration(replicas=[0], isr=[0], removingReplicas=[], addingReplicas=[], leader=0, leaderRecoveryState=RECOVERED, leaderEpoch=0, partitionEpoch=0).
2024-03-05T07:49:44.446+01:00  INFO 11964 --- [0-event-handler] o.a.k.c.ReplicationControlManager        : [QuorumController id=0] Replayed PartitionRecord for new partition __consumer_offsets-38 with topic ID LNXH-wc6S_m3224quRHaZA and PartitionRegistration(replicas=[0], isr=[0], removingReplicas=[], addingReplicas=[], leader=0, leaderRecoveryState=RECOVERED, leaderEpoch=0, partitionEpoch=0).
2024-03-05T07:49:44.446+01:00  INFO 11964 --- [0-event-handler] o.a.k.c.ReplicationControlManager        : [QuorumController id=0] Replayed PartitionRecord for new partition __consumer_offsets-39 with topic ID LNXH-wc6S_m3224quRHaZA and PartitionRegistration(replicas=[0], isr=[0], removingReplicas=[], addingReplicas=[], leader=0, leaderRecoveryState=RECOVERED, leaderEpoch=0, partitionEpoch=0).
2024-03-05T07:49:44.446+01:00  INFO 11964 --- [0-event-handler] o.a.k.c.ReplicationControlManager        : [QuorumController id=0] Replayed PartitionRecord for new partition __consumer_offsets-40 with topic ID LNXH-wc6S_m3224quRHaZA and PartitionRegistration(replicas=[0], isr=[0], removingReplicas=[], addingReplicas=[], leader=0, leaderRecoveryState=RECOVERED, leaderEpoch=0, partitionEpoch=0).
2024-03-05T07:49:44.446+01:00  INFO 11964 --- [0-event-handler] o.a.k.c.ReplicationControlManager        : [QuorumController id=0] Replayed PartitionRecord for new partition __consumer_offsets-41 with topic ID LNXH-wc6S_m3224quRHaZA and PartitionRegistration(replicas=[0], isr=[0], removingReplicas=[], addingReplicas=[], leader=0, leaderRecoveryState=RECOVERED, leaderEpoch=0, partitionEpoch=0).
2024-03-05T07:49:44.446+01:00  INFO 11964 --- [0-event-handler] o.a.k.c.ReplicationControlManager        : [QuorumController id=0] Replayed PartitionRecord for new partition __consumer_offsets-42 with topic ID LNXH-wc6S_m3224quRHaZA and PartitionRegistration(replicas=[0], isr=[0], removingReplicas=[], addingReplicas=[], leader=0, leaderRecoveryState=RECOVERED, leaderEpoch=0, partitionEpoch=0).
2024-03-05T07:49:44.446+01:00  INFO 11964 --- [0-event-handler] o.a.k.c.ReplicationControlManager        : [QuorumController id=0] Replayed PartitionRecord for new partition __consumer_offsets-43 with topic ID LNXH-wc6S_m3224quRHaZA and PartitionRegistration(replicas=[0], isr=[0], removingReplicas=[], addingReplicas=[], leader=0, leaderRecoveryState=RECOVERED, leaderEpoch=0, partitionEpoch=0).
2024-03-05T07:49:44.447+01:00  INFO 11964 --- [0-event-handler] o.a.k.c.ReplicationControlManager        : [QuorumController id=0] Replayed PartitionRecord for new partition __consumer_offsets-44 with topic ID LNXH-wc6S_m3224quRHaZA and PartitionRegistration(replicas=[0], isr=[0], removingReplicas=[], addingReplicas=[], leader=0, leaderRecoveryState=RECOVERED, leaderEpoch=0, partitionEpoch=0).
2024-03-05T07:49:44.447+01:00  INFO 11964 --- [0-event-handler] o.a.k.c.ReplicationControlManager        : [QuorumController id=0] Replayed PartitionRecord for new partition __consumer_offsets-45 with topic ID LNXH-wc6S_m3224quRHaZA and PartitionRegistration(replicas=[0], isr=[0], removingReplicas=[], addingReplicas=[], leader=0, leaderRecoveryState=RECOVERED, leaderEpoch=0, partitionEpoch=0).
2024-03-05T07:49:44.447+01:00  INFO 11964 --- [0-event-handler] o.a.k.c.ReplicationControlManager        : [QuorumController id=0] Replayed PartitionRecord for new partition __consumer_offsets-46 with topic ID LNXH-wc6S_m3224quRHaZA and PartitionRegistration(replicas=[0], isr=[0], removingReplicas=[], addingReplicas=[], leader=0, leaderRecoveryState=RECOVERED, leaderEpoch=0, partitionEpoch=0).
2024-03-05T07:49:44.447+01:00  INFO 11964 --- [0-event-handler] o.a.k.c.ReplicationControlManager        : [QuorumController id=0] Replayed PartitionRecord for new partition __consumer_offsets-47 with topic ID LNXH-wc6S_m3224quRHaZA and PartitionRegistration(replicas=[0], isr=[0], removingReplicas=[], addingReplicas=[], leader=0, leaderRecoveryState=RECOVERED, leaderEpoch=0, partitionEpoch=0).
2024-03-05T07:49:44.447+01:00  INFO 11964 --- [0-event-handler] o.a.k.c.ReplicationControlManager        : [QuorumController id=0] Replayed PartitionRecord for new partition __consumer_offsets-48 with topic ID LNXH-wc6S_m3224quRHaZA and PartitionRegistration(replicas=[0], isr=[0], removingReplicas=[], addingReplicas=[], leader=0, leaderRecoveryState=RECOVERED, leaderEpoch=0, partitionEpoch=0).
2024-03-05T07:49:44.447+01:00  INFO 11964 --- [0-event-handler] o.a.k.c.ReplicationControlManager        : [QuorumController id=0] Replayed PartitionRecord for new partition __consumer_offsets-49 with topic ID LNXH-wc6S_m3224quRHaZA and PartitionRegistration(replicas=[0], isr=[0], removingReplicas=[], addingReplicas=[], leader=0, leaderRecoveryState=RECOVERED, leaderEpoch=0, partitionEpoch=0).
2024-03-05T07:49:44.449+01:00  INFO 11964 --- [           main] o.a.kafka.common.utils.AppInfoParser     : Kafka version: 3.6.1
2024-03-05T07:49:44.449+01:00  INFO 11964 --- [           main] o.a.kafka.common.utils.AppInfoParser     : Kafka commitId: 5e3c2b738d253ff5
2024-03-05T07:49:44.450+01:00  INFO 11964 --- [           main] o.a.kafka.common.utils.AppInfoParser     : Kafka startTimeMs: 1709621384449
2024-03-05T07:49:44.450+01:00  INFO 11964 --- [           main] fkaConsumerFactory$ExtendedKafkaConsumer : [Consumer clientId=consumer-product-26, groupId=product] Subscribed to topic(s): product-update
2024-03-05T07:49:44.452+01:00  INFO 11964 --- [           main] o.a.k.clients.consumer.ConsumerConfig    : ConsumerConfig values: 
	allow.auto.create.topics = true
	auto.commit.interval.ms = 5000
	auto.include.jmx.reporter = true
	auto.offset.reset = earliest
	bootstrap.servers = [localhost:54080]
	check.crcs = true
	client.dns.lookup = use_all_dns_ips
	client.id = consumer-budget-27
	client.rack = 
	connections.max.idle.ms = 540000
	default.api.timeout.ms = 60000
	enable.auto.commit = false
	exclude.internal.topics = true
	fetch.max.bytes = 52428800
	fetch.max.wait.ms = 500
	fetch.min.bytes = 1
	group.id = budget
	group.instance.id = null
	heartbeat.interval.ms = 3000
	interceptor.classes = []
	internal.leave.group.on.close = true
	internal.throw.on.fetch.stable.offset.unsupported = false
	isolation.level = read_uncommitted
	key.deserializer = class org.apache.kafka.common.serialization.StringDeserializer
	max.partition.fetch.bytes = 1048576
	max.poll.interval.ms = 300000
	max.poll.records = 500
	metadata.max.age.ms = 300000
	metric.reporters = []
	metrics.num.samples = 2
	metrics.recording.level = INFO
	metrics.sample.window.ms = 30000
	partition.assignment.strategy = [class org.apache.kafka.clients.consumer.RangeAssignor, class org.apache.kafka.clients.consumer.CooperativeStickyAssignor]
	receive.buffer.bytes = 65536
	reconnect.backoff.max.ms = 1000
	reconnect.backoff.ms = 50
	request.timeout.ms = 30000
	retry.backoff.ms = 100
	sasl.client.callback.handler.class = null
	sasl.jaas.config = null
	sasl.kerberos.kinit.cmd = /usr/bin/kinit
	sasl.kerberos.min.time.before.relogin = 60000
	sasl.kerberos.service.name = null
	sasl.kerberos.ticket.renew.jitter = 0.05
	sasl.kerberos.ticket.renew.window.factor = 0.8
	sasl.login.callback.handler.class = null
	sasl.login.class = null
	sasl.login.connect.timeout.ms = null
	sasl.login.read.timeout.ms = null
	sasl.login.refresh.buffer.seconds = 300
	sasl.login.refresh.min.period.seconds = 60
	sasl.login.refresh.window.factor = 0.8
	sasl.login.refresh.window.jitter = 0.05
	sasl.login.retry.backoff.max.ms = 10000
	sasl.login.retry.backoff.ms = 100
	sasl.mechanism = GSSAPI
	sasl.oauthbearer.clock.skew.seconds = 30
	sasl.oauthbearer.expected.audience = null
	sasl.oauthbearer.expected.issuer = null
	sasl.oauthbearer.jwks.endpoint.refresh.ms = 3600000
	sasl.oauthbearer.jwks.endpoint.retry.backoff.max.ms = 10000
	sasl.oauthbearer.jwks.endpoint.retry.backoff.ms = 100
	sasl.oauthbearer.jwks.endpoint.url = null
	sasl.oauthbearer.scope.claim.name = scope
	sasl.oauthbearer.sub.claim.name = sub
	sasl.oauthbearer.token.endpoint.url = null
	security.protocol = PLAINTEXT
	security.providers = null
	send.buffer.bytes = 131072
	session.timeout.ms = 45000
	socket.connection.setup.timeout.max.ms = 30000
	socket.connection.setup.timeout.ms = 10000
	ssl.cipher.suites = null
	ssl.enabled.protocols = [TLSv1.2, TLSv1.3]
	ssl.endpoint.identification.algorithm = https
	ssl.engine.factory.class = null
	ssl.key.password = null
	ssl.keymanager.algorithm = SunX509
	ssl.keystore.certificate.chain = null
	ssl.keystore.key = null
	ssl.keystore.location = null
	ssl.keystore.password = null
	ssl.keystore.type = JKS
	ssl.protocol = TLSv1.3
	ssl.provider = null
	ssl.secure.random.implementation = null
	ssl.trustmanager.algorithm = PKIX
	ssl.truststore.certificates = null
	ssl.truststore.location = null
	ssl.truststore.password = null
	ssl.truststore.type = JKS
	value.deserializer = class org.springframework.kafka.support.serializer.JsonDeserializer

2024-03-05T07:49:44.457+01:00  INFO 11964 --- [ntainer#0-0-C-1] org.apache.kafka.clients.Metadata        : [Consumer clientId=consumer-product-26, groupId=product] Cluster ID: cTTD3Rd5RmywtZAGy2ty9g
2024-03-05T07:49:44.460+01:00  INFO 11964 --- [           main] o.a.kafka.common.utils.AppInfoParser     : Kafka version: 3.6.1
2024-03-05T07:49:44.460+01:00  INFO 11964 --- [           main] o.a.kafka.common.utils.AppInfoParser     : Kafka commitId: 5e3c2b738d253ff5
2024-03-05T07:49:44.460+01:00  INFO 11964 --- [           main] o.a.kafka.common.utils.AppInfoParser     : Kafka startTimeMs: 1709621384460
2024-03-05T07:49:44.460+01:00  INFO 11964 --- [           main] fkaConsumerFactory$ExtendedKafkaConsumer : [Consumer clientId=consumer-budget-27, groupId=budget] Subscribed to topic(s): recurringTransaction-update
2024-03-05T07:49:44.467+01:00  INFO 11964 --- [           main] c.e.A.l.operations.BudgetServiceTest     : Started BudgetServiceTest in 2.264 seconds (process running for 96.869)
2024-03-05T07:49:44.476+01:00  INFO 11964 --- [ntainer#1-0-C-1] org.apache.kafka.clients.Metadata        : [Consumer clientId=consumer-budget-27, groupId=budget] Cluster ID: cTTD3Rd5RmywtZAGy2ty9g
2024-03-05T07:49:44.496+01:00  INFO 11964 --- [r-event-handler] state.change.logger                      : [Broker id=0] Transitioning 50 partition(s) to local leaders.
2024-03-05T07:49:44.496+01:00  INFO 11964 --- [r-event-handler] kafka.server.ReplicaFetcherManager       : [ReplicaFetcherManager on broker 0] Removed fetcher for partitions Set(__consumer_offsets-13, __consumer_offsets-46, __consumer_offsets-9, __consumer_offsets-42, __consumer_offsets-21, __consumer_offsets-17, __consumer_offsets-30, __consumer_offsets-26, __consumer_offsets-5, __consumer_offsets-38, __consumer_offsets-1, __consumer_offsets-34, __consumer_offsets-16, __consumer_offsets-45, __consumer_offsets-12, __consumer_offsets-41, __consumer_offsets-24, __consumer_offsets-20, __consumer_offsets-49, __consumer_offsets-0, __consumer_offsets-29, __consumer_offsets-25, __consumer_offsets-8, __consumer_offsets-37, __consumer_offsets-4, __consumer_offsets-33, __consumer_offsets-15, __consumer_offsets-48, __consumer_offsets-11, __consumer_offsets-44, __consumer_offsets-23, __consumer_offsets-19, __consumer_offsets-32, __consumer_offsets-28, __consumer_offsets-7, __consumer_offsets-40, __consumer_offsets-3, __consumer_offsets-36, __consumer_offsets-47, __consumer_offsets-14, __consumer_offsets-43, __consumer_offsets-10, __consumer_offsets-22, __consumer_offsets-18, __consumer_offsets-31, __consumer_offsets-27, __consumer_offsets-39, __consumer_offsets-6, __consumer_offsets-35, __consumer_offsets-2)
2024-03-05T07:49:44.496+01:00  INFO 11964 --- [r-event-handler] state.change.logger                      : [Broker id=0] Creating new partition __consumer_offsets-13 with topic id LNXH-wc6S_m3224quRHaZA.
]]></system-out>
  </testcase>
  <testcase name="testBudgetPlanWithoutFilter_whenGettingData_CorrectlyCreated" classname="com.example.Analytics.logic.operations.BudgetServiceTest" time="0.014">
    <system-out><![CDATA[2024-03-05T07:49:44.553+01:00  INFO 11964 --- [ntainer#2-0-C-1] o.a.k.c.c.internals.ConsumerCoordinator  : [Consumer clientId=consumer-budget-25, groupId=budget] Discovered group coordinator localhost:54080 (id: 2147483647 rack: null)
2024-03-05T07:49:44.554+01:00  INFO 11964 --- [ntainer#2-0-C-1] o.a.k.c.c.internals.ConsumerCoordinator  : [Consumer clientId=consumer-budget-25, groupId=budget] (Re-)joining group
2024-03-05T07:49:44.560+01:00  INFO 11964 --- [ntainer#2-0-C-1] o.a.k.c.c.internals.ConsumerCoordinator  : [Consumer clientId=consumer-budget-25, groupId=budget] Group coordinator localhost:54080 (id: 2147483647 rack: null) is unavailable or invalid due to cause: error response NOT_COORDINATOR. isDisconnected: false. Rediscovery will be attempted.
2024-03-05T07:49:44.560+01:00  INFO 11964 --- [ntainer#2-0-C-1] o.a.k.c.c.internals.ConsumerCoordinator  : [Consumer clientId=consumer-budget-25, groupId=budget] Requesting disconnect from last known coordinator localhost:54080 (id: 2147483647 rack: null)
2024-03-05T07:49:44.560+01:00  INFO 11964 --- [ntainer#2-0-C-1] o.a.k.c.c.internals.ConsumerCoordinator  : [Consumer clientId=consumer-budget-25, groupId=budget] JoinGroup failed: This is not the correct coordinator. Marking coordinator unknown. Sent generation was Generation{generationId=-1, memberId='', protocol='null'}
2024-03-05T07:49:44.561+01:00  INFO 11964 --- [ntainer#2-0-C-1] org.apache.kafka.clients.NetworkClient   : [Consumer clientId=consumer-budget-25, groupId=budget] Client requested disconnect from node 2147483647
2024-03-05T07:49:44.562+01:00  INFO 11964 --- [r-event-handler] kafka.log.UnifiedLog$                    : [LogLoader partition=__consumer_offsets-13, dir=C:\Users\tobia\AppData\Local\Temp\kafka-11562819809130378155\broker_0_data0] Loading producer state till offset 0 with message format version 2
2024-03-05T07:49:44.563+01:00  INFO 11964 --- [ntainer#2-0-C-1] o.a.k.c.c.internals.ConsumerCoordinator  : [Consumer clientId=consumer-budget-25, groupId=budget] Discovered group coordinator localhost:54080 (id: 2147483647 rack: null)
2024-03-05T07:49:44.563+01:00  INFO 11964 --- [ntainer#2-0-C-1] o.a.k.c.c.internals.ConsumerCoordinator  : [Consumer clientId=consumer-budget-25, groupId=budget] Group coordinator localhost:54080 (id: 2147483647 rack: null) is unavailable or invalid due to cause: coordinator unavailable. isDisconnected: false. Rediscovery will be attempted.
2024-03-05T07:49:44.563+01:00  INFO 11964 --- [ntainer#2-0-C-1] o.a.k.c.c.internals.ConsumerCoordinator  : [Consumer clientId=consumer-budget-25, groupId=budget] Requesting disconnect from last known coordinator localhost:54080 (id: 2147483647 rack: null)
2024-03-05T07:49:44.565+01:00  INFO 11964 --- [r-event-handler] kafka.log.LogManager                     : Created log for partition __consumer_offsets-13 in C:\Users\tobia\AppData\Local\Temp\kafka-11562819809130378155\broker_0_data0\__consumer_offsets-13 with properties {cleanup.policy=compact, compression.type="producer", segment.bytes=104857600}
2024-03-05T07:49:44.565+01:00  INFO 11964 --- [r-event-handler] kafka.cluster.Partition                  : [Partition __consumer_offsets-13 broker=0] No checkpointed highwatermark is found for partition __consumer_offsets-13
2024-03-05T07:49:44.565+01:00  INFO 11964 --- [r-event-handler] kafka.cluster.Partition                  : [Partition __consumer_offsets-13 broker=0] Log loaded for partition __consumer_offsets-13 with initial high watermark 0
2024-03-05T07:49:44.565+01:00  INFO 11964 --- [r-event-handler] state.change.logger                      : [Broker id=0] Leader __consumer_offsets-13 with topic id Some(LNXH-wc6S_m3224quRHaZA) starts at leader epoch 0 from offset 0 with partition epoch 0, high watermark 0, ISR [0], adding replicas [] and removing replicas [] . Previous leader None and previous leader epoch was -1.
]]></system-out>
  </testcase>
  <testcase name="testVariableMonthlyTransactionChange_whenUpdate_UpdateIsReceived" classname="com.example.Analytics.logic.operations.BudgetServiceTest" time="1.221">
    <system-out><![CDATA[2024-03-05T07:49:44.580+01:00  INFO 11964 --- [ntainer#0-0-C-1] o.a.k.c.c.internals.ConsumerCoordinator  : [Consumer clientId=consumer-product-26, groupId=product] Discovered group coordinator localhost:54080 (id: 2147483647 rack: null)
2024-03-05T07:49:44.581+01:00  INFO 11964 --- [ntainer#0-0-C-1] o.a.k.c.c.internals.ConsumerCoordinator  : [Consumer clientId=consumer-product-26, groupId=product] (Re-)joining group
2024-03-05T07:49:44.586+01:00  INFO 11964 --- [ntainer#0-0-C-1] o.a.k.c.c.internals.ConsumerCoordinator  : [Consumer clientId=consumer-product-26, groupId=product] Group coordinator localhost:54080 (id: 2147483647 rack: null) is unavailable or invalid due to cause: error response NOT_COORDINATOR. isDisconnected: false. Rediscovery will be attempted.
2024-03-05T07:49:44.586+01:00  INFO 11964 --- [ntainer#0-0-C-1] o.a.k.c.c.internals.ConsumerCoordinator  : [Consumer clientId=consumer-product-26, groupId=product] Requesting disconnect from last known coordinator localhost:54080 (id: 2147483647 rack: null)
2024-03-05T07:49:44.587+01:00  INFO 11964 --- [ntainer#0-0-C-1] o.a.k.c.c.internals.ConsumerCoordinator  : [Consumer clientId=consumer-product-26, groupId=product] JoinGroup failed: This is not the correct coordinator. Marking coordinator unknown. Sent generation was Generation{generationId=-1, memberId='', protocol='null'}
2024-03-05T07:49:44.587+01:00  INFO 11964 --- [ntainer#0-0-C-1] org.apache.kafka.clients.NetworkClient   : [Consumer clientId=consumer-product-26, groupId=product] Client requested disconnect from node 2147483647
2024-03-05T07:49:44.588+01:00  INFO 11964 --- [ntainer#0-0-C-1] o.a.k.c.c.internals.ConsumerCoordinator  : [Consumer clientId=consumer-product-26, groupId=product] Discovered group coordinator localhost:54080 (id: 2147483647 rack: null)
2024-03-05T07:49:44.588+01:00  INFO 11964 --- [ntainer#0-0-C-1] o.a.k.c.c.internals.ConsumerCoordinator  : [Consumer clientId=consumer-product-26, groupId=product] Group coordinator localhost:54080 (id: 2147483647 rack: null) is unavailable or invalid due to cause: coordinator unavailable. isDisconnected: false. Rediscovery will be attempted.
2024-03-05T07:49:44.589+01:00  INFO 11964 --- [ntainer#0-0-C-1] o.a.k.c.c.internals.ConsumerCoordinator  : [Consumer clientId=consumer-product-26, groupId=product] Requesting disconnect from last known coordinator localhost:54080 (id: 2147483647 rack: null)
2024-03-05T07:49:44.598+01:00  INFO 11964 --- [r-event-handler] state.change.logger                      : [Broker id=0] Creating new partition __consumer_offsets-46 with topic id LNXH-wc6S_m3224quRHaZA.
2024-03-05T07:49:44.605+01:00  INFO 11964 --- [ntainer#1-0-C-1] o.a.k.c.c.internals.ConsumerCoordinator  : [Consumer clientId=consumer-budget-27, groupId=budget] Discovered group coordinator localhost:54080 (id: 2147483647 rack: null)
2024-03-05T07:49:44.606+01:00  INFO 11964 --- [ntainer#1-0-C-1] o.a.k.c.c.internals.ConsumerCoordinator  : [Consumer clientId=consumer-budget-27, groupId=budget] (Re-)joining group
2024-03-05T07:49:44.611+01:00  INFO 11964 --- [ntainer#1-0-C-1] o.a.k.c.c.internals.ConsumerCoordinator  : [Consumer clientId=consumer-budget-27, groupId=budget] Group coordinator localhost:54080 (id: 2147483647 rack: null) is unavailable or invalid due to cause: error response NOT_COORDINATOR. isDisconnected: false. Rediscovery will be attempted.
2024-03-05T07:49:44.611+01:00  INFO 11964 --- [ntainer#1-0-C-1] o.a.k.c.c.internals.ConsumerCoordinator  : [Consumer clientId=consumer-budget-27, groupId=budget] Requesting disconnect from last known coordinator localhost:54080 (id: 2147483647 rack: null)
2024-03-05T07:49:44.611+01:00  INFO 11964 --- [ntainer#1-0-C-1] o.a.k.c.c.internals.ConsumerCoordinator  : [Consumer clientId=consumer-budget-27, groupId=budget] JoinGroup failed: This is not the correct coordinator. Marking coordinator unknown. Sent generation was Generation{generationId=-1, memberId='', protocol='null'}
2024-03-05T07:49:44.611+01:00  INFO 11964 --- [ntainer#1-0-C-1] org.apache.kafka.clients.NetworkClient   : [Consumer clientId=consumer-budget-27, groupId=budget] Client requested disconnect from node 2147483647
2024-03-05T07:49:44.615+01:00  INFO 11964 --- [ntainer#1-0-C-1] o.a.k.c.c.internals.ConsumerCoordinator  : [Consumer clientId=consumer-budget-27, groupId=budget] Discovered group coordinator localhost:54080 (id: 2147483647 rack: null)
2024-03-05T07:49:44.615+01:00  INFO 11964 --- [ntainer#1-0-C-1] o.a.k.c.c.internals.ConsumerCoordinator  : [Consumer clientId=consumer-budget-27, groupId=budget] Group coordinator localhost:54080 (id: 2147483647 rack: null) is unavailable or invalid due to cause: coordinator unavailable. isDisconnected: false. Rediscovery will be attempted.
2024-03-05T07:49:44.615+01:00  INFO 11964 --- [ntainer#1-0-C-1] o.a.k.c.c.internals.ConsumerCoordinator  : [Consumer clientId=consumer-budget-27, groupId=budget] Requesting disconnect from last known coordinator localhost:54080 (id: 2147483647 rack: null)
2024-03-05T07:49:44.663+01:00  INFO 11964 --- [r-event-handler] kafka.log.UnifiedLog$                    : [LogLoader partition=__consumer_offsets-46, dir=C:\Users\tobia\AppData\Local\Temp\kafka-11562819809130378155\broker_0_data0] Loading producer state till offset 0 with message format version 2
2024-03-05T07:49:44.664+01:00  INFO 11964 --- [r-event-handler] kafka.log.LogManager                     : Created log for partition __consumer_offsets-46 in C:\Users\tobia\AppData\Local\Temp\kafka-11562819809130378155\broker_0_data0\__consumer_offsets-46 with properties {cleanup.policy=compact, compression.type="producer", segment.bytes=104857600}
2024-03-05T07:49:44.668+01:00  INFO 11964 --- [r-event-handler] kafka.cluster.Partition                  : [Partition __consumer_offsets-46 broker=0] No checkpointed highwatermark is found for partition __consumer_offsets-46
2024-03-05T07:49:44.669+01:00  INFO 11964 --- [r-event-handler] kafka.cluster.Partition                  : [Partition __consumer_offsets-46 broker=0] Log loaded for partition __consumer_offsets-46 with initial high watermark 0
2024-03-05T07:49:44.669+01:00  INFO 11964 --- [r-event-handler] state.change.logger                      : [Broker id=0] Leader __consumer_offsets-46 with topic id Some(LNXH-wc6S_m3224quRHaZA) starts at leader epoch 0 from offset 0 with partition epoch 0, high watermark 0, ISR [0], adding replicas [] and removing replicas [] . Previous leader None and previous leader epoch was -1.
2024-03-05T07:49:44.670+01:00  INFO 11964 --- [ntainer#2-0-C-1] o.a.k.c.c.internals.ConsumerCoordinator  : [Consumer clientId=consumer-budget-25, groupId=budget] Discovered group coordinator localhost:54080 (id: 2147483647 rack: null)
2024-03-05T07:49:44.671+01:00  INFO 11964 --- [ntainer#2-0-C-1] o.a.k.c.c.internals.ConsumerCoordinator  : [Consumer clientId=consumer-budget-25, groupId=budget] Request joining group due to: rebalance failed due to 'This is not the correct coordinator.' (NotCoordinatorException)
2024-03-05T07:49:44.672+01:00  INFO 11964 --- [ntainer#2-0-C-1] o.a.k.c.c.internals.ConsumerCoordinator  : [Consumer clientId=consumer-budget-25, groupId=budget] (Re-)joining group
2024-03-05T07:49:44.682+01:00  INFO 11964 --- [ntainer#2-0-C-1] o.a.k.c.c.internals.ConsumerCoordinator  : [Consumer clientId=consumer-budget-25, groupId=budget] Group coordinator localhost:54080 (id: 2147483647 rack: null) is unavailable or invalid due to cause: error response NOT_COORDINATOR. isDisconnected: false. Rediscovery will be attempted.
2024-03-05T07:49:44.682+01:00  INFO 11964 --- [ntainer#2-0-C-1] o.a.k.c.c.internals.ConsumerCoordinator  : [Consumer clientId=consumer-budget-25, groupId=budget] Requesting disconnect from last known coordinator localhost:54080 (id: 2147483647 rack: null)
2024-03-05T07:49:44.682+01:00  INFO 11964 --- [ntainer#2-0-C-1] o.a.k.c.c.internals.ConsumerCoordinator  : [Consumer clientId=consumer-budget-25, groupId=budget] JoinGroup failed: This is not the correct coordinator. Marking coordinator unknown. Sent generation was Generation{generationId=-1, memberId='', protocol='null'}
2024-03-05T07:49:44.682+01:00  INFO 11964 --- [ntainer#2-0-C-1] org.apache.kafka.clients.NetworkClient   : [Consumer clientId=consumer-budget-25, groupId=budget] Client requested disconnect from node 2147483647
2024-03-05T07:49:44.687+01:00  INFO 11964 --- [ntainer#2-0-C-1] o.a.k.c.c.internals.ConsumerCoordinator  : [Consumer clientId=consumer-budget-25, groupId=budget] Discovered group coordinator localhost:54080 (id: 2147483647 rack: null)
2024-03-05T07:49:44.687+01:00  INFO 11964 --- [ntainer#2-0-C-1] o.a.k.c.c.internals.ConsumerCoordinator  : [Consumer clientId=consumer-budget-25, groupId=budget] Group coordinator localhost:54080 (id: 2147483647 rack: null) is unavailable or invalid due to cause: coordinator unavailable. isDisconnected: false. Rediscovery will be attempted.
2024-03-05T07:49:44.687+01:00  INFO 11964 --- [ntainer#2-0-C-1] o.a.k.c.c.internals.ConsumerCoordinator  : [Consumer clientId=consumer-budget-25, groupId=budget] Requesting disconnect from last known coordinator localhost:54080 (id: 2147483647 rack: null)
2024-03-05T07:49:44.692+01:00  INFO 11964 --- [ntainer#0-0-C-1] o.a.k.c.c.internals.ConsumerCoordinator  : [Consumer clientId=consumer-product-26, groupId=product] Discovered group coordinator localhost:54080 (id: 2147483647 rack: null)
2024-03-05T07:49:44.694+01:00  INFO 11964 --- [ntainer#0-0-C-1] o.a.k.c.c.internals.ConsumerCoordinator  : [Consumer clientId=consumer-product-26, groupId=product] Request joining group due to: rebalance failed due to 'This is not the correct coordinator.' (NotCoordinatorException)
2024-03-05T07:49:44.694+01:00  INFO 11964 --- [ntainer#0-0-C-1] o.a.k.c.c.internals.ConsumerCoordinator  : [Consumer clientId=consumer-product-26, groupId=product] (Re-)joining group
2024-03-05T07:49:44.697+01:00  INFO 11964 --- [ntainer#0-0-C-1] o.a.k.c.c.internals.ConsumerCoordinator  : [Consumer clientId=consumer-product-26, groupId=product] Group coordinator localhost:54080 (id: 2147483647 rack: null) is unavailable or invalid due to cause: error response NOT_COORDINATOR. isDisconnected: false. Rediscovery will be attempted.
2024-03-05T07:49:44.698+01:00  INFO 11964 --- [ntainer#0-0-C-1] o.a.k.c.c.internals.ConsumerCoordinator  : [Consumer clientId=consumer-product-26, groupId=product] Requesting disconnect from last known coordinator localhost:54080 (id: 2147483647 rack: null)
2024-03-05T07:49:44.698+01:00  INFO 11964 --- [ntainer#0-0-C-1] o.a.k.c.c.internals.ConsumerCoordinator  : [Consumer clientId=consumer-product-26, groupId=product] JoinGroup failed: This is not the correct coordinator. Marking coordinator unknown. Sent generation was Generation{generationId=-1, memberId='', protocol='null'}
2024-03-05T07:49:44.698+01:00  INFO 11964 --- [ntainer#0-0-C-1] org.apache.kafka.clients.NetworkClient   : [Consumer clientId=consumer-product-26, groupId=product] Client requested disconnect from node 2147483647
2024-03-05T07:49:44.700+01:00  INFO 11964 --- [ntainer#0-0-C-1] o.a.k.c.c.internals.ConsumerCoordinator  : [Consumer clientId=consumer-product-26, groupId=product] Discovered group coordinator localhost:54080 (id: 2147483647 rack: null)
2024-03-05T07:49:44.700+01:00  INFO 11964 --- [ntainer#0-0-C-1] o.a.k.c.c.internals.ConsumerCoordinator  : [Consumer clientId=consumer-product-26, groupId=product] Group coordinator localhost:54080 (id: 2147483647 rack: null) is unavailable or invalid due to cause: coordinator unavailable. isDisconnected: false. Rediscovery will be attempted.
2024-03-05T07:49:44.700+01:00  INFO 11964 --- [ntainer#0-0-C-1] o.a.k.c.c.internals.ConsumerCoordinator  : [Consumer clientId=consumer-product-26, groupId=product] Requesting disconnect from last known coordinator localhost:54080 (id: 2147483647 rack: null)
2024-03-05T07:49:44.725+01:00  INFO 11964 --- [ntainer#1-0-C-1] o.a.k.c.c.internals.ConsumerCoordinator  : [Consumer clientId=consumer-budget-27, groupId=budget] Discovered group coordinator localhost:54080 (id: 2147483647 rack: null)
2024-03-05T07:49:44.726+01:00  INFO 11964 --- [ntainer#1-0-C-1] o.a.k.c.c.internals.ConsumerCoordinator  : [Consumer clientId=consumer-budget-27, groupId=budget] Request joining group due to: rebalance failed due to 'This is not the correct coordinator.' (NotCoordinatorException)
2024-03-05T07:49:44.727+01:00  INFO 11964 --- [ntainer#1-0-C-1] o.a.k.c.c.internals.ConsumerCoordinator  : [Consumer clientId=consumer-budget-27, groupId=budget] (Re-)joining group
2024-03-05T07:49:44.735+01:00  INFO 11964 --- [ntainer#1-0-C-1] o.a.k.c.c.internals.ConsumerCoordinator  : [Consumer clientId=consumer-budget-27, groupId=budget] Group coordinator localhost:54080 (id: 2147483647 rack: null) is unavailable or invalid due to cause: error response NOT_COORDINATOR. isDisconnected: false. Rediscovery will be attempted.
2024-03-05T07:49:44.736+01:00  INFO 11964 --- [ntainer#1-0-C-1] o.a.k.c.c.internals.ConsumerCoordinator  : [Consumer clientId=consumer-budget-27, groupId=budget] Requesting disconnect from last known coordinator localhost:54080 (id: 2147483647 rack: null)
2024-03-05T07:49:44.736+01:00  INFO 11964 --- [ntainer#1-0-C-1] o.a.k.c.c.internals.ConsumerCoordinator  : [Consumer clientId=consumer-budget-27, groupId=budget] JoinGroup failed: This is not the correct coordinator. Marking coordinator unknown. Sent generation was Generation{generationId=-1, memberId='', protocol='null'}
2024-03-05T07:49:44.736+01:00  INFO 11964 --- [ntainer#1-0-C-1] org.apache.kafka.clients.NetworkClient   : [Consumer clientId=consumer-budget-27, groupId=budget] Client requested disconnect from node 2147483647
2024-03-05T07:49:44.738+01:00  INFO 11964 --- [ntainer#1-0-C-1] o.a.k.c.c.internals.ConsumerCoordinator  : [Consumer clientId=consumer-budget-27, groupId=budget] Discovered group coordinator localhost:54080 (id: 2147483647 rack: null)
2024-03-05T07:49:44.739+01:00  INFO 11964 --- [ntainer#1-0-C-1] o.a.k.c.c.internals.ConsumerCoordinator  : [Consumer clientId=consumer-budget-27, groupId=budget] Group coordinator localhost:54080 (id: 2147483647 rack: null) is unavailable or invalid due to cause: coordinator unavailable. isDisconnected: false. Rediscovery will be attempted.
2024-03-05T07:49:44.739+01:00  INFO 11964 --- [ntainer#1-0-C-1] o.a.k.c.c.internals.ConsumerCoordinator  : [Consumer clientId=consumer-budget-27, groupId=budget] Requesting disconnect from last known coordinator localhost:54080 (id: 2147483647 rack: null)
2024-03-05T07:49:44.747+01:00  INFO 11964 --- [r-event-handler] state.change.logger                      : [Broker id=0] Creating new partition __consumer_offsets-9 with topic id LNXH-wc6S_m3224quRHaZA.
2024-03-05T07:49:44.768+01:00  INFO 11964 --- [r-event-handler] kafka.log.UnifiedLog$                    : [LogLoader partition=__consumer_offsets-9, dir=C:\Users\tobia\AppData\Local\Temp\kafka-11562819809130378155\broker_0_data0] Loading producer state till offset 0 with message format version 2
2024-03-05T07:49:44.769+01:00  INFO 11964 --- [r-event-handler] kafka.log.LogManager                     : Created log for partition __consumer_offsets-9 in C:\Users\tobia\AppData\Local\Temp\kafka-11562819809130378155\broker_0_data0\__consumer_offsets-9 with properties {cleanup.policy=compact, compression.type="producer", segment.bytes=104857600}
2024-03-05T07:49:44.769+01:00  INFO 11964 --- [r-event-handler] kafka.cluster.Partition                  : [Partition __consumer_offsets-9 broker=0] No checkpointed highwatermark is found for partition __consumer_offsets-9
2024-03-05T07:49:44.769+01:00  INFO 11964 --- [r-event-handler] kafka.cluster.Partition                  : [Partition __consumer_offsets-9 broker=0] Log loaded for partition __consumer_offsets-9 with initial high watermark 0
2024-03-05T07:49:44.769+01:00  INFO 11964 --- [r-event-handler] state.change.logger                      : [Broker id=0] Leader __consumer_offsets-9 with topic id Some(LNXH-wc6S_m3224quRHaZA) starts at leader epoch 0 from offset 0 with partition epoch 0, high watermark 0, ISR [0], adding replicas [] and removing replicas [] . Previous leader None and previous leader epoch was -1.
2024-03-05T07:49:44.777+01:00  INFO 11964 --- [r-event-handler] state.change.logger                      : [Broker id=0] Creating new partition __consumer_offsets-42 with topic id LNXH-wc6S_m3224quRHaZA.
2024-03-05T07:49:44.788+01:00  INFO 11964 --- [r-event-handler] kafka.log.UnifiedLog$                    : [LogLoader partition=__consumer_offsets-42, dir=C:\Users\tobia\AppData\Local\Temp\kafka-11562819809130378155\broker_0_data0] Loading producer state till offset 0 with message format version 2
2024-03-05T07:49:44.788+01:00  INFO 11964 --- [r-event-handler] kafka.log.LogManager                     : Created log for partition __consumer_offsets-42 in C:\Users\tobia\AppData\Local\Temp\kafka-11562819809130378155\broker_0_data0\__consumer_offsets-42 with properties {cleanup.policy=compact, compression.type="producer", segment.bytes=104857600}
2024-03-05T07:49:44.789+01:00  INFO 11964 --- [r-event-handler] kafka.cluster.Partition                  : [Partition __consumer_offsets-42 broker=0] No checkpointed highwatermark is found for partition __consumer_offsets-42
2024-03-05T07:49:44.789+01:00  INFO 11964 --- [r-event-handler] kafka.cluster.Partition                  : [Partition __consumer_offsets-42 broker=0] Log loaded for partition __consumer_offsets-42 with initial high watermark 0
2024-03-05T07:49:44.789+01:00  INFO 11964 --- [r-event-handler] state.change.logger                      : [Broker id=0] Leader __consumer_offsets-42 with topic id Some(LNXH-wc6S_m3224quRHaZA) starts at leader epoch 0 from offset 0 with partition epoch 0, high watermark 0, ISR [0], adding replicas [] and removing replicas [] . Previous leader None and previous leader epoch was -1.
2024-03-05T07:49:44.792+01:00  INFO 11964 --- [ntainer#2-0-C-1] o.a.k.c.c.internals.ConsumerCoordinator  : [Consumer clientId=consumer-budget-25, groupId=budget] Discovered group coordinator localhost:54080 (id: 2147483647 rack: null)
2024-03-05T07:49:44.795+01:00  INFO 11964 --- [r-event-handler] state.change.logger                      : [Broker id=0] Creating new partition __consumer_offsets-21 with topic id LNXH-wc6S_m3224quRHaZA.
2024-03-05T07:49:44.793+01:00  INFO 11964 --- [ntainer#2-0-C-1] o.a.k.c.c.internals.ConsumerCoordinator  : [Consumer clientId=consumer-budget-25, groupId=budget] Request joining group due to: rebalance failed due to 'This is not the correct coordinator.' (NotCoordinatorException)
2024-03-05T07:49:44.803+01:00  INFO 11964 --- [ntainer#2-0-C-1] o.a.k.c.c.internals.ConsumerCoordinator  : [Consumer clientId=consumer-budget-25, groupId=budget] (Re-)joining group
2024-03-05T07:49:44.806+01:00  INFO 11964 --- [r-event-handler] kafka.log.UnifiedLog$                    : [LogLoader partition=__consumer_offsets-21, dir=C:\Users\tobia\AppData\Local\Temp\kafka-11562819809130378155\broker_0_data0] Loading producer state till offset 0 with message format version 2
2024-03-05T07:49:44.807+01:00  INFO 11964 --- [r-event-handler] kafka.log.LogManager                     : Created log for partition __consumer_offsets-21 in C:\Users\tobia\AppData\Local\Temp\kafka-11562819809130378155\broker_0_data0\__consumer_offsets-21 with properties {cleanup.policy=compact, compression.type="producer", segment.bytes=104857600}
2024-03-05T07:49:44.807+01:00  INFO 11964 --- [r-event-handler] kafka.cluster.Partition                  : [Partition __consumer_offsets-21 broker=0] No checkpointed highwatermark is found for partition __consumer_offsets-21
2024-03-05T07:49:44.807+01:00  INFO 11964 --- [r-event-handler] kafka.cluster.Partition                  : [Partition __consumer_offsets-21 broker=0] Log loaded for partition __consumer_offsets-21 with initial high watermark 0
2024-03-05T07:49:44.807+01:00  INFO 11964 --- [r-event-handler] state.change.logger                      : [Broker id=0] Leader __consumer_offsets-21 with topic id Some(LNXH-wc6S_m3224quRHaZA) starts at leader epoch 0 from offset 0 with partition epoch 0, high watermark 0, ISR [0], adding replicas [] and removing replicas [] . Previous leader None and previous leader epoch was -1.
2024-03-05T07:49:44.814+01:00  INFO 11964 --- [r-event-handler] state.change.logger                      : [Broker id=0] Creating new partition __consumer_offsets-17 with topic id LNXH-wc6S_m3224quRHaZA.
2024-03-05T07:49:44.825+01:00  INFO 11964 --- [r-event-handler] kafka.log.UnifiedLog$                    : [LogLoader partition=__consumer_offsets-17, dir=C:\Users\tobia\AppData\Local\Temp\kafka-11562819809130378155\broker_0_data0] Loading producer state till offset 0 with message format version 2
2024-03-05T07:49:44.826+01:00  INFO 11964 --- [r-event-handler] kafka.log.LogManager                     : Created log for partition __consumer_offsets-17 in C:\Users\tobia\AppData\Local\Temp\kafka-11562819809130378155\broker_0_data0\__consumer_offsets-17 with properties {cleanup.policy=compact, compression.type="producer", segment.bytes=104857600}
2024-03-05T07:49:44.826+01:00  INFO 11964 --- [r-event-handler] kafka.cluster.Partition                  : [Partition __consumer_offsets-17 broker=0] No checkpointed highwatermark is found for partition __consumer_offsets-17
2024-03-05T07:49:44.826+01:00  INFO 11964 --- [r-event-handler] kafka.cluster.Partition                  : [Partition __consumer_offsets-17 broker=0] Log loaded for partition __consumer_offsets-17 with initial high watermark 0
2024-03-05T07:49:44.826+01:00  INFO 11964 --- [r-event-handler] state.change.logger                      : [Broker id=0] Leader __consumer_offsets-17 with topic id Some(LNXH-wc6S_m3224quRHaZA) starts at leader epoch 0 from offset 0 with partition epoch 0, high watermark 0, ISR [0], adding replicas [] and removing replicas [] . Previous leader None and previous leader epoch was -1.
2024-03-05T07:49:44.830+01:00  INFO 11964 --- [ntainer#2-0-C-1] o.a.k.c.c.internals.ConsumerCoordinator  : [Consumer clientId=consumer-budget-25, groupId=budget] Group coordinator localhost:54080 (id: 2147483647 rack: null) is unavailable or invalid due to cause: error response NOT_COORDINATOR. isDisconnected: false. Rediscovery will be attempted.
2024-03-05T07:49:44.830+01:00  INFO 11964 --- [ntainer#2-0-C-1] o.a.k.c.c.internals.ConsumerCoordinator  : [Consumer clientId=consumer-budget-25, groupId=budget] Requesting disconnect from last known coordinator localhost:54080 (id: 2147483647 rack: null)
2024-03-05T07:49:44.830+01:00  INFO 11964 --- [ntainer#2-0-C-1] o.a.k.c.c.internals.ConsumerCoordinator  : [Consumer clientId=consumer-budget-25, groupId=budget] JoinGroup failed: This is not the correct coordinator. Marking coordinator unknown. Sent generation was Generation{generationId=-1, memberId='', protocol='null'}
2024-03-05T07:49:44.830+01:00  INFO 11964 --- [ntainer#2-0-C-1] org.apache.kafka.clients.NetworkClient   : [Consumer clientId=consumer-budget-25, groupId=budget] Client requested disconnect from node 2147483647
2024-03-05T07:49:44.832+01:00  INFO 11964 --- [r-event-handler] state.change.logger                      : [Broker id=0] Creating new partition __consumer_offsets-30 with topic id LNXH-wc6S_m3224quRHaZA.
2024-03-05T07:49:44.844+01:00  INFO 11964 --- [r-event-handler] kafka.log.UnifiedLog$                    : [LogLoader partition=__consumer_offsets-30, dir=C:\Users\tobia\AppData\Local\Temp\kafka-11562819809130378155\broker_0_data0] Loading producer state till offset 0 with message format version 2
2024-03-05T07:49:44.845+01:00  INFO 11964 --- [r-event-handler] kafka.log.LogManager                     : Created log for partition __consumer_offsets-30 in C:\Users\tobia\AppData\Local\Temp\kafka-11562819809130378155\broker_0_data0\__consumer_offsets-30 with properties {cleanup.policy=compact, compression.type="producer", segment.bytes=104857600}
2024-03-05T07:49:44.845+01:00  INFO 11964 --- [r-event-handler] kafka.cluster.Partition                  : [Partition __consumer_offsets-30 broker=0] No checkpointed highwatermark is found for partition __consumer_offsets-30
2024-03-05T07:49:44.845+01:00  INFO 11964 --- [r-event-handler] kafka.cluster.Partition                  : [Partition __consumer_offsets-30 broker=0] Log loaded for partition __consumer_offsets-30 with initial high watermark 0
2024-03-05T07:49:44.845+01:00  INFO 11964 --- [r-event-handler] state.change.logger                      : [Broker id=0] Leader __consumer_offsets-30 with topic id Some(LNXH-wc6S_m3224quRHaZA) starts at leader epoch 0 from offset 0 with partition epoch 0, high watermark 0, ISR [0], adding replicas [] and removing replicas [] . Previous leader None and previous leader epoch was -1.
2024-03-05T07:49:44.847+01:00  INFO 11964 --- [ntainer#2-0-C-1] o.a.k.c.c.internals.ConsumerCoordinator  : [Consumer clientId=consumer-budget-25, groupId=budget] Discovered group coordinator localhost:54080 (id: 2147483647 rack: null)
2024-03-05T07:49:44.847+01:00  INFO 11964 --- [ntainer#2-0-C-1] o.a.k.c.c.internals.ConsumerCoordinator  : [Consumer clientId=consumer-budget-25, groupId=budget] Group coordinator localhost:54080 (id: 2147483647 rack: null) is unavailable or invalid due to cause: coordinator unavailable. isDisconnected: false. Rediscovery will be attempted.
2024-03-05T07:49:44.847+01:00  INFO 11964 --- [ntainer#2-0-C-1] o.a.k.c.c.internals.ConsumerCoordinator  : [Consumer clientId=consumer-budget-25, groupId=budget] Requesting disconnect from last known coordinator localhost:54080 (id: 2147483647 rack: null)
2024-03-05T07:49:44.850+01:00  INFO 11964 --- [ntainer#0-0-C-1] o.a.k.c.c.internals.ConsumerCoordinator  : [Consumer clientId=consumer-product-26, groupId=product] Discovered group coordinator localhost:54080 (id: 2147483647 rack: null)
2024-03-05T07:49:44.852+01:00  INFO 11964 --- [ntainer#0-0-C-1] o.a.k.c.c.internals.ConsumerCoordinator  : [Consumer clientId=consumer-product-26, groupId=product] Request joining group due to: rebalance failed due to 'This is not the correct coordinator.' (NotCoordinatorException)
2024-03-05T07:49:44.852+01:00  INFO 11964 --- [r-event-handler] state.change.logger                      : [Broker id=0] Creating new partition __consumer_offsets-26 with topic id LNXH-wc6S_m3224quRHaZA.
2024-03-05T07:49:44.853+01:00  INFO 11964 --- [ntainer#0-0-C-1] o.a.k.c.c.internals.ConsumerCoordinator  : [Consumer clientId=consumer-product-26, groupId=product] (Re-)joining group
2024-03-05T07:49:44.863+01:00  INFO 11964 --- [r-event-handler] kafka.log.UnifiedLog$                    : [LogLoader partition=__consumer_offsets-26, dir=C:\Users\tobia\AppData\Local\Temp\kafka-11562819809130378155\broker_0_data0] Loading producer state till offset 0 with message format version 2
2024-03-05T07:49:44.863+01:00  INFO 11964 --- [ntainer#1-0-C-1] o.a.k.c.c.internals.ConsumerCoordinator  : [Consumer clientId=consumer-budget-27, groupId=budget] Discovered group coordinator localhost:54080 (id: 2147483647 rack: null)
2024-03-05T07:49:44.864+01:00  INFO 11964 --- [r-event-handler] kafka.log.LogManager                     : Created log for partition __consumer_offsets-26 in C:\Users\tobia\AppData\Local\Temp\kafka-11562819809130378155\broker_0_data0\__consumer_offsets-26 with properties {cleanup.policy=compact, compression.type="producer", segment.bytes=104857600}
2024-03-05T07:49:44.864+01:00  INFO 11964 --- [r-event-handler] kafka.cluster.Partition                  : [Partition __consumer_offsets-26 broker=0] No checkpointed highwatermark is found for partition __consumer_offsets-26
2024-03-05T07:49:44.864+01:00  INFO 11964 --- [r-event-handler] kafka.cluster.Partition                  : [Partition __consumer_offsets-26 broker=0] Log loaded for partition __consumer_offsets-26 with initial high watermark 0
2024-03-05T07:49:44.864+01:00  INFO 11964 --- [r-event-handler] state.change.logger                      : [Broker id=0] Leader __consumer_offsets-26 with topic id Some(LNXH-wc6S_m3224quRHaZA) starts at leader epoch 0 from offset 0 with partition epoch 0, high watermark 0, ISR [0], adding replicas [] and removing replicas [] . Previous leader None and previous leader epoch was -1.
2024-03-05T07:49:44.865+01:00  INFO 11964 --- [ntainer#1-0-C-1] o.a.k.c.c.internals.ConsumerCoordinator  : [Consumer clientId=consumer-budget-27, groupId=budget] Request joining group due to: rebalance failed due to 'This is not the correct coordinator.' (NotCoordinatorException)
2024-03-05T07:49:44.866+01:00  INFO 11964 --- [ntainer#1-0-C-1] o.a.k.c.c.internals.ConsumerCoordinator  : [Consumer clientId=consumer-budget-27, groupId=budget] (Re-)joining group
2024-03-05T07:49:44.871+01:00  INFO 11964 --- [r-event-handler] state.change.logger                      : [Broker id=0] Creating new partition __consumer_offsets-5 with topic id LNXH-wc6S_m3224quRHaZA.
2024-03-05T07:49:44.876+01:00  INFO 11964 --- [ntainer#0-0-C-1] o.a.k.c.c.internals.ConsumerCoordinator  : [Consumer clientId=consumer-product-26, groupId=product] Group coordinator localhost:54080 (id: 2147483647 rack: null) is unavailable or invalid due to cause: error response NOT_COORDINATOR. isDisconnected: false. Rediscovery will be attempted.
2024-03-05T07:49:44.876+01:00  INFO 11964 --- [ntainer#0-0-C-1] o.a.k.c.c.internals.ConsumerCoordinator  : [Consumer clientId=consumer-product-26, groupId=product] Requesting disconnect from last known coordinator localhost:54080 (id: 2147483647 rack: null)
2024-03-05T07:49:44.876+01:00  INFO 11964 --- [ntainer#0-0-C-1] o.a.k.c.c.internals.ConsumerCoordinator  : [Consumer clientId=consumer-product-26, groupId=product] JoinGroup failed: This is not the correct coordinator. Marking coordinator unknown. Sent generation was Generation{generationId=-1, memberId='', protocol='null'}
2024-03-05T07:49:44.877+01:00  INFO 11964 --- [ntainer#0-0-C-1] org.apache.kafka.clients.NetworkClient   : [Consumer clientId=consumer-product-26, groupId=product] Client requested disconnect from node 2147483647
2024-03-05T07:49:44.881+01:00  INFO 11964 --- [r-event-handler] kafka.log.UnifiedLog$                    : [LogLoader partition=__consumer_offsets-5, dir=C:\Users\tobia\AppData\Local\Temp\kafka-11562819809130378155\broker_0_data0] Loading producer state till offset 0 with message format version 2
2024-03-05T07:49:44.882+01:00  INFO 11964 --- [r-event-handler] kafka.log.LogManager                     : Created log for partition __consumer_offsets-5 in C:\Users\tobia\AppData\Local\Temp\kafka-11562819809130378155\broker_0_data0\__consumer_offsets-5 with properties {cleanup.policy=compact, compression.type="producer", segment.bytes=104857600}
2024-03-05T07:49:44.882+01:00  INFO 11964 --- [r-event-handler] kafka.cluster.Partition                  : [Partition __consumer_offsets-5 broker=0] No checkpointed highwatermark is found for partition __consumer_offsets-5
2024-03-05T07:49:44.882+01:00  INFO 11964 --- [r-event-handler] kafka.cluster.Partition                  : [Partition __consumer_offsets-5 broker=0] Log loaded for partition __consumer_offsets-5 with initial high watermark 0
2024-03-05T07:49:44.882+01:00  INFO 11964 --- [r-event-handler] state.change.logger                      : [Broker id=0] Leader __consumer_offsets-5 with topic id Some(LNXH-wc6S_m3224quRHaZA) starts at leader epoch 0 from offset 0 with partition epoch 0, high watermark 0, ISR [0], adding replicas [] and removing replicas [] . Previous leader None and previous leader epoch was -1.
2024-03-05T07:49:44.883+01:00  INFO 11964 --- [ntainer#0-0-C-1] o.a.k.c.c.internals.ConsumerCoordinator  : [Consumer clientId=consumer-product-26, groupId=product] Discovered group coordinator localhost:54080 (id: 2147483647 rack: null)
2024-03-05T07:49:44.883+01:00  INFO 11964 --- [ntainer#0-0-C-1] o.a.k.c.c.internals.ConsumerCoordinator  : [Consumer clientId=consumer-product-26, groupId=product] Group coordinator localhost:54080 (id: 2147483647 rack: null) is unavailable or invalid due to cause: coordinator unavailable. isDisconnected: false. Rediscovery will be attempted.
2024-03-05T07:49:44.883+01:00  INFO 11964 --- [ntainer#0-0-C-1] o.a.k.c.c.internals.ConsumerCoordinator  : [Consumer clientId=consumer-product-26, groupId=product] Requesting disconnect from last known coordinator localhost:54080 (id: 2147483647 rack: null)
2024-03-05T07:49:44.884+01:00  INFO 11964 --- [ntainer#1-0-C-1] o.a.k.c.c.internals.ConsumerCoordinator  : [Consumer clientId=consumer-budget-27, groupId=budget] Group coordinator localhost:54080 (id: 2147483647 rack: null) is unavailable or invalid due to cause: error response NOT_COORDINATOR. isDisconnected: false. Rediscovery will be attempted.
2024-03-05T07:49:44.885+01:00  INFO 11964 --- [ntainer#1-0-C-1] o.a.k.c.c.internals.ConsumerCoordinator  : [Consumer clientId=consumer-budget-27, groupId=budget] Requesting disconnect from last known coordinator localhost:54080 (id: 2147483647 rack: null)
2024-03-05T07:49:44.885+01:00  INFO 11964 --- [ntainer#1-0-C-1] o.a.k.c.c.internals.ConsumerCoordinator  : [Consumer clientId=consumer-budget-27, groupId=budget] JoinGroup failed: This is not the correct coordinator. Marking coordinator unknown. Sent generation was Generation{generationId=-1, memberId='', protocol='null'}
2024-03-05T07:49:44.885+01:00  INFO 11964 --- [ntainer#1-0-C-1] org.apache.kafka.clients.NetworkClient   : [Consumer clientId=consumer-budget-27, groupId=budget] Client requested disconnect from node 2147483647
2024-03-05T07:49:44.888+01:00  INFO 11964 --- [r-event-handler] state.change.logger                      : [Broker id=0] Creating new partition __consumer_offsets-38 with topic id LNXH-wc6S_m3224quRHaZA.
2024-03-05T07:49:44.889+01:00  INFO 11964 --- [ntainer#1-0-C-1] o.a.k.c.c.internals.ConsumerCoordinator  : [Consumer clientId=consumer-budget-27, groupId=budget] Discovered group coordinator localhost:54080 (id: 2147483647 rack: null)
2024-03-05T07:49:44.889+01:00  INFO 11964 --- [ntainer#1-0-C-1] o.a.k.c.c.internals.ConsumerCoordinator  : [Consumer clientId=consumer-budget-27, groupId=budget] Group coordinator localhost:54080 (id: 2147483647 rack: null) is unavailable or invalid due to cause: coordinator unavailable. isDisconnected: false. Rediscovery will be attempted.
2024-03-05T07:49:44.889+01:00  INFO 11964 --- [ntainer#1-0-C-1] o.a.k.c.c.internals.ConsumerCoordinator  : [Consumer clientId=consumer-budget-27, groupId=budget] Requesting disconnect from last known coordinator localhost:54080 (id: 2147483647 rack: null)
2024-03-05T07:49:44.898+01:00  INFO 11964 --- [r-event-handler] kafka.log.UnifiedLog$                    : [LogLoader partition=__consumer_offsets-38, dir=C:\Users\tobia\AppData\Local\Temp\kafka-11562819809130378155\broker_0_data0] Loading producer state till offset 0 with message format version 2
2024-03-05T07:49:44.899+01:00  INFO 11964 --- [r-event-handler] kafka.log.LogManager                     : Created log for partition __consumer_offsets-38 in C:\Users\tobia\AppData\Local\Temp\kafka-11562819809130378155\broker_0_data0\__consumer_offsets-38 with properties {cleanup.policy=compact, compression.type="producer", segment.bytes=104857600}
2024-03-05T07:49:44.899+01:00  INFO 11964 --- [r-event-handler] kafka.cluster.Partition                  : [Partition __consumer_offsets-38 broker=0] No checkpointed highwatermark is found for partition __consumer_offsets-38
2024-03-05T07:49:44.899+01:00  INFO 11964 --- [r-event-handler] kafka.cluster.Partition                  : [Partition __consumer_offsets-38 broker=0] Log loaded for partition __consumer_offsets-38 with initial high watermark 0
2024-03-05T07:49:44.899+01:00  INFO 11964 --- [r-event-handler] state.change.logger                      : [Broker id=0] Leader __consumer_offsets-38 with topic id Some(LNXH-wc6S_m3224quRHaZA) starts at leader epoch 0 from offset 0 with partition epoch 0, high watermark 0, ISR [0], adding replicas [] and removing replicas [] . Previous leader None and previous leader epoch was -1.
2024-03-05T07:49:44.906+01:00  INFO 11964 --- [r-event-handler] state.change.logger                      : [Broker id=0] Creating new partition __consumer_offsets-1 with topic id LNXH-wc6S_m3224quRHaZA.
2024-03-05T07:49:44.916+01:00  INFO 11964 --- [r-event-handler] kafka.log.UnifiedLog$                    : [LogLoader partition=__consumer_offsets-1, dir=C:\Users\tobia\AppData\Local\Temp\kafka-11562819809130378155\broker_0_data0] Loading producer state till offset 0 with message format version 2
2024-03-05T07:49:44.916+01:00  INFO 11964 --- [r-event-handler] kafka.log.LogManager                     : Created log for partition __consumer_offsets-1 in C:\Users\tobia\AppData\Local\Temp\kafka-11562819809130378155\broker_0_data0\__consumer_offsets-1 with properties {cleanup.policy=compact, compression.type="producer", segment.bytes=104857600}
2024-03-05T07:49:44.917+01:00  INFO 11964 --- [r-event-handler] kafka.cluster.Partition                  : [Partition __consumer_offsets-1 broker=0] No checkpointed highwatermark is found for partition __consumer_offsets-1
2024-03-05T07:49:44.917+01:00  INFO 11964 --- [r-event-handler] kafka.cluster.Partition                  : [Partition __consumer_offsets-1 broker=0] Log loaded for partition __consumer_offsets-1 with initial high watermark 0
2024-03-05T07:49:44.917+01:00  INFO 11964 --- [r-event-handler] state.change.logger                      : [Broker id=0] Leader __consumer_offsets-1 with topic id Some(LNXH-wc6S_m3224quRHaZA) starts at leader epoch 0 from offset 0 with partition epoch 0, high watermark 0, ISR [0], adding replicas [] and removing replicas [] . Previous leader None and previous leader epoch was -1.
2024-03-05T07:49:44.923+01:00  INFO 11964 --- [r-event-handler] state.change.logger                      : [Broker id=0] Creating new partition __consumer_offsets-34 with topic id LNXH-wc6S_m3224quRHaZA.
2024-03-05T07:49:44.934+01:00  INFO 11964 --- [r-event-handler] kafka.log.UnifiedLog$                    : [LogLoader partition=__consumer_offsets-34, dir=C:\Users\tobia\AppData\Local\Temp\kafka-11562819809130378155\broker_0_data0] Loading producer state till offset 0 with message format version 2
2024-03-05T07:49:44.934+01:00  INFO 11964 --- [r-event-handler] kafka.log.LogManager                     : Created log for partition __consumer_offsets-34 in C:\Users\tobia\AppData\Local\Temp\kafka-11562819809130378155\broker_0_data0\__consumer_offsets-34 with properties {cleanup.policy=compact, compression.type="producer", segment.bytes=104857600}
2024-03-05T07:49:44.935+01:00  INFO 11964 --- [r-event-handler] kafka.cluster.Partition                  : [Partition __consumer_offsets-34 broker=0] No checkpointed highwatermark is found for partition __consumer_offsets-34
2024-03-05T07:49:44.935+01:00  INFO 11964 --- [r-event-handler] kafka.cluster.Partition                  : [Partition __consumer_offsets-34 broker=0] Log loaded for partition __consumer_offsets-34 with initial high watermark 0
2024-03-05T07:49:44.935+01:00  INFO 11964 --- [r-event-handler] state.change.logger                      : [Broker id=0] Leader __consumer_offsets-34 with topic id Some(LNXH-wc6S_m3224quRHaZA) starts at leader epoch 0 from offset 0 with partition epoch 0, high watermark 0, ISR [0], adding replicas [] and removing replicas [] . Previous leader None and previous leader epoch was -1.
2024-03-05T07:49:44.941+01:00  INFO 11964 --- [r-event-handler] state.change.logger                      : [Broker id=0] Creating new partition __consumer_offsets-16 with topic id LNXH-wc6S_m3224quRHaZA.
2024-03-05T07:49:44.951+01:00  INFO 11964 --- [r-event-handler] kafka.log.UnifiedLog$                    : [LogLoader partition=__consumer_offsets-16, dir=C:\Users\tobia\AppData\Local\Temp\kafka-11562819809130378155\broker_0_data0] Loading producer state till offset 0 with message format version 2
2024-03-05T07:49:44.952+01:00  INFO 11964 --- [r-event-handler] kafka.log.LogManager                     : Created log for partition __consumer_offsets-16 in C:\Users\tobia\AppData\Local\Temp\kafka-11562819809130378155\broker_0_data0\__consumer_offsets-16 with properties {cleanup.policy=compact, compression.type="producer", segment.bytes=104857600}
2024-03-05T07:49:44.952+01:00  INFO 11964 --- [r-event-handler] kafka.cluster.Partition                  : [Partition __consumer_offsets-16 broker=0] No checkpointed highwatermark is found for partition __consumer_offsets-16
2024-03-05T07:49:44.952+01:00  INFO 11964 --- [r-event-handler] kafka.cluster.Partition                  : [Partition __consumer_offsets-16 broker=0] Log loaded for partition __consumer_offsets-16 with initial high watermark 0
2024-03-05T07:49:44.952+01:00  INFO 11964 --- [r-event-handler] state.change.logger                      : [Broker id=0] Leader __consumer_offsets-16 with topic id Some(LNXH-wc6S_m3224quRHaZA) starts at leader epoch 0 from offset 0 with partition epoch 0, high watermark 0, ISR [0], adding replicas [] and removing replicas [] . Previous leader None and previous leader epoch was -1.
2024-03-05T07:49:44.958+01:00  INFO 11964 --- [r-event-handler] state.change.logger                      : [Broker id=0] Creating new partition __consumer_offsets-45 with topic id LNXH-wc6S_m3224quRHaZA.
2024-03-05T07:49:44.969+01:00  INFO 11964 --- [r-event-handler] kafka.log.UnifiedLog$                    : [LogLoader partition=__consumer_offsets-45, dir=C:\Users\tobia\AppData\Local\Temp\kafka-11562819809130378155\broker_0_data0] Loading producer state till offset 0 with message format version 2
2024-03-05T07:49:44.970+01:00  INFO 11964 --- [r-event-handler] kafka.log.LogManager                     : Created log for partition __consumer_offsets-45 in C:\Users\tobia\AppData\Local\Temp\kafka-11562819809130378155\broker_0_data0\__consumer_offsets-45 with properties {cleanup.policy=compact, compression.type="producer", segment.bytes=104857600}
2024-03-05T07:49:44.970+01:00  INFO 11964 --- [r-event-handler] kafka.cluster.Partition                  : [Partition __consumer_offsets-45 broker=0] No checkpointed highwatermark is found for partition __consumer_offsets-45
2024-03-05T07:49:44.970+01:00  INFO 11964 --- [r-event-handler] kafka.cluster.Partition                  : [Partition __consumer_offsets-45 broker=0] Log loaded for partition __consumer_offsets-45 with initial high watermark 0
2024-03-05T07:49:44.970+01:00  INFO 11964 --- [r-event-handler] state.change.logger                      : [Broker id=0] Leader __consumer_offsets-45 with topic id Some(LNXH-wc6S_m3224quRHaZA) starts at leader epoch 0 from offset 0 with partition epoch 0, high watermark 0, ISR [0], adding replicas [] and removing replicas [] . Previous leader None and previous leader epoch was -1.
2024-03-05T07:49:44.977+01:00  INFO 11964 --- [r-event-handler] state.change.logger                      : [Broker id=0] Creating new partition __consumer_offsets-12 with topic id LNXH-wc6S_m3224quRHaZA.
2024-03-05T07:49:44.999+01:00  INFO 11964 --- [ntainer#1-0-C-1] o.a.k.c.c.internals.ConsumerCoordinator  : [Consumer clientId=consumer-budget-27, groupId=budget] Discovered group coordinator localhost:54080 (id: 2147483647 rack: null)
2024-03-05T07:49:44.999+01:00  INFO 11964 --- [ntainer#0-0-C-1] o.a.k.c.c.internals.ConsumerCoordinator  : [Consumer clientId=consumer-product-26, groupId=product] Discovered group coordinator localhost:54080 (id: 2147483647 rack: null)
2024-03-05T07:49:45.001+01:00  INFO 11964 --- [ntainer#0-0-C-1] o.a.k.c.c.internals.ConsumerCoordinator  : [Consumer clientId=consumer-product-26, groupId=product] Request joining group due to: rebalance failed due to 'This is not the correct coordinator.' (NotCoordinatorException)
2024-03-05T07:49:45.002+01:00  INFO 11964 --- [ntainer#1-0-C-1] o.a.k.c.c.internals.ConsumerCoordinator  : [Consumer clientId=consumer-budget-27, groupId=budget] Request joining group due to: rebalance failed due to 'This is not the correct coordinator.' (NotCoordinatorException)
2024-03-05T07:49:45.003+01:00  INFO 11964 --- [ntainer#1-0-C-1] o.a.k.c.c.internals.ConsumerCoordinator  : [Consumer clientId=consumer-budget-27, groupId=budget] (Re-)joining group
2024-03-05T07:49:45.003+01:00  INFO 11964 --- [ntainer#0-0-C-1] o.a.k.c.c.internals.ConsumerCoordinator  : [Consumer clientId=consumer-product-26, groupId=product] (Re-)joining group
2024-03-05T07:49:45.007+01:00  INFO 11964 --- [ntainer#0-0-C-1] o.a.k.c.c.internals.ConsumerCoordinator  : [Consumer clientId=consumer-product-26, groupId=product] Group coordinator localhost:54080 (id: 2147483647 rack: null) is unavailable or invalid due to cause: error response NOT_COORDINATOR. isDisconnected: false. Rediscovery will be attempted.
2024-03-05T07:49:45.007+01:00  INFO 11964 --- [ntainer#0-0-C-1] o.a.k.c.c.internals.ConsumerCoordinator  : [Consumer clientId=consumer-product-26, groupId=product] Requesting disconnect from last known coordinator localhost:54080 (id: 2147483647 rack: null)
2024-03-05T07:49:45.007+01:00  INFO 11964 --- [ntainer#0-0-C-1] o.a.k.c.c.internals.ConsumerCoordinator  : [Consumer clientId=consumer-product-26, groupId=product] JoinGroup failed: This is not the correct coordinator. Marking coordinator unknown. Sent generation was Generation{generationId=-1, memberId='', protocol='null'}
2024-03-05T07:49:45.007+01:00  INFO 11964 --- [ntainer#0-0-C-1] org.apache.kafka.clients.NetworkClient   : [Consumer clientId=consumer-product-26, groupId=product] Client requested disconnect from node 2147483647
2024-03-05T07:49:45.008+01:00  INFO 11964 --- [ntainer#1-0-C-1] o.a.k.c.c.internals.ConsumerCoordinator  : [Consumer clientId=consumer-budget-27, groupId=budget] Group coordinator localhost:54080 (id: 2147483647 rack: null) is unavailable or invalid due to cause: error response NOT_COORDINATOR. isDisconnected: false. Rediscovery will be attempted.
2024-03-05T07:49:45.008+01:00  INFO 11964 --- [ntainer#1-0-C-1] o.a.k.c.c.internals.ConsumerCoordinator  : [Consumer clientId=consumer-budget-27, groupId=budget] Requesting disconnect from last known coordinator localhost:54080 (id: 2147483647 rack: null)
2024-03-05T07:49:45.008+01:00  INFO 11964 --- [ntainer#1-0-C-1] o.a.k.c.c.internals.ConsumerCoordinator  : [Consumer clientId=consumer-budget-27, groupId=budget] JoinGroup failed: This is not the correct coordinator. Marking coordinator unknown. Sent generation was Generation{generationId=-1, memberId='', protocol='null'}
2024-03-05T07:49:45.008+01:00  INFO 11964 --- [ntainer#2-0-C-1] o.a.k.c.c.internals.ConsumerCoordinator  : [Consumer clientId=consumer-budget-25, groupId=budget] Discovered group coordinator localhost:54080 (id: 2147483647 rack: null)
2024-03-05T07:49:45.008+01:00  INFO 11964 --- [ntainer#1-0-C-1] org.apache.kafka.clients.NetworkClient   : [Consumer clientId=consumer-budget-27, groupId=budget] Client requested disconnect from node 2147483647
2024-03-05T07:49:45.009+01:00  INFO 11964 --- [ntainer#2-0-C-1] o.a.k.c.c.internals.ConsumerCoordinator  : [Consumer clientId=consumer-budget-25, groupId=budget] Request joining group due to: rebalance failed due to 'This is not the correct coordinator.' (NotCoordinatorException)
2024-03-05T07:49:45.009+01:00  INFO 11964 --- [ntainer#2-0-C-1] o.a.k.c.c.internals.ConsumerCoordinator  : [Consumer clientId=consumer-budget-25, groupId=budget] (Re-)joining group
2024-03-05T07:49:45.014+01:00  INFO 11964 --- [ntainer#0-0-C-1] o.a.k.c.c.internals.ConsumerCoordinator  : [Consumer clientId=consumer-product-26, groupId=product] Discovered group coordinator localhost:54080 (id: 2147483647 rack: null)
2024-03-05T07:49:45.014+01:00  INFO 11964 --- [ntainer#0-0-C-1] o.a.k.c.c.internals.ConsumerCoordinator  : [Consumer clientId=consumer-product-26, groupId=product] Group coordinator localhost:54080 (id: 2147483647 rack: null) is unavailable or invalid due to cause: coordinator unavailable. isDisconnected: false. Rediscovery will be attempted.
2024-03-05T07:49:45.014+01:00  INFO 11964 --- [ntainer#0-0-C-1] o.a.k.c.c.internals.ConsumerCoordinator  : [Consumer clientId=consumer-product-26, groupId=product] Requesting disconnect from last known coordinator localhost:54080 (id: 2147483647 rack: null)
2024-03-05T07:49:45.015+01:00  INFO 11964 --- [ntainer#2-0-C-1] o.a.k.c.c.internals.ConsumerCoordinator  : [Consumer clientId=consumer-budget-25, groupId=budget] Group coordinator localhost:54080 (id: 2147483647 rack: null) is unavailable or invalid due to cause: error response NOT_COORDINATOR. isDisconnected: false. Rediscovery will be attempted.
2024-03-05T07:49:45.015+01:00  INFO 11964 --- [ntainer#2-0-C-1] o.a.k.c.c.internals.ConsumerCoordinator  : [Consumer clientId=consumer-budget-25, groupId=budget] Requesting disconnect from last known coordinator localhost:54080 (id: 2147483647 rack: null)
2024-03-05T07:49:45.015+01:00  INFO 11964 --- [ntainer#2-0-C-1] o.a.k.c.c.internals.ConsumerCoordinator  : [Consumer clientId=consumer-budget-25, groupId=budget] JoinGroup failed: This is not the correct coordinator. Marking coordinator unknown. Sent generation was Generation{generationId=-1, memberId='', protocol='null'}
2024-03-05T07:49:45.015+01:00  INFO 11964 --- [ntainer#1-0-C-1] o.a.k.c.c.internals.ConsumerCoordinator  : [Consumer clientId=consumer-budget-27, groupId=budget] Discovered group coordinator localhost:54080 (id: 2147483647 rack: null)
2024-03-05T07:49:45.015+01:00  INFO 11964 --- [ntainer#2-0-C-1] org.apache.kafka.clients.NetworkClient   : [Consumer clientId=consumer-budget-25, groupId=budget] Client requested disconnect from node 2147483647
2024-03-05T07:49:45.015+01:00  INFO 11964 --- [ntainer#1-0-C-1] o.a.k.c.c.internals.ConsumerCoordinator  : [Consumer clientId=consumer-budget-27, groupId=budget] Group coordinator localhost:54080 (id: 2147483647 rack: null) is unavailable or invalid due to cause: coordinator unavailable. isDisconnected: false. Rediscovery will be attempted.
2024-03-05T07:49:45.015+01:00  INFO 11964 --- [ntainer#1-0-C-1] o.a.k.c.c.internals.ConsumerCoordinator  : [Consumer clientId=consumer-budget-27, groupId=budget] Requesting disconnect from last known coordinator localhost:54080 (id: 2147483647 rack: null)
2024-03-05T07:49:45.017+01:00  INFO 11964 --- [ntainer#2-0-C-1] o.a.k.c.c.internals.ConsumerCoordinator  : [Consumer clientId=consumer-budget-25, groupId=budget] Discovered group coordinator localhost:54080 (id: 2147483647 rack: null)
2024-03-05T07:49:45.018+01:00  INFO 11964 --- [ntainer#2-0-C-1] o.a.k.c.c.internals.ConsumerCoordinator  : [Consumer clientId=consumer-budget-25, groupId=budget] Group coordinator localhost:54080 (id: 2147483647 rack: null) is unavailable or invalid due to cause: coordinator unavailable. isDisconnected: false. Rediscovery will be attempted.
2024-03-05T07:49:45.018+01:00  INFO 11964 --- [ntainer#2-0-C-1] o.a.k.c.c.internals.ConsumerCoordinator  : [Consumer clientId=consumer-budget-25, groupId=budget] Requesting disconnect from last known coordinator localhost:54080 (id: 2147483647 rack: null)
2024-03-05T07:49:45.058+01:00  INFO 11964 --- [r-event-handler] kafka.log.UnifiedLog$                    : [LogLoader partition=__consumer_offsets-12, dir=C:\Users\tobia\AppData\Local\Temp\kafka-11562819809130378155\broker_0_data0] Loading producer state till offset 0 with message format version 2
2024-03-05T07:49:45.059+01:00  INFO 11964 --- [r-event-handler] kafka.log.LogManager                     : Created log for partition __consumer_offsets-12 in C:\Users\tobia\AppData\Local\Temp\kafka-11562819809130378155\broker_0_data0\__consumer_offsets-12 with properties {cleanup.policy=compact, compression.type="producer", segment.bytes=104857600}
2024-03-05T07:49:45.059+01:00  INFO 11964 --- [r-event-handler] kafka.cluster.Partition                  : [Partition __consumer_offsets-12 broker=0] No checkpointed highwatermark is found for partition __consumer_offsets-12
2024-03-05T07:49:45.059+01:00  INFO 11964 --- [r-event-handler] kafka.cluster.Partition                  : [Partition __consumer_offsets-12 broker=0] Log loaded for partition __consumer_offsets-12 with initial high watermark 0
2024-03-05T07:49:45.059+01:00  INFO 11964 --- [r-event-handler] state.change.logger                      : [Broker id=0] Leader __consumer_offsets-12 with topic id Some(LNXH-wc6S_m3224quRHaZA) starts at leader epoch 0 from offset 0 with partition epoch 0, high watermark 0, ISR [0], adding replicas [] and removing replicas [] . Previous leader None and previous leader epoch was -1.
2024-03-05T07:49:45.068+01:00  INFO 11964 --- [r-event-handler] state.change.logger                      : [Broker id=0] Creating new partition __consumer_offsets-41 with topic id LNXH-wc6S_m3224quRHaZA.
2024-03-05T07:49:45.126+01:00  INFO 11964 --- [ntainer#1-0-C-1] o.a.k.c.c.internals.ConsumerCoordinator  : [Consumer clientId=consumer-budget-27, groupId=budget] Discovered group coordinator localhost:54080 (id: 2147483647 rack: null)
2024-03-05T07:49:45.127+01:00  INFO 11964 --- [ntainer#1-0-C-1] o.a.k.c.c.internals.ConsumerCoordinator  : [Consumer clientId=consumer-budget-27, groupId=budget] Request joining group due to: rebalance failed due to 'This is not the correct coordinator.' (NotCoordinatorException)
2024-03-05T07:49:45.127+01:00  INFO 11964 --- [ntainer#0-0-C-1] o.a.k.c.c.internals.ConsumerCoordinator  : [Consumer clientId=consumer-product-26, groupId=product] Discovered group coordinator localhost:54080 (id: 2147483647 rack: null)
2024-03-05T07:49:45.127+01:00  INFO 11964 --- [ntainer#1-0-C-1] o.a.k.c.c.internals.ConsumerCoordinator  : [Consumer clientId=consumer-budget-27, groupId=budget] (Re-)joining group
2024-03-05T07:49:45.128+01:00  INFO 11964 --- [ntainer#0-0-C-1] o.a.k.c.c.internals.ConsumerCoordinator  : [Consumer clientId=consumer-product-26, groupId=product] Request joining group due to: rebalance failed due to 'This is not the correct coordinator.' (NotCoordinatorException)
2024-03-05T07:49:45.128+01:00  INFO 11964 --- [ntainer#0-0-C-1] o.a.k.c.c.internals.ConsumerCoordinator  : [Consumer clientId=consumer-product-26, groupId=product] (Re-)joining group
2024-03-05T07:49:45.131+01:00  INFO 11964 --- [ntainer#1-0-C-1] o.a.k.c.c.internals.ConsumerCoordinator  : [Consumer clientId=consumer-budget-27, groupId=budget] Group coordinator localhost:54080 (id: 2147483647 rack: null) is unavailable or invalid due to cause: error response NOT_COORDINATOR. isDisconnected: false. Rediscovery will be attempted.
2024-03-05T07:49:45.132+01:00  INFO 11964 --- [ntainer#1-0-C-1] o.a.k.c.c.internals.ConsumerCoordinator  : [Consumer clientId=consumer-budget-27, groupId=budget] Requesting disconnect from last known coordinator localhost:54080 (id: 2147483647 rack: null)
2024-03-05T07:49:45.132+01:00  INFO 11964 --- [ntainer#1-0-C-1] o.a.k.c.c.internals.ConsumerCoordinator  : [Consumer clientId=consumer-budget-27, groupId=budget] JoinGroup failed: This is not the correct coordinator. Marking coordinator unknown. Sent generation was Generation{generationId=-1, memberId='', protocol='null'}
2024-03-05T07:49:45.132+01:00  INFO 11964 --- [ntainer#1-0-C-1] org.apache.kafka.clients.NetworkClient   : [Consumer clientId=consumer-budget-27, groupId=budget] Client requested disconnect from node 2147483647
2024-03-05T07:49:45.133+01:00  INFO 11964 --- [ntainer#2-0-C-1] o.a.k.c.c.internals.ConsumerCoordinator  : [Consumer clientId=consumer-budget-25, groupId=budget] Discovered group coordinator localhost:54080 (id: 2147483647 rack: null)
2024-03-05T07:49:45.134+01:00  INFO 11964 --- [ntainer#2-0-C-1] o.a.k.c.c.internals.ConsumerCoordinator  : [Consumer clientId=consumer-budget-25, groupId=budget] Request joining group due to: rebalance failed due to 'This is not the correct coordinator.' (NotCoordinatorException)
2024-03-05T07:49:45.134+01:00  INFO 11964 --- [ntainer#0-0-C-1] o.a.k.c.c.internals.ConsumerCoordinator  : [Consumer clientId=consumer-product-26, groupId=product] Group coordinator localhost:54080 (id: 2147483647 rack: null) is unavailable or invalid due to cause: error response NOT_COORDINATOR. isDisconnected: false. Rediscovery will be attempted.
2024-03-05T07:49:45.134+01:00  INFO 11964 --- [ntainer#0-0-C-1] o.a.k.c.c.internals.ConsumerCoordinator  : [Consumer clientId=consumer-product-26, groupId=product] Requesting disconnect from last known coordinator localhost:54080 (id: 2147483647 rack: null)
2024-03-05T07:49:45.134+01:00  INFO 11964 --- [ntainer#0-0-C-1] o.a.k.c.c.internals.ConsumerCoordinator  : [Consumer clientId=consumer-product-26, groupId=product] JoinGroup failed: This is not the correct coordinator. Marking coordinator unknown. Sent generation was Generation{generationId=-1, memberId='', protocol='null'}
2024-03-05T07:49:45.135+01:00  INFO 11964 --- [ntainer#0-0-C-1] org.apache.kafka.clients.NetworkClient   : [Consumer clientId=consumer-product-26, groupId=product] Client requested disconnect from node 2147483647
2024-03-05T07:49:45.135+01:00  INFO 11964 --- [ntainer#2-0-C-1] o.a.k.c.c.internals.ConsumerCoordinator  : [Consumer clientId=consumer-budget-25, groupId=budget] (Re-)joining group
2024-03-05T07:49:45.138+01:00  INFO 11964 --- [ntainer#1-0-C-1] o.a.k.c.c.internals.ConsumerCoordinator  : [Consumer clientId=consumer-budget-27, groupId=budget] Discovered group coordinator localhost:54080 (id: 2147483647 rack: null)
2024-03-05T07:49:45.138+01:00  INFO 11964 --- [ntainer#1-0-C-1] o.a.k.c.c.internals.ConsumerCoordinator  : [Consumer clientId=consumer-budget-27, groupId=budget] Group coordinator localhost:54080 (id: 2147483647 rack: null) is unavailable or invalid due to cause: coordinator unavailable. isDisconnected: false. Rediscovery will be attempted.
2024-03-05T07:49:45.138+01:00  INFO 11964 --- [ntainer#1-0-C-1] o.a.k.c.c.internals.ConsumerCoordinator  : [Consumer clientId=consumer-budget-27, groupId=budget] Requesting disconnect from last known coordinator localhost:54080 (id: 2147483647 rack: null)
2024-03-05T07:49:45.138+01:00  INFO 11964 --- [ntainer#0-0-C-1] o.a.k.c.c.internals.ConsumerCoordinator  : [Consumer clientId=consumer-product-26, groupId=product] Discovered group coordinator localhost:54080 (id: 2147483647 rack: null)
2024-03-05T07:49:45.138+01:00  INFO 11964 --- [ntainer#0-0-C-1] o.a.k.c.c.internals.ConsumerCoordinator  : [Consumer clientId=consumer-product-26, groupId=product] Group coordinator localhost:54080 (id: 2147483647 rack: null) is unavailable or invalid due to cause: coordinator unavailable. isDisconnected: false. Rediscovery will be attempted.
2024-03-05T07:49:45.138+01:00  INFO 11964 --- [ntainer#0-0-C-1] o.a.k.c.c.internals.ConsumerCoordinator  : [Consumer clientId=consumer-product-26, groupId=product] Requesting disconnect from last known coordinator localhost:54080 (id: 2147483647 rack: null)
2024-03-05T07:49:45.139+01:00  INFO 11964 --- [ntainer#2-0-C-1] o.a.k.c.c.internals.ConsumerCoordinator  : [Consumer clientId=consumer-budget-25, groupId=budget] Group coordinator localhost:54080 (id: 2147483647 rack: null) is unavailable or invalid due to cause: error response NOT_COORDINATOR. isDisconnected: false. Rediscovery will be attempted.
2024-03-05T07:49:45.139+01:00  INFO 11964 --- [ntainer#2-0-C-1] o.a.k.c.c.internals.ConsumerCoordinator  : [Consumer clientId=consumer-budget-25, groupId=budget] Requesting disconnect from last known coordinator localhost:54080 (id: 2147483647 rack: null)
2024-03-05T07:49:45.139+01:00  INFO 11964 --- [ntainer#2-0-C-1] o.a.k.c.c.internals.ConsumerCoordinator  : [Consumer clientId=consumer-budget-25, groupId=budget] JoinGroup failed: This is not the correct coordinator. Marking coordinator unknown. Sent generation was Generation{generationId=-1, memberId='', protocol='null'}
2024-03-05T07:49:45.140+01:00  INFO 11964 --- [ntainer#2-0-C-1] org.apache.kafka.clients.NetworkClient   : [Consumer clientId=consumer-budget-25, groupId=budget] Client requested disconnect from node 2147483647
2024-03-05T07:49:45.141+01:00  INFO 11964 --- [r-event-handler] kafka.log.UnifiedLog$                    : [LogLoader partition=__consumer_offsets-41, dir=C:\Users\tobia\AppData\Local\Temp\kafka-11562819809130378155\broker_0_data0] Loading producer state till offset 0 with message format version 2
2024-03-05T07:49:45.141+01:00  INFO 11964 --- [ntainer#2-0-C-1] o.a.k.c.c.internals.ConsumerCoordinator  : [Consumer clientId=consumer-budget-25, groupId=budget] Discovered group coordinator localhost:54080 (id: 2147483647 rack: null)
2024-03-05T07:49:45.141+01:00  INFO 11964 --- [ntainer#2-0-C-1] o.a.k.c.c.internals.ConsumerCoordinator  : [Consumer clientId=consumer-budget-25, groupId=budget] Group coordinator localhost:54080 (id: 2147483647 rack: null) is unavailable or invalid due to cause: coordinator unavailable. isDisconnected: false. Rediscovery will be attempted.
2024-03-05T07:49:45.141+01:00  INFO 11964 --- [ntainer#2-0-C-1] o.a.k.c.c.internals.ConsumerCoordinator  : [Consumer clientId=consumer-budget-25, groupId=budget] Requesting disconnect from last known coordinator localhost:54080 (id: 2147483647 rack: null)
2024-03-05T07:49:45.142+01:00  INFO 11964 --- [r-event-handler] kafka.log.LogManager                     : Created log for partition __consumer_offsets-41 in C:\Users\tobia\AppData\Local\Temp\kafka-11562819809130378155\broker_0_data0\__consumer_offsets-41 with properties {cleanup.policy=compact, compression.type="producer", segment.bytes=104857600}
2024-03-05T07:49:45.142+01:00  INFO 11964 --- [r-event-handler] kafka.cluster.Partition                  : [Partition __consumer_offsets-41 broker=0] No checkpointed highwatermark is found for partition __consumer_offsets-41
2024-03-05T07:49:45.142+01:00  INFO 11964 --- [r-event-handler] kafka.cluster.Partition                  : [Partition __consumer_offsets-41 broker=0] Log loaded for partition __consumer_offsets-41 with initial high watermark 0
2024-03-05T07:49:45.142+01:00  INFO 11964 --- [r-event-handler] state.change.logger                      : [Broker id=0] Leader __consumer_offsets-41 with topic id Some(LNXH-wc6S_m3224quRHaZA) starts at leader epoch 0 from offset 0 with partition epoch 0, high watermark 0, ISR [0], adding replicas [] and removing replicas [] . Previous leader None and previous leader epoch was -1.
2024-03-05T07:49:45.151+01:00  INFO 11964 --- [r-event-handler] state.change.logger                      : [Broker id=0] Creating new partition __consumer_offsets-24 with topic id LNXH-wc6S_m3224quRHaZA.
2024-03-05T07:49:45.171+01:00  INFO 11964 --- [r-event-handler] kafka.log.UnifiedLog$                    : [LogLoader partition=__consumer_offsets-24, dir=C:\Users\tobia\AppData\Local\Temp\kafka-11562819809130378155\broker_0_data0] Loading producer state till offset 0 with message format version 2
2024-03-05T07:49:45.173+01:00  INFO 11964 --- [r-event-handler] kafka.log.LogManager                     : Created log for partition __consumer_offsets-24 in C:\Users\tobia\AppData\Local\Temp\kafka-11562819809130378155\broker_0_data0\__consumer_offsets-24 with properties {cleanup.policy=compact, compression.type="producer", segment.bytes=104857600}
2024-03-05T07:49:45.173+01:00  INFO 11964 --- [r-event-handler] kafka.cluster.Partition                  : [Partition __consumer_offsets-24 broker=0] No checkpointed highwatermark is found for partition __consumer_offsets-24
2024-03-05T07:49:45.173+01:00  INFO 11964 --- [r-event-handler] kafka.cluster.Partition                  : [Partition __consumer_offsets-24 broker=0] Log loaded for partition __consumer_offsets-24 with initial high watermark 0
2024-03-05T07:49:45.173+01:00  INFO 11964 --- [r-event-handler] state.change.logger                      : [Broker id=0] Leader __consumer_offsets-24 with topic id Some(LNXH-wc6S_m3224quRHaZA) starts at leader epoch 0 from offset 0 with partition epoch 0, high watermark 0, ISR [0], adding replicas [] and removing replicas [] . Previous leader None and previous leader epoch was -1.
2024-03-05T07:49:45.192+01:00  INFO 11964 --- [r-event-handler] state.change.logger                      : [Broker id=0] Creating new partition __consumer_offsets-20 with topic id LNXH-wc6S_m3224quRHaZA.
2024-03-05T07:49:45.208+01:00  INFO 11964 --- [r-event-handler] kafka.log.UnifiedLog$                    : [LogLoader partition=__consumer_offsets-20, dir=C:\Users\tobia\AppData\Local\Temp\kafka-11562819809130378155\broker_0_data0] Loading producer state till offset 0 with message format version 2
2024-03-05T07:49:45.210+01:00  INFO 11964 --- [r-event-handler] kafka.log.LogManager                     : Created log for partition __consumer_offsets-20 in C:\Users\tobia\AppData\Local\Temp\kafka-11562819809130378155\broker_0_data0\__consumer_offsets-20 with properties {cleanup.policy=compact, compression.type="producer", segment.bytes=104857600}
2024-03-05T07:49:45.210+01:00  INFO 11964 --- [r-event-handler] kafka.cluster.Partition                  : [Partition __consumer_offsets-20 broker=0] No checkpointed highwatermark is found for partition __consumer_offsets-20
2024-03-05T07:49:45.210+01:00  INFO 11964 --- [r-event-handler] kafka.cluster.Partition                  : [Partition __consumer_offsets-20 broker=0] Log loaded for partition __consumer_offsets-20 with initial high watermark 0
2024-03-05T07:49:45.210+01:00  INFO 11964 --- [r-event-handler] state.change.logger                      : [Broker id=0] Leader __consumer_offsets-20 with topic id Some(LNXH-wc6S_m3224quRHaZA) starts at leader epoch 0 from offset 0 with partition epoch 0, high watermark 0, ISR [0], adding replicas [] and removing replicas [] . Previous leader None and previous leader epoch was -1.
2024-03-05T07:49:45.217+01:00  INFO 11964 --- [r-event-handler] state.change.logger                      : [Broker id=0] Creating new partition __consumer_offsets-49 with topic id LNXH-wc6S_m3224quRHaZA.
2024-03-05T07:49:45.228+01:00  INFO 11964 --- [r-event-handler] kafka.log.UnifiedLog$                    : [LogLoader partition=__consumer_offsets-49, dir=C:\Users\tobia\AppData\Local\Temp\kafka-11562819809130378155\broker_0_data0] Loading producer state till offset 0 with message format version 2
2024-03-05T07:49:45.229+01:00  INFO 11964 --- [r-event-handler] kafka.log.LogManager                     : Created log for partition __consumer_offsets-49 in C:\Users\tobia\AppData\Local\Temp\kafka-11562819809130378155\broker_0_data0\__consumer_offsets-49 with properties {cleanup.policy=compact, compression.type="producer", segment.bytes=104857600}
2024-03-05T07:49:45.229+01:00  INFO 11964 --- [r-event-handler] kafka.cluster.Partition                  : [Partition __consumer_offsets-49 broker=0] No checkpointed highwatermark is found for partition __consumer_offsets-49
2024-03-05T07:49:45.229+01:00  INFO 11964 --- [r-event-handler] kafka.cluster.Partition                  : [Partition __consumer_offsets-49 broker=0] Log loaded for partition __consumer_offsets-49 with initial high watermark 0
2024-03-05T07:49:45.229+01:00  INFO 11964 --- [r-event-handler] state.change.logger                      : [Broker id=0] Leader __consumer_offsets-49 with topic id Some(LNXH-wc6S_m3224quRHaZA) starts at leader epoch 0 from offset 0 with partition epoch 0, high watermark 0, ISR [0], adding replicas [] and removing replicas [] . Previous leader None and previous leader epoch was -1.
2024-03-05T07:49:45.239+01:00  INFO 11964 --- [r-event-handler] state.change.logger                      : [Broker id=0] Creating new partition __consumer_offsets-0 with topic id LNXH-wc6S_m3224quRHaZA.
2024-03-05T07:49:45.246+01:00  INFO 11964 --- [ntainer#2-0-C-1] o.a.k.c.c.internals.ConsumerCoordinator  : [Consumer clientId=consumer-budget-25, groupId=budget] Discovered group coordinator localhost:54080 (id: 2147483647 rack: null)
2024-03-05T07:49:45.246+01:00  INFO 11964 --- [ntainer#1-0-C-1] o.a.k.c.c.internals.ConsumerCoordinator  : [Consumer clientId=consumer-budget-27, groupId=budget] Discovered group coordinator localhost:54080 (id: 2147483647 rack: null)
2024-03-05T07:49:45.247+01:00  INFO 11964 --- [ntainer#2-0-C-1] o.a.k.c.c.internals.ConsumerCoordinator  : [Consumer clientId=consumer-budget-25, groupId=budget] Request joining group due to: rebalance failed due to 'This is not the correct coordinator.' (NotCoordinatorException)
2024-03-05T07:49:45.247+01:00  INFO 11964 --- [ntainer#1-0-C-1] o.a.k.c.c.internals.ConsumerCoordinator  : [Consumer clientId=consumer-budget-27, groupId=budget] Request joining group due to: rebalance failed due to 'This is not the correct coordinator.' (NotCoordinatorException)
2024-03-05T07:49:45.247+01:00  INFO 11964 --- [ntainer#2-0-C-1] o.a.k.c.c.internals.ConsumerCoordinator  : [Consumer clientId=consumer-budget-25, groupId=budget] (Re-)joining group
2024-03-05T07:49:45.248+01:00  INFO 11964 --- [ntainer#1-0-C-1] o.a.k.c.c.internals.ConsumerCoordinator  : [Consumer clientId=consumer-budget-27, groupId=budget] (Re-)joining group
2024-03-05T07:49:45.250+01:00  INFO 11964 --- [ntainer#0-0-C-1] o.a.k.c.c.internals.ConsumerCoordinator  : [Consumer clientId=consumer-product-26, groupId=product] Discovered group coordinator localhost:54080 (id: 2147483647 rack: null)
2024-03-05T07:49:45.251+01:00  INFO 11964 --- [ntainer#0-0-C-1] o.a.k.c.c.internals.ConsumerCoordinator  : [Consumer clientId=consumer-product-26, groupId=product] Request joining group due to: rebalance failed due to 'This is not the correct coordinator.' (NotCoordinatorException)
2024-03-05T07:49:45.251+01:00  INFO 11964 --- [ntainer#0-0-C-1] o.a.k.c.c.internals.ConsumerCoordinator  : [Consumer clientId=consumer-product-26, groupId=product] (Re-)joining group
2024-03-05T07:49:45.254+01:00  INFO 11964 --- [ntainer#2-0-C-1] o.a.k.c.c.internals.ConsumerCoordinator  : [Consumer clientId=consumer-budget-25, groupId=budget] Group coordinator localhost:54080 (id: 2147483647 rack: null) is unavailable or invalid due to cause: error response NOT_COORDINATOR. isDisconnected: false. Rediscovery will be attempted.
2024-03-05T07:49:45.254+01:00  INFO 11964 --- [ntainer#2-0-C-1] o.a.k.c.c.internals.ConsumerCoordinator  : [Consumer clientId=consumer-budget-25, groupId=budget] Requesting disconnect from last known coordinator localhost:54080 (id: 2147483647 rack: null)
2024-03-05T07:49:45.254+01:00  INFO 11964 --- [ntainer#2-0-C-1] o.a.k.c.c.internals.ConsumerCoordinator  : [Consumer clientId=consumer-budget-25, groupId=budget] JoinGroup failed: This is not the correct coordinator. Marking coordinator unknown. Sent generation was Generation{generationId=-1, memberId='', protocol='null'}
2024-03-05T07:49:45.254+01:00  INFO 11964 --- [ntainer#2-0-C-1] org.apache.kafka.clients.NetworkClient   : [Consumer clientId=consumer-budget-25, groupId=budget] Client requested disconnect from node 2147483647
2024-03-05T07:49:45.255+01:00  INFO 11964 --- [ntainer#1-0-C-1] o.a.k.c.c.internals.ConsumerCoordinator  : [Consumer clientId=consumer-budget-27, groupId=budget] Group coordinator localhost:54080 (id: 2147483647 rack: null) is unavailable or invalid due to cause: error response NOT_COORDINATOR. isDisconnected: false. Rediscovery will be attempted.
2024-03-05T07:49:45.255+01:00  INFO 11964 --- [ntainer#1-0-C-1] o.a.k.c.c.internals.ConsumerCoordinator  : [Consumer clientId=consumer-budget-27, groupId=budget] Requesting disconnect from last known coordinator localhost:54080 (id: 2147483647 rack: null)
2024-03-05T07:49:45.255+01:00  INFO 11964 --- [ntainer#1-0-C-1] o.a.k.c.c.internals.ConsumerCoordinator  : [Consumer clientId=consumer-budget-27, groupId=budget] JoinGroup failed: This is not the correct coordinator. Marking coordinator unknown. Sent generation was Generation{generationId=-1, memberId='', protocol='null'}
2024-03-05T07:49:45.255+01:00  INFO 11964 --- [ntainer#1-0-C-1] org.apache.kafka.clients.NetworkClient   : [Consumer clientId=consumer-budget-27, groupId=budget] Client requested disconnect from node 2147483647
2024-03-05T07:49:45.256+01:00  INFO 11964 --- [ntainer#0-0-C-1] o.a.k.c.c.internals.ConsumerCoordinator  : [Consumer clientId=consumer-product-26, groupId=product] Group coordinator localhost:54080 (id: 2147483647 rack: null) is unavailable or invalid due to cause: error response NOT_COORDINATOR. isDisconnected: false. Rediscovery will be attempted.
2024-03-05T07:49:45.256+01:00  INFO 11964 --- [ntainer#0-0-C-1] o.a.k.c.c.internals.ConsumerCoordinator  : [Consumer clientId=consumer-product-26, groupId=product] Requesting disconnect from last known coordinator localhost:54080 (id: 2147483647 rack: null)
2024-03-05T07:49:45.256+01:00  INFO 11964 --- [ntainer#0-0-C-1] o.a.k.c.c.internals.ConsumerCoordinator  : [Consumer clientId=consumer-product-26, groupId=product] JoinGroup failed: This is not the correct coordinator. Marking coordinator unknown. Sent generation was Generation{generationId=-1, memberId='', protocol='null'}
2024-03-05T07:49:45.256+01:00  INFO 11964 --- [ntainer#0-0-C-1] org.apache.kafka.clients.NetworkClient   : [Consumer clientId=consumer-product-26, groupId=product] Client requested disconnect from node 2147483647
2024-03-05T07:49:45.256+01:00  INFO 11964 --- [ntainer#2-0-C-1] o.a.k.c.c.internals.ConsumerCoordinator  : [Consumer clientId=consumer-budget-25, groupId=budget] Discovered group coordinator localhost:54080 (id: 2147483647 rack: null)
2024-03-05T07:49:45.256+01:00  INFO 11964 --- [ntainer#2-0-C-1] o.a.k.c.c.internals.ConsumerCoordinator  : [Consumer clientId=consumer-budget-25, groupId=budget] Group coordinator localhost:54080 (id: 2147483647 rack: null) is unavailable or invalid due to cause: coordinator unavailable. isDisconnected: false. Rediscovery will be attempted.
2024-03-05T07:49:45.256+01:00  INFO 11964 --- [ntainer#2-0-C-1] o.a.k.c.c.internals.ConsumerCoordinator  : [Consumer clientId=consumer-budget-25, groupId=budget] Requesting disconnect from last known coordinator localhost:54080 (id: 2147483647 rack: null)
2024-03-05T07:49:45.258+01:00  INFO 11964 --- [ntainer#1-0-C-1] o.a.k.c.c.internals.ConsumerCoordinator  : [Consumer clientId=consumer-budget-27, groupId=budget] Discovered group coordinator localhost:54080 (id: 2147483647 rack: null)
2024-03-05T07:49:45.258+01:00  INFO 11964 --- [ntainer#1-0-C-1] o.a.k.c.c.internals.ConsumerCoordinator  : [Consumer clientId=consumer-budget-27, groupId=budget] Group coordinator localhost:54080 (id: 2147483647 rack: null) is unavailable or invalid due to cause: coordinator unavailable. isDisconnected: false. Rediscovery will be attempted.
2024-03-05T07:49:45.258+01:00  INFO 11964 --- [ntainer#1-0-C-1] o.a.k.c.c.internals.ConsumerCoordinator  : [Consumer clientId=consumer-budget-27, groupId=budget] Requesting disconnect from last known coordinator localhost:54080 (id: 2147483647 rack: null)
2024-03-05T07:49:45.259+01:00  INFO 11964 --- [ntainer#0-0-C-1] o.a.k.c.c.internals.ConsumerCoordinator  : [Consumer clientId=consumer-product-26, groupId=product] Discovered group coordinator localhost:54080 (id: 2147483647 rack: null)
2024-03-05T07:49:45.259+01:00  INFO 11964 --- [ntainer#0-0-C-1] o.a.k.c.c.internals.ConsumerCoordinator  : [Consumer clientId=consumer-product-26, groupId=product] Group coordinator localhost:54080 (id: 2147483647 rack: null) is unavailable or invalid due to cause: coordinator unavailable. isDisconnected: false. Rediscovery will be attempted.
2024-03-05T07:49:45.260+01:00  INFO 11964 --- [ntainer#0-0-C-1] o.a.k.c.c.internals.ConsumerCoordinator  : [Consumer clientId=consumer-product-26, groupId=product] Requesting disconnect from last known coordinator localhost:54080 (id: 2147483647 rack: null)
2024-03-05T07:49:45.279+01:00  INFO 11964 --- [r-event-handler] kafka.log.UnifiedLog$                    : [LogLoader partition=__consumer_offsets-0, dir=C:\Users\tobia\AppData\Local\Temp\kafka-11562819809130378155\broker_0_data0] Loading producer state till offset 0 with message format version 2
2024-03-05T07:49:45.279+01:00  INFO 11964 --- [r-event-handler] kafka.log.LogManager                     : Created log for partition __consumer_offsets-0 in C:\Users\tobia\AppData\Local\Temp\kafka-11562819809130378155\broker_0_data0\__consumer_offsets-0 with properties {cleanup.policy=compact, compression.type="producer", segment.bytes=104857600}
2024-03-05T07:49:45.280+01:00  INFO 11964 --- [r-event-handler] kafka.cluster.Partition                  : [Partition __consumer_offsets-0 broker=0] No checkpointed highwatermark is found for partition __consumer_offsets-0
2024-03-05T07:49:45.280+01:00  INFO 11964 --- [r-event-handler] kafka.cluster.Partition                  : [Partition __consumer_offsets-0 broker=0] Log loaded for partition __consumer_offsets-0 with initial high watermark 0
2024-03-05T07:49:45.280+01:00  INFO 11964 --- [r-event-handler] state.change.logger                      : [Broker id=0] Leader __consumer_offsets-0 with topic id Some(LNXH-wc6S_m3224quRHaZA) starts at leader epoch 0 from offset 0 with partition epoch 0, high watermark 0, ISR [0], adding replicas [] and removing replicas [] . Previous leader None and previous leader epoch was -1.
2024-03-05T07:49:45.289+01:00  INFO 11964 --- [r-event-handler] state.change.logger                      : [Broker id=0] Creating new partition __consumer_offsets-29 with topic id LNXH-wc6S_m3224quRHaZA.
2024-03-05T07:49:45.297+01:00  INFO 11964 --- [r-event-handler] kafka.log.UnifiedLog$                    : [LogLoader partition=__consumer_offsets-29, dir=C:\Users\tobia\AppData\Local\Temp\kafka-11562819809130378155\broker_0_data0] Loading producer state till offset 0 with message format version 2
2024-03-05T07:49:45.298+01:00  INFO 11964 --- [r-event-handler] kafka.log.LogManager                     : Created log for partition __consumer_offsets-29 in C:\Users\tobia\AppData\Local\Temp\kafka-11562819809130378155\broker_0_data0\__consumer_offsets-29 with properties {cleanup.policy=compact, compression.type="producer", segment.bytes=104857600}
2024-03-05T07:49:45.298+01:00  INFO 11964 --- [r-event-handler] kafka.cluster.Partition                  : [Partition __consumer_offsets-29 broker=0] No checkpointed highwatermark is found for partition __consumer_offsets-29
2024-03-05T07:49:45.298+01:00  INFO 11964 --- [r-event-handler] kafka.cluster.Partition                  : [Partition __consumer_offsets-29 broker=0] Log loaded for partition __consumer_offsets-29 with initial high watermark 0
2024-03-05T07:49:45.298+01:00  INFO 11964 --- [r-event-handler] state.change.logger                      : [Broker id=0] Leader __consumer_offsets-29 with topic id Some(LNXH-wc6S_m3224quRHaZA) starts at leader epoch 0 from offset 0 with partition epoch 0, high watermark 0, ISR [0], adding replicas [] and removing replicas [] . Previous leader None and previous leader epoch was -1.
2024-03-05T07:49:45.305+01:00  INFO 11964 --- [r-event-handler] state.change.logger                      : [Broker id=0] Creating new partition __consumer_offsets-25 with topic id LNXH-wc6S_m3224quRHaZA.
2024-03-05T07:49:45.313+01:00  INFO 11964 --- [r-event-handler] kafka.log.UnifiedLog$                    : [LogLoader partition=__consumer_offsets-25, dir=C:\Users\tobia\AppData\Local\Temp\kafka-11562819809130378155\broker_0_data0] Loading producer state till offset 0 with message format version 2
2024-03-05T07:49:45.314+01:00  INFO 11964 --- [r-event-handler] kafka.log.LogManager                     : Created log for partition __consumer_offsets-25 in C:\Users\tobia\AppData\Local\Temp\kafka-11562819809130378155\broker_0_data0\__consumer_offsets-25 with properties {cleanup.policy=compact, compression.type="producer", segment.bytes=104857600}
2024-03-05T07:49:45.314+01:00  INFO 11964 --- [r-event-handler] kafka.cluster.Partition                  : [Partition __consumer_offsets-25 broker=0] No checkpointed highwatermark is found for partition __consumer_offsets-25
2024-03-05T07:49:45.314+01:00  INFO 11964 --- [r-event-handler] kafka.cluster.Partition                  : [Partition __consumer_offsets-25 broker=0] Log loaded for partition __consumer_offsets-25 with initial high watermark 0
2024-03-05T07:49:45.314+01:00  INFO 11964 --- [r-event-handler] state.change.logger                      : [Broker id=0] Leader __consumer_offsets-25 with topic id Some(LNXH-wc6S_m3224quRHaZA) starts at leader epoch 0 from offset 0 with partition epoch 0, high watermark 0, ISR [0], adding replicas [] and removing replicas [] . Previous leader None and previous leader epoch was -1.
2024-03-05T07:49:45.320+01:00  INFO 11964 --- [r-event-handler] state.change.logger                      : [Broker id=0] Creating new partition __consumer_offsets-8 with topic id LNXH-wc6S_m3224quRHaZA.
2024-03-05T07:49:45.329+01:00  INFO 11964 --- [r-event-handler] kafka.log.UnifiedLog$                    : [LogLoader partition=__consumer_offsets-8, dir=C:\Users\tobia\AppData\Local\Temp\kafka-11562819809130378155\broker_0_data0] Loading producer state till offset 0 with message format version 2
2024-03-05T07:49:45.330+01:00  INFO 11964 --- [r-event-handler] kafka.log.LogManager                     : Created log for partition __consumer_offsets-8 in C:\Users\tobia\AppData\Local\Temp\kafka-11562819809130378155\broker_0_data0\__consumer_offsets-8 with properties {cleanup.policy=compact, compression.type="producer", segment.bytes=104857600}
2024-03-05T07:49:45.330+01:00  INFO 11964 --- [r-event-handler] kafka.cluster.Partition                  : [Partition __consumer_offsets-8 broker=0] No checkpointed highwatermark is found for partition __consumer_offsets-8
2024-03-05T07:49:45.330+01:00  INFO 11964 --- [r-event-handler] kafka.cluster.Partition                  : [Partition __consumer_offsets-8 broker=0] Log loaded for partition __consumer_offsets-8 with initial high watermark 0
2024-03-05T07:49:45.330+01:00  INFO 11964 --- [r-event-handler] state.change.logger                      : [Broker id=0] Leader __consumer_offsets-8 with topic id Some(LNXH-wc6S_m3224quRHaZA) starts at leader epoch 0 from offset 0 with partition epoch 0, high watermark 0, ISR [0], adding replicas [] and removing replicas [] . Previous leader None and previous leader epoch was -1.
2024-03-05T07:49:45.339+01:00  INFO 11964 --- [r-event-handler] state.change.logger                      : [Broker id=0] Creating new partition __consumer_offsets-37 with topic id LNXH-wc6S_m3224quRHaZA.
2024-03-05T07:49:45.348+01:00  INFO 11964 --- [r-event-handler] kafka.log.UnifiedLog$                    : [LogLoader partition=__consumer_offsets-37, dir=C:\Users\tobia\AppData\Local\Temp\kafka-11562819809130378155\broker_0_data0] Loading producer state till offset 0 with message format version 2
2024-03-05T07:49:45.349+01:00  INFO 11964 --- [r-event-handler] kafka.log.LogManager                     : Created log for partition __consumer_offsets-37 in C:\Users\tobia\AppData\Local\Temp\kafka-11562819809130378155\broker_0_data0\__consumer_offsets-37 with properties {cleanup.policy=compact, compression.type="producer", segment.bytes=104857600}
2024-03-05T07:49:45.349+01:00  INFO 11964 --- [r-event-handler] kafka.cluster.Partition                  : [Partition __consumer_offsets-37 broker=0] No checkpointed highwatermark is found for partition __consumer_offsets-37
2024-03-05T07:49:45.349+01:00  INFO 11964 --- [r-event-handler] kafka.cluster.Partition                  : [Partition __consumer_offsets-37 broker=0] Log loaded for partition __consumer_offsets-37 with initial high watermark 0
2024-03-05T07:49:45.349+01:00  INFO 11964 --- [r-event-handler] state.change.logger                      : [Broker id=0] Leader __consumer_offsets-37 with topic id Some(LNXH-wc6S_m3224quRHaZA) starts at leader epoch 0 from offset 0 with partition epoch 0, high watermark 0, ISR [0], adding replicas [] and removing replicas [] . Previous leader None and previous leader epoch was -1.
2024-03-05T07:49:45.357+01:00  INFO 11964 --- [r-event-handler] state.change.logger                      : [Broker id=0] Creating new partition __consumer_offsets-4 with topic id LNXH-wc6S_m3224quRHaZA.
2024-03-05T07:49:45.360+01:00  INFO 11964 --- [ntainer#2-0-C-1] o.a.k.c.c.internals.ConsumerCoordinator  : [Consumer clientId=consumer-budget-25, groupId=budget] Discovered group coordinator localhost:54080 (id: 2147483647 rack: null)
2024-03-05T07:49:45.361+01:00  INFO 11964 --- [ntainer#2-0-C-1] o.a.k.c.c.internals.ConsumerCoordinator  : [Consumer clientId=consumer-budget-25, groupId=budget] Request joining group due to: rebalance failed due to 'This is not the correct coordinator.' (NotCoordinatorException)
2024-03-05T07:49:45.361+01:00  INFO 11964 --- [ntainer#2-0-C-1] o.a.k.c.c.internals.ConsumerCoordinator  : [Consumer clientId=consumer-budget-25, groupId=budget] (Re-)joining group
2024-03-05T07:49:45.363+01:00  INFO 11964 --- [ntainer#2-0-C-1] o.a.k.c.c.internals.ConsumerCoordinator  : [Consumer clientId=consumer-budget-25, groupId=budget] Group coordinator localhost:54080 (id: 2147483647 rack: null) is unavailable or invalid due to cause: error response NOT_COORDINATOR. isDisconnected: false. Rediscovery will be attempted.
2024-03-05T07:49:45.363+01:00  INFO 11964 --- [ntainer#2-0-C-1] o.a.k.c.c.internals.ConsumerCoordinator  : [Consumer clientId=consumer-budget-25, groupId=budget] Requesting disconnect from last known coordinator localhost:54080 (id: 2147483647 rack: null)
2024-03-05T07:49:45.363+01:00  INFO 11964 --- [ntainer#2-0-C-1] o.a.k.c.c.internals.ConsumerCoordinator  : [Consumer clientId=consumer-budget-25, groupId=budget] JoinGroup failed: This is not the correct coordinator. Marking coordinator unknown. Sent generation was Generation{generationId=-1, memberId='', protocol='null'}
2024-03-05T07:49:45.363+01:00  INFO 11964 --- [ntainer#2-0-C-1] org.apache.kafka.clients.NetworkClient   : [Consumer clientId=consumer-budget-25, groupId=budget] Client requested disconnect from node 2147483647
2024-03-05T07:49:45.365+01:00  INFO 11964 --- [ntainer#2-0-C-1] o.a.k.c.c.internals.ConsumerCoordinator  : [Consumer clientId=consumer-budget-25, groupId=budget] Discovered group coordinator localhost:54080 (id: 2147483647 rack: null)
2024-03-05T07:49:45.365+01:00  INFO 11964 --- [ntainer#2-0-C-1] o.a.k.c.c.internals.ConsumerCoordinator  : [Consumer clientId=consumer-budget-25, groupId=budget] Group coordinator localhost:54080 (id: 2147483647 rack: null) is unavailable or invalid due to cause: coordinator unavailable. isDisconnected: false. Rediscovery will be attempted.
2024-03-05T07:49:45.365+01:00  INFO 11964 --- [ntainer#2-0-C-1] o.a.k.c.c.internals.ConsumerCoordinator  : [Consumer clientId=consumer-budget-25, groupId=budget] Requesting disconnect from last known coordinator localhost:54080 (id: 2147483647 rack: null)
2024-03-05T07:49:45.365+01:00  INFO 11964 --- [r-event-handler] kafka.log.UnifiedLog$                    : [LogLoader partition=__consumer_offsets-4, dir=C:\Users\tobia\AppData\Local\Temp\kafka-11562819809130378155\broker_0_data0] Loading producer state till offset 0 with message format version 2
2024-03-05T07:49:45.366+01:00  INFO 11964 --- [r-event-handler] kafka.log.LogManager                     : Created log for partition __consumer_offsets-4 in C:\Users\tobia\AppData\Local\Temp\kafka-11562819809130378155\broker_0_data0\__consumer_offsets-4 with properties {cleanup.policy=compact, compression.type="producer", segment.bytes=104857600}
2024-03-05T07:49:45.366+01:00  INFO 11964 --- [r-event-handler] kafka.cluster.Partition                  : [Partition __consumer_offsets-4 broker=0] No checkpointed highwatermark is found for partition __consumer_offsets-4
2024-03-05T07:49:45.366+01:00  INFO 11964 --- [r-event-handler] kafka.cluster.Partition                  : [Partition __consumer_offsets-4 broker=0] Log loaded for partition __consumer_offsets-4 with initial high watermark 0
2024-03-05T07:49:45.366+01:00  INFO 11964 --- [r-event-handler] state.change.logger                      : [Broker id=0] Leader __consumer_offsets-4 with topic id Some(LNXH-wc6S_m3224quRHaZA) starts at leader epoch 0 from offset 0 with partition epoch 0, high watermark 0, ISR [0], adding replicas [] and removing replicas [] . Previous leader None and previous leader epoch was -1.
2024-03-05T07:49:45.372+01:00  INFO 11964 --- [ntainer#0-0-C-1] o.a.k.c.c.internals.ConsumerCoordinator  : [Consumer clientId=consumer-product-26, groupId=product] Discovered group coordinator localhost:54080 (id: 2147483647 rack: null)
2024-03-05T07:49:45.372+01:00  INFO 11964 --- [ntainer#1-0-C-1] o.a.k.c.c.internals.ConsumerCoordinator  : [Consumer clientId=consumer-budget-27, groupId=budget] Discovered group coordinator localhost:54080 (id: 2147483647 rack: null)
2024-03-05T07:49:45.373+01:00  INFO 11964 --- [ntainer#1-0-C-1] o.a.k.c.c.internals.ConsumerCoordinator  : [Consumer clientId=consumer-budget-27, groupId=budget] Request joining group due to: rebalance failed due to 'This is not the correct coordinator.' (NotCoordinatorException)
2024-03-05T07:49:45.373+01:00  INFO 11964 --- [ntainer#0-0-C-1] o.a.k.c.c.internals.ConsumerCoordinator  : [Consumer clientId=consumer-product-26, groupId=product] Request joining group due to: rebalance failed due to 'This is not the correct coordinator.' (NotCoordinatorException)
2024-03-05T07:49:45.373+01:00  INFO 11964 --- [ntainer#1-0-C-1] o.a.k.c.c.internals.ConsumerCoordinator  : [Consumer clientId=consumer-budget-27, groupId=budget] (Re-)joining group
2024-03-05T07:49:45.374+01:00  INFO 11964 --- [ntainer#0-0-C-1] o.a.k.c.c.internals.ConsumerCoordinator  : [Consumer clientId=consumer-product-26, groupId=product] (Re-)joining group
2024-03-05T07:49:45.376+01:00  INFO 11964 --- [ntainer#1-0-C-1] o.a.k.c.c.internals.ConsumerCoordinator  : [Consumer clientId=consumer-budget-27, groupId=budget] Group coordinator localhost:54080 (id: 2147483647 rack: null) is unavailable or invalid due to cause: error response NOT_COORDINATOR. isDisconnected: false. Rediscovery will be attempted.
2024-03-05T07:49:45.376+01:00  INFO 11964 --- [ntainer#0-0-C-1] o.a.k.c.c.internals.ConsumerCoordinator  : [Consumer clientId=consumer-product-26, groupId=product] Group coordinator localhost:54080 (id: 2147483647 rack: null) is unavailable or invalid due to cause: error response NOT_COORDINATOR. isDisconnected: false. Rediscovery will be attempted.
2024-03-05T07:49:45.376+01:00  INFO 11964 --- [ntainer#1-0-C-1] o.a.k.c.c.internals.ConsumerCoordinator  : [Consumer clientId=consumer-budget-27, groupId=budget] Requesting disconnect from last known coordinator localhost:54080 (id: 2147483647 rack: null)
2024-03-05T07:49:45.376+01:00  INFO 11964 --- [ntainer#0-0-C-1] o.a.k.c.c.internals.ConsumerCoordinator  : [Consumer clientId=consumer-product-26, groupId=product] Requesting disconnect from last known coordinator localhost:54080 (id: 2147483647 rack: null)
2024-03-05T07:49:45.376+01:00  INFO 11964 --- [ntainer#1-0-C-1] o.a.k.c.c.internals.ConsumerCoordinator  : [Consumer clientId=consumer-budget-27, groupId=budget] JoinGroup failed: This is not the correct coordinator. Marking coordinator unknown. Sent generation was Generation{generationId=-1, memberId='', protocol='null'}
2024-03-05T07:49:45.376+01:00  INFO 11964 --- [ntainer#0-0-C-1] o.a.k.c.c.internals.ConsumerCoordinator  : [Consumer clientId=consumer-product-26, groupId=product] JoinGroup failed: This is not the correct coordinator. Marking coordinator unknown. Sent generation was Generation{generationId=-1, memberId='', protocol='null'}
2024-03-05T07:49:45.377+01:00  INFO 11964 --- [ntainer#0-0-C-1] org.apache.kafka.clients.NetworkClient   : [Consumer clientId=consumer-product-26, groupId=product] Client requested disconnect from node 2147483647
2024-03-05T07:49:45.377+01:00  INFO 11964 --- [ntainer#1-0-C-1] org.apache.kafka.clients.NetworkClient   : [Consumer clientId=consumer-budget-27, groupId=budget] Client requested disconnect from node 2147483647
2024-03-05T07:49:45.378+01:00  INFO 11964 --- [ntainer#0-0-C-1] o.a.k.c.c.internals.ConsumerCoordinator  : [Consumer clientId=consumer-product-26, groupId=product] Discovered group coordinator localhost:54080 (id: 2147483647 rack: null)
2024-03-05T07:49:45.378+01:00  INFO 11964 --- [ntainer#0-0-C-1] o.a.k.c.c.internals.ConsumerCoordinator  : [Consumer clientId=consumer-product-26, groupId=product] Group coordinator localhost:54080 (id: 2147483647 rack: null) is unavailable or invalid due to cause: coordinator unavailable. isDisconnected: false. Rediscovery will be attempted.
2024-03-05T07:49:45.378+01:00  INFO 11964 --- [ntainer#0-0-C-1] o.a.k.c.c.internals.ConsumerCoordinator  : [Consumer clientId=consumer-product-26, groupId=product] Requesting disconnect from last known coordinator localhost:54080 (id: 2147483647 rack: null)
2024-03-05T07:49:45.379+01:00  INFO 11964 --- [ntainer#1-0-C-1] o.a.k.c.c.internals.ConsumerCoordinator  : [Consumer clientId=consumer-budget-27, groupId=budget] Discovered group coordinator localhost:54080 (id: 2147483647 rack: null)
2024-03-05T07:49:45.379+01:00  INFO 11964 --- [ntainer#1-0-C-1] o.a.k.c.c.internals.ConsumerCoordinator  : [Consumer clientId=consumer-budget-27, groupId=budget] Group coordinator localhost:54080 (id: 2147483647 rack: null) is unavailable or invalid due to cause: coordinator unavailable. isDisconnected: false. Rediscovery will be attempted.
2024-03-05T07:49:45.379+01:00  INFO 11964 --- [ntainer#1-0-C-1] o.a.k.c.c.internals.ConsumerCoordinator  : [Consumer clientId=consumer-budget-27, groupId=budget] Requesting disconnect from last known coordinator localhost:54080 (id: 2147483647 rack: null)
2024-03-05T07:49:45.387+01:00  INFO 11964 --- [r-event-handler] state.change.logger                      : [Broker id=0] Creating new partition __consumer_offsets-33 with topic id LNXH-wc6S_m3224quRHaZA.
2024-03-05T07:49:45.397+01:00  INFO 11964 --- [r-event-handler] kafka.log.UnifiedLog$                    : [LogLoader partition=__consumer_offsets-33, dir=C:\Users\tobia\AppData\Local\Temp\kafka-11562819809130378155\broker_0_data0] Loading producer state till offset 0 with message format version 2
2024-03-05T07:49:45.398+01:00  INFO 11964 --- [r-event-handler] kafka.log.LogManager                     : Created log for partition __consumer_offsets-33 in C:\Users\tobia\AppData\Local\Temp\kafka-11562819809130378155\broker_0_data0\__consumer_offsets-33 with properties {cleanup.policy=compact, compression.type="producer", segment.bytes=104857600}
2024-03-05T07:49:45.398+01:00  INFO 11964 --- [r-event-handler] kafka.cluster.Partition                  : [Partition __consumer_offsets-33 broker=0] No checkpointed highwatermark is found for partition __consumer_offsets-33
2024-03-05T07:49:45.398+01:00  INFO 11964 --- [r-event-handler] kafka.cluster.Partition                  : [Partition __consumer_offsets-33 broker=0] Log loaded for partition __consumer_offsets-33 with initial high watermark 0
2024-03-05T07:49:45.398+01:00  INFO 11964 --- [r-event-handler] state.change.logger                      : [Broker id=0] Leader __consumer_offsets-33 with topic id Some(LNXH-wc6S_m3224quRHaZA) starts at leader epoch 0 from offset 0 with partition epoch 0, high watermark 0, ISR [0], adding replicas [] and removing replicas [] . Previous leader None and previous leader epoch was -1.
2024-03-05T07:49:45.406+01:00  INFO 11964 --- [r-event-handler] state.change.logger                      : [Broker id=0] Creating new partition __consumer_offsets-15 with topic id LNXH-wc6S_m3224quRHaZA.
2024-03-05T07:49:45.417+01:00  INFO 11964 --- [r-event-handler] kafka.log.UnifiedLog$                    : [LogLoader partition=__consumer_offsets-15, dir=C:\Users\tobia\AppData\Local\Temp\kafka-11562819809130378155\broker_0_data0] Loading producer state till offset 0 with message format version 2
2024-03-05T07:49:45.420+01:00  INFO 11964 --- [r-event-handler] kafka.log.LogManager                     : Created log for partition __consumer_offsets-15 in C:\Users\tobia\AppData\Local\Temp\kafka-11562819809130378155\broker_0_data0\__consumer_offsets-15 with properties {cleanup.policy=compact, compression.type="producer", segment.bytes=104857600}
2024-03-05T07:49:45.421+01:00  INFO 11964 --- [r-event-handler] kafka.cluster.Partition                  : [Partition __consumer_offsets-15 broker=0] No checkpointed highwatermark is found for partition __consumer_offsets-15
2024-03-05T07:49:45.422+01:00  INFO 11964 --- [r-event-handler] kafka.cluster.Partition                  : [Partition __consumer_offsets-15 broker=0] Log loaded for partition __consumer_offsets-15 with initial high watermark 0
2024-03-05T07:49:45.422+01:00  INFO 11964 --- [r-event-handler] state.change.logger                      : [Broker id=0] Leader __consumer_offsets-15 with topic id Some(LNXH-wc6S_m3224quRHaZA) starts at leader epoch 0 from offset 0 with partition epoch 0, high watermark 0, ISR [0], adding replicas [] and removing replicas [] . Previous leader None and previous leader epoch was -1.
2024-03-05T07:49:45.444+01:00  INFO 11964 --- [r-event-handler] state.change.logger                      : [Broker id=0] Creating new partition __consumer_offsets-48 with topic id LNXH-wc6S_m3224quRHaZA.
2024-03-05T07:49:45.468+01:00  INFO 11964 --- [ntainer#2-0-C-1] o.a.k.c.c.internals.ConsumerCoordinator  : [Consumer clientId=consumer-budget-25, groupId=budget] Discovered group coordinator localhost:54080 (id: 2147483647 rack: null)
2024-03-05T07:49:45.470+01:00  INFO 11964 --- [ntainer#2-0-C-1] o.a.k.c.c.internals.ConsumerCoordinator  : [Consumer clientId=consumer-budget-25, groupId=budget] Request joining group due to: rebalance failed due to 'This is not the correct coordinator.' (NotCoordinatorException)
2024-03-05T07:49:45.471+01:00  INFO 11964 --- [ntainer#2-0-C-1] o.a.k.c.c.internals.ConsumerCoordinator  : [Consumer clientId=consumer-budget-25, groupId=budget] (Re-)joining group
2024-03-05T07:49:45.474+01:00  INFO 11964 --- [ntainer#2-0-C-1] o.a.k.c.c.internals.ConsumerCoordinator  : [Consumer clientId=consumer-budget-25, groupId=budget] Group coordinator localhost:54080 (id: 2147483647 rack: null) is unavailable or invalid due to cause: error response NOT_COORDINATOR. isDisconnected: false. Rediscovery will be attempted.
2024-03-05T07:49:45.474+01:00  INFO 11964 --- [ntainer#2-0-C-1] o.a.k.c.c.internals.ConsumerCoordinator  : [Consumer clientId=consumer-budget-25, groupId=budget] Requesting disconnect from last known coordinator localhost:54080 (id: 2147483647 rack: null)
2024-03-05T07:49:45.474+01:00  INFO 11964 --- [ntainer#2-0-C-1] o.a.k.c.c.internals.ConsumerCoordinator  : [Consumer clientId=consumer-budget-25, groupId=budget] JoinGroup failed: This is not the correct coordinator. Marking coordinator unknown. Sent generation was Generation{generationId=-1, memberId='', protocol='null'}
2024-03-05T07:49:45.474+01:00  INFO 11964 --- [ntainer#2-0-C-1] org.apache.kafka.clients.NetworkClient   : [Consumer clientId=consumer-budget-25, groupId=budget] Client requested disconnect from node 2147483647
2024-03-05T07:49:45.474+01:00  INFO 11964 --- [r-event-handler] kafka.log.UnifiedLog$                    : [LogLoader partition=__consumer_offsets-48, dir=C:\Users\tobia\AppData\Local\Temp\kafka-11562819809130378155\broker_0_data0] Loading producer state till offset 0 with message format version 2
2024-03-05T07:49:45.475+01:00  INFO 11964 --- [r-event-handler] kafka.log.LogManager                     : Created log for partition __consumer_offsets-48 in C:\Users\tobia\AppData\Local\Temp\kafka-11562819809130378155\broker_0_data0\__consumer_offsets-48 with properties {cleanup.policy=compact, compression.type="producer", segment.bytes=104857600}
2024-03-05T07:49:45.476+01:00  INFO 11964 --- [r-event-handler] kafka.cluster.Partition                  : [Partition __consumer_offsets-48 broker=0] No checkpointed highwatermark is found for partition __consumer_offsets-48
2024-03-05T07:49:45.476+01:00  INFO 11964 --- [r-event-handler] kafka.cluster.Partition                  : [Partition __consumer_offsets-48 broker=0] Log loaded for partition __consumer_offsets-48 with initial high watermark 0
2024-03-05T07:49:45.476+01:00  INFO 11964 --- [r-event-handler] state.change.logger                      : [Broker id=0] Leader __consumer_offsets-48 with topic id Some(LNXH-wc6S_m3224quRHaZA) starts at leader epoch 0 from offset 0 with partition epoch 0, high watermark 0, ISR [0], adding replicas [] and removing replicas [] . Previous leader None and previous leader epoch was -1.
2024-03-05T07:49:45.476+01:00  INFO 11964 --- [ntainer#2-0-C-1] o.a.k.c.c.internals.ConsumerCoordinator  : [Consumer clientId=consumer-budget-25, groupId=budget] Discovered group coordinator localhost:54080 (id: 2147483647 rack: null)
2024-03-05T07:49:45.476+01:00  INFO 11964 --- [ntainer#2-0-C-1] o.a.k.c.c.internals.ConsumerCoordinator  : [Consumer clientId=consumer-budget-25, groupId=budget] Group coordinator localhost:54080 (id: 2147483647 rack: null) is unavailable or invalid due to cause: coordinator unavailable. isDisconnected: false. Rediscovery will be attempted.
2024-03-05T07:49:45.476+01:00  INFO 11964 --- [ntainer#2-0-C-1] o.a.k.c.c.internals.ConsumerCoordinator  : [Consumer clientId=consumer-budget-25, groupId=budget] Requesting disconnect from last known coordinator localhost:54080 (id: 2147483647 rack: null)
2024-03-05T07:49:45.482+01:00  INFO 11964 --- [r-event-handler] state.change.logger                      : [Broker id=0] Creating new partition __consumer_offsets-11 with topic id LNXH-wc6S_m3224quRHaZA.
2024-03-05T07:49:45.484+01:00  INFO 11964 --- [ntainer#1-0-C-1] o.a.k.c.c.internals.ConsumerCoordinator  : [Consumer clientId=consumer-budget-27, groupId=budget] Discovered group coordinator localhost:54080 (id: 2147483647 rack: null)
2024-03-05T07:49:45.485+01:00  INFO 11964 --- [ntainer#0-0-C-1] o.a.k.c.c.internals.ConsumerCoordinator  : [Consumer clientId=consumer-product-26, groupId=product] Discovered group coordinator localhost:54080 (id: 2147483647 rack: null)
2024-03-05T07:49:45.486+01:00  INFO 11964 --- [ntainer#1-0-C-1] o.a.k.c.c.internals.ConsumerCoordinator  : [Consumer clientId=consumer-budget-27, groupId=budget] Request joining group due to: rebalance failed due to 'This is not the correct coordinator.' (NotCoordinatorException)
2024-03-05T07:49:45.486+01:00  INFO 11964 --- [ntainer#1-0-C-1] o.a.k.c.c.internals.ConsumerCoordinator  : [Consumer clientId=consumer-budget-27, groupId=budget] (Re-)joining group
2024-03-05T07:49:45.487+01:00  INFO 11964 --- [ntainer#0-0-C-1] o.a.k.c.c.internals.ConsumerCoordinator  : [Consumer clientId=consumer-product-26, groupId=product] Request joining group due to: rebalance failed due to 'This is not the correct coordinator.' (NotCoordinatorException)
2024-03-05T07:49:45.487+01:00  INFO 11964 --- [ntainer#0-0-C-1] o.a.k.c.c.internals.ConsumerCoordinator  : [Consumer clientId=consumer-product-26, groupId=product] (Re-)joining group
2024-03-05T07:49:45.492+01:00  INFO 11964 --- [ntainer#1-0-C-1] o.a.k.c.c.internals.ConsumerCoordinator  : [Consumer clientId=consumer-budget-27, groupId=budget] Group coordinator localhost:54080 (id: 2147483647 rack: null) is unavailable or invalid due to cause: error response NOT_COORDINATOR. isDisconnected: false. Rediscovery will be attempted.
2024-03-05T07:49:45.492+01:00  INFO 11964 --- [ntainer#1-0-C-1] o.a.k.c.c.internals.ConsumerCoordinator  : [Consumer clientId=consumer-budget-27, groupId=budget] Requesting disconnect from last known coordinator localhost:54080 (id: 2147483647 rack: null)
2024-03-05T07:49:45.492+01:00  INFO 11964 --- [ntainer#1-0-C-1] o.a.k.c.c.internals.ConsumerCoordinator  : [Consumer clientId=consumer-budget-27, groupId=budget] JoinGroup failed: This is not the correct coordinator. Marking coordinator unknown. Sent generation was Generation{generationId=-1, memberId='', protocol='null'}
2024-03-05T07:49:45.492+01:00  INFO 11964 --- [ntainer#1-0-C-1] org.apache.kafka.clients.NetworkClient   : [Consumer clientId=consumer-budget-27, groupId=budget] Client requested disconnect from node 2147483647
2024-03-05T07:49:45.493+01:00  INFO 11964 --- [ntainer#0-0-C-1] o.a.k.c.c.internals.ConsumerCoordinator  : [Consumer clientId=consumer-product-26, groupId=product] Group coordinator localhost:54080 (id: 2147483647 rack: null) is unavailable or invalid due to cause: error response NOT_COORDINATOR. isDisconnected: false. Rediscovery will be attempted.
2024-03-05T07:49:45.493+01:00  INFO 11964 --- [ntainer#0-0-C-1] o.a.k.c.c.internals.ConsumerCoordinator  : [Consumer clientId=consumer-product-26, groupId=product] Requesting disconnect from last known coordinator localhost:54080 (id: 2147483647 rack: null)
2024-03-05T07:49:45.493+01:00  INFO 11964 --- [ntainer#0-0-C-1] o.a.k.c.c.internals.ConsumerCoordinator  : [Consumer clientId=consumer-product-26, groupId=product] JoinGroup failed: This is not the correct coordinator. Marking coordinator unknown. Sent generation was Generation{generationId=-1, memberId='', protocol='null'}
2024-03-05T07:49:45.493+01:00  INFO 11964 --- [ntainer#0-0-C-1] org.apache.kafka.clients.NetworkClient   : [Consumer clientId=consumer-product-26, groupId=product] Client requested disconnect from node 2147483647
2024-03-05T07:49:45.496+01:00  INFO 11964 --- [ntainer#1-0-C-1] o.a.k.c.c.internals.ConsumerCoordinator  : [Consumer clientId=consumer-budget-27, groupId=budget] Discovered group coordinator localhost:54080 (id: 2147483647 rack: null)
2024-03-05T07:49:45.496+01:00  INFO 11964 --- [ntainer#1-0-C-1] o.a.k.c.c.internals.ConsumerCoordinator  : [Consumer clientId=consumer-budget-27, groupId=budget] Group coordinator localhost:54080 (id: 2147483647 rack: null) is unavailable or invalid due to cause: coordinator unavailable. isDisconnected: false. Rediscovery will be attempted.
2024-03-05T07:49:45.496+01:00  INFO 11964 --- [ntainer#1-0-C-1] o.a.k.c.c.internals.ConsumerCoordinator  : [Consumer clientId=consumer-budget-27, groupId=budget] Requesting disconnect from last known coordinator localhost:54080 (id: 2147483647 rack: null)
2024-03-05T07:49:45.496+01:00  INFO 11964 --- [ntainer#0-0-C-1] o.a.k.c.c.internals.ConsumerCoordinator  : [Consumer clientId=consumer-product-26, groupId=product] Discovered group coordinator localhost:54080 (id: 2147483647 rack: null)
2024-03-05T07:49:45.497+01:00  INFO 11964 --- [ntainer#0-0-C-1] o.a.k.c.c.internals.ConsumerCoordinator  : [Consumer clientId=consumer-product-26, groupId=product] Group coordinator localhost:54080 (id: 2147483647 rack: null) is unavailable or invalid due to cause: coordinator unavailable. isDisconnected: false. Rediscovery will be attempted.
2024-03-05T07:49:45.497+01:00  INFO 11964 --- [ntainer#0-0-C-1] o.a.k.c.c.internals.ConsumerCoordinator  : [Consumer clientId=consumer-product-26, groupId=product] Requesting disconnect from last known coordinator localhost:54080 (id: 2147483647 rack: null)
2024-03-05T07:49:45.562+01:00  INFO 11964 --- [r-event-handler] kafka.log.UnifiedLog$                    : [LogLoader partition=__consumer_offsets-11, dir=C:\Users\tobia\AppData\Local\Temp\kafka-11562819809130378155\broker_0_data0] Loading producer state till offset 0 with message format version 2
2024-03-05T07:49:45.564+01:00  INFO 11964 --- [r-event-handler] kafka.log.LogManager                     : Created log for partition __consumer_offsets-11 in C:\Users\tobia\AppData\Local\Temp\kafka-11562819809130378155\broker_0_data0\__consumer_offsets-11 with properties {cleanup.policy=compact, compression.type="producer", segment.bytes=104857600}
2024-03-05T07:49:45.564+01:00  INFO 11964 --- [r-event-handler] kafka.cluster.Partition                  : [Partition __consumer_offsets-11 broker=0] No checkpointed highwatermark is found for partition __consumer_offsets-11
2024-03-05T07:49:45.564+01:00  INFO 11964 --- [r-event-handler] kafka.cluster.Partition                  : [Partition __consumer_offsets-11 broker=0] Log loaded for partition __consumer_offsets-11 with initial high watermark 0
2024-03-05T07:49:45.565+01:00  INFO 11964 --- [r-event-handler] state.change.logger                      : [Broker id=0] Leader __consumer_offsets-11 with topic id Some(LNXH-wc6S_m3224quRHaZA) starts at leader epoch 0 from offset 0 with partition epoch 0, high watermark 0, ISR [0], adding replicas [] and removing replicas [] . Previous leader None and previous leader epoch was -1.
2024-03-05T07:49:45.582+01:00  INFO 11964 --- [ntainer#2-0-C-1] o.a.k.c.c.internals.ConsumerCoordinator  : [Consumer clientId=consumer-budget-25, groupId=budget] Discovered group coordinator localhost:54080 (id: 2147483647 rack: null)
2024-03-05T07:49:45.583+01:00  INFO 11964 --- [ntainer#2-0-C-1] o.a.k.c.c.internals.ConsumerCoordinator  : [Consumer clientId=consumer-budget-25, groupId=budget] Request joining group due to: rebalance failed due to 'This is not the correct coordinator.' (NotCoordinatorException)
2024-03-05T07:49:45.584+01:00  INFO 11964 --- [ntainer#2-0-C-1] o.a.k.c.c.internals.ConsumerCoordinator  : [Consumer clientId=consumer-budget-25, groupId=budget] (Re-)joining group
2024-03-05T07:49:45.587+01:00  INFO 11964 --- [ntainer#2-0-C-1] o.a.k.c.c.internals.ConsumerCoordinator  : [Consumer clientId=consumer-budget-25, groupId=budget] Group coordinator localhost:54080 (id: 2147483647 rack: null) is unavailable or invalid due to cause: error response NOT_COORDINATOR. isDisconnected: false. Rediscovery will be attempted.
2024-03-05T07:49:45.587+01:00  INFO 11964 --- [ntainer#2-0-C-1] o.a.k.c.c.internals.ConsumerCoordinator  : [Consumer clientId=consumer-budget-25, groupId=budget] Requesting disconnect from last known coordinator localhost:54080 (id: 2147483647 rack: null)
2024-03-05T07:49:45.587+01:00  INFO 11964 --- [ntainer#2-0-C-1] o.a.k.c.c.internals.ConsumerCoordinator  : [Consumer clientId=consumer-budget-25, groupId=budget] JoinGroup failed: This is not the correct coordinator. Marking coordinator unknown. Sent generation was Generation{generationId=-1, memberId='', protocol='null'}
2024-03-05T07:49:45.587+01:00  INFO 11964 --- [ntainer#2-0-C-1] org.apache.kafka.clients.NetworkClient   : [Consumer clientId=consumer-budget-25, groupId=budget] Client requested disconnect from node 2147483647
2024-03-05T07:49:45.590+01:00  INFO 11964 --- [ntainer#2-0-C-1] o.a.k.c.c.internals.ConsumerCoordinator  : [Consumer clientId=consumer-budget-25, groupId=budget] Discovered group coordinator localhost:54080 (id: 2147483647 rack: null)
2024-03-05T07:49:45.590+01:00  INFO 11964 --- [ntainer#2-0-C-1] o.a.k.c.c.internals.ConsumerCoordinator  : [Consumer clientId=consumer-budget-25, groupId=budget] Group coordinator localhost:54080 (id: 2147483647 rack: null) is unavailable or invalid due to cause: coordinator unavailable. isDisconnected: false. Rediscovery will be attempted.
2024-03-05T07:49:45.590+01:00  INFO 11964 --- [ntainer#2-0-C-1] o.a.k.c.c.internals.ConsumerCoordinator  : [Consumer clientId=consumer-budget-25, groupId=budget] Requesting disconnect from last known coordinator localhost:54080 (id: 2147483647 rack: null)
2024-03-05T07:49:45.607+01:00  INFO 11964 --- [r-event-handler] state.change.logger                      : [Broker id=0] Creating new partition __consumer_offsets-44 with topic id LNXH-wc6S_m3224quRHaZA.
2024-03-05T07:49:45.612+01:00  INFO 11964 --- [ntainer#0-0-C-1] o.a.k.c.c.internals.ConsumerCoordinator  : [Consumer clientId=consumer-product-26, groupId=product] Discovered group coordinator localhost:54080 (id: 2147483647 rack: null)
2024-03-05T07:49:45.613+01:00  INFO 11964 --- [ntainer#0-0-C-1] o.a.k.c.c.internals.ConsumerCoordinator  : [Consumer clientId=consumer-product-26, groupId=product] Request joining group due to: rebalance failed due to 'This is not the correct coordinator.' (NotCoordinatorException)
2024-03-05T07:49:45.614+01:00  INFO 11964 --- [ntainer#0-0-C-1] o.a.k.c.c.internals.ConsumerCoordinator  : [Consumer clientId=consumer-product-26, groupId=product] (Re-)joining group
2024-03-05T07:49:45.616+01:00  INFO 11964 --- [ntainer#1-0-C-1] o.a.k.c.c.internals.ConsumerCoordinator  : [Consumer clientId=consumer-budget-27, groupId=budget] Discovered group coordinator localhost:54080 (id: 2147483647 rack: null)
2024-03-05T07:49:45.617+01:00  INFO 11964 --- [ntainer#1-0-C-1] o.a.k.c.c.internals.ConsumerCoordinator  : [Consumer clientId=consumer-budget-27, groupId=budget] Request joining group due to: rebalance failed due to 'This is not the correct coordinator.' (NotCoordinatorException)
2024-03-05T07:49:45.618+01:00  INFO 11964 --- [ntainer#1-0-C-1] o.a.k.c.c.internals.ConsumerCoordinator  : [Consumer clientId=consumer-budget-27, groupId=budget] (Re-)joining group
2024-03-05T07:49:45.620+01:00  INFO 11964 --- [ntainer#0-0-C-1] o.a.k.c.c.internals.ConsumerCoordinator  : [Consumer clientId=consumer-product-26, groupId=product] Group coordinator localhost:54080 (id: 2147483647 rack: null) is unavailable or invalid due to cause: error response NOT_COORDINATOR. isDisconnected: false. Rediscovery will be attempted.
2024-03-05T07:49:45.620+01:00  INFO 11964 --- [ntainer#0-0-C-1] o.a.k.c.c.internals.ConsumerCoordinator  : [Consumer clientId=consumer-product-26, groupId=product] Requesting disconnect from last known coordinator localhost:54080 (id: 2147483647 rack: null)
2024-03-05T07:49:45.620+01:00  INFO 11964 --- [ntainer#0-0-C-1] o.a.k.c.c.internals.ConsumerCoordinator  : [Consumer clientId=consumer-product-26, groupId=product] JoinGroup failed: This is not the correct coordinator. Marking coordinator unknown. Sent generation was Generation{generationId=-1, memberId='', protocol='null'}
2024-03-05T07:49:45.620+01:00  INFO 11964 --- [ntainer#0-0-C-1] org.apache.kafka.clients.NetworkClient   : [Consumer clientId=consumer-product-26, groupId=product] Client requested disconnect from node 2147483647
2024-03-05T07:49:45.623+01:00  INFO 11964 --- [ntainer#1-0-C-1] o.a.k.c.c.internals.ConsumerCoordinator  : [Consumer clientId=consumer-budget-27, groupId=budget] Group coordinator localhost:54080 (id: 2147483647 rack: null) is unavailable or invalid due to cause: error response NOT_COORDINATOR. isDisconnected: false. Rediscovery will be attempted.
2024-03-05T07:49:45.623+01:00  INFO 11964 --- [ntainer#1-0-C-1] o.a.k.c.c.internals.ConsumerCoordinator  : [Consumer clientId=consumer-budget-27, groupId=budget] Requesting disconnect from last known coordinator localhost:54080 (id: 2147483647 rack: null)
2024-03-05T07:49:45.623+01:00  INFO 11964 --- [ntainer#1-0-C-1] o.a.k.c.c.internals.ConsumerCoordinator  : [Consumer clientId=consumer-budget-27, groupId=budget] JoinGroup failed: This is not the correct coordinator. Marking coordinator unknown. Sent generation was Generation{generationId=-1, memberId='', protocol='null'}
2024-03-05T07:49:45.623+01:00  INFO 11964 --- [ntainer#1-0-C-1] org.apache.kafka.clients.NetworkClient   : [Consumer clientId=consumer-budget-27, groupId=budget] Client requested disconnect from node 2147483647
2024-03-05T07:49:45.625+01:00  INFO 11964 --- [ntainer#0-0-C-1] o.a.k.c.c.internals.ConsumerCoordinator  : [Consumer clientId=consumer-product-26, groupId=product] Discovered group coordinator localhost:54080 (id: 2147483647 rack: null)
2024-03-05T07:49:45.625+01:00  INFO 11964 --- [ntainer#0-0-C-1] o.a.k.c.c.internals.ConsumerCoordinator  : [Consumer clientId=consumer-product-26, groupId=product] Group coordinator localhost:54080 (id: 2147483647 rack: null) is unavailable or invalid due to cause: coordinator unavailable. isDisconnected: false. Rediscovery will be attempted.
2024-03-05T07:49:45.625+01:00  INFO 11964 --- [ntainer#0-0-C-1] o.a.k.c.c.internals.ConsumerCoordinator  : [Consumer clientId=consumer-product-26, groupId=product] Requesting disconnect from last known coordinator localhost:54080 (id: 2147483647 rack: null)
2024-03-05T07:49:45.626+01:00  INFO 11964 --- [ntainer#1-0-C-1] o.a.k.c.c.internals.ConsumerCoordinator  : [Consumer clientId=consumer-budget-27, groupId=budget] Discovered group coordinator localhost:54080 (id: 2147483647 rack: null)
2024-03-05T07:49:45.626+01:00  INFO 11964 --- [ntainer#1-0-C-1] o.a.k.c.c.internals.ConsumerCoordinator  : [Consumer clientId=consumer-budget-27, groupId=budget] Group coordinator localhost:54080 (id: 2147483647 rack: null) is unavailable or invalid due to cause: coordinator unavailable. isDisconnected: false. Rediscovery will be attempted.
2024-03-05T07:49:45.626+01:00  INFO 11964 --- [ntainer#1-0-C-1] o.a.k.c.c.internals.ConsumerCoordinator  : [Consumer clientId=consumer-budget-27, groupId=budget] Requesting disconnect from last known coordinator localhost:54080 (id: 2147483647 rack: null)
2024-03-05T07:49:45.694+01:00  INFO 11964 --- [r-event-handler] kafka.log.UnifiedLog$                    : [LogLoader partition=__consumer_offsets-44, dir=C:\Users\tobia\AppData\Local\Temp\kafka-11562819809130378155\broker_0_data0] Loading producer state till offset 0 with message format version 2
2024-03-05T07:49:45.694+01:00  INFO 11964 --- [r-event-handler] kafka.log.LogManager                     : Created log for partition __consumer_offsets-44 in C:\Users\tobia\AppData\Local\Temp\kafka-11562819809130378155\broker_0_data0\__consumer_offsets-44 with properties {cleanup.policy=compact, compression.type="producer", segment.bytes=104857600}
2024-03-05T07:49:45.695+01:00  INFO 11964 --- [r-event-handler] kafka.cluster.Partition                  : [Partition __consumer_offsets-44 broker=0] No checkpointed highwatermark is found for partition __consumer_offsets-44
2024-03-05T07:49:45.695+01:00  INFO 11964 --- [r-event-handler] kafka.cluster.Partition                  : [Partition __consumer_offsets-44 broker=0] Log loaded for partition __consumer_offsets-44 with initial high watermark 0
2024-03-05T07:49:45.695+01:00  INFO 11964 --- [r-event-handler] state.change.logger                      : [Broker id=0] Leader __consumer_offsets-44 with topic id Some(LNXH-wc6S_m3224quRHaZA) starts at leader epoch 0 from offset 0 with partition epoch 0, high watermark 0, ISR [0], adding replicas [] and removing replicas [] . Previous leader None and previous leader epoch was -1.
2024-03-05T07:49:45.705+01:00  INFO 11964 --- [ntainer#2-0-C-1] o.a.k.c.c.internals.ConsumerCoordinator  : [Consumer clientId=consumer-budget-25, groupId=budget] Discovered group coordinator localhost:54080 (id: 2147483647 rack: null)
2024-03-05T07:49:45.706+01:00  INFO 11964 --- [ntainer#2-0-C-1] o.a.k.c.c.internals.ConsumerCoordinator  : [Consumer clientId=consumer-budget-25, groupId=budget] Request joining group due to: rebalance failed due to 'This is not the correct coordinator.' (NotCoordinatorException)
2024-03-05T07:49:45.706+01:00  INFO 11964 --- [ntainer#2-0-C-1] o.a.k.c.c.internals.ConsumerCoordinator  : [Consumer clientId=consumer-budget-25, groupId=budget] (Re-)joining group
2024-03-05T07:49:45.710+01:00  INFO 11964 --- [ntainer#2-0-C-1] o.a.k.c.c.internals.ConsumerCoordinator  : [Consumer clientId=consumer-budget-25, groupId=budget] Group coordinator localhost:54080 (id: 2147483647 rack: null) is unavailable or invalid due to cause: error response NOT_COORDINATOR. isDisconnected: false. Rediscovery will be attempted.
2024-03-05T07:49:45.710+01:00  INFO 11964 --- [ntainer#2-0-C-1] o.a.k.c.c.internals.ConsumerCoordinator  : [Consumer clientId=consumer-budget-25, groupId=budget] Requesting disconnect from last known coordinator localhost:54080 (id: 2147483647 rack: null)
2024-03-05T07:49:45.710+01:00  INFO 11964 --- [ntainer#2-0-C-1] o.a.k.c.c.internals.ConsumerCoordinator  : [Consumer clientId=consumer-budget-25, groupId=budget] JoinGroup failed: This is not the correct coordinator. Marking coordinator unknown. Sent generation was Generation{generationId=-1, memberId='', protocol='null'}
2024-03-05T07:49:45.710+01:00  INFO 11964 --- [ntainer#2-0-C-1] org.apache.kafka.clients.NetworkClient   : [Consumer clientId=consumer-budget-25, groupId=budget] Client requested disconnect from node 2147483647
2024-03-05T07:49:45.712+01:00  INFO 11964 --- [ntainer#2-0-C-1] o.a.k.c.c.internals.ConsumerCoordinator  : [Consumer clientId=consumer-budget-25, groupId=budget] Discovered group coordinator localhost:54080 (id: 2147483647 rack: null)
2024-03-05T07:49:45.712+01:00  INFO 11964 --- [ntainer#2-0-C-1] o.a.k.c.c.internals.ConsumerCoordinator  : [Consumer clientId=consumer-budget-25, groupId=budget] Group coordinator localhost:54080 (id: 2147483647 rack: null) is unavailable or invalid due to cause: coordinator unavailable. isDisconnected: false. Rediscovery will be attempted.
2024-03-05T07:49:45.712+01:00  INFO 11964 --- [ntainer#2-0-C-1] o.a.k.c.c.internals.ConsumerCoordinator  : [Consumer clientId=consumer-budget-25, groupId=budget] Requesting disconnect from last known coordinator localhost:54080 (id: 2147483647 rack: null)
2024-03-05T07:49:45.714+01:00  INFO 11964 --- [r-event-handler] state.change.logger                      : [Broker id=0] Creating new partition __consumer_offsets-23 with topic id LNXH-wc6S_m3224quRHaZA.
2024-03-05T07:49:45.740+01:00  INFO 11964 --- [ntainer#1-0-C-1] o.a.k.c.c.internals.ConsumerCoordinator  : [Consumer clientId=consumer-budget-27, groupId=budget] Discovered group coordinator localhost:54080 (id: 2147483647 rack: null)
2024-03-05T07:49:45.741+01:00  INFO 11964 --- [ntainer#1-0-C-1] o.a.k.c.c.internals.ConsumerCoordinator  : [Consumer clientId=consumer-budget-27, groupId=budget] Request joining group due to: rebalance failed due to 'This is not the correct coordinator.' (NotCoordinatorException)
2024-03-05T07:49:45.742+01:00  INFO 11964 --- [ntainer#1-0-C-1] o.a.k.c.c.internals.ConsumerCoordinator  : [Consumer clientId=consumer-budget-27, groupId=budget] (Re-)joining group
2024-03-05T07:49:45.742+01:00  INFO 11964 --- [ntainer#0-0-C-1] o.a.k.c.c.internals.ConsumerCoordinator  : [Consumer clientId=consumer-product-26, groupId=product] Discovered group coordinator localhost:54080 (id: 2147483647 rack: null)
2024-03-05T07:49:45.743+01:00  INFO 11964 --- [ntainer#0-0-C-1] o.a.k.c.c.internals.ConsumerCoordinator  : [Consumer clientId=consumer-product-26, groupId=product] Request joining group due to: rebalance failed due to 'This is not the correct coordinator.' (NotCoordinatorException)
2024-03-05T07:49:45.744+01:00  INFO 11964 --- [ntainer#0-0-C-1] o.a.k.c.c.internals.ConsumerCoordinator  : [Consumer clientId=consumer-product-26, groupId=product] (Re-)joining group
2024-03-05T07:49:45.746+01:00  INFO 11964 --- [ntainer#1-0-C-1] o.a.k.c.c.internals.ConsumerCoordinator  : [Consumer clientId=consumer-budget-27, groupId=budget] Group coordinator localhost:54080 (id: 2147483647 rack: null) is unavailable or invalid due to cause: error response NOT_COORDINATOR. isDisconnected: false. Rediscovery will be attempted.
2024-03-05T07:49:45.746+01:00  INFO 11964 --- [ntainer#1-0-C-1] o.a.k.c.c.internals.ConsumerCoordinator  : [Consumer clientId=consumer-budget-27, groupId=budget] Requesting disconnect from last known coordinator localhost:54080 (id: 2147483647 rack: null)
2024-03-05T07:49:45.746+01:00  INFO 11964 --- [ntainer#1-0-C-1] o.a.k.c.c.internals.ConsumerCoordinator  : [Consumer clientId=consumer-budget-27, groupId=budget] JoinGroup failed: This is not the correct coordinator. Marking coordinator unknown. Sent generation was Generation{generationId=-1, memberId='', protocol='null'}
2024-03-05T07:49:45.746+01:00  INFO 11964 --- [ntainer#1-0-C-1] org.apache.kafka.clients.NetworkClient   : [Consumer clientId=consumer-budget-27, groupId=budget] Client requested disconnect from node 2147483647
2024-03-05T07:49:45.749+01:00  INFO 11964 --- [ntainer#0-0-C-1] o.a.k.c.c.internals.ConsumerCoordinator  : [Consumer clientId=consumer-product-26, groupId=product] Group coordinator localhost:54080 (id: 2147483647 rack: null) is unavailable or invalid due to cause: error response NOT_COORDINATOR. isDisconnected: false. Rediscovery will be attempted.
2024-03-05T07:49:45.749+01:00  INFO 11964 --- [ntainer#0-0-C-1] o.a.k.c.c.internals.ConsumerCoordinator  : [Consumer clientId=consumer-product-26, groupId=product] Requesting disconnect from last known coordinator localhost:54080 (id: 2147483647 rack: null)
2024-03-05T07:49:45.749+01:00  INFO 11964 --- [ntainer#0-0-C-1] o.a.k.c.c.internals.ConsumerCoordinator  : [Consumer clientId=consumer-product-26, groupId=product] JoinGroup failed: This is not the correct coordinator. Marking coordinator unknown. Sent generation was Generation{generationId=-1, memberId='', protocol='null'}
2024-03-05T07:49:45.749+01:00  INFO 11964 --- [ntainer#0-0-C-1] org.apache.kafka.clients.NetworkClient   : [Consumer clientId=consumer-product-26, groupId=product] Client requested disconnect from node 2147483647
2024-03-05T07:49:45.754+01:00  INFO 11964 --- [ntainer#1-0-C-1] o.a.k.c.c.internals.ConsumerCoordinator  : [Consumer clientId=consumer-budget-27, groupId=budget] Discovered group coordinator localhost:54080 (id: 2147483647 rack: null)
2024-03-05T07:49:45.754+01:00  INFO 11964 --- [ntainer#1-0-C-1] o.a.k.c.c.internals.ConsumerCoordinator  : [Consumer clientId=consumer-budget-27, groupId=budget] Group coordinator localhost:54080 (id: 2147483647 rack: null) is unavailable or invalid due to cause: coordinator unavailable. isDisconnected: false. Rediscovery will be attempted.
2024-03-05T07:49:45.754+01:00  INFO 11964 --- [ntainer#1-0-C-1] o.a.k.c.c.internals.ConsumerCoordinator  : [Consumer clientId=consumer-budget-27, groupId=budget] Requesting disconnect from last known coordinator localhost:54080 (id: 2147483647 rack: null)
2024-03-05T07:49:45.756+01:00  INFO 11964 --- [ntainer#0-0-C-1] o.a.k.c.c.internals.ConsumerCoordinator  : [Consumer clientId=consumer-product-26, groupId=product] Discovered group coordinator localhost:54080 (id: 2147483647 rack: null)
2024-03-05T07:49:45.756+01:00  INFO 11964 --- [ntainer#0-0-C-1] o.a.k.c.c.internals.ConsumerCoordinator  : [Consumer clientId=consumer-product-26, groupId=product] Group coordinator localhost:54080 (id: 2147483647 rack: null) is unavailable or invalid due to cause: coordinator unavailable. isDisconnected: false. Rediscovery will be attempted.
2024-03-05T07:49:45.756+01:00  INFO 11964 --- [ntainer#0-0-C-1] o.a.k.c.c.internals.ConsumerCoordinator  : [Consumer clientId=consumer-product-26, groupId=product] Requesting disconnect from last known coordinator localhost:54080 (id: 2147483647 rack: null)
]]></system-out>
  </testcase>
  <testcase name="testBudgetPlanSpendingForCategories_whenGettingData_CorrectlyCreated" classname="com.example.Analytics.logic.operations.BudgetServiceTest" time="0.093">
    <system-out><![CDATA[2024-03-05T07:49:45.813+01:00  INFO 11964 --- [r-event-handler] kafka.log.UnifiedLog$                    : [LogLoader partition=__consumer_offsets-23, dir=C:\Users\tobia\AppData\Local\Temp\kafka-11562819809130378155\broker_0_data0] Loading producer state till offset 0 with message format version 2
2024-03-05T07:49:45.814+01:00  INFO 11964 --- [r-event-handler] kafka.log.LogManager                     : Created log for partition __consumer_offsets-23 in C:\Users\tobia\AppData\Local\Temp\kafka-11562819809130378155\broker_0_data0\__consumer_offsets-23 with properties {cleanup.policy=compact, compression.type="producer", segment.bytes=104857600}
2024-03-05T07:49:45.814+01:00  INFO 11964 --- [r-event-handler] kafka.cluster.Partition                  : [Partition __consumer_offsets-23 broker=0] No checkpointed highwatermark is found for partition __consumer_offsets-23
2024-03-05T07:49:45.814+01:00  INFO 11964 --- [r-event-handler] kafka.cluster.Partition                  : [Partition __consumer_offsets-23 broker=0] Log loaded for partition __consumer_offsets-23 with initial high watermark 0
2024-03-05T07:49:45.814+01:00  INFO 11964 --- [r-event-handler] state.change.logger                      : [Broker id=0] Leader __consumer_offsets-23 with topic id Some(LNXH-wc6S_m3224quRHaZA) starts at leader epoch 0 from offset 0 with partition epoch 0, high watermark 0, ISR [0], adding replicas [] and removing replicas [] . Previous leader None and previous leader epoch was -1.
2024-03-05T07:49:45.828+01:00  INFO 11964 --- [ntainer#2-0-C-1] o.a.k.c.c.internals.ConsumerCoordinator  : [Consumer clientId=consumer-budget-25, groupId=budget] Discovered group coordinator localhost:54080 (id: 2147483647 rack: null)
2024-03-05T07:49:45.829+01:00  INFO 11964 --- [ntainer#2-0-C-1] o.a.k.c.c.internals.ConsumerCoordinator  : [Consumer clientId=consumer-budget-25, groupId=budget] Request joining group due to: rebalance failed due to 'This is not the correct coordinator.' (NotCoordinatorException)
2024-03-05T07:49:45.829+01:00  INFO 11964 --- [r-event-handler] state.change.logger                      : [Broker id=0] Creating new partition __consumer_offsets-19 with topic id LNXH-wc6S_m3224quRHaZA.
2024-03-05T07:49:45.830+01:00  INFO 11964 --- [ntainer#2-0-C-1] o.a.k.c.c.internals.ConsumerCoordinator  : [Consumer clientId=consumer-budget-25, groupId=budget] (Re-)joining group
2024-03-05T07:49:45.841+01:00  INFO 11964 --- [r-event-handler] kafka.log.UnifiedLog$                    : [LogLoader partition=__consumer_offsets-19, dir=C:\Users\tobia\AppData\Local\Temp\kafka-11562819809130378155\broker_0_data0] Loading producer state till offset 0 with message format version 2
2024-03-05T07:49:45.841+01:00  INFO 11964 --- [r-event-handler] kafka.log.LogManager                     : Created log for partition __consumer_offsets-19 in C:\Users\tobia\AppData\Local\Temp\kafka-11562819809130378155\broker_0_data0\__consumer_offsets-19 with properties {cleanup.policy=compact, compression.type="producer", segment.bytes=104857600}
2024-03-05T07:49:45.841+01:00  INFO 11964 --- [r-event-handler] kafka.cluster.Partition                  : [Partition __consumer_offsets-19 broker=0] No checkpointed highwatermark is found for partition __consumer_offsets-19
2024-03-05T07:49:45.841+01:00  INFO 11964 --- [r-event-handler] kafka.cluster.Partition                  : [Partition __consumer_offsets-19 broker=0] Log loaded for partition __consumer_offsets-19 with initial high watermark 0
2024-03-05T07:49:45.842+01:00  INFO 11964 --- [r-event-handler] state.change.logger                      : [Broker id=0] Leader __consumer_offsets-19 with topic id Some(LNXH-wc6S_m3224quRHaZA) starts at leader epoch 0 from offset 0 with partition epoch 0, high watermark 0, ISR [0], adding replicas [] and removing replicas [] . Previous leader None and previous leader epoch was -1.
2024-03-05T07:49:45.846+01:00  INFO 11964 --- [ntainer#2-0-C-1] o.a.k.c.c.internals.ConsumerCoordinator  : [Consumer clientId=consumer-budget-25, groupId=budget] Group coordinator localhost:54080 (id: 2147483647 rack: null) is unavailable or invalid due to cause: error response NOT_COORDINATOR. isDisconnected: false. Rediscovery will be attempted.
2024-03-05T07:49:45.846+01:00  INFO 11964 --- [ntainer#2-0-C-1] o.a.k.c.c.internals.ConsumerCoordinator  : [Consumer clientId=consumer-budget-25, groupId=budget] Requesting disconnect from last known coordinator localhost:54080 (id: 2147483647 rack: null)
2024-03-05T07:49:45.846+01:00  INFO 11964 --- [ntainer#2-0-C-1] o.a.k.c.c.internals.ConsumerCoordinator  : [Consumer clientId=consumer-budget-25, groupId=budget] JoinGroup failed: This is not the correct coordinator. Marking coordinator unknown. Sent generation was Generation{generationId=-1, memberId='', protocol='null'}
2024-03-05T07:49:45.846+01:00  INFO 11964 --- [ntainer#2-0-C-1] org.apache.kafka.clients.NetworkClient   : [Consumer clientId=consumer-budget-25, groupId=budget] Client requested disconnect from node 2147483647
2024-03-05T07:49:45.848+01:00  INFO 11964 --- [ntainer#2-0-C-1] o.a.k.c.c.internals.ConsumerCoordinator  : [Consumer clientId=consumer-budget-25, groupId=budget] Discovered group coordinator localhost:54080 (id: 2147483647 rack: null)
2024-03-05T07:49:45.848+01:00  INFO 11964 --- [ntainer#2-0-C-1] o.a.k.c.c.internals.ConsumerCoordinator  : [Consumer clientId=consumer-budget-25, groupId=budget] Group coordinator localhost:54080 (id: 2147483647 rack: null) is unavailable or invalid due to cause: coordinator unavailable. isDisconnected: false. Rediscovery will be attempted.
2024-03-05T07:49:45.848+01:00  INFO 11964 --- [ntainer#2-0-C-1] o.a.k.c.c.internals.ConsumerCoordinator  : [Consumer clientId=consumer-budget-25, groupId=budget] Requesting disconnect from last known coordinator localhost:54080 (id: 2147483647 rack: null)
2024-03-05T07:49:45.851+01:00  INFO 11964 --- [r-event-handler] state.change.logger                      : [Broker id=0] Creating new partition __consumer_offsets-32 with topic id LNXH-wc6S_m3224quRHaZA.
2024-03-05T07:49:45.860+01:00  INFO 11964 --- [r-event-handler] kafka.log.UnifiedLog$                    : [LogLoader partition=__consumer_offsets-32, dir=C:\Users\tobia\AppData\Local\Temp\kafka-11562819809130378155\broker_0_data0] Loading producer state till offset 0 with message format version 2
2024-03-05T07:49:45.861+01:00  INFO 11964 --- [r-event-handler] kafka.log.LogManager                     : Created log for partition __consumer_offsets-32 in C:\Users\tobia\AppData\Local\Temp\kafka-11562819809130378155\broker_0_data0\__consumer_offsets-32 with properties {cleanup.policy=compact, compression.type="producer", segment.bytes=104857600}
2024-03-05T07:49:45.861+01:00  INFO 11964 --- [r-event-handler] kafka.cluster.Partition                  : [Partition __consumer_offsets-32 broker=0] No checkpointed highwatermark is found for partition __consumer_offsets-32
2024-03-05T07:49:45.861+01:00  INFO 11964 --- [r-event-handler] kafka.cluster.Partition                  : [Partition __consumer_offsets-32 broker=0] Log loaded for partition __consumer_offsets-32 with initial high watermark 0
2024-03-05T07:49:45.861+01:00  INFO 11964 --- [r-event-handler] state.change.logger                      : [Broker id=0] Leader __consumer_offsets-32 with topic id Some(LNXH-wc6S_m3224quRHaZA) starts at leader epoch 0 from offset 0 with partition epoch 0, high watermark 0, ISR [0], adding replicas [] and removing replicas [] . Previous leader None and previous leader epoch was -1.
2024-03-05T07:49:45.864+01:00  INFO 11964 --- [ntainer#0-0-C-1] o.a.k.c.c.internals.ConsumerCoordinator  : [Consumer clientId=consumer-product-26, groupId=product] Discovered group coordinator localhost:54080 (id: 2147483647 rack: null)
2024-03-05T07:49:45.866+01:00  INFO 11964 --- [ntainer#0-0-C-1] o.a.k.c.c.internals.ConsumerCoordinator  : [Consumer clientId=consumer-product-26, groupId=product] Request joining group due to: rebalance failed due to 'This is not the correct coordinator.' (NotCoordinatorException)
2024-03-05T07:49:45.866+01:00  INFO 11964 --- [ntainer#0-0-C-1] o.a.k.c.c.internals.ConsumerCoordinator  : [Consumer clientId=consumer-product-26, groupId=product] (Re-)joining group
2024-03-05T07:49:45.872+01:00  INFO 11964 --- [r-event-handler] state.change.logger                      : [Broker id=0] Creating new partition __consumer_offsets-28 with topic id LNXH-wc6S_m3224quRHaZA.
2024-03-05T07:49:45.879+01:00  INFO 11964 --- [ntainer#0-0-C-1] o.a.k.c.c.internals.ConsumerCoordinator  : [Consumer clientId=consumer-product-26, groupId=product] Group coordinator localhost:54080 (id: 2147483647 rack: null) is unavailable or invalid due to cause: error response NOT_COORDINATOR. isDisconnected: false. Rediscovery will be attempted.
2024-03-05T07:49:45.879+01:00  INFO 11964 --- [ntainer#0-0-C-1] o.a.k.c.c.internals.ConsumerCoordinator  : [Consumer clientId=consumer-product-26, groupId=product] Requesting disconnect from last known coordinator localhost:54080 (id: 2147483647 rack: null)
2024-03-05T07:49:45.879+01:00  INFO 11964 --- [ntainer#0-0-C-1] o.a.k.c.c.internals.ConsumerCoordinator  : [Consumer clientId=consumer-product-26, groupId=product] JoinGroup failed: This is not the correct coordinator. Marking coordinator unknown. Sent generation was Generation{generationId=-1, memberId='', protocol='null'}
2024-03-05T07:49:45.880+01:00  INFO 11964 --- [ntainer#0-0-C-1] org.apache.kafka.clients.NetworkClient   : [Consumer clientId=consumer-product-26, groupId=product] Client requested disconnect from node 2147483647
2024-03-05T07:49:45.881+01:00  INFO 11964 --- [r-event-handler] kafka.log.UnifiedLog$                    : [LogLoader partition=__consumer_offsets-28, dir=C:\Users\tobia\AppData\Local\Temp\kafka-11562819809130378155\broker_0_data0] Loading producer state till offset 0 with message format version 2
2024-03-05T07:49:45.882+01:00  INFO 11964 --- [r-event-handler] kafka.log.LogManager                     : Created log for partition __consumer_offsets-28 in C:\Users\tobia\AppData\Local\Temp\kafka-11562819809130378155\broker_0_data0\__consumer_offsets-28 with properties {cleanup.policy=compact, compression.type="producer", segment.bytes=104857600}
2024-03-05T07:49:45.882+01:00  INFO 11964 --- [r-event-handler] kafka.cluster.Partition                  : [Partition __consumer_offsets-28 broker=0] No checkpointed highwatermark is found for partition __consumer_offsets-28
2024-03-05T07:49:45.882+01:00  INFO 11964 --- [r-event-handler] kafka.cluster.Partition                  : [Partition __consumer_offsets-28 broker=0] Log loaded for partition __consumer_offsets-28 with initial high watermark 0
2024-03-05T07:49:45.882+01:00  INFO 11964 --- [r-event-handler] state.change.logger                      : [Broker id=0] Leader __consumer_offsets-28 with topic id Some(LNXH-wc6S_m3224quRHaZA) starts at leader epoch 0 from offset 0 with partition epoch 0, high watermark 0, ISR [0], adding replicas [] and removing replicas [] . Previous leader None and previous leader epoch was -1.
2024-03-05T07:49:45.882+01:00  INFO 11964 --- [ntainer#0-0-C-1] o.a.k.c.c.internals.ConsumerCoordinator  : [Consumer clientId=consumer-product-26, groupId=product] Discovered group coordinator localhost:54080 (id: 2147483647 rack: null)
2024-03-05T07:49:45.882+01:00  INFO 11964 --- [ntainer#0-0-C-1] o.a.k.c.c.internals.ConsumerCoordinator  : [Consumer clientId=consumer-product-26, groupId=product] Group coordinator localhost:54080 (id: 2147483647 rack: null) is unavailable or invalid due to cause: coordinator unavailable. isDisconnected: false. Rediscovery will be attempted.
2024-03-05T07:49:45.882+01:00  INFO 11964 --- [ntainer#0-0-C-1] o.a.k.c.c.internals.ConsumerCoordinator  : [Consumer clientId=consumer-product-26, groupId=product] Requesting disconnect from last known coordinator localhost:54080 (id: 2147483647 rack: null)
2024-03-05T07:49:45.882+01:00  INFO 11964 --- [ntainer#1-0-C-1] o.a.k.c.c.internals.ConsumerCoordinator  : [Consumer clientId=consumer-budget-27, groupId=budget] Discovered group coordinator localhost:54080 (id: 2147483647 rack: null)
2024-03-05T07:49:45.884+01:00  INFO 11964 --- [ntainer#1-0-C-1] o.a.k.c.c.internals.ConsumerCoordinator  : [Consumer clientId=consumer-budget-27, groupId=budget] Request joining group due to: rebalance failed due to 'This is not the correct coordinator.' (NotCoordinatorException)
2024-03-05T07:49:45.885+01:00  INFO 11964 --- [ntainer#1-0-C-1] o.a.k.c.c.internals.ConsumerCoordinator  : [Consumer clientId=consumer-budget-27, groupId=budget] (Re-)joining group
2024-03-05T07:49:45.888+01:00  INFO 11964 --- [r-event-handler] state.change.logger                      : [Broker id=0] Creating new partition __consumer_offsets-7 with topic id LNXH-wc6S_m3224quRHaZA.
2024-03-05T07:49:45.890+01:00  INFO 11964 --- [ntainer#1-0-C-1] o.a.k.c.c.internals.ConsumerCoordinator  : [Consumer clientId=consumer-budget-27, groupId=budget] Group coordinator localhost:54080 (id: 2147483647 rack: null) is unavailable or invalid due to cause: error response NOT_COORDINATOR. isDisconnected: false. Rediscovery will be attempted.
2024-03-05T07:49:45.890+01:00  INFO 11964 --- [ntainer#1-0-C-1] o.a.k.c.c.internals.ConsumerCoordinator  : [Consumer clientId=consumer-budget-27, groupId=budget] Requesting disconnect from last known coordinator localhost:54080 (id: 2147483647 rack: null)
2024-03-05T07:49:45.890+01:00  INFO 11964 --- [ntainer#1-0-C-1] o.a.k.c.c.internals.ConsumerCoordinator  : [Consumer clientId=consumer-budget-27, groupId=budget] JoinGroup failed: This is not the correct coordinator. Marking coordinator unknown. Sent generation was Generation{generationId=-1, memberId='', protocol='null'}
2024-03-05T07:49:45.890+01:00  INFO 11964 --- [ntainer#1-0-C-1] org.apache.kafka.clients.NetworkClient   : [Consumer clientId=consumer-budget-27, groupId=budget] Client requested disconnect from node 2147483647
2024-03-05T07:49:45.893+01:00  INFO 11964 --- [ntainer#1-0-C-1] o.a.k.c.c.internals.ConsumerCoordinator  : [Consumer clientId=consumer-budget-27, groupId=budget] Discovered group coordinator localhost:54080 (id: 2147483647 rack: null)
2024-03-05T07:49:45.894+01:00  INFO 11964 --- [ntainer#1-0-C-1] o.a.k.c.c.internals.ConsumerCoordinator  : [Consumer clientId=consumer-budget-27, groupId=budget] Group coordinator localhost:54080 (id: 2147483647 rack: null) is unavailable or invalid due to cause: coordinator unavailable. isDisconnected: false. Rediscovery will be attempted.
2024-03-05T07:49:45.894+01:00  INFO 11964 --- [ntainer#1-0-C-1] o.a.k.c.c.internals.ConsumerCoordinator  : [Consumer clientId=consumer-budget-27, groupId=budget] Requesting disconnect from last known coordinator localhost:54080 (id: 2147483647 rack: null)
]]></system-out>
  </testcase>
  <testcase name="testBudgetPlanChange_whenCreate_BudgetPlanIsCorrectlyCreated" classname="com.example.Analytics.logic.operations.BudgetServiceTest" time="0.199">
    <system-out><![CDATA[2024-03-05T07:49:45.918+01:00  INFO 11964 --- [r-event-handler] kafka.log.UnifiedLog$                    : [LogLoader partition=__consumer_offsets-7, dir=C:\Users\tobia\AppData\Local\Temp\kafka-11562819809130378155\broker_0_data0] Loading producer state till offset 0 with message format version 2
2024-03-05T07:49:45.920+01:00  INFO 11964 --- [r-event-handler] kafka.log.LogManager                     : Created log for partition __consumer_offsets-7 in C:\Users\tobia\AppData\Local\Temp\kafka-11562819809130378155\broker_0_data0\__consumer_offsets-7 with properties {cleanup.policy=compact, compression.type="producer", segment.bytes=104857600}
2024-03-05T07:49:45.920+01:00  INFO 11964 --- [r-event-handler] kafka.cluster.Partition                  : [Partition __consumer_offsets-7 broker=0] No checkpointed highwatermark is found for partition __consumer_offsets-7
2024-03-05T07:49:45.920+01:00  INFO 11964 --- [r-event-handler] kafka.cluster.Partition                  : [Partition __consumer_offsets-7 broker=0] Log loaded for partition __consumer_offsets-7 with initial high watermark 0
2024-03-05T07:49:45.921+01:00  INFO 11964 --- [r-event-handler] state.change.logger                      : [Broker id=0] Leader __consumer_offsets-7 with topic id Some(LNXH-wc6S_m3224quRHaZA) starts at leader epoch 0 from offset 0 with partition epoch 0, high watermark 0, ISR [0], adding replicas [] and removing replicas [] . Previous leader None and previous leader epoch was -1.
2024-03-05T07:49:45.956+01:00  INFO 11964 --- [ntainer#2-0-C-1] o.a.k.c.c.internals.ConsumerCoordinator  : [Consumer clientId=consumer-budget-25, groupId=budget] Discovered group coordinator localhost:54080 (id: 2147483647 rack: null)
2024-03-05T07:49:45.957+01:00  INFO 11964 --- [ntainer#2-0-C-1] o.a.k.c.c.internals.ConsumerCoordinator  : [Consumer clientId=consumer-budget-25, groupId=budget] Request joining group due to: rebalance failed due to 'This is not the correct coordinator.' (NotCoordinatorException)
2024-03-05T07:49:45.957+01:00  INFO 11964 --- [ntainer#2-0-C-1] o.a.k.c.c.internals.ConsumerCoordinator  : [Consumer clientId=consumer-budget-25, groupId=budget] (Re-)joining group
2024-03-05T07:49:45.960+01:00  INFO 11964 --- [ntainer#2-0-C-1] o.a.k.c.c.internals.ConsumerCoordinator  : [Consumer clientId=consumer-budget-25, groupId=budget] Group coordinator localhost:54080 (id: 2147483647 rack: null) is unavailable or invalid due to cause: error response NOT_COORDINATOR. isDisconnected: false. Rediscovery will be attempted.
2024-03-05T07:49:45.960+01:00  INFO 11964 --- [ntainer#2-0-C-1] o.a.k.c.c.internals.ConsumerCoordinator  : [Consumer clientId=consumer-budget-25, groupId=budget] Requesting disconnect from last known coordinator localhost:54080 (id: 2147483647 rack: null)
2024-03-05T07:49:45.960+01:00  INFO 11964 --- [ntainer#2-0-C-1] o.a.k.c.c.internals.ConsumerCoordinator  : [Consumer clientId=consumer-budget-25, groupId=budget] JoinGroup failed: This is not the correct coordinator. Marking coordinator unknown. Sent generation was Generation{generationId=-1, memberId='', protocol='null'}
2024-03-05T07:49:45.961+01:00  INFO 11964 --- [ntainer#2-0-C-1] org.apache.kafka.clients.NetworkClient   : [Consumer clientId=consumer-budget-25, groupId=budget] Client requested disconnect from node 2147483647
2024-03-05T07:49:45.962+01:00  INFO 11964 --- [ntainer#2-0-C-1] o.a.k.c.c.internals.ConsumerCoordinator  : [Consumer clientId=consumer-budget-25, groupId=budget] Discovered group coordinator localhost:54080 (id: 2147483647 rack: null)
2024-03-05T07:49:45.962+01:00  INFO 11964 --- [ntainer#2-0-C-1] o.a.k.c.c.internals.ConsumerCoordinator  : [Consumer clientId=consumer-budget-25, groupId=budget] Group coordinator localhost:54080 (id: 2147483647 rack: null) is unavailable or invalid due to cause: coordinator unavailable. isDisconnected: false. Rediscovery will be attempted.
2024-03-05T07:49:45.962+01:00  INFO 11964 --- [ntainer#2-0-C-1] o.a.k.c.c.internals.ConsumerCoordinator  : [Consumer clientId=consumer-budget-25, groupId=budget] Requesting disconnect from last known coordinator localhost:54080 (id: 2147483647 rack: null)
2024-03-05T07:49:45.983+01:00  INFO 11964 --- [r-event-handler] state.change.logger                      : [Broker id=0] Creating new partition __consumer_offsets-40 with topic id LNXH-wc6S_m3224quRHaZA.
2024-03-05T07:49:45.988+01:00  INFO 11964 --- [ntainer#0-0-C-1] o.a.k.c.c.internals.ConsumerCoordinator  : [Consumer clientId=consumer-product-26, groupId=product] Discovered group coordinator localhost:54080 (id: 2147483647 rack: null)
2024-03-05T07:49:45.989+01:00  INFO 11964 --- [ntainer#0-0-C-1] o.a.k.c.c.internals.ConsumerCoordinator  : [Consumer clientId=consumer-product-26, groupId=product] Request joining group due to: rebalance failed due to 'This is not the correct coordinator.' (NotCoordinatorException)
2024-03-05T07:49:45.990+01:00  INFO 11964 --- [ntainer#0-0-C-1] o.a.k.c.c.internals.ConsumerCoordinator  : [Consumer clientId=consumer-product-26, groupId=product] (Re-)joining group
2024-03-05T07:49:45.992+01:00  INFO 11964 --- [ntainer#0-0-C-1] o.a.k.c.c.internals.ConsumerCoordinator  : [Consumer clientId=consumer-product-26, groupId=product] Group coordinator localhost:54080 (id: 2147483647 rack: null) is unavailable or invalid due to cause: error response NOT_COORDINATOR. isDisconnected: false. Rediscovery will be attempted.
2024-03-05T07:49:45.992+01:00  INFO 11964 --- [ntainer#0-0-C-1] o.a.k.c.c.internals.ConsumerCoordinator  : [Consumer clientId=consumer-product-26, groupId=product] Requesting disconnect from last known coordinator localhost:54080 (id: 2147483647 rack: null)
2024-03-05T07:49:45.992+01:00  INFO 11964 --- [ntainer#0-0-C-1] o.a.k.c.c.internals.ConsumerCoordinator  : [Consumer clientId=consumer-product-26, groupId=product] JoinGroup failed: This is not the correct coordinator. Marking coordinator unknown. Sent generation was Generation{generationId=-1, memberId='', protocol='null'}
2024-03-05T07:49:45.992+01:00  INFO 11964 --- [ntainer#0-0-C-1] org.apache.kafka.clients.NetworkClient   : [Consumer clientId=consumer-product-26, groupId=product] Client requested disconnect from node 2147483647
2024-03-05T07:49:45.994+01:00  INFO 11964 --- [ntainer#0-0-C-1] o.a.k.c.c.internals.ConsumerCoordinator  : [Consumer clientId=consumer-product-26, groupId=product] Discovered group coordinator localhost:54080 (id: 2147483647 rack: null)
2024-03-05T07:49:45.994+01:00  INFO 11964 --- [ntainer#0-0-C-1] o.a.k.c.c.internals.ConsumerCoordinator  : [Consumer clientId=consumer-product-26, groupId=product] Group coordinator localhost:54080 (id: 2147483647 rack: null) is unavailable or invalid due to cause: coordinator unavailable. isDisconnected: false. Rediscovery will be attempted.
2024-03-05T07:49:45.994+01:00  INFO 11964 --- [ntainer#0-0-C-1] o.a.k.c.c.internals.ConsumerCoordinator  : [Consumer clientId=consumer-product-26, groupId=product] Requesting disconnect from last known coordinator localhost:54080 (id: 2147483647 rack: null)
2024-03-05T07:49:46.004+01:00  INFO 11964 --- [ntainer#1-0-C-1] o.a.k.c.c.internals.ConsumerCoordinator  : [Consumer clientId=consumer-budget-27, groupId=budget] Discovered group coordinator localhost:54080 (id: 2147483647 rack: null)
2024-03-05T07:49:46.005+01:00  INFO 11964 --- [ntainer#1-0-C-1] o.a.k.c.c.internals.ConsumerCoordinator  : [Consumer clientId=consumer-budget-27, groupId=budget] Request joining group due to: rebalance failed due to 'This is not the correct coordinator.' (NotCoordinatorException)
2024-03-05T07:49:46.006+01:00  INFO 11964 --- [ntainer#1-0-C-1] o.a.k.c.c.internals.ConsumerCoordinator  : [Consumer clientId=consumer-budget-27, groupId=budget] (Re-)joining group
2024-03-05T07:49:46.008+01:00  INFO 11964 --- [ntainer#1-0-C-1] o.a.k.c.c.internals.ConsumerCoordinator  : [Consumer clientId=consumer-budget-27, groupId=budget] Group coordinator localhost:54080 (id: 2147483647 rack: null) is unavailable or invalid due to cause: error response NOT_COORDINATOR. isDisconnected: false. Rediscovery will be attempted.
2024-03-05T07:49:46.008+01:00  INFO 11964 --- [ntainer#1-0-C-1] o.a.k.c.c.internals.ConsumerCoordinator  : [Consumer clientId=consumer-budget-27, groupId=budget] Requesting disconnect from last known coordinator localhost:54080 (id: 2147483647 rack: null)
2024-03-05T07:49:46.008+01:00  INFO 11964 --- [ntainer#1-0-C-1] o.a.k.c.c.internals.ConsumerCoordinator  : [Consumer clientId=consumer-budget-27, groupId=budget] JoinGroup failed: This is not the correct coordinator. Marking coordinator unknown. Sent generation was Generation{generationId=-1, memberId='', protocol='null'}
2024-03-05T07:49:46.008+01:00  INFO 11964 --- [ntainer#1-0-C-1] org.apache.kafka.clients.NetworkClient   : [Consumer clientId=consumer-budget-27, groupId=budget] Client requested disconnect from node 2147483647
2024-03-05T07:49:46.010+01:00  INFO 11964 --- [ntainer#1-0-C-1] o.a.k.c.c.internals.ConsumerCoordinator  : [Consumer clientId=consumer-budget-27, groupId=budget] Discovered group coordinator localhost:54080 (id: 2147483647 rack: null)
2024-03-05T07:49:46.010+01:00  INFO 11964 --- [ntainer#1-0-C-1] o.a.k.c.c.internals.ConsumerCoordinator  : [Consumer clientId=consumer-budget-27, groupId=budget] Group coordinator localhost:54080 (id: 2147483647 rack: null) is unavailable or invalid due to cause: coordinator unavailable. isDisconnected: false. Rediscovery will be attempted.
2024-03-05T07:49:46.010+01:00  INFO 11964 --- [ntainer#1-0-C-1] o.a.k.c.c.internals.ConsumerCoordinator  : [Consumer clientId=consumer-budget-27, groupId=budget] Requesting disconnect from last known coordinator localhost:54080 (id: 2147483647 rack: null)
2024-03-05T07:49:46.050+01:00  INFO 11964 --- [r-event-handler] kafka.log.UnifiedLog$                    : [LogLoader partition=__consumer_offsets-40, dir=C:\Users\tobia\AppData\Local\Temp\kafka-11562819809130378155\broker_0_data0] Loading producer state till offset 0 with message format version 2
2024-03-05T07:49:46.051+01:00  INFO 11964 --- [r-event-handler] kafka.log.LogManager                     : Created log for partition __consumer_offsets-40 in C:\Users\tobia\AppData\Local\Temp\kafka-11562819809130378155\broker_0_data0\__consumer_offsets-40 with properties {cleanup.policy=compact, compression.type="producer", segment.bytes=104857600}
2024-03-05T07:49:46.051+01:00  INFO 11964 --- [r-event-handler] kafka.cluster.Partition                  : [Partition __consumer_offsets-40 broker=0] No checkpointed highwatermark is found for partition __consumer_offsets-40
2024-03-05T07:49:46.051+01:00  INFO 11964 --- [r-event-handler] kafka.cluster.Partition                  : [Partition __consumer_offsets-40 broker=0] Log loaded for partition __consumer_offsets-40 with initial high watermark 0
2024-03-05T07:49:46.051+01:00  INFO 11964 --- [r-event-handler] state.change.logger                      : [Broker id=0] Leader __consumer_offsets-40 with topic id Some(LNXH-wc6S_m3224quRHaZA) starts at leader epoch 0 from offset 0 with partition epoch 0, high watermark 0, ISR [0], adding replicas [] and removing replicas [] . Previous leader None and previous leader epoch was -1.
2024-03-05T07:49:46.067+01:00  INFO 11964 --- [ntainer#2-0-C-1] o.a.k.c.c.internals.ConsumerCoordinator  : [Consumer clientId=consumer-budget-25, groupId=budget] Discovered group coordinator localhost:54080 (id: 2147483647 rack: null)
2024-03-05T07:49:46.068+01:00  INFO 11964 --- [ntainer#2-0-C-1] o.a.k.c.c.internals.ConsumerCoordinator  : [Consumer clientId=consumer-budget-25, groupId=budget] Request joining group due to: rebalance failed due to 'This is not the correct coordinator.' (NotCoordinatorException)
2024-03-05T07:49:46.069+01:00  INFO 11964 --- [ntainer#2-0-C-1] o.a.k.c.c.internals.ConsumerCoordinator  : [Consumer clientId=consumer-budget-25, groupId=budget] (Re-)joining group
2024-03-05T07:49:46.074+01:00  INFO 11964 --- [ntainer#2-0-C-1] o.a.k.c.c.internals.ConsumerCoordinator  : [Consumer clientId=consumer-budget-25, groupId=budget] Group coordinator localhost:54080 (id: 2147483647 rack: null) is unavailable or invalid due to cause: error response NOT_COORDINATOR. isDisconnected: false. Rediscovery will be attempted.
2024-03-05T07:49:46.074+01:00  INFO 11964 --- [ntainer#2-0-C-1] o.a.k.c.c.internals.ConsumerCoordinator  : [Consumer clientId=consumer-budget-25, groupId=budget] Requesting disconnect from last known coordinator localhost:54080 (id: 2147483647 rack: null)
2024-03-05T07:49:46.074+01:00  INFO 11964 --- [ntainer#2-0-C-1] o.a.k.c.c.internals.ConsumerCoordinator  : [Consumer clientId=consumer-budget-25, groupId=budget] JoinGroup failed: This is not the correct coordinator. Marking coordinator unknown. Sent generation was Generation{generationId=-1, memberId='', protocol='null'}
2024-03-05T07:49:46.074+01:00  INFO 11964 --- [ntainer#2-0-C-1] org.apache.kafka.clients.NetworkClient   : [Consumer clientId=consumer-budget-25, groupId=budget] Client requested disconnect from node 2147483647
2024-03-05T07:49:46.076+01:00  INFO 11964 --- [ntainer#2-0-C-1] o.a.k.c.c.internals.ConsumerCoordinator  : [Consumer clientId=consumer-budget-25, groupId=budget] Discovered group coordinator localhost:54080 (id: 2147483647 rack: null)
2024-03-05T07:49:46.076+01:00  INFO 11964 --- [ntainer#2-0-C-1] o.a.k.c.c.internals.ConsumerCoordinator  : [Consumer clientId=consumer-budget-25, groupId=budget] Group coordinator localhost:54080 (id: 2147483647 rack: null) is unavailable or invalid due to cause: coordinator unavailable. isDisconnected: false. Rediscovery will be attempted.
2024-03-05T07:49:46.076+01:00  INFO 11964 --- [ntainer#2-0-C-1] o.a.k.c.c.internals.ConsumerCoordinator  : [Consumer clientId=consumer-budget-25, groupId=budget] Requesting disconnect from last known coordinator localhost:54080 (id: 2147483647 rack: null)
2024-03-05T07:49:46.087+01:00  INFO 11964 --- [r-event-handler] state.change.logger                      : [Broker id=0] Creating new partition __consumer_offsets-3 with topic id LNXH-wc6S_m3224quRHaZA.
2024-03-05T07:49:46.097+01:00  INFO 11964 --- [ntainer#0-0-C-1] o.a.k.c.c.internals.ConsumerCoordinator  : [Consumer clientId=consumer-product-26, groupId=product] Discovered group coordinator localhost:54080 (id: 2147483647 rack: null)
2024-03-05T07:49:46.098+01:00  INFO 11964 --- [ntainer#0-0-C-1] o.a.k.c.c.internals.ConsumerCoordinator  : [Consumer clientId=consumer-product-26, groupId=product] Request joining group due to: rebalance failed due to 'This is not the correct coordinator.' (NotCoordinatorException)
2024-03-05T07:49:46.098+01:00  INFO 11964 --- [ntainer#0-0-C-1] o.a.k.c.c.internals.ConsumerCoordinator  : [Consumer clientId=consumer-product-26, groupId=product] (Re-)joining group
2024-03-05T07:49:46.101+01:00  INFO 11964 --- [ntainer#0-0-C-1] o.a.k.c.c.internals.ConsumerCoordinator  : [Consumer clientId=consumer-product-26, groupId=product] Group coordinator localhost:54080 (id: 2147483647 rack: null) is unavailable or invalid due to cause: error response NOT_COORDINATOR. isDisconnected: false. Rediscovery will be attempted.
2024-03-05T07:49:46.101+01:00  INFO 11964 --- [ntainer#0-0-C-1] o.a.k.c.c.internals.ConsumerCoordinator  : [Consumer clientId=consumer-product-26, groupId=product] Requesting disconnect from last known coordinator localhost:54080 (id: 2147483647 rack: null)
2024-03-05T07:49:46.101+01:00  INFO 11964 --- [ntainer#0-0-C-1] o.a.k.c.c.internals.ConsumerCoordinator  : [Consumer clientId=consumer-product-26, groupId=product] JoinGroup failed: This is not the correct coordinator. Marking coordinator unknown. Sent generation was Generation{generationId=-1, memberId='', protocol='null'}
2024-03-05T07:49:46.101+01:00  INFO 11964 --- [ntainer#0-0-C-1] org.apache.kafka.clients.NetworkClient   : [Consumer clientId=consumer-product-26, groupId=product] Client requested disconnect from node 2147483647
2024-03-05T07:49:46.104+01:00  INFO 11964 --- [ntainer#0-0-C-1] o.a.k.c.c.internals.ConsumerCoordinator  : [Consumer clientId=consumer-product-26, groupId=product] Discovered group coordinator localhost:54080 (id: 2147483647 rack: null)
2024-03-05T07:49:46.104+01:00  INFO 11964 --- [ntainer#0-0-C-1] o.a.k.c.c.internals.ConsumerCoordinator  : [Consumer clientId=consumer-product-26, groupId=product] Group coordinator localhost:54080 (id: 2147483647 rack: null) is unavailable or invalid due to cause: coordinator unavailable. isDisconnected: false. Rediscovery will be attempted.
2024-03-05T07:49:46.104+01:00  INFO 11964 --- [ntainer#0-0-C-1] o.a.k.c.c.internals.ConsumerCoordinator  : [Consumer clientId=consumer-product-26, groupId=product] Requesting disconnect from last known coordinator localhost:54080 (id: 2147483647 rack: null)
]]></system-out>
  </testcase>
  <testcase name="testTransactionRecordDto_whenCreate_correctlyCreated" classname="com.example.Analytics.logic.operations.BudgetServiceTest" time="0.963">
    <system-out><![CDATA[2024-03-05T07:49:46.111+01:00  INFO 11964 --- [r-event-handler] kafka.log.UnifiedLog$                    : [LogLoader partition=__consumer_offsets-3, dir=C:\Users\tobia\AppData\Local\Temp\kafka-11562819809130378155\broker_0_data0] Loading producer state till offset 0 with message format version 2
2024-03-05T07:49:46.112+01:00  INFO 11964 --- [ntainer#1-0-C-1] o.a.k.c.c.internals.ConsumerCoordinator  : [Consumer clientId=consumer-budget-27, groupId=budget] Discovered group coordinator localhost:54080 (id: 2147483647 rack: null)
2024-03-05T07:49:46.112+01:00  INFO 11964 --- [r-event-handler] kafka.log.LogManager                     : Created log for partition __consumer_offsets-3 in C:\Users\tobia\AppData\Local\Temp\kafka-11562819809130378155\broker_0_data0\__consumer_offsets-3 with properties {cleanup.policy=compact, compression.type="producer", segment.bytes=104857600}
2024-03-05T07:49:46.112+01:00  INFO 11964 --- [r-event-handler] kafka.cluster.Partition                  : [Partition __consumer_offsets-3 broker=0] No checkpointed highwatermark is found for partition __consumer_offsets-3
2024-03-05T07:49:46.112+01:00  INFO 11964 --- [r-event-handler] kafka.cluster.Partition                  : [Partition __consumer_offsets-3 broker=0] Log loaded for partition __consumer_offsets-3 with initial high watermark 0
2024-03-05T07:49:46.112+01:00  INFO 11964 --- [r-event-handler] state.change.logger                      : [Broker id=0] Leader __consumer_offsets-3 with topic id Some(LNXH-wc6S_m3224quRHaZA) starts at leader epoch 0 from offset 0 with partition epoch 0, high watermark 0, ISR [0], adding replicas [] and removing replicas [] . Previous leader None and previous leader epoch was -1.
2024-03-05T07:49:46.113+01:00  INFO 11964 --- [ntainer#1-0-C-1] o.a.k.c.c.internals.ConsumerCoordinator  : [Consumer clientId=consumer-budget-27, groupId=budget] Request joining group due to: rebalance failed due to 'This is not the correct coordinator.' (NotCoordinatorException)
2024-03-05T07:49:46.113+01:00  INFO 11964 --- [ntainer#1-0-C-1] o.a.k.c.c.internals.ConsumerCoordinator  : [Consumer clientId=consumer-budget-27, groupId=budget] (Re-)joining group
2024-03-05T07:49:46.116+01:00  INFO 11964 --- [ntainer#1-0-C-1] o.a.k.c.c.internals.ConsumerCoordinator  : [Consumer clientId=consumer-budget-27, groupId=budget] Group coordinator localhost:54080 (id: 2147483647 rack: null) is unavailable or invalid due to cause: error response NOT_COORDINATOR. isDisconnected: false. Rediscovery will be attempted.
2024-03-05T07:49:46.116+01:00  INFO 11964 --- [ntainer#1-0-C-1] o.a.k.c.c.internals.ConsumerCoordinator  : [Consumer clientId=consumer-budget-27, groupId=budget] Requesting disconnect from last known coordinator localhost:54080 (id: 2147483647 rack: null)
2024-03-05T07:49:46.116+01:00  INFO 11964 --- [ntainer#1-0-C-1] o.a.k.c.c.internals.ConsumerCoordinator  : [Consumer clientId=consumer-budget-27, groupId=budget] JoinGroup failed: This is not the correct coordinator. Marking coordinator unknown. Sent generation was Generation{generationId=-1, memberId='', protocol='null'}
2024-03-05T07:49:46.116+01:00  INFO 11964 --- [ntainer#1-0-C-1] org.apache.kafka.clients.NetworkClient   : [Consumer clientId=consumer-budget-27, groupId=budget] Client requested disconnect from node 2147483647
2024-03-05T07:49:46.121+01:00  INFO 11964 --- [ntainer#1-0-C-1] o.a.k.c.c.internals.ConsumerCoordinator  : [Consumer clientId=consumer-budget-27, groupId=budget] Discovered group coordinator localhost:54080 (id: 2147483647 rack: null)
2024-03-05T07:49:46.121+01:00  INFO 11964 --- [ntainer#1-0-C-1] o.a.k.c.c.internals.ConsumerCoordinator  : [Consumer clientId=consumer-budget-27, groupId=budget] Group coordinator localhost:54080 (id: 2147483647 rack: null) is unavailable or invalid due to cause: coordinator unavailable. isDisconnected: false. Rediscovery will be attempted.
2024-03-05T07:49:46.121+01:00  INFO 11964 --- [ntainer#1-0-C-1] o.a.k.c.c.internals.ConsumerCoordinator  : [Consumer clientId=consumer-budget-27, groupId=budget] Requesting disconnect from last known coordinator localhost:54080 (id: 2147483647 rack: null)
2024-03-05T07:49:46.153+01:00  INFO 11964 --- [r-event-handler] state.change.logger                      : [Broker id=0] Creating new partition __consumer_offsets-36 with topic id LNXH-wc6S_m3224quRHaZA.
2024-03-05T07:49:46.192+01:00  INFO 11964 --- [ntainer#2-0-C-1] o.a.k.c.c.internals.ConsumerCoordinator  : [Consumer clientId=consumer-budget-25, groupId=budget] Discovered group coordinator localhost:54080 (id: 2147483647 rack: null)
2024-03-05T07:49:46.193+01:00  INFO 11964 --- [ntainer#2-0-C-1] o.a.k.c.c.internals.ConsumerCoordinator  : [Consumer clientId=consumer-budget-25, groupId=budget] Request joining group due to: rebalance failed due to 'This is not the correct coordinator.' (NotCoordinatorException)
2024-03-05T07:49:46.194+01:00  INFO 11964 --- [ntainer#2-0-C-1] o.a.k.c.c.internals.ConsumerCoordinator  : [Consumer clientId=consumer-budget-25, groupId=budget] (Re-)joining group
2024-03-05T07:49:46.196+01:00  INFO 11964 --- [ntainer#2-0-C-1] o.a.k.c.c.internals.ConsumerCoordinator  : [Consumer clientId=consumer-budget-25, groupId=budget] Group coordinator localhost:54080 (id: 2147483647 rack: null) is unavailable or invalid due to cause: error response NOT_COORDINATOR. isDisconnected: false. Rediscovery will be attempted.
2024-03-05T07:49:46.196+01:00  INFO 11964 --- [ntainer#2-0-C-1] o.a.k.c.c.internals.ConsumerCoordinator  : [Consumer clientId=consumer-budget-25, groupId=budget] Requesting disconnect from last known coordinator localhost:54080 (id: 2147483647 rack: null)
2024-03-05T07:49:46.197+01:00  INFO 11964 --- [ntainer#2-0-C-1] o.a.k.c.c.internals.ConsumerCoordinator  : [Consumer clientId=consumer-budget-25, groupId=budget] JoinGroup failed: This is not the correct coordinator. Marking coordinator unknown. Sent generation was Generation{generationId=-1, memberId='', protocol='null'}
2024-03-05T07:49:46.197+01:00  INFO 11964 --- [ntainer#2-0-C-1] org.apache.kafka.clients.NetworkClient   : [Consumer clientId=consumer-budget-25, groupId=budget] Client requested disconnect from node 2147483647
2024-03-05T07:49:46.198+01:00  INFO 11964 --- [ntainer#2-0-C-1] o.a.k.c.c.internals.ConsumerCoordinator  : [Consumer clientId=consumer-budget-25, groupId=budget] Discovered group coordinator localhost:54080 (id: 2147483647 rack: null)
2024-03-05T07:49:46.198+01:00  INFO 11964 --- [ntainer#2-0-C-1] o.a.k.c.c.internals.ConsumerCoordinator  : [Consumer clientId=consumer-budget-25, groupId=budget] Group coordinator localhost:54080 (id: 2147483647 rack: null) is unavailable or invalid due to cause: coordinator unavailable. isDisconnected: false. Rediscovery will be attempted.
2024-03-05T07:49:46.198+01:00  INFO 11964 --- [ntainer#2-0-C-1] o.a.k.c.c.internals.ConsumerCoordinator  : [Consumer clientId=consumer-budget-25, groupId=budget] Requesting disconnect from last known coordinator localhost:54080 (id: 2147483647 rack: null)
2024-03-05T07:49:46.207+01:00  INFO 11964 --- [ntainer#0-0-C-1] o.a.k.c.c.internals.ConsumerCoordinator  : [Consumer clientId=consumer-product-26, groupId=product] Discovered group coordinator localhost:54080 (id: 2147483647 rack: null)
2024-03-05T07:49:46.208+01:00  INFO 11964 --- [ntainer#0-0-C-1] o.a.k.c.c.internals.ConsumerCoordinator  : [Consumer clientId=consumer-product-26, groupId=product] Request joining group due to: rebalance failed due to 'This is not the correct coordinator.' (NotCoordinatorException)
2024-03-05T07:49:46.209+01:00  INFO 11964 --- [ntainer#0-0-C-1] o.a.k.c.c.internals.ConsumerCoordinator  : [Consumer clientId=consumer-product-26, groupId=product] (Re-)joining group
2024-03-05T07:49:46.211+01:00  INFO 11964 --- [ntainer#0-0-C-1] o.a.k.c.c.internals.ConsumerCoordinator  : [Consumer clientId=consumer-product-26, groupId=product] Group coordinator localhost:54080 (id: 2147483647 rack: null) is unavailable or invalid due to cause: error response NOT_COORDINATOR. isDisconnected: false. Rediscovery will be attempted.
2024-03-05T07:49:46.211+01:00  INFO 11964 --- [ntainer#0-0-C-1] o.a.k.c.c.internals.ConsumerCoordinator  : [Consumer clientId=consumer-product-26, groupId=product] Requesting disconnect from last known coordinator localhost:54080 (id: 2147483647 rack: null)
2024-03-05T07:49:46.211+01:00  INFO 11964 --- [ntainer#0-0-C-1] o.a.k.c.c.internals.ConsumerCoordinator  : [Consumer clientId=consumer-product-26, groupId=product] JoinGroup failed: This is not the correct coordinator. Marking coordinator unknown. Sent generation was Generation{generationId=-1, memberId='', protocol='null'}
2024-03-05T07:49:46.211+01:00  INFO 11964 --- [ntainer#0-0-C-1] org.apache.kafka.clients.NetworkClient   : [Consumer clientId=consumer-product-26, groupId=product] Client requested disconnect from node 2147483647
2024-03-05T07:49:46.212+01:00  INFO 11964 --- [r-event-handler] kafka.log.UnifiedLog$                    : [LogLoader partition=__consumer_offsets-36, dir=C:\Users\tobia\AppData\Local\Temp\kafka-11562819809130378155\broker_0_data0] Loading producer state till offset 0 with message format version 2
2024-03-05T07:49:46.212+01:00  INFO 11964 --- [ntainer#0-0-C-1] o.a.k.c.c.internals.ConsumerCoordinator  : [Consumer clientId=consumer-product-26, groupId=product] Discovered group coordinator localhost:54080 (id: 2147483647 rack: null)
2024-03-05T07:49:46.212+01:00  INFO 11964 --- [ntainer#0-0-C-1] o.a.k.c.c.internals.ConsumerCoordinator  : [Consumer clientId=consumer-product-26, groupId=product] Group coordinator localhost:54080 (id: 2147483647 rack: null) is unavailable or invalid due to cause: coordinator unavailable. isDisconnected: false. Rediscovery will be attempted.
2024-03-05T07:49:46.212+01:00  INFO 11964 --- [ntainer#0-0-C-1] o.a.k.c.c.internals.ConsumerCoordinator  : [Consumer clientId=consumer-product-26, groupId=product] Requesting disconnect from last known coordinator localhost:54080 (id: 2147483647 rack: null)
2024-03-05T07:49:46.213+01:00  INFO 11964 --- [r-event-handler] kafka.log.LogManager                     : Created log for partition __consumer_offsets-36 in C:\Users\tobia\AppData\Local\Temp\kafka-11562819809130378155\broker_0_data0\__consumer_offsets-36 with properties {cleanup.policy=compact, compression.type="producer", segment.bytes=104857600}
2024-03-05T07:49:46.213+01:00  INFO 11964 --- [r-event-handler] kafka.cluster.Partition                  : [Partition __consumer_offsets-36 broker=0] No checkpointed highwatermark is found for partition __consumer_offsets-36
2024-03-05T07:49:46.213+01:00  INFO 11964 --- [r-event-handler] kafka.cluster.Partition                  : [Partition __consumer_offsets-36 broker=0] Log loaded for partition __consumer_offsets-36 with initial high watermark 0
2024-03-05T07:49:46.213+01:00  INFO 11964 --- [r-event-handler] state.change.logger                      : [Broker id=0] Leader __consumer_offsets-36 with topic id Some(LNXH-wc6S_m3224quRHaZA) starts at leader epoch 0 from offset 0 with partition epoch 0, high watermark 0, ISR [0], adding replicas [] and removing replicas [] . Previous leader None and previous leader epoch was -1.
2024-03-05T07:49:46.220+01:00  INFO 11964 --- [r-event-handler] state.change.logger                      : [Broker id=0] Creating new partition __consumer_offsets-47 with topic id LNXH-wc6S_m3224quRHaZA.
2024-03-05T07:49:46.225+01:00  INFO 11964 --- [ntainer#1-0-C-1] o.a.k.c.c.internals.ConsumerCoordinator  : [Consumer clientId=consumer-budget-27, groupId=budget] Discovered group coordinator localhost:54080 (id: 2147483647 rack: null)
2024-03-05T07:49:46.226+01:00  INFO 11964 --- [ntainer#1-0-C-1] o.a.k.c.c.internals.ConsumerCoordinator  : [Consumer clientId=consumer-budget-27, groupId=budget] Request joining group due to: rebalance failed due to 'This is not the correct coordinator.' (NotCoordinatorException)
2024-03-05T07:49:46.226+01:00  INFO 11964 --- [ntainer#1-0-C-1] o.a.k.c.c.internals.ConsumerCoordinator  : [Consumer clientId=consumer-budget-27, groupId=budget] (Re-)joining group
2024-03-05T07:49:46.229+01:00  INFO 11964 --- [ntainer#1-0-C-1] o.a.k.c.c.internals.ConsumerCoordinator  : [Consumer clientId=consumer-budget-27, groupId=budget] Group coordinator localhost:54080 (id: 2147483647 rack: null) is unavailable or invalid due to cause: error response NOT_COORDINATOR. isDisconnected: false. Rediscovery will be attempted.
2024-03-05T07:49:46.230+01:00  INFO 11964 --- [ntainer#1-0-C-1] o.a.k.c.c.internals.ConsumerCoordinator  : [Consumer clientId=consumer-budget-27, groupId=budget] Requesting disconnect from last known coordinator localhost:54080 (id: 2147483647 rack: null)
2024-03-05T07:49:46.230+01:00  INFO 11964 --- [ntainer#1-0-C-1] o.a.k.c.c.internals.ConsumerCoordinator  : [Consumer clientId=consumer-budget-27, groupId=budget] JoinGroup failed: This is not the correct coordinator. Marking coordinator unknown. Sent generation was Generation{generationId=-1, memberId='', protocol='null'}
2024-03-05T07:49:46.230+01:00  INFO 11964 --- [ntainer#1-0-C-1] org.apache.kafka.clients.NetworkClient   : [Consumer clientId=consumer-budget-27, groupId=budget] Client requested disconnect from node 2147483647
2024-03-05T07:49:46.233+01:00  INFO 11964 --- [ntainer#1-0-C-1] o.a.k.c.c.internals.ConsumerCoordinator  : [Consumer clientId=consumer-budget-27, groupId=budget] Discovered group coordinator localhost:54080 (id: 2147483647 rack: null)
2024-03-05T07:49:46.233+01:00  INFO 11964 --- [ntainer#1-0-C-1] o.a.k.c.c.internals.ConsumerCoordinator  : [Consumer clientId=consumer-budget-27, groupId=budget] Group coordinator localhost:54080 (id: 2147483647 rack: null) is unavailable or invalid due to cause: coordinator unavailable. isDisconnected: false. Rediscovery will be attempted.
2024-03-05T07:49:46.233+01:00  INFO 11964 --- [ntainer#1-0-C-1] o.a.k.c.c.internals.ConsumerCoordinator  : [Consumer clientId=consumer-budget-27, groupId=budget] Requesting disconnect from last known coordinator localhost:54080 (id: 2147483647 rack: null)
2024-03-05T07:49:46.246+01:00  INFO 11964 --- [r-event-handler] kafka.log.UnifiedLog$                    : [LogLoader partition=__consumer_offsets-47, dir=C:\Users\tobia\AppData\Local\Temp\kafka-11562819809130378155\broker_0_data0] Loading producer state till offset 0 with message format version 2
2024-03-05T07:49:46.249+01:00  INFO 11964 --- [r-event-handler] kafka.log.LogManager                     : Created log for partition __consumer_offsets-47 in C:\Users\tobia\AppData\Local\Temp\kafka-11562819809130378155\broker_0_data0\__consumer_offsets-47 with properties {cleanup.policy=compact, compression.type="producer", segment.bytes=104857600}
2024-03-05T07:49:46.249+01:00  INFO 11964 --- [r-event-handler] kafka.cluster.Partition                  : [Partition __consumer_offsets-47 broker=0] No checkpointed highwatermark is found for partition __consumer_offsets-47
2024-03-05T07:49:46.249+01:00  INFO 11964 --- [r-event-handler] kafka.cluster.Partition                  : [Partition __consumer_offsets-47 broker=0] Log loaded for partition __consumer_offsets-47 with initial high watermark 0
2024-03-05T07:49:46.250+01:00  INFO 11964 --- [r-event-handler] state.change.logger                      : [Broker id=0] Leader __consumer_offsets-47 with topic id Some(LNXH-wc6S_m3224quRHaZA) starts at leader epoch 0 from offset 0 with partition epoch 0, high watermark 0, ISR [0], adding replicas [] and removing replicas [] . Previous leader None and previous leader epoch was -1.
2024-03-05T07:49:46.263+01:00  INFO 11964 --- [r-event-handler] state.change.logger                      : [Broker id=0] Creating new partition __consumer_offsets-14 with topic id LNXH-wc6S_m3224quRHaZA.
2024-03-05T07:49:46.277+01:00  INFO 11964 --- [r-event-handler] kafka.log.UnifiedLog$                    : [LogLoader partition=__consumer_offsets-14, dir=C:\Users\tobia\AppData\Local\Temp\kafka-11562819809130378155\broker_0_data0] Loading producer state till offset 0 with message format version 2
2024-03-05T07:49:46.280+01:00  INFO 11964 --- [r-event-handler] kafka.log.LogManager                     : Created log for partition __consumer_offsets-14 in C:\Users\tobia\AppData\Local\Temp\kafka-11562819809130378155\broker_0_data0\__consumer_offsets-14 with properties {cleanup.policy=compact, compression.type="producer", segment.bytes=104857600}
2024-03-05T07:49:46.280+01:00  INFO 11964 --- [r-event-handler] kafka.cluster.Partition                  : [Partition __consumer_offsets-14 broker=0] No checkpointed highwatermark is found for partition __consumer_offsets-14
2024-03-05T07:49:46.280+01:00  INFO 11964 --- [r-event-handler] kafka.cluster.Partition                  : [Partition __consumer_offsets-14 broker=0] Log loaded for partition __consumer_offsets-14 with initial high watermark 0
2024-03-05T07:49:46.280+01:00  INFO 11964 --- [r-event-handler] state.change.logger                      : [Broker id=0] Leader __consumer_offsets-14 with topic id Some(LNXH-wc6S_m3224quRHaZA) starts at leader epoch 0 from offset 0 with partition epoch 0, high watermark 0, ISR [0], adding replicas [] and removing replicas [] . Previous leader None and previous leader epoch was -1.
2024-03-05T07:49:46.305+01:00  INFO 11964 --- [ntainer#2-0-C-1] o.a.k.c.c.internals.ConsumerCoordinator  : [Consumer clientId=consumer-budget-25, groupId=budget] Discovered group coordinator localhost:54080 (id: 2147483647 rack: null)
2024-03-05T07:49:46.306+01:00  INFO 11964 --- [ntainer#2-0-C-1] o.a.k.c.c.internals.ConsumerCoordinator  : [Consumer clientId=consumer-budget-25, groupId=budget] Request joining group due to: rebalance failed due to 'This is not the correct coordinator.' (NotCoordinatorException)
2024-03-05T07:49:46.307+01:00  INFO 11964 --- [ntainer#2-0-C-1] o.a.k.c.c.internals.ConsumerCoordinator  : [Consumer clientId=consumer-budget-25, groupId=budget] (Re-)joining group
2024-03-05T07:49:46.311+01:00  INFO 11964 --- [ntainer#2-0-C-1] o.a.k.c.c.internals.ConsumerCoordinator  : [Consumer clientId=consumer-budget-25, groupId=budget] Group coordinator localhost:54080 (id: 2147483647 rack: null) is unavailable or invalid due to cause: error response NOT_COORDINATOR. isDisconnected: false. Rediscovery will be attempted.
2024-03-05T07:49:46.311+01:00  INFO 11964 --- [ntainer#2-0-C-1] o.a.k.c.c.internals.ConsumerCoordinator  : [Consumer clientId=consumer-budget-25, groupId=budget] Requesting disconnect from last known coordinator localhost:54080 (id: 2147483647 rack: null)
2024-03-05T07:49:46.311+01:00  INFO 11964 --- [ntainer#2-0-C-1] o.a.k.c.c.internals.ConsumerCoordinator  : [Consumer clientId=consumer-budget-25, groupId=budget] JoinGroup failed: This is not the correct coordinator. Marking coordinator unknown. Sent generation was Generation{generationId=-1, memberId='', protocol='null'}
2024-03-05T07:49:46.311+01:00  INFO 11964 --- [ntainer#2-0-C-1] org.apache.kafka.clients.NetworkClient   : [Consumer clientId=consumer-budget-25, groupId=budget] Client requested disconnect from node 2147483647
2024-03-05T07:49:46.313+01:00  INFO 11964 --- [ntainer#2-0-C-1] o.a.k.c.c.internals.ConsumerCoordinator  : [Consumer clientId=consumer-budget-25, groupId=budget] Discovered group coordinator localhost:54080 (id: 2147483647 rack: null)
2024-03-05T07:49:46.313+01:00  INFO 11964 --- [ntainer#2-0-C-1] o.a.k.c.c.internals.ConsumerCoordinator  : [Consumer clientId=consumer-budget-25, groupId=budget] Group coordinator localhost:54080 (id: 2147483647 rack: null) is unavailable or invalid due to cause: coordinator unavailable. isDisconnected: false. Rediscovery will be attempted.
2024-03-05T07:49:46.313+01:00  INFO 11964 --- [ntainer#2-0-C-1] o.a.k.c.c.internals.ConsumerCoordinator  : [Consumer clientId=consumer-budget-25, groupId=budget] Requesting disconnect from last known coordinator localhost:54080 (id: 2147483647 rack: null)
2024-03-05T07:49:46.321+01:00  INFO 11964 --- [ntainer#0-0-C-1] o.a.k.c.c.internals.ConsumerCoordinator  : [Consumer clientId=consumer-product-26, groupId=product] Discovered group coordinator localhost:54080 (id: 2147483647 rack: null)
2024-03-05T07:49:46.322+01:00  INFO 11964 --- [ntainer#0-0-C-1] o.a.k.c.c.internals.ConsumerCoordinator  : [Consumer clientId=consumer-product-26, groupId=product] Request joining group due to: rebalance failed due to 'This is not the correct coordinator.' (NotCoordinatorException)
2024-03-05T07:49:46.323+01:00  INFO 11964 --- [ntainer#0-0-C-1] o.a.k.c.c.internals.ConsumerCoordinator  : [Consumer clientId=consumer-product-26, groupId=product] (Re-)joining group
2024-03-05T07:49:46.325+01:00  INFO 11964 --- [ntainer#0-0-C-1] o.a.k.c.c.internals.ConsumerCoordinator  : [Consumer clientId=consumer-product-26, groupId=product] Group coordinator localhost:54080 (id: 2147483647 rack: null) is unavailable or invalid due to cause: error response NOT_COORDINATOR. isDisconnected: false. Rediscovery will be attempted.
2024-03-05T07:49:46.325+01:00  INFO 11964 --- [ntainer#0-0-C-1] o.a.k.c.c.internals.ConsumerCoordinator  : [Consumer clientId=consumer-product-26, groupId=product] Requesting disconnect from last known coordinator localhost:54080 (id: 2147483647 rack: null)
2024-03-05T07:49:46.325+01:00  INFO 11964 --- [ntainer#0-0-C-1] o.a.k.c.c.internals.ConsumerCoordinator  : [Consumer clientId=consumer-product-26, groupId=product] JoinGroup failed: This is not the correct coordinator. Marking coordinator unknown. Sent generation was Generation{generationId=-1, memberId='', protocol='null'}
2024-03-05T07:49:46.325+01:00  INFO 11964 --- [ntainer#0-0-C-1] org.apache.kafka.clients.NetworkClient   : [Consumer clientId=consumer-product-26, groupId=product] Client requested disconnect from node 2147483647
2024-03-05T07:49:46.326+01:00  INFO 11964 --- [r-event-handler] state.change.logger                      : [Broker id=0] Creating new partition __consumer_offsets-43 with topic id LNXH-wc6S_m3224quRHaZA.
2024-03-05T07:49:46.327+01:00  INFO 11964 --- [ntainer#0-0-C-1] o.a.k.c.c.internals.ConsumerCoordinator  : [Consumer clientId=consumer-product-26, groupId=product] Discovered group coordinator localhost:54080 (id: 2147483647 rack: null)
2024-03-05T07:49:46.327+01:00  INFO 11964 --- [ntainer#0-0-C-1] o.a.k.c.c.internals.ConsumerCoordinator  : [Consumer clientId=consumer-product-26, groupId=product] Group coordinator localhost:54080 (id: 2147483647 rack: null) is unavailable or invalid due to cause: coordinator unavailable. isDisconnected: false. Rediscovery will be attempted.
2024-03-05T07:49:46.327+01:00  INFO 11964 --- [ntainer#0-0-C-1] o.a.k.c.c.internals.ConsumerCoordinator  : [Consumer clientId=consumer-product-26, groupId=product] Requesting disconnect from last known coordinator localhost:54080 (id: 2147483647 rack: null)
2024-03-05T07:49:46.349+01:00  INFO 11964 --- [ntainer#1-0-C-1] o.a.k.c.c.internals.ConsumerCoordinator  : [Consumer clientId=consumer-budget-27, groupId=budget] Discovered group coordinator localhost:54080 (id: 2147483647 rack: null)
2024-03-05T07:49:46.350+01:00  INFO 11964 --- [ntainer#1-0-C-1] o.a.k.c.c.internals.ConsumerCoordinator  : [Consumer clientId=consumer-budget-27, groupId=budget] Request joining group due to: rebalance failed due to 'This is not the correct coordinator.' (NotCoordinatorException)
2024-03-05T07:49:46.350+01:00  INFO 11964 --- [ntainer#1-0-C-1] o.a.k.c.c.internals.ConsumerCoordinator  : [Consumer clientId=consumer-budget-27, groupId=budget] (Re-)joining group
2024-03-05T07:49:46.357+01:00  INFO 11964 --- [ntainer#1-0-C-1] o.a.k.c.c.internals.ConsumerCoordinator  : [Consumer clientId=consumer-budget-27, groupId=budget] Group coordinator localhost:54080 (id: 2147483647 rack: null) is unavailable or invalid due to cause: error response NOT_COORDINATOR. isDisconnected: false. Rediscovery will be attempted.
2024-03-05T07:49:46.357+01:00  INFO 11964 --- [ntainer#1-0-C-1] o.a.k.c.c.internals.ConsumerCoordinator  : [Consumer clientId=consumer-budget-27, groupId=budget] Requesting disconnect from last known coordinator localhost:54080 (id: 2147483647 rack: null)
2024-03-05T07:49:46.357+01:00  INFO 11964 --- [ntainer#1-0-C-1] o.a.k.c.c.internals.ConsumerCoordinator  : [Consumer clientId=consumer-budget-27, groupId=budget] JoinGroup failed: This is not the correct coordinator. Marking coordinator unknown. Sent generation was Generation{generationId=-1, memberId='', protocol='null'}
2024-03-05T07:49:46.357+01:00  INFO 11964 --- [ntainer#1-0-C-1] org.apache.kafka.clients.NetworkClient   : [Consumer clientId=consumer-budget-27, groupId=budget] Client requested disconnect from node 2147483647
2024-03-05T07:49:46.359+01:00  INFO 11964 --- [ntainer#1-0-C-1] o.a.k.c.c.internals.ConsumerCoordinator  : [Consumer clientId=consumer-budget-27, groupId=budget] Discovered group coordinator localhost:54080 (id: 2147483647 rack: null)
2024-03-05T07:49:46.359+01:00  INFO 11964 --- [ntainer#1-0-C-1] o.a.k.c.c.internals.ConsumerCoordinator  : [Consumer clientId=consumer-budget-27, groupId=budget] Group coordinator localhost:54080 (id: 2147483647 rack: null) is unavailable or invalid due to cause: coordinator unavailable. isDisconnected: false. Rediscovery will be attempted.
2024-03-05T07:49:46.359+01:00  INFO 11964 --- [ntainer#1-0-C-1] o.a.k.c.c.internals.ConsumerCoordinator  : [Consumer clientId=consumer-budget-27, groupId=budget] Requesting disconnect from last known coordinator localhost:54080 (id: 2147483647 rack: null)
2024-03-05T07:49:46.383+01:00  INFO 11964 --- [r-event-handler] kafka.log.UnifiedLog$                    : [LogLoader partition=__consumer_offsets-43, dir=C:\Users\tobia\AppData\Local\Temp\kafka-11562819809130378155\broker_0_data0] Loading producer state till offset 0 with message format version 2
2024-03-05T07:49:46.390+01:00  INFO 11964 --- [r-event-handler] kafka.log.LogManager                     : Created log for partition __consumer_offsets-43 in C:\Users\tobia\AppData\Local\Temp\kafka-11562819809130378155\broker_0_data0\__consumer_offsets-43 with properties {cleanup.policy=compact, compression.type="producer", segment.bytes=104857600}
2024-03-05T07:49:46.390+01:00  INFO 11964 --- [r-event-handler] kafka.cluster.Partition                  : [Partition __consumer_offsets-43 broker=0] No checkpointed highwatermark is found for partition __consumer_offsets-43
2024-03-05T07:49:46.390+01:00  INFO 11964 --- [r-event-handler] kafka.cluster.Partition                  : [Partition __consumer_offsets-43 broker=0] Log loaded for partition __consumer_offsets-43 with initial high watermark 0
2024-03-05T07:49:46.390+01:00  INFO 11964 --- [r-event-handler] state.change.logger                      : [Broker id=0] Leader __consumer_offsets-43 with topic id Some(LNXH-wc6S_m3224quRHaZA) starts at leader epoch 0 from offset 0 with partition epoch 0, high watermark 0, ISR [0], adding replicas [] and removing replicas [] . Previous leader None and previous leader epoch was -1.
2024-03-05T07:49:46.430+01:00  INFO 11964 --- [ntainer#2-0-C-1] o.a.k.c.c.internals.ConsumerCoordinator  : [Consumer clientId=consumer-budget-25, groupId=budget] Discovered group coordinator localhost:54080 (id: 2147483647 rack: null)
2024-03-05T07:49:46.431+01:00  INFO 11964 --- [ntainer#2-0-C-1] o.a.k.c.c.internals.ConsumerCoordinator  : [Consumer clientId=consumer-budget-25, groupId=budget] Request joining group due to: rebalance failed due to 'This is not the correct coordinator.' (NotCoordinatorException)
2024-03-05T07:49:46.431+01:00  INFO 11964 --- [ntainer#2-0-C-1] o.a.k.c.c.internals.ConsumerCoordinator  : [Consumer clientId=consumer-budget-25, groupId=budget] (Re-)joining group
2024-03-05T07:49:46.433+01:00  INFO 11964 --- [ntainer#2-0-C-1] o.a.k.c.c.internals.ConsumerCoordinator  : [Consumer clientId=consumer-budget-25, groupId=budget] Group coordinator localhost:54080 (id: 2147483647 rack: null) is unavailable or invalid due to cause: error response NOT_COORDINATOR. isDisconnected: false. Rediscovery will be attempted.
2024-03-05T07:49:46.433+01:00  INFO 11964 --- [ntainer#2-0-C-1] o.a.k.c.c.internals.ConsumerCoordinator  : [Consumer clientId=consumer-budget-25, groupId=budget] Requesting disconnect from last known coordinator localhost:54080 (id: 2147483647 rack: null)
2024-03-05T07:49:46.433+01:00  INFO 11964 --- [ntainer#2-0-C-1] o.a.k.c.c.internals.ConsumerCoordinator  : [Consumer clientId=consumer-budget-25, groupId=budget] JoinGroup failed: This is not the correct coordinator. Marking coordinator unknown. Sent generation was Generation{generationId=-1, memberId='', protocol='null'}
2024-03-05T07:49:46.433+01:00  INFO 11964 --- [ntainer#2-0-C-1] org.apache.kafka.clients.NetworkClient   : [Consumer clientId=consumer-budget-25, groupId=budget] Client requested disconnect from node 2147483647
2024-03-05T07:49:46.437+01:00  INFO 11964 --- [ntainer#2-0-C-1] o.a.k.c.c.internals.ConsumerCoordinator  : [Consumer clientId=consumer-budget-25, groupId=budget] Discovered group coordinator localhost:54080 (id: 2147483647 rack: null)
2024-03-05T07:49:46.437+01:00  INFO 11964 --- [ntainer#2-0-C-1] o.a.k.c.c.internals.ConsumerCoordinator  : [Consumer clientId=consumer-budget-25, groupId=budget] Group coordinator localhost:54080 (id: 2147483647 rack: null) is unavailable or invalid due to cause: coordinator unavailable. isDisconnected: false. Rediscovery will be attempted.
2024-03-05T07:49:46.438+01:00  INFO 11964 --- [ntainer#2-0-C-1] o.a.k.c.c.internals.ConsumerCoordinator  : [Consumer clientId=consumer-budget-25, groupId=budget] Requesting disconnect from last known coordinator localhost:54080 (id: 2147483647 rack: null)
2024-03-05T07:49:46.438+01:00  INFO 11964 --- [r-event-handler] state.change.logger                      : [Broker id=0] Creating new partition __consumer_offsets-10 with topic id LNXH-wc6S_m3224quRHaZA.
2024-03-05T07:49:46.443+01:00  INFO 11964 --- [ntainer#0-0-C-1] o.a.k.c.c.internals.ConsumerCoordinator  : [Consumer clientId=consumer-product-26, groupId=product] Discovered group coordinator localhost:54080 (id: 2147483647 rack: null)
2024-03-05T07:49:46.444+01:00  INFO 11964 --- [ntainer#0-0-C-1] o.a.k.c.c.internals.ConsumerCoordinator  : [Consumer clientId=consumer-product-26, groupId=product] Request joining group due to: rebalance failed due to 'This is not the correct coordinator.' (NotCoordinatorException)
2024-03-05T07:49:46.444+01:00  INFO 11964 --- [ntainer#0-0-C-1] o.a.k.c.c.internals.ConsumerCoordinator  : [Consumer clientId=consumer-product-26, groupId=product] (Re-)joining group
2024-03-05T07:49:46.446+01:00  INFO 11964 --- [ntainer#0-0-C-1] o.a.k.c.c.internals.ConsumerCoordinator  : [Consumer clientId=consumer-product-26, groupId=product] Group coordinator localhost:54080 (id: 2147483647 rack: null) is unavailable or invalid due to cause: error response NOT_COORDINATOR. isDisconnected: false. Rediscovery will be attempted.
2024-03-05T07:49:46.446+01:00  INFO 11964 --- [ntainer#0-0-C-1] o.a.k.c.c.internals.ConsumerCoordinator  : [Consumer clientId=consumer-product-26, groupId=product] Requesting disconnect from last known coordinator localhost:54080 (id: 2147483647 rack: null)
2024-03-05T07:49:46.446+01:00  INFO 11964 --- [ntainer#0-0-C-1] o.a.k.c.c.internals.ConsumerCoordinator  : [Consumer clientId=consumer-product-26, groupId=product] JoinGroup failed: This is not the correct coordinator. Marking coordinator unknown. Sent generation was Generation{generationId=-1, memberId='', protocol='null'}
2024-03-05T07:49:46.447+01:00  INFO 11964 --- [ntainer#0-0-C-1] org.apache.kafka.clients.NetworkClient   : [Consumer clientId=consumer-product-26, groupId=product] Client requested disconnect from node 2147483647
2024-03-05T07:49:46.448+01:00  INFO 11964 --- [ntainer#0-0-C-1] o.a.k.c.c.internals.ConsumerCoordinator  : [Consumer clientId=consumer-product-26, groupId=product] Discovered group coordinator localhost:54080 (id: 2147483647 rack: null)
2024-03-05T07:49:46.448+01:00  INFO 11964 --- [ntainer#0-0-C-1] o.a.k.c.c.internals.ConsumerCoordinator  : [Consumer clientId=consumer-product-26, groupId=product] Group coordinator localhost:54080 (id: 2147483647 rack: null) is unavailable or invalid due to cause: coordinator unavailable. isDisconnected: false. Rediscovery will be attempted.
2024-03-05T07:49:46.448+01:00  INFO 11964 --- [ntainer#0-0-C-1] o.a.k.c.c.internals.ConsumerCoordinator  : [Consumer clientId=consumer-product-26, groupId=product] Requesting disconnect from last known coordinator localhost:54080 (id: 2147483647 rack: null)
2024-03-05T07:49:46.467+01:00  INFO 11964 --- [r-event-handler] kafka.log.UnifiedLog$                    : [LogLoader partition=__consumer_offsets-10, dir=C:\Users\tobia\AppData\Local\Temp\kafka-11562819809130378155\broker_0_data0] Loading producer state till offset 0 with message format version 2
2024-03-05T07:49:46.471+01:00  INFO 11964 --- [r-event-handler] kafka.log.LogManager                     : Created log for partition __consumer_offsets-10 in C:\Users\tobia\AppData\Local\Temp\kafka-11562819809130378155\broker_0_data0\__consumer_offsets-10 with properties {cleanup.policy=compact, compression.type="producer", segment.bytes=104857600}
2024-03-05T07:49:46.471+01:00  INFO 11964 --- [r-event-handler] kafka.cluster.Partition                  : [Partition __consumer_offsets-10 broker=0] No checkpointed highwatermark is found for partition __consumer_offsets-10
2024-03-05T07:49:46.471+01:00  INFO 11964 --- [r-event-handler] kafka.cluster.Partition                  : [Partition __consumer_offsets-10 broker=0] Log loaded for partition __consumer_offsets-10 with initial high watermark 0
2024-03-05T07:49:46.472+01:00  INFO 11964 --- [r-event-handler] state.change.logger                      : [Broker id=0] Leader __consumer_offsets-10 with topic id Some(LNXH-wc6S_m3224quRHaZA) starts at leader epoch 0 from offset 0 with partition epoch 0, high watermark 0, ISR [0], adding replicas [] and removing replicas [] . Previous leader None and previous leader epoch was -1.
2024-03-05T07:49:46.475+01:00  INFO 11964 --- [ntainer#1-0-C-1] o.a.k.c.c.internals.ConsumerCoordinator  : [Consumer clientId=consumer-budget-27, groupId=budget] Discovered group coordinator localhost:54080 (id: 2147483647 rack: null)
2024-03-05T07:49:46.476+01:00  INFO 11964 --- [ntainer#1-0-C-1] o.a.k.c.c.internals.ConsumerCoordinator  : [Consumer clientId=consumer-budget-27, groupId=budget] Request joining group due to: rebalance failed due to 'This is not the correct coordinator.' (NotCoordinatorException)
2024-03-05T07:49:46.476+01:00  INFO 11964 --- [ntainer#1-0-C-1] o.a.k.c.c.internals.ConsumerCoordinator  : [Consumer clientId=consumer-budget-27, groupId=budget] (Re-)joining group
2024-03-05T07:49:46.478+01:00  INFO 11964 --- [ntainer#1-0-C-1] o.a.k.c.c.internals.ConsumerCoordinator  : [Consumer clientId=consumer-budget-27, groupId=budget] Group coordinator localhost:54080 (id: 2147483647 rack: null) is unavailable or invalid due to cause: error response NOT_COORDINATOR. isDisconnected: false. Rediscovery will be attempted.
2024-03-05T07:49:46.479+01:00  INFO 11964 --- [ntainer#1-0-C-1] o.a.k.c.c.internals.ConsumerCoordinator  : [Consumer clientId=consumer-budget-27, groupId=budget] Requesting disconnect from last known coordinator localhost:54080 (id: 2147483647 rack: null)
2024-03-05T07:49:46.479+01:00  INFO 11964 --- [ntainer#1-0-C-1] o.a.k.c.c.internals.ConsumerCoordinator  : [Consumer clientId=consumer-budget-27, groupId=budget] JoinGroup failed: This is not the correct coordinator. Marking coordinator unknown. Sent generation was Generation{generationId=-1, memberId='', protocol='null'}
2024-03-05T07:49:46.479+01:00  INFO 11964 --- [ntainer#1-0-C-1] org.apache.kafka.clients.NetworkClient   : [Consumer clientId=consumer-budget-27, groupId=budget] Client requested disconnect from node 2147483647
2024-03-05T07:49:46.481+01:00  INFO 11964 --- [ntainer#1-0-C-1] o.a.k.c.c.internals.ConsumerCoordinator  : [Consumer clientId=consumer-budget-27, groupId=budget] Discovered group coordinator localhost:54080 (id: 2147483647 rack: null)
2024-03-05T07:49:46.481+01:00  INFO 11964 --- [ntainer#1-0-C-1] o.a.k.c.c.internals.ConsumerCoordinator  : [Consumer clientId=consumer-budget-27, groupId=budget] Group coordinator localhost:54080 (id: 2147483647 rack: null) is unavailable or invalid due to cause: coordinator unavailable. isDisconnected: false. Rediscovery will be attempted.
2024-03-05T07:49:46.481+01:00  INFO 11964 --- [ntainer#1-0-C-1] o.a.k.c.c.internals.ConsumerCoordinator  : [Consumer clientId=consumer-budget-27, groupId=budget] Requesting disconnect from last known coordinator localhost:54080 (id: 2147483647 rack: null)
2024-03-05T07:49:46.493+01:00  INFO 11964 --- [r-event-handler] state.change.logger                      : [Broker id=0] Creating new partition __consumer_offsets-22 with topic id LNXH-wc6S_m3224quRHaZA.
2024-03-05T07:49:46.514+01:00  INFO 11964 --- [r-event-handler] kafka.log.UnifiedLog$                    : [LogLoader partition=__consumer_offsets-22, dir=C:\Users\tobia\AppData\Local\Temp\kafka-11562819809130378155\broker_0_data0] Loading producer state till offset 0 with message format version 2
2024-03-05T07:49:46.515+01:00  INFO 11964 --- [r-event-handler] kafka.log.LogManager                     : Created log for partition __consumer_offsets-22 in C:\Users\tobia\AppData\Local\Temp\kafka-11562819809130378155\broker_0_data0\__consumer_offsets-22 with properties {cleanup.policy=compact, compression.type="producer", segment.bytes=104857600}
2024-03-05T07:49:46.516+01:00  INFO 11964 --- [r-event-handler] kafka.cluster.Partition                  : [Partition __consumer_offsets-22 broker=0] No checkpointed highwatermark is found for partition __consumer_offsets-22
2024-03-05T07:49:46.516+01:00  INFO 11964 --- [r-event-handler] kafka.cluster.Partition                  : [Partition __consumer_offsets-22 broker=0] Log loaded for partition __consumer_offsets-22 with initial high watermark 0
2024-03-05T07:49:46.516+01:00  INFO 11964 --- [r-event-handler] state.change.logger                      : [Broker id=0] Leader __consumer_offsets-22 with topic id Some(LNXH-wc6S_m3224quRHaZA) starts at leader epoch 0 from offset 0 with partition epoch 0, high watermark 0, ISR [0], adding replicas [] and removing replicas [] . Previous leader None and previous leader epoch was -1.
2024-03-05T07:49:46.544+01:00  INFO 11964 --- [r-event-handler] state.change.logger                      : [Broker id=0] Creating new partition __consumer_offsets-18 with topic id LNXH-wc6S_m3224quRHaZA.
2024-03-05T07:49:46.555+01:00  INFO 11964 --- [ntainer#2-0-C-1] o.a.k.c.c.internals.ConsumerCoordinator  : [Consumer clientId=consumer-budget-25, groupId=budget] Discovered group coordinator localhost:54080 (id: 2147483647 rack: null)
2024-03-05T07:49:46.555+01:00  INFO 11964 --- [ntainer#0-0-C-1] o.a.k.c.c.internals.ConsumerCoordinator  : [Consumer clientId=consumer-product-26, groupId=product] Discovered group coordinator localhost:54080 (id: 2147483647 rack: null)
2024-03-05T07:49:46.555+01:00  INFO 11964 --- [ntainer#0-0-C-1] o.a.k.c.c.internals.ConsumerCoordinator  : [Consumer clientId=consumer-product-26, groupId=product] Request joining group due to: rebalance failed due to 'This is not the correct coordinator.' (NotCoordinatorException)
2024-03-05T07:49:46.555+01:00  INFO 11964 --- [ntainer#0-0-C-1] o.a.k.c.c.internals.ConsumerCoordinator  : [Consumer clientId=consumer-product-26, groupId=product] (Re-)joining group
2024-03-05T07:49:46.555+01:00  INFO 11964 --- [ntainer#2-0-C-1] o.a.k.c.c.internals.ConsumerCoordinator  : [Consumer clientId=consumer-budget-25, groupId=budget] Request joining group due to: rebalance failed due to 'This is not the correct coordinator.' (NotCoordinatorException)
2024-03-05T07:49:46.556+01:00  INFO 11964 --- [ntainer#2-0-C-1] o.a.k.c.c.internals.ConsumerCoordinator  : [Consumer clientId=consumer-budget-25, groupId=budget] (Re-)joining group
2024-03-05T07:49:46.559+01:00  INFO 11964 --- [ntainer#2-0-C-1] o.a.k.c.c.internals.ConsumerCoordinator  : [Consumer clientId=consumer-budget-25, groupId=budget] Group coordinator localhost:54080 (id: 2147483647 rack: null) is unavailable or invalid due to cause: error response NOT_COORDINATOR. isDisconnected: false. Rediscovery will be attempted.
2024-03-05T07:49:46.559+01:00  INFO 11964 --- [ntainer#2-0-C-1] o.a.k.c.c.internals.ConsumerCoordinator  : [Consumer clientId=consumer-budget-25, groupId=budget] Requesting disconnect from last known coordinator localhost:54080 (id: 2147483647 rack: null)
2024-03-05T07:49:46.559+01:00  INFO 11964 --- [ntainer#0-0-C-1] o.a.k.c.c.internals.ConsumerCoordinator  : [Consumer clientId=consumer-product-26, groupId=product] Group coordinator localhost:54080 (id: 2147483647 rack: null) is unavailable or invalid due to cause: error response NOT_COORDINATOR. isDisconnected: false. Rediscovery will be attempted.
2024-03-05T07:49:46.559+01:00  INFO 11964 --- [ntainer#0-0-C-1] o.a.k.c.c.internals.ConsumerCoordinator  : [Consumer clientId=consumer-product-26, groupId=product] Requesting disconnect from last known coordinator localhost:54080 (id: 2147483647 rack: null)
2024-03-05T07:49:46.559+01:00  INFO 11964 --- [ntainer#2-0-C-1] o.a.k.c.c.internals.ConsumerCoordinator  : [Consumer clientId=consumer-budget-25, groupId=budget] JoinGroup failed: This is not the correct coordinator. Marking coordinator unknown. Sent generation was Generation{generationId=-1, memberId='', protocol='null'}
2024-03-05T07:49:46.559+01:00  INFO 11964 --- [ntainer#0-0-C-1] o.a.k.c.c.internals.ConsumerCoordinator  : [Consumer clientId=consumer-product-26, groupId=product] JoinGroup failed: This is not the correct coordinator. Marking coordinator unknown. Sent generation was Generation{generationId=-1, memberId='', protocol='null'}
2024-03-05T07:49:46.559+01:00  INFO 11964 --- [ntainer#2-0-C-1] org.apache.kafka.clients.NetworkClient   : [Consumer clientId=consumer-budget-25, groupId=budget] Client requested disconnect from node 2147483647
2024-03-05T07:49:46.559+01:00  INFO 11964 --- [ntainer#0-0-C-1] org.apache.kafka.clients.NetworkClient   : [Consumer clientId=consumer-product-26, groupId=product] Client requested disconnect from node 2147483647
2024-03-05T07:49:46.560+01:00  INFO 11964 --- [ntainer#0-0-C-1] o.a.k.c.c.internals.ConsumerCoordinator  : [Consumer clientId=consumer-product-26, groupId=product] Discovered group coordinator localhost:54080 (id: 2147483647 rack: null)
2024-03-05T07:49:46.560+01:00  INFO 11964 --- [ntainer#2-0-C-1] o.a.k.c.c.internals.ConsumerCoordinator  : [Consumer clientId=consumer-budget-25, groupId=budget] Discovered group coordinator localhost:54080 (id: 2147483647 rack: null)
2024-03-05T07:49:46.560+01:00  INFO 11964 --- [ntainer#2-0-C-1] o.a.k.c.c.internals.ConsumerCoordinator  : [Consumer clientId=consumer-budget-25, groupId=budget] Group coordinator localhost:54080 (id: 2147483647 rack: null) is unavailable or invalid due to cause: coordinator unavailable. isDisconnected: false. Rediscovery will be attempted.
2024-03-05T07:49:46.560+01:00  INFO 11964 --- [ntainer#0-0-C-1] o.a.k.c.c.internals.ConsumerCoordinator  : [Consumer clientId=consumer-product-26, groupId=product] Group coordinator localhost:54080 (id: 2147483647 rack: null) is unavailable or invalid due to cause: coordinator unavailable. isDisconnected: false. Rediscovery will be attempted.
2024-03-05T07:49:46.560+01:00  INFO 11964 --- [ntainer#2-0-C-1] o.a.k.c.c.internals.ConsumerCoordinator  : [Consumer clientId=consumer-budget-25, groupId=budget] Requesting disconnect from last known coordinator localhost:54080 (id: 2147483647 rack: null)
2024-03-05T07:49:46.560+01:00  INFO 11964 --- [ntainer#0-0-C-1] o.a.k.c.c.internals.ConsumerCoordinator  : [Consumer clientId=consumer-product-26, groupId=product] Requesting disconnect from last known coordinator localhost:54080 (id: 2147483647 rack: null)
2024-03-05T07:49:46.568+01:00  INFO 11964 --- [r-event-handler] kafka.log.UnifiedLog$                    : [LogLoader partition=__consumer_offsets-18, dir=C:\Users\tobia\AppData\Local\Temp\kafka-11562819809130378155\broker_0_data0] Loading producer state till offset 0 with message format version 2
2024-03-05T07:49:46.568+01:00  INFO 11964 --- [r-event-handler] kafka.log.LogManager                     : Created log for partition __consumer_offsets-18 in C:\Users\tobia\AppData\Local\Temp\kafka-11562819809130378155\broker_0_data0\__consumer_offsets-18 with properties {cleanup.policy=compact, compression.type="producer", segment.bytes=104857600}
2024-03-05T07:49:46.570+01:00  INFO 11964 --- [r-event-handler] kafka.cluster.Partition                  : [Partition __consumer_offsets-18 broker=0] No checkpointed highwatermark is found for partition __consumer_offsets-18
2024-03-05T07:49:46.570+01:00  INFO 11964 --- [r-event-handler] kafka.cluster.Partition                  : [Partition __consumer_offsets-18 broker=0] Log loaded for partition __consumer_offsets-18 with initial high watermark 0
2024-03-05T07:49:46.570+01:00  INFO 11964 --- [r-event-handler] state.change.logger                      : [Broker id=0] Leader __consumer_offsets-18 with topic id Some(LNXH-wc6S_m3224quRHaZA) starts at leader epoch 0 from offset 0 with partition epoch 0, high watermark 0, ISR [0], adding replicas [] and removing replicas [] . Previous leader None and previous leader epoch was -1.
2024-03-05T07:49:46.582+01:00  INFO 11964 --- [r-event-handler] state.change.logger                      : [Broker id=0] Creating new partition __consumer_offsets-31 with topic id LNXH-wc6S_m3224quRHaZA.
2024-03-05T07:49:46.589+01:00  INFO 11964 --- [ntainer#1-0-C-1] o.a.k.c.c.internals.ConsumerCoordinator  : [Consumer clientId=consumer-budget-27, groupId=budget] Discovered group coordinator localhost:54080 (id: 2147483647 rack: null)
2024-03-05T07:49:46.590+01:00  INFO 11964 --- [ntainer#1-0-C-1] o.a.k.c.c.internals.ConsumerCoordinator  : [Consumer clientId=consumer-budget-27, groupId=budget] Request joining group due to: rebalance failed due to 'This is not the correct coordinator.' (NotCoordinatorException)
2024-03-05T07:49:46.590+01:00  INFO 11964 --- [ntainer#1-0-C-1] o.a.k.c.c.internals.ConsumerCoordinator  : [Consumer clientId=consumer-budget-27, groupId=budget] (Re-)joining group
2024-03-05T07:49:46.592+01:00  INFO 11964 --- [ntainer#1-0-C-1] o.a.k.c.c.internals.ConsumerCoordinator  : [Consumer clientId=consumer-budget-27, groupId=budget] Group coordinator localhost:54080 (id: 2147483647 rack: null) is unavailable or invalid due to cause: error response NOT_COORDINATOR. isDisconnected: false. Rediscovery will be attempted.
2024-03-05T07:49:46.592+01:00  INFO 11964 --- [ntainer#1-0-C-1] o.a.k.c.c.internals.ConsumerCoordinator  : [Consumer clientId=consumer-budget-27, groupId=budget] Requesting disconnect from last known coordinator localhost:54080 (id: 2147483647 rack: null)
2024-03-05T07:49:46.592+01:00  INFO 11964 --- [ntainer#1-0-C-1] o.a.k.c.c.internals.ConsumerCoordinator  : [Consumer clientId=consumer-budget-27, groupId=budget] JoinGroup failed: This is not the correct coordinator. Marking coordinator unknown. Sent generation was Generation{generationId=-1, memberId='', protocol='null'}
2024-03-05T07:49:46.592+01:00  INFO 11964 --- [ntainer#1-0-C-1] org.apache.kafka.clients.NetworkClient   : [Consumer clientId=consumer-budget-27, groupId=budget] Client requested disconnect from node 2147483647
2024-03-05T07:49:46.594+01:00  INFO 11964 --- [ntainer#1-0-C-1] o.a.k.c.c.internals.ConsumerCoordinator  : [Consumer clientId=consumer-budget-27, groupId=budget] Discovered group coordinator localhost:54080 (id: 2147483647 rack: null)
2024-03-05T07:49:46.594+01:00  INFO 11964 --- [ntainer#1-0-C-1] o.a.k.c.c.internals.ConsumerCoordinator  : [Consumer clientId=consumer-budget-27, groupId=budget] Group coordinator localhost:54080 (id: 2147483647 rack: null) is unavailable or invalid due to cause: coordinator unavailable. isDisconnected: false. Rediscovery will be attempted.
2024-03-05T07:49:46.594+01:00  INFO 11964 --- [ntainer#1-0-C-1] o.a.k.c.c.internals.ConsumerCoordinator  : [Consumer clientId=consumer-budget-27, groupId=budget] Requesting disconnect from last known coordinator localhost:54080 (id: 2147483647 rack: null)
2024-03-05T07:49:46.609+01:00  INFO 11964 --- [r-event-handler] kafka.log.UnifiedLog$                    : [LogLoader partition=__consumer_offsets-31, dir=C:\Users\tobia\AppData\Local\Temp\kafka-11562819809130378155\broker_0_data0] Loading producer state till offset 0 with message format version 2
2024-03-05T07:49:46.610+01:00  INFO 11964 --- [r-event-handler] kafka.log.LogManager                     : Created log for partition __consumer_offsets-31 in C:\Users\tobia\AppData\Local\Temp\kafka-11562819809130378155\broker_0_data0\__consumer_offsets-31 with properties {cleanup.policy=compact, compression.type="producer", segment.bytes=104857600}
2024-03-05T07:49:46.611+01:00  INFO 11964 --- [r-event-handler] kafka.cluster.Partition                  : [Partition __consumer_offsets-31 broker=0] No checkpointed highwatermark is found for partition __consumer_offsets-31
2024-03-05T07:49:46.611+01:00  INFO 11964 --- [r-event-handler] kafka.cluster.Partition                  : [Partition __consumer_offsets-31 broker=0] Log loaded for partition __consumer_offsets-31 with initial high watermark 0
2024-03-05T07:49:46.611+01:00  INFO 11964 --- [r-event-handler] state.change.logger                      : [Broker id=0] Leader __consumer_offsets-31 with topic id Some(LNXH-wc6S_m3224quRHaZA) starts at leader epoch 0 from offset 0 with partition epoch 0, high watermark 0, ISR [0], adding replicas [] and removing replicas [] . Previous leader None and previous leader epoch was -1.
2024-03-05T07:49:46.621+01:00  INFO 11964 --- [r-event-handler] state.change.logger                      : [Broker id=0] Creating new partition __consumer_offsets-27 with topic id LNXH-wc6S_m3224quRHaZA.
2024-03-05T07:49:46.629+01:00  INFO 11964 --- [r-event-handler] kafka.log.UnifiedLog$                    : [LogLoader partition=__consumer_offsets-27, dir=C:\Users\tobia\AppData\Local\Temp\kafka-11562819809130378155\broker_0_data0] Loading producer state till offset 0 with message format version 2
2024-03-05T07:49:46.629+01:00  INFO 11964 --- [r-event-handler] kafka.log.LogManager                     : Created log for partition __consumer_offsets-27 in C:\Users\tobia\AppData\Local\Temp\kafka-11562819809130378155\broker_0_data0\__consumer_offsets-27 with properties {cleanup.policy=compact, compression.type="producer", segment.bytes=104857600}
2024-03-05T07:49:46.629+01:00  INFO 11964 --- [r-event-handler] kafka.cluster.Partition                  : [Partition __consumer_offsets-27 broker=0] No checkpointed highwatermark is found for partition __consumer_offsets-27
2024-03-05T07:49:46.629+01:00  INFO 11964 --- [r-event-handler] kafka.cluster.Partition                  : [Partition __consumer_offsets-27 broker=0] Log loaded for partition __consumer_offsets-27 with initial high watermark 0
2024-03-05T07:49:46.630+01:00  INFO 11964 --- [r-event-handler] state.change.logger                      : [Broker id=0] Leader __consumer_offsets-27 with topic id Some(LNXH-wc6S_m3224quRHaZA) starts at leader epoch 0 from offset 0 with partition epoch 0, high watermark 0, ISR [0], adding replicas [] and removing replicas [] . Previous leader None and previous leader epoch was -1.
2024-03-05T07:49:46.639+01:00  INFO 11964 --- [r-event-handler] state.change.logger                      : [Broker id=0] Creating new partition __consumer_offsets-39 with topic id LNXH-wc6S_m3224quRHaZA.
2024-03-05T07:49:46.647+01:00  INFO 11964 --- [r-event-handler] kafka.log.UnifiedLog$                    : [LogLoader partition=__consumer_offsets-39, dir=C:\Users\tobia\AppData\Local\Temp\kafka-11562819809130378155\broker_0_data0] Loading producer state till offset 0 with message format version 2
2024-03-05T07:49:46.648+01:00  INFO 11964 --- [r-event-handler] kafka.log.LogManager                     : Created log for partition __consumer_offsets-39 in C:\Users\tobia\AppData\Local\Temp\kafka-11562819809130378155\broker_0_data0\__consumer_offsets-39 with properties {cleanup.policy=compact, compression.type="producer", segment.bytes=104857600}
2024-03-05T07:49:46.648+01:00  INFO 11964 --- [r-event-handler] kafka.cluster.Partition                  : [Partition __consumer_offsets-39 broker=0] No checkpointed highwatermark is found for partition __consumer_offsets-39
2024-03-05T07:49:46.648+01:00  INFO 11964 --- [r-event-handler] kafka.cluster.Partition                  : [Partition __consumer_offsets-39 broker=0] Log loaded for partition __consumer_offsets-39 with initial high watermark 0
2024-03-05T07:49:46.648+01:00  INFO 11964 --- [r-event-handler] state.change.logger                      : [Broker id=0] Leader __consumer_offsets-39 with topic id Some(LNXH-wc6S_m3224quRHaZA) starts at leader epoch 0 from offset 0 with partition epoch 0, high watermark 0, ISR [0], adding replicas [] and removing replicas [] . Previous leader None and previous leader epoch was -1.
2024-03-05T07:49:46.655+01:00  INFO 11964 --- [r-event-handler] state.change.logger                      : [Broker id=0] Creating new partition __consumer_offsets-6 with topic id LNXH-wc6S_m3224quRHaZA.
2024-03-05T07:49:46.664+01:00  INFO 11964 --- [r-event-handler] kafka.log.UnifiedLog$                    : [LogLoader partition=__consumer_offsets-6, dir=C:\Users\tobia\AppData\Local\Temp\kafka-11562819809130378155\broker_0_data0] Loading producer state till offset 0 with message format version 2
2024-03-05T07:49:46.665+01:00  INFO 11964 --- [r-event-handler] kafka.log.LogManager                     : Created log for partition __consumer_offsets-6 in C:\Users\tobia\AppData\Local\Temp\kafka-11562819809130378155\broker_0_data0\__consumer_offsets-6 with properties {cleanup.policy=compact, compression.type="producer", segment.bytes=104857600}
2024-03-05T07:49:46.665+01:00  INFO 11964 --- [r-event-handler] kafka.cluster.Partition                  : [Partition __consumer_offsets-6 broker=0] No checkpointed highwatermark is found for partition __consumer_offsets-6
2024-03-05T07:49:46.665+01:00  INFO 11964 --- [r-event-handler] kafka.cluster.Partition                  : [Partition __consumer_offsets-6 broker=0] Log loaded for partition __consumer_offsets-6 with initial high watermark 0
2024-03-05T07:49:46.665+01:00  INFO 11964 --- [r-event-handler] state.change.logger                      : [Broker id=0] Leader __consumer_offsets-6 with topic id Some(LNXH-wc6S_m3224quRHaZA) starts at leader epoch 0 from offset 0 with partition epoch 0, high watermark 0, ISR [0], adding replicas [] and removing replicas [] . Previous leader None and previous leader epoch was -1.
2024-03-05T07:49:46.670+01:00  INFO 11964 --- [ntainer#0-0-C-1] o.a.k.c.c.internals.ConsumerCoordinator  : [Consumer clientId=consumer-product-26, groupId=product] Discovered group coordinator localhost:54080 (id: 2147483647 rack: null)
2024-03-05T07:49:46.672+01:00  INFO 11964 --- [ntainer#0-0-C-1] o.a.k.c.c.internals.ConsumerCoordinator  : [Consumer clientId=consumer-product-26, groupId=product] Request joining group due to: rebalance failed due to 'This is not the correct coordinator.' (NotCoordinatorException)
2024-03-05T07:49:46.672+01:00  INFO 11964 --- [r-event-handler] state.change.logger                      : [Broker id=0] Creating new partition __consumer_offsets-35 with topic id LNXH-wc6S_m3224quRHaZA.
2024-03-05T07:49:46.672+01:00  INFO 11964 --- [ntainer#0-0-C-1] o.a.k.c.c.internals.ConsumerCoordinator  : [Consumer clientId=consumer-product-26, groupId=product] (Re-)joining group
2024-03-05T07:49:46.672+01:00  INFO 11964 --- [ntainer#2-0-C-1] o.a.k.c.c.internals.ConsumerCoordinator  : [Consumer clientId=consumer-budget-25, groupId=budget] Discovered group coordinator localhost:54080 (id: 2147483647 rack: null)
2024-03-05T07:49:46.673+01:00  INFO 11964 --- [ntainer#2-0-C-1] o.a.k.c.c.internals.ConsumerCoordinator  : [Consumer clientId=consumer-budget-25, groupId=budget] Request joining group due to: rebalance failed due to 'This is not the correct coordinator.' (NotCoordinatorException)
2024-03-05T07:49:46.674+01:00  INFO 11964 --- [ntainer#2-0-C-1] o.a.k.c.c.internals.ConsumerCoordinator  : [Consumer clientId=consumer-budget-25, groupId=budget] (Re-)joining group
2024-03-05T07:49:46.677+01:00  INFO 11964 --- [ntainer#0-0-C-1] o.a.k.c.c.internals.ConsumerCoordinator  : [Consumer clientId=consumer-product-26, groupId=product] Group coordinator localhost:54080 (id: 2147483647 rack: null) is unavailable or invalid due to cause: error response NOT_COORDINATOR. isDisconnected: false. Rediscovery will be attempted.
2024-03-05T07:49:46.677+01:00  INFO 11964 --- [ntainer#0-0-C-1] o.a.k.c.c.internals.ConsumerCoordinator  : [Consumer clientId=consumer-product-26, groupId=product] Requesting disconnect from last known coordinator localhost:54080 (id: 2147483647 rack: null)
2024-03-05T07:49:46.678+01:00  INFO 11964 --- [ntainer#0-0-C-1] o.a.k.c.c.internals.ConsumerCoordinator  : [Consumer clientId=consumer-product-26, groupId=product] JoinGroup failed: This is not the correct coordinator. Marking coordinator unknown. Sent generation was Generation{generationId=-1, memberId='', protocol='null'}
2024-03-05T07:49:46.678+01:00  INFO 11964 --- [ntainer#0-0-C-1] org.apache.kafka.clients.NetworkClient   : [Consumer clientId=consumer-product-26, groupId=product] Client requested disconnect from node 2147483647
2024-03-05T07:49:46.680+01:00  INFO 11964 --- [ntainer#2-0-C-1] o.a.k.c.c.internals.ConsumerCoordinator  : [Consumer clientId=consumer-budget-25, groupId=budget] Group coordinator localhost:54080 (id: 2147483647 rack: null) is unavailable or invalid due to cause: error response NOT_COORDINATOR. isDisconnected: false. Rediscovery will be attempted.
2024-03-05T07:49:46.680+01:00  INFO 11964 --- [ntainer#2-0-C-1] o.a.k.c.c.internals.ConsumerCoordinator  : [Consumer clientId=consumer-budget-25, groupId=budget] Requesting disconnect from last known coordinator localhost:54080 (id: 2147483647 rack: null)
2024-03-05T07:49:46.680+01:00  INFO 11964 --- [ntainer#2-0-C-1] o.a.k.c.c.internals.ConsumerCoordinator  : [Consumer clientId=consumer-budget-25, groupId=budget] JoinGroup failed: This is not the correct coordinator. Marking coordinator unknown. Sent generation was Generation{generationId=-1, memberId='', protocol='null'}
2024-03-05T07:49:46.680+01:00  INFO 11964 --- [ntainer#2-0-C-1] org.apache.kafka.clients.NetworkClient   : [Consumer clientId=consumer-budget-25, groupId=budget] Client requested disconnect from node 2147483647
2024-03-05T07:49:46.681+01:00  INFO 11964 --- [ntainer#0-0-C-1] o.a.k.c.c.internals.ConsumerCoordinator  : [Consumer clientId=consumer-product-26, groupId=product] Discovered group coordinator localhost:54080 (id: 2147483647 rack: null)
2024-03-05T07:49:46.681+01:00  INFO 11964 --- [ntainer#0-0-C-1] o.a.k.c.c.internals.ConsumerCoordinator  : [Consumer clientId=consumer-product-26, groupId=product] Group coordinator localhost:54080 (id: 2147483647 rack: null) is unavailable or invalid due to cause: coordinator unavailable. isDisconnected: false. Rediscovery will be attempted.
2024-03-05T07:49:46.681+01:00  INFO 11964 --- [ntainer#0-0-C-1] o.a.k.c.c.internals.ConsumerCoordinator  : [Consumer clientId=consumer-product-26, groupId=product] Requesting disconnect from last known coordinator localhost:54080 (id: 2147483647 rack: null)
2024-03-05T07:49:46.682+01:00  INFO 11964 --- [r-event-handler] kafka.log.UnifiedLog$                    : [LogLoader partition=__consumer_offsets-35, dir=C:\Users\tobia\AppData\Local\Temp\kafka-11562819809130378155\broker_0_data0] Loading producer state till offset 0 with message format version 2
2024-03-05T07:49:46.682+01:00  INFO 11964 --- [r-event-handler] kafka.log.LogManager                     : Created log for partition __consumer_offsets-35 in C:\Users\tobia\AppData\Local\Temp\kafka-11562819809130378155\broker_0_data0\__consumer_offsets-35 with properties {cleanup.policy=compact, compression.type="producer", segment.bytes=104857600}
2024-03-05T07:49:46.682+01:00  INFO 11964 --- [r-event-handler] kafka.cluster.Partition                  : [Partition __consumer_offsets-35 broker=0] No checkpointed highwatermark is found for partition __consumer_offsets-35
2024-03-05T07:49:46.682+01:00  INFO 11964 --- [r-event-handler] kafka.cluster.Partition                  : [Partition __consumer_offsets-35 broker=0] Log loaded for partition __consumer_offsets-35 with initial high watermark 0
2024-03-05T07:49:46.682+01:00  INFO 11964 --- [ntainer#2-0-C-1] o.a.k.c.c.internals.ConsumerCoordinator  : [Consumer clientId=consumer-budget-25, groupId=budget] Discovered group coordinator localhost:54080 (id: 2147483647 rack: null)
2024-03-05T07:49:46.682+01:00  INFO 11964 --- [r-event-handler] state.change.logger                      : [Broker id=0] Leader __consumer_offsets-35 with topic id Some(LNXH-wc6S_m3224quRHaZA) starts at leader epoch 0 from offset 0 with partition epoch 0, high watermark 0, ISR [0], adding replicas [] and removing replicas [] . Previous leader None and previous leader epoch was -1.
2024-03-05T07:49:46.682+01:00  INFO 11964 --- [ntainer#2-0-C-1] o.a.k.c.c.internals.ConsumerCoordinator  : [Consumer clientId=consumer-budget-25, groupId=budget] Group coordinator localhost:54080 (id: 2147483647 rack: null) is unavailable or invalid due to cause: coordinator unavailable. isDisconnected: false. Rediscovery will be attempted.
2024-03-05T07:49:46.682+01:00  INFO 11964 --- [ntainer#2-0-C-1] o.a.k.c.c.internals.ConsumerCoordinator  : [Consumer clientId=consumer-budget-25, groupId=budget] Requesting disconnect from last known coordinator localhost:54080 (id: 2147483647 rack: null)
2024-03-05T07:49:46.695+01:00  INFO 11964 --- [r-event-handler] state.change.logger                      : [Broker id=0] Creating new partition __consumer_offsets-2 with topic id LNXH-wc6S_m3224quRHaZA.
2024-03-05T07:49:46.709+01:00  INFO 11964 --- [r-event-handler] kafka.log.UnifiedLog$                    : [LogLoader partition=__consumer_offsets-2, dir=C:\Users\tobia\AppData\Local\Temp\kafka-11562819809130378155\broker_0_data0] Loading producer state till offset 0 with message format version 2
2024-03-05T07:49:46.711+01:00  INFO 11964 --- [r-event-handler] kafka.log.LogManager                     : Created log for partition __consumer_offsets-2 in C:\Users\tobia\AppData\Local\Temp\kafka-11562819809130378155\broker_0_data0\__consumer_offsets-2 with properties {cleanup.policy=compact, compression.type="producer", segment.bytes=104857600}
2024-03-05T07:49:46.711+01:00  INFO 11964 --- [r-event-handler] kafka.cluster.Partition                  : [Partition __consumer_offsets-2 broker=0] No checkpointed highwatermark is found for partition __consumer_offsets-2
2024-03-05T07:49:46.712+01:00  INFO 11964 --- [ntainer#1-0-C-1] o.a.k.c.c.internals.ConsumerCoordinator  : [Consumer clientId=consumer-budget-27, groupId=budget] Discovered group coordinator localhost:54080 (id: 2147483647 rack: null)
2024-03-05T07:49:46.712+01:00  INFO 11964 --- [r-event-handler] kafka.cluster.Partition                  : [Partition __consumer_offsets-2 broker=0] Log loaded for partition __consumer_offsets-2 with initial high watermark 0
2024-03-05T07:49:46.712+01:00  INFO 11964 --- [r-event-handler] state.change.logger                      : [Broker id=0] Leader __consumer_offsets-2 with topic id Some(LNXH-wc6S_m3224quRHaZA) starts at leader epoch 0 from offset 0 with partition epoch 0, high watermark 0, ISR [0], adding replicas [] and removing replicas [] . Previous leader None and previous leader epoch was -1.
2024-03-05T07:49:46.713+01:00  INFO 11964 --- [ntainer#1-0-C-1] o.a.k.c.c.internals.ConsumerCoordinator  : [Consumer clientId=consumer-budget-27, groupId=budget] Request joining group due to: rebalance failed due to 'This is not the correct coordinator.' (NotCoordinatorException)
2024-03-05T07:49:46.713+01:00  INFO 11964 --- [ntainer#1-0-C-1] o.a.k.c.c.internals.ConsumerCoordinator  : [Consumer clientId=consumer-budget-27, groupId=budget] (Re-)joining group
2024-03-05T07:49:46.716+01:00  INFO 11964 --- [ntainer#1-0-C-1] o.a.k.c.c.internals.ConsumerCoordinator  : [Consumer clientId=consumer-budget-27, groupId=budget] Group coordinator localhost:54080 (id: 2147483647 rack: null) is unavailable or invalid due to cause: error response NOT_COORDINATOR. isDisconnected: false. Rediscovery will be attempted.
2024-03-05T07:49:46.716+01:00  INFO 11964 --- [ntainer#1-0-C-1] o.a.k.c.c.internals.ConsumerCoordinator  : [Consumer clientId=consumer-budget-27, groupId=budget] Requesting disconnect from last known coordinator localhost:54080 (id: 2147483647 rack: null)
2024-03-05T07:49:46.716+01:00  INFO 11964 --- [ntainer#1-0-C-1] o.a.k.c.c.internals.ConsumerCoordinator  : [Consumer clientId=consumer-budget-27, groupId=budget] JoinGroup failed: This is not the correct coordinator. Marking coordinator unknown. Sent generation was Generation{generationId=-1, memberId='', protocol='null'}
2024-03-05T07:49:46.716+01:00  INFO 11964 --- [ntainer#1-0-C-1] org.apache.kafka.clients.NetworkClient   : [Consumer clientId=consumer-budget-27, groupId=budget] Client requested disconnect from node 2147483647
2024-03-05T07:49:46.718+01:00  INFO 11964 --- [ntainer#1-0-C-1] o.a.k.c.c.internals.ConsumerCoordinator  : [Consumer clientId=consumer-budget-27, groupId=budget] Discovered group coordinator localhost:54080 (id: 2147483647 rack: null)
2024-03-05T07:49:46.718+01:00  INFO 11964 --- [ntainer#1-0-C-1] o.a.k.c.c.internals.ConsumerCoordinator  : [Consumer clientId=consumer-budget-27, groupId=budget] Group coordinator localhost:54080 (id: 2147483647 rack: null) is unavailable or invalid due to cause: coordinator unavailable. isDisconnected: false. Rediscovery will be attempted.
2024-03-05T07:49:46.718+01:00  INFO 11964 --- [ntainer#1-0-C-1] o.a.k.c.c.internals.ConsumerCoordinator  : [Consumer clientId=consumer-budget-27, groupId=budget] Requesting disconnect from last known coordinator localhost:54080 (id: 2147483647 rack: null)
2024-03-05T07:49:46.728+01:00  INFO 11964 --- [r-event-handler] k.coordinator.group.GroupCoordinator     : [GroupCoordinator 0]: Elected as the group coordinator for partition 13 in epoch 0
2024-03-05T07:49:46.728+01:00  INFO 11964 --- [r-event-handler] k.c.group.GroupMetadataManager           : [GroupMetadataManager brokerId=0] Scheduling loading of offsets and group metadata from __consumer_offsets-13 for epoch 0
2024-03-05T07:49:46.728+01:00  INFO 11964 --- [r-event-handler] k.coordinator.group.GroupCoordinator     : [GroupCoordinator 0]: Elected as the group coordinator for partition 46 in epoch 0
2024-03-05T07:49:46.728+01:00  INFO 11964 --- [r-event-handler] k.c.group.GroupMetadataManager           : [GroupMetadataManager brokerId=0] Scheduling loading of offsets and group metadata from __consumer_offsets-46 for epoch 0
2024-03-05T07:49:46.728+01:00  INFO 11964 --- [r-event-handler] k.coordinator.group.GroupCoordinator     : [GroupCoordinator 0]: Elected as the group coordinator for partition 9 in epoch 0
2024-03-05T07:49:46.728+01:00  INFO 11964 --- [r-event-handler] k.c.group.GroupMetadataManager           : [GroupMetadataManager brokerId=0] Scheduling loading of offsets and group metadata from __consumer_offsets-9 for epoch 0
2024-03-05T07:49:46.728+01:00  INFO 11964 --- [r-event-handler] k.coordinator.group.GroupCoordinator     : [GroupCoordinator 0]: Elected as the group coordinator for partition 42 in epoch 0
2024-03-05T07:49:46.728+01:00  INFO 11964 --- [r-event-handler] k.c.group.GroupMetadataManager           : [GroupMetadataManager brokerId=0] Scheduling loading of offsets and group metadata from __consumer_offsets-42 for epoch 0
2024-03-05T07:49:46.728+01:00  INFO 11964 --- [r-event-handler] k.coordinator.group.GroupCoordinator     : [GroupCoordinator 0]: Elected as the group coordinator for partition 21 in epoch 0
2024-03-05T07:49:46.728+01:00  INFO 11964 --- [r-event-handler] k.c.group.GroupMetadataManager           : [GroupMetadataManager brokerId=0] Scheduling loading of offsets and group metadata from __consumer_offsets-21 for epoch 0
2024-03-05T07:49:46.728+01:00  INFO 11964 --- [r-event-handler] k.coordinator.group.GroupCoordinator     : [GroupCoordinator 0]: Elected as the group coordinator for partition 17 in epoch 0
2024-03-05T07:49:46.728+01:00  INFO 11964 --- [r-event-handler] k.c.group.GroupMetadataManager           : [GroupMetadataManager brokerId=0] Scheduling loading of offsets and group metadata from __consumer_offsets-17 for epoch 0
2024-03-05T07:49:46.728+01:00  INFO 11964 --- [r-event-handler] k.coordinator.group.GroupCoordinator     : [GroupCoordinator 0]: Elected as the group coordinator for partition 30 in epoch 0
2024-03-05T07:49:46.728+01:00  INFO 11964 --- [r-event-handler] k.c.group.GroupMetadataManager           : [GroupMetadataManager brokerId=0] Scheduling loading of offsets and group metadata from __consumer_offsets-30 for epoch 0
2024-03-05T07:49:46.728+01:00  INFO 11964 --- [r-event-handler] k.coordinator.group.GroupCoordinator     : [GroupCoordinator 0]: Elected as the group coordinator for partition 26 in epoch 0
2024-03-05T07:49:46.728+01:00  INFO 11964 --- [r-event-handler] k.c.group.GroupMetadataManager           : [GroupMetadataManager brokerId=0] Scheduling loading of offsets and group metadata from __consumer_offsets-26 for epoch 0
2024-03-05T07:49:46.728+01:00  INFO 11964 --- [r-event-handler] k.coordinator.group.GroupCoordinator     : [GroupCoordinator 0]: Elected as the group coordinator for partition 5 in epoch 0
2024-03-05T07:49:46.728+01:00  INFO 11964 --- [r-event-handler] k.c.group.GroupMetadataManager           : [GroupMetadataManager brokerId=0] Scheduling loading of offsets and group metadata from __consumer_offsets-5 for epoch 0
2024-03-05T07:49:46.728+01:00  INFO 11964 --- [r-event-handler] k.coordinator.group.GroupCoordinator     : [GroupCoordinator 0]: Elected as the group coordinator for partition 38 in epoch 0
2024-03-05T07:49:46.728+01:00  INFO 11964 --- [r-event-handler] k.c.group.GroupMetadataManager           : [GroupMetadataManager brokerId=0] Scheduling loading of offsets and group metadata from __consumer_offsets-38 for epoch 0
2024-03-05T07:49:46.728+01:00  INFO 11964 --- [r-event-handler] k.coordinator.group.GroupCoordinator     : [GroupCoordinator 0]: Elected as the group coordinator for partition 1 in epoch 0
2024-03-05T07:49:46.728+01:00  INFO 11964 --- [r-event-handler] k.c.group.GroupMetadataManager           : [GroupMetadataManager brokerId=0] Scheduling loading of offsets and group metadata from __consumer_offsets-1 for epoch 0
2024-03-05T07:49:46.728+01:00  INFO 11964 --- [r-event-handler] k.coordinator.group.GroupCoordinator     : [GroupCoordinator 0]: Elected as the group coordinator for partition 34 in epoch 0
2024-03-05T07:49:46.728+01:00  INFO 11964 --- [r-event-handler] k.c.group.GroupMetadataManager           : [GroupMetadataManager brokerId=0] Scheduling loading of offsets and group metadata from __consumer_offsets-34 for epoch 0
2024-03-05T07:49:46.728+01:00  INFO 11964 --- [r-event-handler] k.coordinator.group.GroupCoordinator     : [GroupCoordinator 0]: Elected as the group coordinator for partition 16 in epoch 0
2024-03-05T07:49:46.728+01:00  INFO 11964 --- [r-event-handler] k.c.group.GroupMetadataManager           : [GroupMetadataManager brokerId=0] Scheduling loading of offsets and group metadata from __consumer_offsets-16 for epoch 0
2024-03-05T07:49:46.728+01:00  INFO 11964 --- [r-event-handler] k.coordinator.group.GroupCoordinator     : [GroupCoordinator 0]: Elected as the group coordinator for partition 45 in epoch 0
2024-03-05T07:49:46.728+01:00  INFO 11964 --- [r-event-handler] k.c.group.GroupMetadataManager           : [GroupMetadataManager brokerId=0] Scheduling loading of offsets and group metadata from __consumer_offsets-45 for epoch 0
2024-03-05T07:49:46.728+01:00  INFO 11964 --- [r-event-handler] k.coordinator.group.GroupCoordinator     : [GroupCoordinator 0]: Elected as the group coordinator for partition 12 in epoch 0
2024-03-05T07:49:46.728+01:00  INFO 11964 --- [r-event-handler] k.c.group.GroupMetadataManager           : [GroupMetadataManager brokerId=0] Scheduling loading of offsets and group metadata from __consumer_offsets-12 for epoch 0
2024-03-05T07:49:46.728+01:00  INFO 11964 --- [r-event-handler] k.coordinator.group.GroupCoordinator     : [GroupCoordinator 0]: Elected as the group coordinator for partition 41 in epoch 0
2024-03-05T07:49:46.728+01:00  INFO 11964 --- [r-event-handler] k.c.group.GroupMetadataManager           : [GroupMetadataManager brokerId=0] Scheduling loading of offsets and group metadata from __consumer_offsets-41 for epoch 0
2024-03-05T07:49:46.728+01:00  INFO 11964 --- [r-event-handler] k.coordinator.group.GroupCoordinator     : [GroupCoordinator 0]: Elected as the group coordinator for partition 24 in epoch 0
2024-03-05T07:49:46.728+01:00  INFO 11964 --- [r-event-handler] k.c.group.GroupMetadataManager           : [GroupMetadataManager brokerId=0] Scheduling loading of offsets and group metadata from __consumer_offsets-24 for epoch 0
2024-03-05T07:49:46.728+01:00  INFO 11964 --- [r-event-handler] k.coordinator.group.GroupCoordinator     : [GroupCoordinator 0]: Elected as the group coordinator for partition 20 in epoch 0
2024-03-05T07:49:46.728+01:00  INFO 11964 --- [r-event-handler] k.c.group.GroupMetadataManager           : [GroupMetadataManager brokerId=0] Scheduling loading of offsets and group metadata from __consumer_offsets-20 for epoch 0
2024-03-05T07:49:46.728+01:00  INFO 11964 --- [r-event-handler] k.coordinator.group.GroupCoordinator     : [GroupCoordinator 0]: Elected as the group coordinator for partition 49 in epoch 0
2024-03-05T07:49:46.728+01:00  INFO 11964 --- [r-event-handler] k.c.group.GroupMetadataManager           : [GroupMetadataManager brokerId=0] Scheduling loading of offsets and group metadata from __consumer_offsets-49 for epoch 0
2024-03-05T07:49:46.728+01:00  INFO 11964 --- [r-event-handler] k.coordinator.group.GroupCoordinator     : [GroupCoordinator 0]: Elected as the group coordinator for partition 0 in epoch 0
2024-03-05T07:49:46.728+01:00  INFO 11964 --- [r-event-handler] k.c.group.GroupMetadataManager           : [GroupMetadataManager brokerId=0] Scheduling loading of offsets and group metadata from __consumer_offsets-0 for epoch 0
2024-03-05T07:49:46.728+01:00  INFO 11964 --- [r-event-handler] k.coordinator.group.GroupCoordinator     : [GroupCoordinator 0]: Elected as the group coordinator for partition 29 in epoch 0
2024-03-05T07:49:46.728+01:00  INFO 11964 --- [r-event-handler] k.c.group.GroupMetadataManager           : [GroupMetadataManager brokerId=0] Scheduling loading of offsets and group metadata from __consumer_offsets-29 for epoch 0
2024-03-05T07:49:46.728+01:00  INFO 11964 --- [r-event-handler] k.coordinator.group.GroupCoordinator     : [GroupCoordinator 0]: Elected as the group coordinator for partition 25 in epoch 0
2024-03-05T07:49:46.728+01:00  INFO 11964 --- [r-event-handler] k.c.group.GroupMetadataManager           : [GroupMetadataManager brokerId=0] Scheduling loading of offsets and group metadata from __consumer_offsets-25 for epoch 0
2024-03-05T07:49:46.729+01:00  INFO 11964 --- [r-event-handler] k.coordinator.group.GroupCoordinator     : [GroupCoordinator 0]: Elected as the group coordinator for partition 8 in epoch 0
2024-03-05T07:49:46.729+01:00  INFO 11964 --- [r-event-handler] k.c.group.GroupMetadataManager           : [GroupMetadataManager brokerId=0] Scheduling loading of offsets and group metadata from __consumer_offsets-8 for epoch 0
2024-03-05T07:49:46.729+01:00  INFO 11964 --- [r-event-handler] k.coordinator.group.GroupCoordinator     : [GroupCoordinator 0]: Elected as the group coordinator for partition 37 in epoch 0
2024-03-05T07:49:46.729+01:00  INFO 11964 --- [r-event-handler] k.c.group.GroupMetadataManager           : [GroupMetadataManager brokerId=0] Scheduling loading of offsets and group metadata from __consumer_offsets-37 for epoch 0
2024-03-05T07:49:46.729+01:00  INFO 11964 --- [r-event-handler] k.coordinator.group.GroupCoordinator     : [GroupCoordinator 0]: Elected as the group coordinator for partition 4 in epoch 0
2024-03-05T07:49:46.729+01:00  INFO 11964 --- [r-event-handler] k.c.group.GroupMetadataManager           : [GroupMetadataManager brokerId=0] Scheduling loading of offsets and group metadata from __consumer_offsets-4 for epoch 0
2024-03-05T07:49:46.729+01:00  INFO 11964 --- [r-event-handler] k.coordinator.group.GroupCoordinator     : [GroupCoordinator 0]: Elected as the group coordinator for partition 33 in epoch 0
2024-03-05T07:49:46.729+01:00  INFO 11964 --- [r-event-handler] k.c.group.GroupMetadataManager           : [GroupMetadataManager brokerId=0] Scheduling loading of offsets and group metadata from __consumer_offsets-33 for epoch 0
2024-03-05T07:49:46.729+01:00  INFO 11964 --- [r-event-handler] k.coordinator.group.GroupCoordinator     : [GroupCoordinator 0]: Elected as the group coordinator for partition 15 in epoch 0
2024-03-05T07:49:46.729+01:00  INFO 11964 --- [r-event-handler] k.c.group.GroupMetadataManager           : [GroupMetadataManager brokerId=0] Scheduling loading of offsets and group metadata from __consumer_offsets-15 for epoch 0
2024-03-05T07:49:46.729+01:00  INFO 11964 --- [r-event-handler] k.coordinator.group.GroupCoordinator     : [GroupCoordinator 0]: Elected as the group coordinator for partition 48 in epoch 0
2024-03-05T07:49:46.729+01:00  INFO 11964 --- [r-event-handler] k.c.group.GroupMetadataManager           : [GroupMetadataManager brokerId=0] Scheduling loading of offsets and group metadata from __consumer_offsets-48 for epoch 0
2024-03-05T07:49:46.729+01:00  INFO 11964 --- [r-event-handler] k.coordinator.group.GroupCoordinator     : [GroupCoordinator 0]: Elected as the group coordinator for partition 11 in epoch 0
2024-03-05T07:49:46.729+01:00  INFO 11964 --- [r-event-handler] k.c.group.GroupMetadataManager           : [GroupMetadataManager brokerId=0] Scheduling loading of offsets and group metadata from __consumer_offsets-11 for epoch 0
2024-03-05T07:49:46.729+01:00  INFO 11964 --- [r-event-handler] k.coordinator.group.GroupCoordinator     : [GroupCoordinator 0]: Elected as the group coordinator for partition 44 in epoch 0
2024-03-05T07:49:46.729+01:00  INFO 11964 --- [r-event-handler] k.c.group.GroupMetadataManager           : [GroupMetadataManager brokerId=0] Scheduling loading of offsets and group metadata from __consumer_offsets-44 for epoch 0
2024-03-05T07:49:46.729+01:00  INFO 11964 --- [r-event-handler] k.coordinator.group.GroupCoordinator     : [GroupCoordinator 0]: Elected as the group coordinator for partition 23 in epoch 0
2024-03-05T07:49:46.729+01:00  INFO 11964 --- [r-event-handler] k.c.group.GroupMetadataManager           : [GroupMetadataManager brokerId=0] Scheduling loading of offsets and group metadata from __consumer_offsets-23 for epoch 0
2024-03-05T07:49:46.729+01:00  INFO 11964 --- [r-event-handler] k.coordinator.group.GroupCoordinator     : [GroupCoordinator 0]: Elected as the group coordinator for partition 19 in epoch 0
2024-03-05T07:49:46.729+01:00  INFO 11964 --- [r-event-handler] k.c.group.GroupMetadataManager           : [GroupMetadataManager brokerId=0] Scheduling loading of offsets and group metadata from __consumer_offsets-19 for epoch 0
2024-03-05T07:49:46.729+01:00  INFO 11964 --- [r-event-handler] k.coordinator.group.GroupCoordinator     : [GroupCoordinator 0]: Elected as the group coordinator for partition 32 in epoch 0
2024-03-05T07:49:46.729+01:00  INFO 11964 --- [r-event-handler] k.c.group.GroupMetadataManager           : [GroupMetadataManager brokerId=0] Scheduling loading of offsets and group metadata from __consumer_offsets-32 for epoch 0
2024-03-05T07:49:46.729+01:00  INFO 11964 --- [r-event-handler] k.coordinator.group.GroupCoordinator     : [GroupCoordinator 0]: Elected as the group coordinator for partition 28 in epoch 0
2024-03-05T07:49:46.729+01:00  INFO 11964 --- [r-event-handler] k.c.group.GroupMetadataManager           : [GroupMetadataManager brokerId=0] Scheduling loading of offsets and group metadata from __consumer_offsets-28 for epoch 0
2024-03-05T07:49:46.729+01:00  INFO 11964 --- [r-event-handler] k.coordinator.group.GroupCoordinator     : [GroupCoordinator 0]: Elected as the group coordinator for partition 7 in epoch 0
2024-03-05T07:49:46.729+01:00  INFO 11964 --- [r-event-handler] k.c.group.GroupMetadataManager           : [GroupMetadataManager brokerId=0] Scheduling loading of offsets and group metadata from __consumer_offsets-7 for epoch 0
2024-03-05T07:49:46.729+01:00  INFO 11964 --- [r-event-handler] k.coordinator.group.GroupCoordinator     : [GroupCoordinator 0]: Elected as the group coordinator for partition 40 in epoch 0
2024-03-05T07:49:46.729+01:00  INFO 11964 --- [r-event-handler] k.c.group.GroupMetadataManager           : [GroupMetadataManager brokerId=0] Scheduling loading of offsets and group metadata from __consumer_offsets-40 for epoch 0
2024-03-05T07:49:46.729+01:00  INFO 11964 --- [r-event-handler] k.coordinator.group.GroupCoordinator     : [GroupCoordinator 0]: Elected as the group coordinator for partition 3 in epoch 0
2024-03-05T07:49:46.729+01:00  INFO 11964 --- [r-event-handler] k.c.group.GroupMetadataManager           : [GroupMetadataManager brokerId=0] Scheduling loading of offsets and group metadata from __consumer_offsets-3 for epoch 0
2024-03-05T07:49:46.729+01:00  INFO 11964 --- [r-event-handler] k.coordinator.group.GroupCoordinator     : [GroupCoordinator 0]: Elected as the group coordinator for partition 36 in epoch 0
2024-03-05T07:49:46.729+01:00  INFO 11964 --- [r-event-handler] k.c.group.GroupMetadataManager           : [GroupMetadataManager brokerId=0] Scheduling loading of offsets and group metadata from __consumer_offsets-36 for epoch 0
2024-03-05T07:49:46.729+01:00  INFO 11964 --- [r-event-handler] k.coordinator.group.GroupCoordinator     : [GroupCoordinator 0]: Elected as the group coordinator for partition 47 in epoch 0
2024-03-05T07:49:46.729+01:00  INFO 11964 --- [r-event-handler] k.c.group.GroupMetadataManager           : [GroupMetadataManager brokerId=0] Scheduling loading of offsets and group metadata from __consumer_offsets-47 for epoch 0
2024-03-05T07:49:46.729+01:00  INFO 11964 --- [r-event-handler] k.coordinator.group.GroupCoordinator     : [GroupCoordinator 0]: Elected as the group coordinator for partition 14 in epoch 0
2024-03-05T07:49:46.729+01:00  INFO 11964 --- [r-event-handler] k.c.group.GroupMetadataManager           : [GroupMetadataManager brokerId=0] Scheduling loading of offsets and group metadata from __consumer_offsets-14 for epoch 0
2024-03-05T07:49:46.729+01:00  INFO 11964 --- [r-event-handler] k.coordinator.group.GroupCoordinator     : [GroupCoordinator 0]: Elected as the group coordinator for partition 43 in epoch 0
2024-03-05T07:49:46.729+01:00  INFO 11964 --- [r-event-handler] k.c.group.GroupMetadataManager           : [GroupMetadataManager brokerId=0] Scheduling loading of offsets and group metadata from __consumer_offsets-43 for epoch 0
2024-03-05T07:49:46.729+01:00  INFO 11964 --- [r-event-handler] k.coordinator.group.GroupCoordinator     : [GroupCoordinator 0]: Elected as the group coordinator for partition 10 in epoch 0
2024-03-05T07:49:46.729+01:00  INFO 11964 --- [r-event-handler] k.c.group.GroupMetadataManager           : [GroupMetadataManager brokerId=0] Scheduling loading of offsets and group metadata from __consumer_offsets-10 for epoch 0
2024-03-05T07:49:46.729+01:00  INFO 11964 --- [r-event-handler] k.coordinator.group.GroupCoordinator     : [GroupCoordinator 0]: Elected as the group coordinator for partition 22 in epoch 0
2024-03-05T07:49:46.729+01:00  INFO 11964 --- [r-event-handler] k.c.group.GroupMetadataManager           : [GroupMetadataManager brokerId=0] Scheduling loading of offsets and group metadata from __consumer_offsets-22 for epoch 0
2024-03-05T07:49:46.729+01:00  INFO 11964 --- [r-event-handler] k.coordinator.group.GroupCoordinator     : [GroupCoordinator 0]: Elected as the group coordinator for partition 18 in epoch 0
2024-03-05T07:49:46.729+01:00  INFO 11964 --- [r-event-handler] k.c.group.GroupMetadataManager           : [GroupMetadataManager brokerId=0] Scheduling loading of offsets and group metadata from __consumer_offsets-18 for epoch 0
2024-03-05T07:49:46.729+01:00  INFO 11964 --- [r-event-handler] k.coordinator.group.GroupCoordinator     : [GroupCoordinator 0]: Elected as the group coordinator for partition 31 in epoch 0
2024-03-05T07:49:46.729+01:00  INFO 11964 --- [r-event-handler] k.c.group.GroupMetadataManager           : [GroupMetadataManager brokerId=0] Scheduling loading of offsets and group metadata from __consumer_offsets-31 for epoch 0
2024-03-05T07:49:46.729+01:00  INFO 11964 --- [r-event-handler] k.coordinator.group.GroupCoordinator     : [GroupCoordinator 0]: Elected as the group coordinator for partition 27 in epoch 0
2024-03-05T07:49:46.729+01:00  INFO 11964 --- [r-event-handler] k.c.group.GroupMetadataManager           : [GroupMetadataManager brokerId=0] Scheduling loading of offsets and group metadata from __consumer_offsets-27 for epoch 0
2024-03-05T07:49:46.729+01:00  INFO 11964 --- [r-event-handler] k.coordinator.group.GroupCoordinator     : [GroupCoordinator 0]: Elected as the group coordinator for partition 39 in epoch 0
2024-03-05T07:49:46.729+01:00  INFO 11964 --- [r-event-handler] k.c.group.GroupMetadataManager           : [GroupMetadataManager brokerId=0] Scheduling loading of offsets and group metadata from __consumer_offsets-39 for epoch 0
2024-03-05T07:49:46.729+01:00  INFO 11964 --- [r-event-handler] k.coordinator.group.GroupCoordinator     : [GroupCoordinator 0]: Elected as the group coordinator for partition 6 in epoch 0
2024-03-05T07:49:46.729+01:00  INFO 11964 --- [r-event-handler] k.c.group.GroupMetadataManager           : [GroupMetadataManager brokerId=0] Scheduling loading of offsets and group metadata from __consumer_offsets-6 for epoch 0
2024-03-05T07:49:46.729+01:00  INFO 11964 --- [r-event-handler] k.coordinator.group.GroupCoordinator     : [GroupCoordinator 0]: Elected as the group coordinator for partition 35 in epoch 0
2024-03-05T07:49:46.729+01:00  INFO 11964 --- [r-event-handler] k.c.group.GroupMetadataManager           : [GroupMetadataManager brokerId=0] Scheduling loading of offsets and group metadata from __consumer_offsets-35 for epoch 0
2024-03-05T07:49:46.729+01:00  INFO 11964 --- [r-event-handler] k.coordinator.group.GroupCoordinator     : [GroupCoordinator 0]: Elected as the group coordinator for partition 2 in epoch 0
2024-03-05T07:49:46.729+01:00  INFO 11964 --- [r-event-handler] k.c.group.GroupMetadataManager           : [GroupMetadataManager brokerId=0] Scheduling loading of offsets and group metadata from __consumer_offsets-2 for epoch 0
2024-03-05T07:49:46.730+01:00  INFO 11964 --- [r-event-handler] k.s.metadata.DynamicConfigPublisher      : [DynamicConfigPublisher broker id=0] Updating topic __consumer_offsets with new configuration : compression.type -> producer,cleanup.policy -> compact,segment.bytes -> 104857600
2024-03-05T07:49:46.733+01:00  INFO 11964 --- [adata-manager-0] k.c.group.GroupMetadataManager           : [GroupMetadataManager brokerId=0] Finished loading offsets and group metadata from __consumer_offsets-13 in 5 milliseconds for epoch 0, of which 4 milliseconds was spent in the scheduler.
2024-03-05T07:49:46.734+01:00  INFO 11964 --- [adata-manager-0] k.c.group.GroupMetadataManager           : [GroupMetadataManager brokerId=0] Finished loading offsets and group metadata from __consumer_offsets-46 in 5 milliseconds for epoch 0, of which 5 milliseconds was spent in the scheduler.
2024-03-05T07:49:46.734+01:00  INFO 11964 --- [adata-manager-0] k.c.group.GroupMetadataManager           : [GroupMetadataManager brokerId=0] Finished loading offsets and group metadata from __consumer_offsets-9 in 6 milliseconds for epoch 0, of which 6 milliseconds was spent in the scheduler.
2024-03-05T07:49:46.734+01:00  INFO 11964 --- [adata-manager-0] k.c.group.GroupMetadataManager           : [GroupMetadataManager brokerId=0] Finished loading offsets and group metadata from __consumer_offsets-42 in 6 milliseconds for epoch 0, of which 6 milliseconds was spent in the scheduler.
2024-03-05T07:49:46.734+01:00  INFO 11964 --- [adata-manager-0] k.c.group.GroupMetadataManager           : [GroupMetadataManager brokerId=0] Finished loading offsets and group metadata from __consumer_offsets-21 in 6 milliseconds for epoch 0, of which 6 milliseconds was spent in the scheduler.
2024-03-05T07:49:46.734+01:00  INFO 11964 --- [adata-manager-0] k.c.group.GroupMetadataManager           : [GroupMetadataManager brokerId=0] Finished loading offsets and group metadata from __consumer_offsets-17 in 6 milliseconds for epoch 0, of which 6 milliseconds was spent in the scheduler.
2024-03-05T07:49:46.734+01:00  INFO 11964 --- [adata-manager-0] k.c.group.GroupMetadataManager           : [GroupMetadataManager brokerId=0] Finished loading offsets and group metadata from __consumer_offsets-30 in 6 milliseconds for epoch 0, of which 6 milliseconds was spent in the scheduler.
2024-03-05T07:49:46.734+01:00  INFO 11964 --- [adata-manager-0] k.c.group.GroupMetadataManager           : [GroupMetadataManager brokerId=0] Finished loading offsets and group metadata from __consumer_offsets-26 in 6 milliseconds for epoch 0, of which 6 milliseconds was spent in the scheduler.
2024-03-05T07:49:46.735+01:00  INFO 11964 --- [adata-manager-0] k.c.group.GroupMetadataManager           : [GroupMetadataManager brokerId=0] Finished loading offsets and group metadata from __consumer_offsets-5 in 7 milliseconds for epoch 0, of which 6 milliseconds was spent in the scheduler.
2024-03-05T07:49:46.735+01:00  INFO 11964 --- [adata-manager-0] k.c.group.GroupMetadataManager           : [GroupMetadataManager brokerId=0] Finished loading offsets and group metadata from __consumer_offsets-38 in 7 milliseconds for epoch 0, of which 7 milliseconds was spent in the scheduler.
2024-03-05T07:49:46.735+01:00  INFO 11964 --- [adata-manager-0] k.c.group.GroupMetadataManager           : [GroupMetadataManager brokerId=0] Finished loading offsets and group metadata from __consumer_offsets-1 in 7 milliseconds for epoch 0, of which 7 milliseconds was spent in the scheduler.
2024-03-05T07:49:46.735+01:00  INFO 11964 --- [adata-manager-0] k.c.group.GroupMetadataManager           : [GroupMetadataManager brokerId=0] Finished loading offsets and group metadata from __consumer_offsets-34 in 7 milliseconds for epoch 0, of which 7 milliseconds was spent in the scheduler.
2024-03-05T07:49:46.735+01:00  INFO 11964 --- [adata-manager-0] k.c.group.GroupMetadataManager           : [GroupMetadataManager brokerId=0] Finished loading offsets and group metadata from __consumer_offsets-16 in 7 milliseconds for epoch 0, of which 7 milliseconds was spent in the scheduler.
2024-03-05T07:49:46.735+01:00  INFO 11964 --- [adata-manager-0] k.c.group.GroupMetadataManager           : [GroupMetadataManager brokerId=0] Finished loading offsets and group metadata from __consumer_offsets-45 in 7 milliseconds for epoch 0, of which 7 milliseconds was spent in the scheduler.
2024-03-05T07:49:46.735+01:00  INFO 11964 --- [adata-manager-0] k.c.group.GroupMetadataManager           : [GroupMetadataManager brokerId=0] Finished loading offsets and group metadata from __consumer_offsets-12 in 7 milliseconds for epoch 0, of which 7 milliseconds was spent in the scheduler.
2024-03-05T07:49:46.735+01:00  INFO 11964 --- [adata-manager-0] k.c.group.GroupMetadataManager           : [GroupMetadataManager brokerId=0] Finished loading offsets and group metadata from __consumer_offsets-41 in 7 milliseconds for epoch 0, of which 7 milliseconds was spent in the scheduler.
2024-03-05T07:49:46.735+01:00  INFO 11964 --- [adata-manager-0] k.c.group.GroupMetadataManager           : [GroupMetadataManager brokerId=0] Finished loading offsets and group metadata from __consumer_offsets-24 in 7 milliseconds for epoch 0, of which 7 milliseconds was spent in the scheduler.
2024-03-05T07:49:46.735+01:00  INFO 11964 --- [adata-manager-0] k.c.group.GroupMetadataManager           : [GroupMetadataManager brokerId=0] Finished loading offsets and group metadata from __consumer_offsets-20 in 7 milliseconds for epoch 0, of which 7 milliseconds was spent in the scheduler.
2024-03-05T07:49:46.735+01:00  INFO 11964 --- [adata-manager-0] k.c.group.GroupMetadataManager           : [GroupMetadataManager brokerId=0] Finished loading offsets and group metadata from __consumer_offsets-49 in 7 milliseconds for epoch 0, of which 7 milliseconds was spent in the scheduler.
2024-03-05T07:49:46.736+01:00  INFO 11964 --- [adata-manager-0] k.c.group.GroupMetadataManager           : [GroupMetadataManager brokerId=0] Finished loading offsets and group metadata from __consumer_offsets-0 in 8 milliseconds for epoch 0, of which 8 milliseconds was spent in the scheduler.
2024-03-05T07:49:46.736+01:00  INFO 11964 --- [adata-manager-0] k.c.group.GroupMetadataManager           : [GroupMetadataManager brokerId=0] Finished loading offsets and group metadata from __consumer_offsets-29 in 8 milliseconds for epoch 0, of which 8 milliseconds was spent in the scheduler.
2024-03-05T07:49:46.737+01:00  INFO 11964 --- [adata-manager-0] k.c.group.GroupMetadataManager           : [GroupMetadataManager brokerId=0] Finished loading offsets and group metadata from __consumer_offsets-25 in 8 milliseconds for epoch 0, of which 7 milliseconds was spent in the scheduler.
2024-03-05T07:49:46.737+01:00  INFO 11964 --- [adata-manager-0] k.c.group.GroupMetadataManager           : [GroupMetadataManager brokerId=0] Finished loading offsets and group metadata from __consumer_offsets-8 in 8 milliseconds for epoch 0, of which 8 milliseconds was spent in the scheduler.
2024-03-05T07:49:46.737+01:00  INFO 11964 --- [adata-manager-0] k.c.group.GroupMetadataManager           : [GroupMetadataManager brokerId=0] Finished loading offsets and group metadata from __consumer_offsets-37 in 8 milliseconds for epoch 0, of which 8 milliseconds was spent in the scheduler.
2024-03-05T07:49:46.737+01:00  INFO 11964 --- [adata-manager-0] k.c.group.GroupMetadataManager           : [GroupMetadataManager brokerId=0] Finished loading offsets and group metadata from __consumer_offsets-4 in 8 milliseconds for epoch 0, of which 8 milliseconds was spent in the scheduler.
2024-03-05T07:49:46.738+01:00  INFO 11964 --- [adata-manager-0] k.c.group.GroupMetadataManager           : [GroupMetadataManager brokerId=0] Finished loading offsets and group metadata from __consumer_offsets-33 in 9 milliseconds for epoch 0, of which 8 milliseconds was spent in the scheduler.
2024-03-05T07:49:46.738+01:00  INFO 11964 --- [adata-manager-0] k.c.group.GroupMetadataManager           : [GroupMetadataManager brokerId=0] Finished loading offsets and group metadata from __consumer_offsets-15 in 9 milliseconds for epoch 0, of which 9 milliseconds was spent in the scheduler.
2024-03-05T07:49:46.738+01:00  INFO 11964 --- [adata-manager-0] k.c.group.GroupMetadataManager           : [GroupMetadataManager brokerId=0] Finished loading offsets and group metadata from __consumer_offsets-48 in 9 milliseconds for epoch 0, of which 9 milliseconds was spent in the scheduler.
2024-03-05T07:49:46.739+01:00  INFO 11964 --- [adata-manager-0] k.c.group.GroupMetadataManager           : [GroupMetadataManager brokerId=0] Finished loading offsets and group metadata from __consumer_offsets-11 in 10 milliseconds for epoch 0, of which 9 milliseconds was spent in the scheduler.
2024-03-05T07:49:46.739+01:00  INFO 11964 --- [adata-manager-0] k.c.group.GroupMetadataManager           : [GroupMetadataManager brokerId=0] Finished loading offsets and group metadata from __consumer_offsets-44 in 10 milliseconds for epoch 0, of which 10 milliseconds was spent in the scheduler.
2024-03-05T07:49:46.739+01:00  INFO 11964 --- [adata-manager-0] k.c.group.GroupMetadataManager           : [GroupMetadataManager brokerId=0] Finished loading offsets and group metadata from __consumer_offsets-23 in 10 milliseconds for epoch 0, of which 10 milliseconds was spent in the scheduler.
2024-03-05T07:49:46.739+01:00  INFO 11964 --- [adata-manager-0] k.c.group.GroupMetadataManager           : [GroupMetadataManager brokerId=0] Finished loading offsets and group metadata from __consumer_offsets-19 in 10 milliseconds for epoch 0, of which 10 milliseconds was spent in the scheduler.
2024-03-05T07:49:46.739+01:00  INFO 11964 --- [adata-manager-0] k.c.group.GroupMetadataManager           : [GroupMetadataManager brokerId=0] Finished loading offsets and group metadata from __consumer_offsets-32 in 10 milliseconds for epoch 0, of which 10 milliseconds was spent in the scheduler.
2024-03-05T07:49:46.739+01:00  INFO 11964 --- [adata-manager-0] k.c.group.GroupMetadataManager           : [GroupMetadataManager brokerId=0] Finished loading offsets and group metadata from __consumer_offsets-28 in 10 milliseconds for epoch 0, of which 10 milliseconds was spent in the scheduler.
2024-03-05T07:49:46.739+01:00  INFO 11964 --- [adata-manager-0] k.c.group.GroupMetadataManager           : [GroupMetadataManager brokerId=0] Finished loading offsets and group metadata from __consumer_offsets-7 in 10 milliseconds for epoch 0, of which 10 milliseconds was spent in the scheduler.
2024-03-05T07:49:46.739+01:00  INFO 11964 --- [adata-manager-0] k.c.group.GroupMetadataManager           : [GroupMetadataManager brokerId=0] Finished loading offsets and group metadata from __consumer_offsets-40 in 10 milliseconds for epoch 0, of which 10 milliseconds was spent in the scheduler.
2024-03-05T07:49:46.739+01:00  INFO 11964 --- [adata-manager-0] k.c.group.GroupMetadataManager           : [GroupMetadataManager brokerId=0] Finished loading offsets and group metadata from __consumer_offsets-3 in 10 milliseconds for epoch 0, of which 10 milliseconds was spent in the scheduler.
2024-03-05T07:49:46.739+01:00  INFO 11964 --- [adata-manager-0] k.c.group.GroupMetadataManager           : [GroupMetadataManager brokerId=0] Finished loading offsets and group metadata from __consumer_offsets-36 in 10 milliseconds for epoch 0, of which 10 milliseconds was spent in the scheduler.
2024-03-05T07:49:46.739+01:00  INFO 11964 --- [adata-manager-0] k.c.group.GroupMetadataManager           : [GroupMetadataManager brokerId=0] Finished loading offsets and group metadata from __consumer_offsets-47 in 10 milliseconds for epoch 0, of which 10 milliseconds was spent in the scheduler.
2024-03-05T07:49:46.739+01:00  INFO 11964 --- [adata-manager-0] k.c.group.GroupMetadataManager           : [GroupMetadataManager brokerId=0] Finished loading offsets and group metadata from __consumer_offsets-14 in 10 milliseconds for epoch 0, of which 10 milliseconds was spent in the scheduler.
2024-03-05T07:49:46.739+01:00  INFO 11964 --- [adata-manager-0] k.c.group.GroupMetadataManager           : [GroupMetadataManager brokerId=0] Finished loading offsets and group metadata from __consumer_offsets-43 in 10 milliseconds for epoch 0, of which 10 milliseconds was spent in the scheduler.
2024-03-05T07:49:46.739+01:00  INFO 11964 --- [adata-manager-0] k.c.group.GroupMetadataManager           : [GroupMetadataManager brokerId=0] Finished loading offsets and group metadata from __consumer_offsets-10 in 10 milliseconds for epoch 0, of which 10 milliseconds was spent in the scheduler.
2024-03-05T07:49:46.740+01:00  INFO 11964 --- [adata-manager-0] k.c.group.GroupMetadataManager           : [GroupMetadataManager brokerId=0] Finished loading offsets and group metadata from __consumer_offsets-22 in 11 milliseconds for epoch 0, of which 10 milliseconds was spent in the scheduler.
2024-03-05T07:49:46.740+01:00  INFO 11964 --- [adata-manager-0] k.c.group.GroupMetadataManager           : [GroupMetadataManager brokerId=0] Finished loading offsets and group metadata from __consumer_offsets-18 in 11 milliseconds for epoch 0, of which 11 milliseconds was spent in the scheduler.
2024-03-05T07:49:46.740+01:00  INFO 11964 --- [adata-manager-0] k.c.group.GroupMetadataManager           : [GroupMetadataManager brokerId=0] Finished loading offsets and group metadata from __consumer_offsets-31 in 11 milliseconds for epoch 0, of which 11 milliseconds was spent in the scheduler.
2024-03-05T07:49:46.740+01:00  INFO 11964 --- [adata-manager-0] k.c.group.GroupMetadataManager           : [GroupMetadataManager brokerId=0] Finished loading offsets and group metadata from __consumer_offsets-27 in 11 milliseconds for epoch 0, of which 11 milliseconds was spent in the scheduler.
2024-03-05T07:49:46.740+01:00  INFO 11964 --- [adata-manager-0] k.c.group.GroupMetadataManager           : [GroupMetadataManager brokerId=0] Finished loading offsets and group metadata from __consumer_offsets-39 in 11 milliseconds for epoch 0, of which 11 milliseconds was spent in the scheduler.
2024-03-05T07:49:46.740+01:00  INFO 11964 --- [adata-manager-0] k.c.group.GroupMetadataManager           : [GroupMetadataManager brokerId=0] Finished loading offsets and group metadata from __consumer_offsets-6 in 11 milliseconds for epoch 0, of which 11 milliseconds was spent in the scheduler.
2024-03-05T07:49:46.740+01:00  INFO 11964 --- [adata-manager-0] k.c.group.GroupMetadataManager           : [GroupMetadataManager brokerId=0] Finished loading offsets and group metadata from __consumer_offsets-35 in 11 milliseconds for epoch 0, of which 11 milliseconds was spent in the scheduler.
2024-03-05T07:49:46.740+01:00  INFO 11964 --- [adata-manager-0] k.c.group.GroupMetadataManager           : [GroupMetadataManager brokerId=0] Finished loading offsets and group metadata from __consumer_offsets-2 in 11 milliseconds for epoch 0, of which 11 milliseconds was spent in the scheduler.
2024-03-05T07:49:46.791+01:00  INFO 11964 --- [ntainer#2-0-C-1] o.a.k.c.c.internals.ConsumerCoordinator  : [Consumer clientId=consumer-budget-25, groupId=budget] Discovered group coordinator localhost:54080 (id: 2147483647 rack: null)
2024-03-05T07:49:46.793+01:00  INFO 11964 --- [ntainer#2-0-C-1] o.a.k.c.c.internals.ConsumerCoordinator  : [Consumer clientId=consumer-budget-25, groupId=budget] Request joining group due to: rebalance failed due to 'This is not the correct coordinator.' (NotCoordinatorException)
2024-03-05T07:49:46.793+01:00  INFO 11964 --- [ntainer#2-0-C-1] o.a.k.c.c.internals.ConsumerCoordinator  : [Consumer clientId=consumer-budget-25, groupId=budget] (Re-)joining group
2024-03-05T07:49:46.800+01:00  INFO 11964 --- [quest-handler-2] k.coordinator.group.GroupCoordinator     : [GroupCoordinator 0]: Dynamic member with unknown member id joins group budget in Empty state. Created a new member id consumer-budget-25-8c018e21-8cde-495a-ac16-1a34a1188036 and request the member to rejoin with this id.
2024-03-05T07:49:46.802+01:00  INFO 11964 --- [ntainer#2-0-C-1] o.a.k.c.c.internals.ConsumerCoordinator  : [Consumer clientId=consumer-budget-25, groupId=budget] Request joining group due to: need to re-join with the given member-id: consumer-budget-25-8c018e21-8cde-495a-ac16-1a34a1188036
2024-03-05T07:49:46.802+01:00  INFO 11964 --- [ntainer#2-0-C-1] o.a.k.c.c.internals.ConsumerCoordinator  : [Consumer clientId=consumer-budget-25, groupId=budget] Request joining group due to: rebalance failed due to 'The group member needs to have a valid member id before actually entering a consumer group.' (MemberIdRequiredException)
2024-03-05T07:49:46.802+01:00  INFO 11964 --- [ntainer#2-0-C-1] o.a.k.c.c.internals.ConsumerCoordinator  : [Consumer clientId=consumer-budget-25, groupId=budget] (Re-)joining group
2024-03-05T07:49:46.805+01:00  INFO 11964 --- [ntainer#0-0-C-1] o.a.k.c.c.internals.ConsumerCoordinator  : [Consumer clientId=consumer-product-26, groupId=product] Discovered group coordinator localhost:54080 (id: 2147483647 rack: null)
2024-03-05T07:49:46.806+01:00  INFO 11964 --- [ntainer#0-0-C-1] o.a.k.c.c.internals.ConsumerCoordinator  : [Consumer clientId=consumer-product-26, groupId=product] Request joining group due to: rebalance failed due to 'This is not the correct coordinator.' (NotCoordinatorException)
2024-03-05T07:49:46.811+01:00  INFO 11964 --- [ntainer#0-0-C-1] o.a.k.c.c.internals.ConsumerCoordinator  : [Consumer clientId=consumer-product-26, groupId=product] (Re-)joining group
2024-03-05T07:49:46.817+01:00  INFO 11964 --- [quest-handler-1] k.coordinator.group.GroupCoordinator     : [GroupCoordinator 0]: Preparing to rebalance group budget in state PreparingRebalance with old generation 0 (__consumer_offsets-11) (reason: Adding new member consumer-budget-25-8c018e21-8cde-495a-ac16-1a34a1188036 with group instance id None; client reason: rebalance failed due to MemberIdRequiredException)
2024-03-05T07:49:46.822+01:00  INFO 11964 --- [quest-handler-6] k.coordinator.group.GroupCoordinator     : [GroupCoordinator 0]: Dynamic member with unknown member id joins group product in Empty state. Created a new member id consumer-product-26-f4eceee1-8fbe-46b1-940a-f7fe2ff87479 and request the member to rejoin with this id.
2024-03-05T07:49:46.823+01:00  INFO 11964 --- [ntainer#0-0-C-1] o.a.k.c.c.internals.ConsumerCoordinator  : [Consumer clientId=consumer-product-26, groupId=product] Request joining group due to: need to re-join with the given member-id: consumer-product-26-f4eceee1-8fbe-46b1-940a-f7fe2ff87479
2024-03-05T07:49:46.824+01:00  INFO 11964 --- [ntainer#0-0-C-1] o.a.k.c.c.internals.ConsumerCoordinator  : [Consumer clientId=consumer-product-26, groupId=product] Request joining group due to: rebalance failed due to 'The group member needs to have a valid member id before actually entering a consumer group.' (MemberIdRequiredException)
2024-03-05T07:49:46.824+01:00  INFO 11964 --- [ntainer#0-0-C-1] o.a.k.c.c.internals.ConsumerCoordinator  : [Consumer clientId=consumer-product-26, groupId=product] (Re-)joining group
2024-03-05T07:49:46.825+01:00  INFO 11964 --- [ntainer#1-0-C-1] o.a.k.c.c.internals.ConsumerCoordinator  : [Consumer clientId=consumer-budget-27, groupId=budget] Discovered group coordinator localhost:54080 (id: 2147483647 rack: null)
2024-03-05T07:49:46.826+01:00  INFO 11964 --- [ntainer#1-0-C-1] o.a.k.c.c.internals.ConsumerCoordinator  : [Consumer clientId=consumer-budget-27, groupId=budget] Request joining group due to: rebalance failed due to 'This is not the correct coordinator.' (NotCoordinatorException)
2024-03-05T07:49:46.827+01:00  INFO 11964 --- [ntainer#1-0-C-1] o.a.k.c.c.internals.ConsumerCoordinator  : [Consumer clientId=consumer-budget-27, groupId=budget] (Re-)joining group
2024-03-05T07:49:46.827+01:00  INFO 11964 --- [quest-handler-4] k.coordinator.group.GroupCoordinator     : [GroupCoordinator 0]: Preparing to rebalance group product in state PreparingRebalance with old generation 0 (__consumer_offsets-15) (reason: Adding new member consumer-product-26-f4eceee1-8fbe-46b1-940a-f7fe2ff87479 with group instance id None; client reason: rebalance failed due to MemberIdRequiredException)
2024-03-05T07:49:46.830+01:00  INFO 11964 --- [quest-handler-6] k.coordinator.group.GroupCoordinator     : [GroupCoordinator 0]: Dynamic member with unknown member id joins group budget in PreparingRebalance state. Created a new member id consumer-budget-27-73925bc7-bfbc-44f2-8f31-7751481be913 and request the member to rejoin with this id.
2024-03-05T07:49:46.830+01:00  INFO 11964 --- [ntainer#1-0-C-1] o.a.k.c.c.internals.ConsumerCoordinator  : [Consumer clientId=consumer-budget-27, groupId=budget] Request joining group due to: need to re-join with the given member-id: consumer-budget-27-73925bc7-bfbc-44f2-8f31-7751481be913
2024-03-05T07:49:46.831+01:00  INFO 11964 --- [ntainer#1-0-C-1] o.a.k.c.c.internals.ConsumerCoordinator  : [Consumer clientId=consumer-budget-27, groupId=budget] Request joining group due to: rebalance failed due to 'The group member needs to have a valid member id before actually entering a consumer group.' (MemberIdRequiredException)
2024-03-05T07:49:46.831+01:00  INFO 11964 --- [ntainer#1-0-C-1] o.a.k.c.c.internals.ConsumerCoordinator  : [Consumer clientId=consumer-budget-27, groupId=budget] (Re-)joining group
2024-03-05T07:49:46.842+01:00  INFO 11964 --- [cutor-Rebalance] k.coordinator.group.GroupCoordinator     : [GroupCoordinator 0]: Stabilized group product generation 1 (__consumer_offsets-15) with 1 members
2024-03-05T07:49:46.843+01:00  INFO 11964 --- [ntainer#0-0-C-1] o.a.k.c.c.internals.ConsumerCoordinator  : [Consumer clientId=consumer-product-26, groupId=product] Successfully joined group with generation Generation{generationId=1, memberId='consumer-product-26-f4eceee1-8fbe-46b1-940a-f7fe2ff87479', protocol='range'}
2024-03-05T07:49:46.844+01:00  INFO 11964 --- [ntainer#0-0-C-1] o.a.k.c.c.internals.ConsumerCoordinator  : [Consumer clientId=consumer-product-26, groupId=product] Finished assignment for group at generation 1: {consumer-product-26-f4eceee1-8fbe-46b1-940a-f7fe2ff87479=Assignment(partitions=[product-update-0, product-update-1])}
2024-03-05T07:49:46.845+01:00  INFO 11964 --- [cutor-Rebalance] k.coordinator.group.GroupCoordinator     : [GroupCoordinator 0]: Stabilized group budget generation 1 (__consumer_offsets-11) with 2 members
2024-03-05T07:49:46.846+01:00  INFO 11964 --- [ntainer#2-0-C-1] o.a.k.c.c.internals.ConsumerCoordinator  : [Consumer clientId=consumer-budget-25, groupId=budget] Successfully joined group with generation Generation{generationId=1, memberId='consumer-budget-25-8c018e21-8cde-495a-ac16-1a34a1188036', protocol='range'}
2024-03-05T07:49:46.846+01:00  INFO 11964 --- [ntainer#1-0-C-1] o.a.k.c.c.internals.ConsumerCoordinator  : [Consumer clientId=consumer-budget-27, groupId=budget] Successfully joined group with generation Generation{generationId=1, memberId='consumer-budget-27-73925bc7-bfbc-44f2-8f31-7751481be913', protocol='range'}
2024-03-05T07:49:46.853+01:00  INFO 11964 --- [quest-handler-4] k.coordinator.group.GroupCoordinator     : [GroupCoordinator 0]: Assignment received from leader consumer-product-26-f4eceee1-8fbe-46b1-940a-f7fe2ff87479 for group product for generation 1. The group has 1 members, 0 of which are static.
2024-03-05T07:49:46.853+01:00  INFO 11964 --- [ntainer#2-0-C-1] o.a.k.c.c.internals.ConsumerCoordinator  : [Consumer clientId=consumer-budget-25, groupId=budget] Finished assignment for group at generation 1: {consumer-budget-25-8c018e21-8cde-495a-ac16-1a34a1188036=Assignment(partitions=[oneTimeTransaction-update-0, oneTimeTransaction-update-1]), consumer-budget-27-73925bc7-bfbc-44f2-8f31-7751481be913=Assignment(partitions=[recurringTransaction-update-0, recurringTransaction-update-1])}
2024-03-05T07:49:46.858+01:00  INFO 11964 --- [ntainer#0-0-C-1] o.a.k.c.c.internals.ConsumerCoordinator  : [Consumer clientId=consumer-product-26, groupId=product] Successfully synced group in generation Generation{generationId=1, memberId='consumer-product-26-f4eceee1-8fbe-46b1-940a-f7fe2ff87479', protocol='range'}
2024-03-05T07:49:46.858+01:00  INFO 11964 --- [ntainer#0-0-C-1] o.a.k.c.c.internals.ConsumerCoordinator  : [Consumer clientId=consumer-product-26, groupId=product] Notifying assignor about the new Assignment(partitions=[product-update-0, product-update-1])
2024-03-05T07:49:46.858+01:00  INFO 11964 --- [ntainer#0-0-C-1] o.a.k.c.c.internals.ConsumerCoordinator  : [Consumer clientId=consumer-product-26, groupId=product] Adding newly assigned partitions: product-update-0, product-update-1
2024-03-05T07:49:46.858+01:00  INFO 11964 --- [quest-handler-4] k.coordinator.group.GroupCoordinator     : [GroupCoordinator 0]: Assignment received from leader consumer-budget-25-8c018e21-8cde-495a-ac16-1a34a1188036 for group budget for generation 1. The group has 2 members, 0 of which are static.
2024-03-05T07:49:46.860+01:00  INFO 11964 --- [ntainer#0-0-C-1] o.a.k.c.c.internals.ConsumerCoordinator  : [Consumer clientId=consumer-product-26, groupId=product] Found no committed offset for partition product-update-1
2024-03-05T07:49:46.860+01:00  INFO 11964 --- [ntainer#0-0-C-1] o.a.k.c.c.internals.ConsumerCoordinator  : [Consumer clientId=consumer-product-26, groupId=product] Found no committed offset for partition product-update-0
2024-03-05T07:49:46.863+01:00  INFO 11964 --- [ntainer#1-0-C-1] o.a.k.c.c.internals.ConsumerCoordinator  : [Consumer clientId=consumer-budget-27, groupId=budget] Successfully synced group in generation Generation{generationId=1, memberId='consumer-budget-27-73925bc7-bfbc-44f2-8f31-7751481be913', protocol='range'}
2024-03-05T07:49:46.863+01:00  INFO 11964 --- [ntainer#2-0-C-1] o.a.k.c.c.internals.ConsumerCoordinator  : [Consumer clientId=consumer-budget-25, groupId=budget] Successfully synced group in generation Generation{generationId=1, memberId='consumer-budget-25-8c018e21-8cde-495a-ac16-1a34a1188036', protocol='range'}
2024-03-05T07:49:46.863+01:00  INFO 11964 --- [ntainer#1-0-C-1] o.a.k.c.c.internals.ConsumerCoordinator  : [Consumer clientId=consumer-budget-27, groupId=budget] Notifying assignor about the new Assignment(partitions=[recurringTransaction-update-0, recurringTransaction-update-1])
2024-03-05T07:49:46.863+01:00  INFO 11964 --- [ntainer#1-0-C-1] o.a.k.c.c.internals.ConsumerCoordinator  : [Consumer clientId=consumer-budget-27, groupId=budget] Adding newly assigned partitions: recurringTransaction-update-0, recurringTransaction-update-1
2024-03-05T07:49:46.863+01:00  INFO 11964 --- [ntainer#2-0-C-1] o.a.k.c.c.internals.ConsumerCoordinator  : [Consumer clientId=consumer-budget-25, groupId=budget] Notifying assignor about the new Assignment(partitions=[oneTimeTransaction-update-0, oneTimeTransaction-update-1])
2024-03-05T07:49:46.863+01:00  INFO 11964 --- [ntainer#2-0-C-1] o.a.k.c.c.internals.ConsumerCoordinator  : [Consumer clientId=consumer-budget-25, groupId=budget] Adding newly assigned partitions: oneTimeTransaction-update-0, oneTimeTransaction-update-1
2024-03-05T07:49:46.864+01:00  INFO 11964 --- [ntainer#0-0-C-1] o.a.k.c.c.internals.SubscriptionState    : [Consumer clientId=consumer-product-26, groupId=product] Resetting offset for partition product-update-1 to position FetchPosition{offset=0, offsetEpoch=Optional.empty, currentLeader=LeaderAndEpoch{leader=Optional[localhost:54080 (id: 0 rack: null)], epoch=0}}.
2024-03-05T07:49:46.864+01:00  INFO 11964 --- [ntainer#0-0-C-1] o.a.k.c.c.internals.SubscriptionState    : [Consumer clientId=consumer-product-26, groupId=product] Resetting offset for partition product-update-0 to position FetchPosition{offset=0, offsetEpoch=Optional.empty, currentLeader=LeaderAndEpoch{leader=Optional[localhost:54080 (id: 0 rack: null)], epoch=0}}.
2024-03-05T07:49:46.864+01:00  INFO 11964 --- [ntainer#0-0-C-1] o.s.k.l.KafkaMessageListenerContainer    : product: partitions assigned: [product-update-0, product-update-1]
2024-03-05T07:49:46.866+01:00  INFO 11964 --- [ntainer#2-0-C-1] o.a.k.c.c.internals.ConsumerCoordinator  : [Consumer clientId=consumer-budget-25, groupId=budget] Found no committed offset for partition oneTimeTransaction-update-0
2024-03-05T07:49:46.866+01:00  INFO 11964 --- [ntainer#2-0-C-1] o.a.k.c.c.internals.ConsumerCoordinator  : [Consumer clientId=consumer-budget-25, groupId=budget] Found no committed offset for partition oneTimeTransaction-update-1
2024-03-05T07:49:46.866+01:00  INFO 11964 --- [ntainer#1-0-C-1] o.a.k.c.c.internals.ConsumerCoordinator  : [Consumer clientId=consumer-budget-27, groupId=budget] Found no committed offset for partition recurringTransaction-update-0
2024-03-05T07:49:46.866+01:00  INFO 11964 --- [ntainer#1-0-C-1] o.a.k.c.c.internals.ConsumerCoordinator  : [Consumer clientId=consumer-budget-27, groupId=budget] Found no committed offset for partition recurringTransaction-update-1
2024-03-05T07:49:46.867+01:00  INFO 11964 --- [ntainer#2-0-C-1] o.a.k.c.c.internals.SubscriptionState    : [Consumer clientId=consumer-budget-25, groupId=budget] Resetting offset for partition oneTimeTransaction-update-0 to position FetchPosition{offset=0, offsetEpoch=Optional.empty, currentLeader=LeaderAndEpoch{leader=Optional[localhost:54080 (id: 0 rack: null)], epoch=0}}.
2024-03-05T07:49:46.868+01:00  INFO 11964 --- [ntainer#2-0-C-1] o.a.k.c.c.internals.SubscriptionState    : [Consumer clientId=consumer-budget-25, groupId=budget] Resetting offset for partition oneTimeTransaction-update-1 to position FetchPosition{offset=0, offsetEpoch=Optional.empty, currentLeader=LeaderAndEpoch{leader=Optional[localhost:54080 (id: 0 rack: null)], epoch=0}}.
2024-03-05T07:49:46.868+01:00  INFO 11964 --- [ntainer#2-0-C-1] o.s.k.l.KafkaMessageListenerContainer    : budget: partitions assigned: [oneTimeTransaction-update-0, oneTimeTransaction-update-1]
2024-03-05T07:49:46.868+01:00  INFO 11964 --- [ntainer#1-0-C-1] o.a.k.c.c.internals.SubscriptionState    : [Consumer clientId=consumer-budget-27, groupId=budget] Resetting offset for partition recurringTransaction-update-0 to position FetchPosition{offset=0, offsetEpoch=Optional.empty, currentLeader=LeaderAndEpoch{leader=Optional[localhost:54080 (id: 0 rack: null)], epoch=0}}.
2024-03-05T07:49:46.868+01:00  INFO 11964 --- [ntainer#1-0-C-1] o.a.k.c.c.internals.SubscriptionState    : [Consumer clientId=consumer-budget-27, groupId=budget] Resetting offset for partition recurringTransaction-update-1 to position FetchPosition{offset=0, offsetEpoch=Optional.empty, currentLeader=LeaderAndEpoch{leader=Optional[localhost:54080 (id: 0 rack: null)], epoch=0}}.
2024-03-05T07:49:46.869+01:00  INFO 11964 --- [ntainer#1-0-C-1] o.s.k.l.KafkaMessageListenerContainer    : budget: partitions assigned: [recurringTransaction-update-0, recurringTransaction-update-1]
]]></system-out>
  </testcase>
</testsuite>