<?xml version="1.0" encoding="UTF-8"?>
<testsuite xmlns:xsi="http://www.w3.org/2001/XMLSchema-instance" xsi:noNamespaceSchemaLocation="https://maven.apache.org/surefire/maven-surefire-plugin/xsd/surefire-test-report-3.0.xsd" version="3.0" name="com.example.Analytics.logic.operations.AnalyticsTest" time="7.173" tests="1" errors="0" skipped="0" failures="0">
  <properties>
    <property name="jdk.tls.rejectClientInitiatedRenegotiation" value="true"/>
    <property name="java.specification.version" value="17"/>
    <property name="sun.cpu.isalist" value="amd64"/>
    <property name="sun.jnu.encoding" value="Cp1252"/>
    <property name="java.class.path" value="C:\Users\tobia\Documents\privat\KIT\Semester_China\financetracker\implementation\analytics\target\test-classes;C:\Users\tobia\Documents\privat\KIT\Semester_China\financetracker\implementation\analytics\target\classes;C:\Users\tobia\.m2\repository\org\apache\poi\poi\5.2.5\poi-5.2.5.jar;C:\Users\tobia\.m2\repository\commons-codec\commons-codec\1.16.0\commons-codec-1.16.0.jar;C:\Users\tobia\.m2\repository\org\apache\commons\commons-collections4\4.4\commons-collections4-4.4.jar;C:\Users\tobia\.m2\repository\org\apache\commons\commons-math3\3.6.1\commons-math3-3.6.1.jar;C:\Users\tobia\.m2\repository\commons-io\commons-io\2.15.0\commons-io-2.15.0.jar;C:\Users\tobia\.m2\repository\com\zaxxer\SparseBitSet\1.3\SparseBitSet-1.3.jar;C:\Users\tobia\.m2\repository\org\apache\logging\log4j\log4j-api\2.21.1\log4j-api-2.21.1.jar;C:\Users\tobia\.m2\repository\org\apache\poi\poi-ooxml\5.2.5\poi-ooxml-5.2.5.jar;C:\Users\tobia\.m2\repository\org\apache\poi\poi-ooxml-lite\5.2.5\poi-ooxml-lite-5.2.5.jar;C:\Users\tobia\.m2\repository\org\apache\xmlbeans\xmlbeans\5.2.0\xmlbeans-5.2.0.jar;C:\Users\tobia\.m2\repository\org\apache\commons\commons-compress\1.25.0\commons-compress-1.25.0.jar;C:\Users\tobia\.m2\repository\com\github\virtuald\curvesapi\1.08\curvesapi-1.08.jar;C:\Users\tobia\.m2\repository\org\springframework\boot\spring-boot-starter-web\3.2.2\spring-boot-starter-web-3.2.2.jar;C:\Users\tobia\.m2\repository\org\springframework\boot\spring-boot-starter\3.2.2\spring-boot-starter-3.2.2.jar;C:\Users\tobia\.m2\repository\org\springframework\boot\spring-boot\3.2.2\spring-boot-3.2.2.jar;C:\Users\tobia\.m2\repository\org\springframework\boot\spring-boot-autoconfigure\3.2.2\spring-boot-autoconfigure-3.2.2.jar;C:\Users\tobia\.m2\repository\org\springframework\boot\spring-boot-starter-logging\3.2.2\spring-boot-starter-logging-3.2.2.jar;C:\Users\tobia\.m2\repository\org\apache\logging\log4j\log4j-to-slf4j\2.21.1\log4j-to-slf4j-2.21.1.jar;C:\Users\tobia\.m2\repository\org\slf4j\jul-to-slf4j\2.0.11\jul-to-slf4j-2.0.11.jar;C:\Users\tobia\.m2\repository\jakarta\annotation\jakarta.annotation-api\2.1.1\jakarta.annotation-api-2.1.1.jar;C:\Users\tobia\.m2\repository\org\yaml\snakeyaml\2.2\snakeyaml-2.2.jar;C:\Users\tobia\.m2\repository\org\springframework\boot\spring-boot-starter-json\3.2.2\spring-boot-starter-json-3.2.2.jar;C:\Users\tobia\.m2\repository\com\fasterxml\jackson\datatype\jackson-datatype-jdk8\2.15.3\jackson-datatype-jdk8-2.15.3.jar;C:\Users\tobia\.m2\repository\com\fasterxml\jackson\datatype\jackson-datatype-jsr310\2.15.3\jackson-datatype-jsr310-2.15.3.jar;C:\Users\tobia\.m2\repository\com\fasterxml\jackson\module\jackson-module-parameter-names\2.15.3\jackson-module-parameter-names-2.15.3.jar;C:\Users\tobia\.m2\repository\org\springframework\boot\spring-boot-starter-tomcat\3.2.2\spring-boot-starter-tomcat-3.2.2.jar;C:\Users\tobia\.m2\repository\org\apache\tomcat\embed\tomcat-embed-core\10.1.18\tomcat-embed-core-10.1.18.jar;C:\Users\tobia\.m2\repository\org\apache\tomcat\embed\tomcat-embed-el\10.1.18\tomcat-embed-el-10.1.18.jar;C:\Users\tobia\.m2\repository\org\apache\tomcat\embed\tomcat-embed-websocket\10.1.18\tomcat-embed-websocket-10.1.18.jar;C:\Users\tobia\.m2\repository\org\springframework\spring-web\6.1.3\spring-web-6.1.3.jar;C:\Users\tobia\.m2\repository\org\springframework\spring-beans\6.1.3\spring-beans-6.1.3.jar;C:\Users\tobia\.m2\repository\org\springframework\spring-webmvc\6.1.3\spring-webmvc-6.1.3.jar;C:\Users\tobia\.m2\repository\org\springframework\spring-aop\6.1.3\spring-aop-6.1.3.jar;C:\Users\tobia\.m2\repository\org\springframework\spring-expression\6.1.3\spring-expression-6.1.3.jar;C:\Users\tobia\.m2\repository\org\springframework\kafka\spring-kafka\3.1.1\spring-kafka-3.1.1.jar;C:\Users\tobia\.m2\repository\org\springframework\spring-context\6.1.3\spring-context-6.1.3.jar;C:\Users\tobia\.m2\repository\org\springframework\spring-messaging\6.1.3\spring-messaging-6.1.3.jar;C:\Users\tobia\.m2\repository\org\springframework\spring-tx\6.1.3\spring-tx-6.1.3.jar;C:\Users\tobia\.m2\repository\org\springframework\retry\spring-retry\2.0.5\spring-retry-2.0.5.jar;C:\Users\tobia\.m2\repository\org\apache\kafka\kafka-clients\3.6.1\kafka-clients-3.6.1.jar;C:\Users\tobia\.m2\repository\com\github\luben\zstd-jni\1.5.5-1\zstd-jni-1.5.5-1.jar;C:\Users\tobia\.m2\repository\org\lz4\lz4-java\1.8.0\lz4-java-1.8.0.jar;C:\Users\tobia\.m2\repository\org\xerial\snappy\snappy-java\1.1.10.5\snappy-java-1.1.10.5.jar;C:\Users\tobia\.m2\repository\org\slf4j\slf4j-api\2.0.11\slf4j-api-2.0.11.jar;C:\Users\tobia\.m2\repository\io\micrometer\micrometer-observation\1.12.2\micrometer-observation-1.12.2.jar;C:\Users\tobia\.m2\repository\io\micrometer\micrometer-commons\1.12.2\micrometer-commons-1.12.2.jar;C:\Users\tobia\.m2\repository\com\google\code\findbugs\jsr305\3.0.2\jsr305-3.0.2.jar;C:\Users\tobia\.m2\repository\org\springframework\boot\spring-boot-starter-data-jpa\3.1.5\spring-boot-starter-data-jpa-3.1.5.jar;C:\Users\tobia\.m2\repository\org\springframework\boot\spring-boot-starter-aop\3.2.2\spring-boot-starter-aop-3.2.2.jar;C:\Users\tobia\.m2\repository\org\aspectj\aspectjweaver\1.9.21\aspectjweaver-1.9.21.jar;C:\Users\tobia\.m2\repository\org\springframework\boot\spring-boot-starter-jdbc\3.2.2\spring-boot-starter-jdbc-3.2.2.jar;C:\Users\tobia\.m2\repository\com\zaxxer\HikariCP\5.0.1\HikariCP-5.0.1.jar;C:\Users\tobia\.m2\repository\org\springframework\spring-jdbc\6.1.3\spring-jdbc-6.1.3.jar;C:\Users\tobia\.m2\repository\org\hibernate\orm\hibernate-core\6.4.1.Final\hibernate-core-6.4.1.Final.jar;C:\Users\tobia\.m2\repository\jakarta\persistence\jakarta.persistence-api\3.1.0\jakarta.persistence-api-3.1.0.jar;C:\Users\tobia\.m2\repository\jakarta\transaction\jakarta.transaction-api\2.0.1\jakarta.transaction-api-2.0.1.jar;C:\Users\tobia\.m2\repository\org\jboss\logging\jboss-logging\3.5.3.Final\jboss-logging-3.5.3.Final.jar;C:\Users\tobia\.m2\repository\org\hibernate\common\hibernate-commons-annotations\6.0.6.Final\hibernate-commons-annotations-6.0.6.Final.jar;C:\Users\tobia\.m2\repository\io\smallrye\jandex\3.1.2\jandex-3.1.2.jar;C:\Users\tobia\.m2\repository\com\fasterxml\classmate\1.6.0\classmate-1.6.0.jar;C:\Users\tobia\.m2\repository\net\bytebuddy\byte-buddy\1.14.11\byte-buddy-1.14.11.jar;C:\Users\tobia\.m2\repository\org\glassfish\jaxb\jaxb-runtime\4.0.4\jaxb-runtime-4.0.4.jar;C:\Users\tobia\.m2\repository\org\glassfish\jaxb\jaxb-core\4.0.4\jaxb-core-4.0.4.jar;C:\Users\tobia\.m2\repository\org\eclipse\angus\angus-activation\2.0.1\angus-activation-2.0.1.jar;C:\Users\tobia\.m2\repository\org\glassfish\jaxb\txw2\4.0.4\txw2-4.0.4.jar;C:\Users\tobia\.m2\repository\com\sun\istack\istack-commons-runtime\4.1.2\istack-commons-runtime-4.1.2.jar;C:\Users\tobia\.m2\repository\jakarta\inject\jakarta.inject-api\2.0.1\jakarta.inject-api-2.0.1.jar;C:\Users\tobia\.m2\repository\org\antlr\antlr4-runtime\4.13.0\antlr4-runtime-4.13.0.jar;C:\Users\tobia\.m2\repository\org\springframework\data\spring-data-jpa\3.2.2\spring-data-jpa-3.2.2.jar;C:\Users\tobia\.m2\repository\org\springframework\data\spring-data-commons\3.2.2\spring-data-commons-3.2.2.jar;C:\Users\tobia\.m2\repository\org\springframework\spring-orm\6.1.3\spring-orm-6.1.3.jar;C:\Users\tobia\.m2\repository\org\springframework\spring-aspects\6.1.3\spring-aspects-6.1.3.jar;C:\Users\tobia\.m2\repository\org\springframework\boot\spring-boot-starter-test\3.2.2\spring-boot-starter-test-3.2.2.jar;C:\Users\tobia\.m2\repository\org\springframework\boot\spring-boot-test\3.2.2\spring-boot-test-3.2.2.jar;C:\Users\tobia\.m2\repository\org\springframework\boot\spring-boot-test-autoconfigure\3.2.2\spring-boot-test-autoconfigure-3.2.2.jar;C:\Users\tobia\.m2\repository\com\jayway\jsonpath\json-path\2.8.0\json-path-2.8.0.jar;C:\Users\tobia\.m2\repository\jakarta\xml\bind\jakarta.xml.bind-api\4.0.1\jakarta.xml.bind-api-4.0.1.jar;C:\Users\tobia\.m2\repository\jakarta\activation\jakarta.activation-api\2.1.2\jakarta.activation-api-2.1.2.jar;C:\Users\tobia\.m2\repository\net\minidev\json-smart\2.5.0\json-smart-2.5.0.jar;C:\Users\tobia\.m2\repository\net\minidev\accessors-smart\2.5.0\accessors-smart-2.5.0.jar;C:\Users\tobia\.m2\repository\org\ow2\asm\asm\9.3\asm-9.3.jar;C:\Users\tobia\.m2\repository\org\assertj\assertj-core\3.24.2\assertj-core-3.24.2.jar;C:\Users\tobia\.m2\repository\org\awaitility\awaitility\4.2.0\awaitility-4.2.0.jar;C:\Users\tobia\.m2\repository\org\hamcrest\hamcrest\2.2\hamcrest-2.2.jar;C:\Users\tobia\.m2\repository\org\junit\jupiter\junit-jupiter\5.10.1\junit-jupiter-5.10.1.jar;C:\Users\tobia\.m2\repository\org\junit\jupiter\junit-jupiter-params\5.10.1\junit-jupiter-params-5.10.1.jar;C:\Users\tobia\.m2\repository\org\junit\jupiter\junit-jupiter-engine\5.10.1\junit-jupiter-engine-5.10.1.jar;C:\Users\tobia\.m2\repository\org\mockito\mockito-core\5.7.0\mockito-core-5.7.0.jar;C:\Users\tobia\.m2\repository\net\bytebuddy\byte-buddy-agent\1.14.11\byte-buddy-agent-1.14.11.jar;C:\Users\tobia\.m2\repository\org\objenesis\objenesis\3.3\objenesis-3.3.jar;C:\Users\tobia\.m2\repository\org\mockito\mockito-junit-jupiter\5.7.0\mockito-junit-jupiter-5.7.0.jar;C:\Users\tobia\.m2\repository\org\skyscreamer\jsonassert\1.5.1\jsonassert-1.5.1.jar;C:\Users\tobia\.m2\repository\com\vaadin\external\google\android-json\0.0.20131108.vaadin1\android-json-0.0.20131108.vaadin1.jar;C:\Users\tobia\.m2\repository\org\springframework\spring-core\6.1.3\spring-core-6.1.3.jar;C:\Users\tobia\.m2\repository\org\springframework\spring-jcl\6.1.3\spring-jcl-6.1.3.jar;C:\Users\tobia\.m2\repository\org\springframework\spring-test\6.1.3\spring-test-6.1.3.jar;C:\Users\tobia\.m2\repository\org\xmlunit\xmlunit-core\2.9.1\xmlunit-core-2.9.1.jar;C:\Users\tobia\.m2\repository\org\springframework\kafka\spring-kafka-test\3.1.1\spring-kafka-test-3.1.1.jar;C:\Users\tobia\.m2\repository\org\apache\zookeeper\zookeeper\3.8.3\zookeeper-3.8.3.jar;C:\Users\tobia\.m2\repository\org\apache\zookeeper\zookeeper-jute\3.8.3\zookeeper-jute-3.8.3.jar;C:\Users\tobia\.m2\repository\org\apache\yetus\audience-annotations\0.12.0\audience-annotations-0.12.0.jar;C:\Users\tobia\.m2\repository\io\netty\netty-handler\4.1.105.Final\netty-handler-4.1.105.Final.jar;C:\Users\tobia\.m2\repository\io\netty\netty-common\4.1.105.Final\netty-common-4.1.105.Final.jar;C:\Users\tobia\.m2\repository\io\netty\netty-resolver\4.1.105.Final\netty-resolver-4.1.105.Final.jar;C:\Users\tobia\.m2\repository\io\netty\netty-buffer\4.1.105.Final\netty-buffer-4.1.105.Final.jar;C:\Users\tobia\.m2\repository\io\netty\netty-transport\4.1.105.Final\netty-transport-4.1.105.Final.jar;C:\Users\tobia\.m2\repository\io\netty\netty-transport-native-unix-common\4.1.105.Final\netty-transport-native-unix-common-4.1.105.Final.jar;C:\Users\tobia\.m2\repository\io\netty\netty-codec\4.1.105.Final\netty-codec-4.1.105.Final.jar;C:\Users\tobia\.m2\repository\io\netty\netty-transport-native-epoll\4.1.105.Final\netty-transport-native-epoll-4.1.105.Final.jar;C:\Users\tobia\.m2\repository\io\netty\netty-transport-classes-epoll\4.1.105.Final\netty-transport-classes-epoll-4.1.105.Final.jar;C:\Users\tobia\.m2\repository\ch\qos\logback\logback-core\1.4.14\logback-core-1.4.14.jar;C:\Users\tobia\.m2\repository\ch\qos\logback\logback-classic\1.4.14\logback-classic-1.4.14.jar;C:\Users\tobia\.m2\repository\org\apache\kafka\kafka-clients\3.6.1\kafka-clients-3.6.1-test.jar;C:\Users\tobia\.m2\repository\org\apache\kafka\kafka-metadata\3.6.1\kafka-metadata-3.6.1.jar;C:\Users\tobia\.m2\repository\org\apache\kafka\kafka-raft\3.6.1\kafka-raft-3.6.1.jar;C:\Users\tobia\.m2\repository\com\yammer\metrics\metrics-core\2.2.0\metrics-core-2.2.0.jar;C:\Users\tobia\.m2\repository\org\apache\kafka\kafka-server-common\3.6.1\kafka-server-common-3.6.1.jar;C:\Users\tobia\.m2\repository\net\sf\jopt-simple\jopt-simple\5.0.4\jopt-simple-5.0.4.jar;C:\Users\tobia\.m2\repository\org\pcollections\pcollections\4.0.1\pcollections-4.0.1.jar;C:\Users\tobia\.m2\repository\org\apache\kafka\kafka-server-common\3.6.1\kafka-server-common-3.6.1-test.jar;C:\Users\tobia\.m2\repository\org\apache\kafka\kafka-streams-test-utils\3.6.1\kafka-streams-test-utils-3.6.1.jar;C:\Users\tobia\.m2\repository\org\apache\kafka\kafka-streams\3.6.1\kafka-streams-3.6.1.jar;C:\Users\tobia\.m2\repository\org\rocksdb\rocksdbjni\7.9.2\rocksdbjni-7.9.2.jar;C:\Users\tobia\.m2\repository\org\apache\kafka\kafka_2.13\3.6.1\kafka_2.13-3.6.1.jar;C:\Users\tobia\.m2\repository\org\scala-lang\scala-library\2.13.11\scala-library-2.13.11.jar;C:\Users\tobia\.m2\repository\org\apache\kafka\kafka-group-coordinator\3.6.1\kafka-group-coordinator-3.6.1.jar;C:\Users\tobia\.m2\repository\org\apache\kafka\kafka-storage-api\3.6.1\kafka-storage-api-3.6.1.jar;C:\Users\tobia\.m2\repository\org\apache\kafka\kafka-tools-api\3.6.1\kafka-tools-api-3.6.1.jar;C:\Users\tobia\.m2\repository\org\apache\kafka\kafka-storage\3.6.1\kafka-storage-3.6.1.jar;C:\Users\tobia\.m2\repository\com\github\ben-manes\caffeine\caffeine\3.1.8\caffeine-3.1.8.jar;C:\Users\tobia\.m2\repository\org\checkerframework\checker-qual\3.37.0\checker-qual-3.37.0.jar;C:\Users\tobia\.m2\repository\com\google\errorprone\error_prone_annotations\2.21.1\error_prone_annotations-2.21.1.jar;C:\Users\tobia\.m2\repository\net\sourceforge\argparse4j\argparse4j\0.7.0\argparse4j-0.7.0.jar;C:\Users\tobia\.m2\repository\commons-validator\commons-validator\1.7\commons-validator-1.7.jar;C:\Users\tobia\.m2\repository\commons-beanutils\commons-beanutils\1.9.4\commons-beanutils-1.9.4.jar;C:\Users\tobia\.m2\repository\commons-digester\commons-digester\2.1\commons-digester-2.1.jar;C:\Users\tobia\.m2\repository\commons-collections\commons-collections\3.2.2\commons-collections-3.2.2.jar;C:\Users\tobia\.m2\repository\com\fasterxml\jackson\module\jackson-module-scala_2.13\2.15.3\jackson-module-scala_2.13-2.15.3.jar;C:\Users\tobia\.m2\repository\com\thoughtworks\paranamer\paranamer\2.8\paranamer-2.8.jar;C:\Users\tobia\.m2\repository\com\fasterxml\jackson\dataformat\jackson-dataformat-csv\2.15.3\jackson-dataformat-csv-2.15.3.jar;C:\Users\tobia\.m2\repository\org\bitbucket\b_c\jose4j\0.9.3\jose4j-0.9.3.jar;C:\Users\tobia\.m2\repository\org\scala-lang\modules\scala-collection-compat_2.13\2.10.0\scala-collection-compat_2.13-2.10.0.jar;C:\Users\tobia\.m2\repository\org\scala-lang\modules\scala-java8-compat_2.13\1.0.2\scala-java8-compat_2.13-1.0.2.jar;C:\Users\tobia\.m2\repository\org\scala-lang\scala-reflect\2.13.11\scala-reflect-2.13.11.jar;C:\Users\tobia\.m2\repository\com\typesafe\scala-logging\scala-logging_2.13\3.9.4\scala-logging_2.13-3.9.4.jar;C:\Users\tobia\.m2\repository\io\dropwizard\metrics\metrics-core\4.2.23\metrics-core-4.2.23.jar;C:\Users\tobia\.m2\repository\commons-cli\commons-cli\1.4\commons-cli-1.4.jar;C:\Users\tobia\.m2\repository\org\apache\kafka\kafka_2.13\3.6.1\kafka_2.13-3.6.1-test.jar;C:\Users\tobia\.m2\repository\org\junit\jupiter\junit-jupiter-api\5.10.1\junit-jupiter-api-5.10.1.jar;C:\Users\tobia\.m2\repository\org\opentest4j\opentest4j\1.3.0\opentest4j-1.3.0.jar;C:\Users\tobia\.m2\repository\org\junit\platform\junit-platform-commons\1.10.1\junit-platform-commons-1.10.1.jar;C:\Users\tobia\.m2\repository\org\apiguardian\apiguardian-api\1.1.2\apiguardian-api-1.1.2.jar;C:\Users\tobia\.m2\repository\org\junit\platform\junit-platform-launcher\1.10.1\junit-platform-launcher-1.10.1.jar;C:\Users\tobia\.m2\repository\org\junit\platform\junit-platform-engine\1.10.1\junit-platform-engine-1.10.1.jar;C:\Users\tobia\.m2\repository\com\h2database\h2\2.1.214\h2-2.1.214.jar;C:\Users\tobia\.m2\repository\com\google\code\gson\gson\2.10.1\gson-2.10.1.jar;C:\Users\tobia\.m2\repository\com\squareup\okhttp3\okhttp\4.11.0\okhttp-4.11.0.jar;C:\Users\tobia\.m2\repository\com\squareup\okio\okio\3.2.0\okio-3.2.0.jar;C:\Users\tobia\.m2\repository\com\squareup\okio\okio-jvm\3.2.0\okio-jvm-3.2.0.jar;C:\Users\tobia\.m2\repository\org\jetbrains\kotlin\kotlin-stdlib-common\1.9.22\kotlin-stdlib-common-1.9.22.jar;C:\Users\tobia\.m2\repository\org\jetbrains\kotlin\kotlin-stdlib\1.9.22\kotlin-stdlib-1.9.22.jar;C:\Users\tobia\.m2\repository\org\jetbrains\annotations\13.0\annotations-13.0.jar;C:\Users\tobia\.m2\repository\org\jetbrains\kotlin\kotlin-stdlib-jdk8\1.9.22\kotlin-stdlib-jdk8-1.9.22.jar;C:\Users\tobia\.m2\repository\org\jetbrains\kotlin\kotlin-stdlib-jdk7\1.9.22\kotlin-stdlib-jdk7-1.9.22.jar;C:\Users\tobia\.m2\repository\io\gsonfire\gson-fire\1.9.0\gson-fire-1.9.0.jar;C:\Users\tobia\.m2\repository\io\swagger\swagger-annotations\1.6.12\swagger-annotations-1.6.12.jar;C:\Users\tobia\.m2\repository\com\squareup\okhttp3\logging-interceptor\4.12.0\logging-interceptor-4.12.0.jar;C:\Users\tobia\.m2\repository\org\openapitools\jackson-databind-nullable\0.2.1\jackson-databind-nullable-0.2.1.jar;C:\Users\tobia\.m2\repository\com\fasterxml\jackson\core\jackson-databind\2.15.3\jackson-databind-2.15.3.jar;C:\Users\tobia\.m2\repository\com\fasterxml\jackson\core\jackson-annotations\2.15.3\jackson-annotations-2.15.3.jar;C:\Users\tobia\.m2\repository\com\fasterxml\jackson\core\jackson-core\2.15.3\jackson-core-2.15.3.jar;C:\Users\tobia\.m2\repository\org\springdoc\springdoc-openapi-ui\1.7.0\springdoc-openapi-ui-1.7.0.jar;C:\Users\tobia\.m2\repository\org\springdoc\springdoc-openapi-webmvc-core\1.7.0\springdoc-openapi-webmvc-core-1.7.0.jar;C:\Users\tobia\.m2\repository\org\springdoc\springdoc-openapi-common\1.7.0\springdoc-openapi-common-1.7.0.jar;C:\Users\tobia\.m2\repository\io\swagger\core\v3\swagger-core\2.2.9\swagger-core-2.2.9.jar;C:\Users\tobia\.m2\repository\org\apache\commons\commons-lang3\3.13.0\commons-lang3-3.13.0.jar;C:\Users\tobia\.m2\repository\com\fasterxml\jackson\dataformat\jackson-dataformat-yaml\2.15.3\jackson-dataformat-yaml-2.15.3.jar;C:\Users\tobia\.m2\repository\io\swagger\core\v3\swagger-annotations\2.2.9\swagger-annotations-2.2.9.jar;C:\Users\tobia\.m2\repository\io\swagger\core\v3\swagger-models\2.2.9\swagger-models-2.2.9.jar;C:\Users\tobia\.m2\repository\jakarta\validation\jakarta.validation-api\3.0.2\jakarta.validation-api-3.0.2.jar;C:\Users\tobia\.m2\repository\org\webjars\swagger-ui\4.18.2\swagger-ui-4.18.2.jar;C:\Users\tobia\.m2\repository\javax\validation\validation-api\1.0.0.GA\validation-api-1.0.0.GA.jar;C:\Users\tobia\.m2\repository\javax\annotation\javax.annotation-api\1.3.2\javax.annotation-api-1.3.2.jar;C:\Users\tobia\.m2\repository\javax\servlet\javax.servlet-api\3.0.1\javax.servlet-api-3.0.1.jar;C:\Users\tobia\.m2\repository\org\projectlombok\lombok\1.18.30\lombok-1.18.30.jar;"/>
    <property name="java.vm.vendor" value="Oracle Corporation"/>
    <property name="sun.arch.data.model" value="64"/>
    <property name="user.variant" value=""/>
    <property name="catalina.useNaming" value="false"/>
    <property name="java.vendor.url" value="https://java.oracle.com/"/>
    <property name="user.timezone" value="Europe/Berlin"/>
    <property name="org.jboss.logging.provider" value="slf4j"/>
    <property name="os.name" value="Windows 10"/>
    <property name="java.vm.specification.version" value="17"/>
    <property name="sun.java.launcher" value="SUN_STANDARD"/>
    <property name="user.country" value="GB"/>
    <property name="sun.boot.library.path" value="C:\Program Files\Java\jdk-17.0.1\bin"/>
    <property name="sun.java.command" value="C:\Users\tobia\AppData\Local\Temp\surefire16990683226318270583\surefirebooter-20240305074807277_3.jar C:\Users\tobia\AppData\Local\Temp\surefire16990683226318270583 2024-03-05T07-48-06_739-jvmRun1 surefire-20240305074807277_1tmp surefire_0-20240305074807277_2tmp"/>
    <property name="jdk.debug" value="release"/>
    <property name="surefire.test.class.path" value="C:\Users\tobia\Documents\privat\KIT\Semester_China\financetracker\implementation\analytics\target\test-classes;C:\Users\tobia\Documents\privat\KIT\Semester_China\financetracker\implementation\analytics\target\classes;C:\Users\tobia\.m2\repository\org\apache\poi\poi\5.2.5\poi-5.2.5.jar;C:\Users\tobia\.m2\repository\commons-codec\commons-codec\1.16.0\commons-codec-1.16.0.jar;C:\Users\tobia\.m2\repository\org\apache\commons\commons-collections4\4.4\commons-collections4-4.4.jar;C:\Users\tobia\.m2\repository\org\apache\commons\commons-math3\3.6.1\commons-math3-3.6.1.jar;C:\Users\tobia\.m2\repository\commons-io\commons-io\2.15.0\commons-io-2.15.0.jar;C:\Users\tobia\.m2\repository\com\zaxxer\SparseBitSet\1.3\SparseBitSet-1.3.jar;C:\Users\tobia\.m2\repository\org\apache\logging\log4j\log4j-api\2.21.1\log4j-api-2.21.1.jar;C:\Users\tobia\.m2\repository\org\apache\poi\poi-ooxml\5.2.5\poi-ooxml-5.2.5.jar;C:\Users\tobia\.m2\repository\org\apache\poi\poi-ooxml-lite\5.2.5\poi-ooxml-lite-5.2.5.jar;C:\Users\tobia\.m2\repository\org\apache\xmlbeans\xmlbeans\5.2.0\xmlbeans-5.2.0.jar;C:\Users\tobia\.m2\repository\org\apache\commons\commons-compress\1.25.0\commons-compress-1.25.0.jar;C:\Users\tobia\.m2\repository\com\github\virtuald\curvesapi\1.08\curvesapi-1.08.jar;C:\Users\tobia\.m2\repository\org\springframework\boot\spring-boot-starter-web\3.2.2\spring-boot-starter-web-3.2.2.jar;C:\Users\tobia\.m2\repository\org\springframework\boot\spring-boot-starter\3.2.2\spring-boot-starter-3.2.2.jar;C:\Users\tobia\.m2\repository\org\springframework\boot\spring-boot\3.2.2\spring-boot-3.2.2.jar;C:\Users\tobia\.m2\repository\org\springframework\boot\spring-boot-autoconfigure\3.2.2\spring-boot-autoconfigure-3.2.2.jar;C:\Users\tobia\.m2\repository\org\springframework\boot\spring-boot-starter-logging\3.2.2\spring-boot-starter-logging-3.2.2.jar;C:\Users\tobia\.m2\repository\org\apache\logging\log4j\log4j-to-slf4j\2.21.1\log4j-to-slf4j-2.21.1.jar;C:\Users\tobia\.m2\repository\org\slf4j\jul-to-slf4j\2.0.11\jul-to-slf4j-2.0.11.jar;C:\Users\tobia\.m2\repository\jakarta\annotation\jakarta.annotation-api\2.1.1\jakarta.annotation-api-2.1.1.jar;C:\Users\tobia\.m2\repository\org\yaml\snakeyaml\2.2\snakeyaml-2.2.jar;C:\Users\tobia\.m2\repository\org\springframework\boot\spring-boot-starter-json\3.2.2\spring-boot-starter-json-3.2.2.jar;C:\Users\tobia\.m2\repository\com\fasterxml\jackson\datatype\jackson-datatype-jdk8\2.15.3\jackson-datatype-jdk8-2.15.3.jar;C:\Users\tobia\.m2\repository\com\fasterxml\jackson\datatype\jackson-datatype-jsr310\2.15.3\jackson-datatype-jsr310-2.15.3.jar;C:\Users\tobia\.m2\repository\com\fasterxml\jackson\module\jackson-module-parameter-names\2.15.3\jackson-module-parameter-names-2.15.3.jar;C:\Users\tobia\.m2\repository\org\springframework\boot\spring-boot-starter-tomcat\3.2.2\spring-boot-starter-tomcat-3.2.2.jar;C:\Users\tobia\.m2\repository\org\apache\tomcat\embed\tomcat-embed-core\10.1.18\tomcat-embed-core-10.1.18.jar;C:\Users\tobia\.m2\repository\org\apache\tomcat\embed\tomcat-embed-el\10.1.18\tomcat-embed-el-10.1.18.jar;C:\Users\tobia\.m2\repository\org\apache\tomcat\embed\tomcat-embed-websocket\10.1.18\tomcat-embed-websocket-10.1.18.jar;C:\Users\tobia\.m2\repository\org\springframework\spring-web\6.1.3\spring-web-6.1.3.jar;C:\Users\tobia\.m2\repository\org\springframework\spring-beans\6.1.3\spring-beans-6.1.3.jar;C:\Users\tobia\.m2\repository\org\springframework\spring-webmvc\6.1.3\spring-webmvc-6.1.3.jar;C:\Users\tobia\.m2\repository\org\springframework\spring-aop\6.1.3\spring-aop-6.1.3.jar;C:\Users\tobia\.m2\repository\org\springframework\spring-expression\6.1.3\spring-expression-6.1.3.jar;C:\Users\tobia\.m2\repository\org\springframework\kafka\spring-kafka\3.1.1\spring-kafka-3.1.1.jar;C:\Users\tobia\.m2\repository\org\springframework\spring-context\6.1.3\spring-context-6.1.3.jar;C:\Users\tobia\.m2\repository\org\springframework\spring-messaging\6.1.3\spring-messaging-6.1.3.jar;C:\Users\tobia\.m2\repository\org\springframework\spring-tx\6.1.3\spring-tx-6.1.3.jar;C:\Users\tobia\.m2\repository\org\springframework\retry\spring-retry\2.0.5\spring-retry-2.0.5.jar;C:\Users\tobia\.m2\repository\org\apache\kafka\kafka-clients\3.6.1\kafka-clients-3.6.1.jar;C:\Users\tobia\.m2\repository\com\github\luben\zstd-jni\1.5.5-1\zstd-jni-1.5.5-1.jar;C:\Users\tobia\.m2\repository\org\lz4\lz4-java\1.8.0\lz4-java-1.8.0.jar;C:\Users\tobia\.m2\repository\org\xerial\snappy\snappy-java\1.1.10.5\snappy-java-1.1.10.5.jar;C:\Users\tobia\.m2\repository\org\slf4j\slf4j-api\2.0.11\slf4j-api-2.0.11.jar;C:\Users\tobia\.m2\repository\io\micrometer\micrometer-observation\1.12.2\micrometer-observation-1.12.2.jar;C:\Users\tobia\.m2\repository\io\micrometer\micrometer-commons\1.12.2\micrometer-commons-1.12.2.jar;C:\Users\tobia\.m2\repository\com\google\code\findbugs\jsr305\3.0.2\jsr305-3.0.2.jar;C:\Users\tobia\.m2\repository\org\springframework\boot\spring-boot-starter-data-jpa\3.1.5\spring-boot-starter-data-jpa-3.1.5.jar;C:\Users\tobia\.m2\repository\org\springframework\boot\spring-boot-starter-aop\3.2.2\spring-boot-starter-aop-3.2.2.jar;C:\Users\tobia\.m2\repository\org\aspectj\aspectjweaver\1.9.21\aspectjweaver-1.9.21.jar;C:\Users\tobia\.m2\repository\org\springframework\boot\spring-boot-starter-jdbc\3.2.2\spring-boot-starter-jdbc-3.2.2.jar;C:\Users\tobia\.m2\repository\com\zaxxer\HikariCP\5.0.1\HikariCP-5.0.1.jar;C:\Users\tobia\.m2\repository\org\springframework\spring-jdbc\6.1.3\spring-jdbc-6.1.3.jar;C:\Users\tobia\.m2\repository\org\hibernate\orm\hibernate-core\6.4.1.Final\hibernate-core-6.4.1.Final.jar;C:\Users\tobia\.m2\repository\jakarta\persistence\jakarta.persistence-api\3.1.0\jakarta.persistence-api-3.1.0.jar;C:\Users\tobia\.m2\repository\jakarta\transaction\jakarta.transaction-api\2.0.1\jakarta.transaction-api-2.0.1.jar;C:\Users\tobia\.m2\repository\org\jboss\logging\jboss-logging\3.5.3.Final\jboss-logging-3.5.3.Final.jar;C:\Users\tobia\.m2\repository\org\hibernate\common\hibernate-commons-annotations\6.0.6.Final\hibernate-commons-annotations-6.0.6.Final.jar;C:\Users\tobia\.m2\repository\io\smallrye\jandex\3.1.2\jandex-3.1.2.jar;C:\Users\tobia\.m2\repository\com\fasterxml\classmate\1.6.0\classmate-1.6.0.jar;C:\Users\tobia\.m2\repository\net\bytebuddy\byte-buddy\1.14.11\byte-buddy-1.14.11.jar;C:\Users\tobia\.m2\repository\org\glassfish\jaxb\jaxb-runtime\4.0.4\jaxb-runtime-4.0.4.jar;C:\Users\tobia\.m2\repository\org\glassfish\jaxb\jaxb-core\4.0.4\jaxb-core-4.0.4.jar;C:\Users\tobia\.m2\repository\org\eclipse\angus\angus-activation\2.0.1\angus-activation-2.0.1.jar;C:\Users\tobia\.m2\repository\org\glassfish\jaxb\txw2\4.0.4\txw2-4.0.4.jar;C:\Users\tobia\.m2\repository\com\sun\istack\istack-commons-runtime\4.1.2\istack-commons-runtime-4.1.2.jar;C:\Users\tobia\.m2\repository\jakarta\inject\jakarta.inject-api\2.0.1\jakarta.inject-api-2.0.1.jar;C:\Users\tobia\.m2\repository\org\antlr\antlr4-runtime\4.13.0\antlr4-runtime-4.13.0.jar;C:\Users\tobia\.m2\repository\org\springframework\data\spring-data-jpa\3.2.2\spring-data-jpa-3.2.2.jar;C:\Users\tobia\.m2\repository\org\springframework\data\spring-data-commons\3.2.2\spring-data-commons-3.2.2.jar;C:\Users\tobia\.m2\repository\org\springframework\spring-orm\6.1.3\spring-orm-6.1.3.jar;C:\Users\tobia\.m2\repository\org\springframework\spring-aspects\6.1.3\spring-aspects-6.1.3.jar;C:\Users\tobia\.m2\repository\org\springframework\boot\spring-boot-starter-test\3.2.2\spring-boot-starter-test-3.2.2.jar;C:\Users\tobia\.m2\repository\org\springframework\boot\spring-boot-test\3.2.2\spring-boot-test-3.2.2.jar;C:\Users\tobia\.m2\repository\org\springframework\boot\spring-boot-test-autoconfigure\3.2.2\spring-boot-test-autoconfigure-3.2.2.jar;C:\Users\tobia\.m2\repository\com\jayway\jsonpath\json-path\2.8.0\json-path-2.8.0.jar;C:\Users\tobia\.m2\repository\jakarta\xml\bind\jakarta.xml.bind-api\4.0.1\jakarta.xml.bind-api-4.0.1.jar;C:\Users\tobia\.m2\repository\jakarta\activation\jakarta.activation-api\2.1.2\jakarta.activation-api-2.1.2.jar;C:\Users\tobia\.m2\repository\net\minidev\json-smart\2.5.0\json-smart-2.5.0.jar;C:\Users\tobia\.m2\repository\net\minidev\accessors-smart\2.5.0\accessors-smart-2.5.0.jar;C:\Users\tobia\.m2\repository\org\ow2\asm\asm\9.3\asm-9.3.jar;C:\Users\tobia\.m2\repository\org\assertj\assertj-core\3.24.2\assertj-core-3.24.2.jar;C:\Users\tobia\.m2\repository\org\awaitility\awaitility\4.2.0\awaitility-4.2.0.jar;C:\Users\tobia\.m2\repository\org\hamcrest\hamcrest\2.2\hamcrest-2.2.jar;C:\Users\tobia\.m2\repository\org\junit\jupiter\junit-jupiter\5.10.1\junit-jupiter-5.10.1.jar;C:\Users\tobia\.m2\repository\org\junit\jupiter\junit-jupiter-params\5.10.1\junit-jupiter-params-5.10.1.jar;C:\Users\tobia\.m2\repository\org\junit\jupiter\junit-jupiter-engine\5.10.1\junit-jupiter-engine-5.10.1.jar;C:\Users\tobia\.m2\repository\org\mockito\mockito-core\5.7.0\mockito-core-5.7.0.jar;C:\Users\tobia\.m2\repository\net\bytebuddy\byte-buddy-agent\1.14.11\byte-buddy-agent-1.14.11.jar;C:\Users\tobia\.m2\repository\org\objenesis\objenesis\3.3\objenesis-3.3.jar;C:\Users\tobia\.m2\repository\org\mockito\mockito-junit-jupiter\5.7.0\mockito-junit-jupiter-5.7.0.jar;C:\Users\tobia\.m2\repository\org\skyscreamer\jsonassert\1.5.1\jsonassert-1.5.1.jar;C:\Users\tobia\.m2\repository\com\vaadin\external\google\android-json\0.0.20131108.vaadin1\android-json-0.0.20131108.vaadin1.jar;C:\Users\tobia\.m2\repository\org\springframework\spring-core\6.1.3\spring-core-6.1.3.jar;C:\Users\tobia\.m2\repository\org\springframework\spring-jcl\6.1.3\spring-jcl-6.1.3.jar;C:\Users\tobia\.m2\repository\org\springframework\spring-test\6.1.3\spring-test-6.1.3.jar;C:\Users\tobia\.m2\repository\org\xmlunit\xmlunit-core\2.9.1\xmlunit-core-2.9.1.jar;C:\Users\tobia\.m2\repository\org\springframework\kafka\spring-kafka-test\3.1.1\spring-kafka-test-3.1.1.jar;C:\Users\tobia\.m2\repository\org\apache\zookeeper\zookeeper\3.8.3\zookeeper-3.8.3.jar;C:\Users\tobia\.m2\repository\org\apache\zookeeper\zookeeper-jute\3.8.3\zookeeper-jute-3.8.3.jar;C:\Users\tobia\.m2\repository\org\apache\yetus\audience-annotations\0.12.0\audience-annotations-0.12.0.jar;C:\Users\tobia\.m2\repository\io\netty\netty-handler\4.1.105.Final\netty-handler-4.1.105.Final.jar;C:\Users\tobia\.m2\repository\io\netty\netty-common\4.1.105.Final\netty-common-4.1.105.Final.jar;C:\Users\tobia\.m2\repository\io\netty\netty-resolver\4.1.105.Final\netty-resolver-4.1.105.Final.jar;C:\Users\tobia\.m2\repository\io\netty\netty-buffer\4.1.105.Final\netty-buffer-4.1.105.Final.jar;C:\Users\tobia\.m2\repository\io\netty\netty-transport\4.1.105.Final\netty-transport-4.1.105.Final.jar;C:\Users\tobia\.m2\repository\io\netty\netty-transport-native-unix-common\4.1.105.Final\netty-transport-native-unix-common-4.1.105.Final.jar;C:\Users\tobia\.m2\repository\io\netty\netty-codec\4.1.105.Final\netty-codec-4.1.105.Final.jar;C:\Users\tobia\.m2\repository\io\netty\netty-transport-native-epoll\4.1.105.Final\netty-transport-native-epoll-4.1.105.Final.jar;C:\Users\tobia\.m2\repository\io\netty\netty-transport-classes-epoll\4.1.105.Final\netty-transport-classes-epoll-4.1.105.Final.jar;C:\Users\tobia\.m2\repository\ch\qos\logback\logback-core\1.4.14\logback-core-1.4.14.jar;C:\Users\tobia\.m2\repository\ch\qos\logback\logback-classic\1.4.14\logback-classic-1.4.14.jar;C:\Users\tobia\.m2\repository\org\apache\kafka\kafka-clients\3.6.1\kafka-clients-3.6.1-test.jar;C:\Users\tobia\.m2\repository\org\apache\kafka\kafka-metadata\3.6.1\kafka-metadata-3.6.1.jar;C:\Users\tobia\.m2\repository\org\apache\kafka\kafka-raft\3.6.1\kafka-raft-3.6.1.jar;C:\Users\tobia\.m2\repository\com\yammer\metrics\metrics-core\2.2.0\metrics-core-2.2.0.jar;C:\Users\tobia\.m2\repository\org\apache\kafka\kafka-server-common\3.6.1\kafka-server-common-3.6.1.jar;C:\Users\tobia\.m2\repository\net\sf\jopt-simple\jopt-simple\5.0.4\jopt-simple-5.0.4.jar;C:\Users\tobia\.m2\repository\org\pcollections\pcollections\4.0.1\pcollections-4.0.1.jar;C:\Users\tobia\.m2\repository\org\apache\kafka\kafka-server-common\3.6.1\kafka-server-common-3.6.1-test.jar;C:\Users\tobia\.m2\repository\org\apache\kafka\kafka-streams-test-utils\3.6.1\kafka-streams-test-utils-3.6.1.jar;C:\Users\tobia\.m2\repository\org\apache\kafka\kafka-streams\3.6.1\kafka-streams-3.6.1.jar;C:\Users\tobia\.m2\repository\org\rocksdb\rocksdbjni\7.9.2\rocksdbjni-7.9.2.jar;C:\Users\tobia\.m2\repository\org\apache\kafka\kafka_2.13\3.6.1\kafka_2.13-3.6.1.jar;C:\Users\tobia\.m2\repository\org\scala-lang\scala-library\2.13.11\scala-library-2.13.11.jar;C:\Users\tobia\.m2\repository\org\apache\kafka\kafka-group-coordinator\3.6.1\kafka-group-coordinator-3.6.1.jar;C:\Users\tobia\.m2\repository\org\apache\kafka\kafka-storage-api\3.6.1\kafka-storage-api-3.6.1.jar;C:\Users\tobia\.m2\repository\org\apache\kafka\kafka-tools-api\3.6.1\kafka-tools-api-3.6.1.jar;C:\Users\tobia\.m2\repository\org\apache\kafka\kafka-storage\3.6.1\kafka-storage-3.6.1.jar;C:\Users\tobia\.m2\repository\com\github\ben-manes\caffeine\caffeine\3.1.8\caffeine-3.1.8.jar;C:\Users\tobia\.m2\repository\org\checkerframework\checker-qual\3.37.0\checker-qual-3.37.0.jar;C:\Users\tobia\.m2\repository\com\google\errorprone\error_prone_annotations\2.21.1\error_prone_annotations-2.21.1.jar;C:\Users\tobia\.m2\repository\net\sourceforge\argparse4j\argparse4j\0.7.0\argparse4j-0.7.0.jar;C:\Users\tobia\.m2\repository\commons-validator\commons-validator\1.7\commons-validator-1.7.jar;C:\Users\tobia\.m2\repository\commons-beanutils\commons-beanutils\1.9.4\commons-beanutils-1.9.4.jar;C:\Users\tobia\.m2\repository\commons-digester\commons-digester\2.1\commons-digester-2.1.jar;C:\Users\tobia\.m2\repository\commons-collections\commons-collections\3.2.2\commons-collections-3.2.2.jar;C:\Users\tobia\.m2\repository\com\fasterxml\jackson\module\jackson-module-scala_2.13\2.15.3\jackson-module-scala_2.13-2.15.3.jar;C:\Users\tobia\.m2\repository\com\thoughtworks\paranamer\paranamer\2.8\paranamer-2.8.jar;C:\Users\tobia\.m2\repository\com\fasterxml\jackson\dataformat\jackson-dataformat-csv\2.15.3\jackson-dataformat-csv-2.15.3.jar;C:\Users\tobia\.m2\repository\org\bitbucket\b_c\jose4j\0.9.3\jose4j-0.9.3.jar;C:\Users\tobia\.m2\repository\org\scala-lang\modules\scala-collection-compat_2.13\2.10.0\scala-collection-compat_2.13-2.10.0.jar;C:\Users\tobia\.m2\repository\org\scala-lang\modules\scala-java8-compat_2.13\1.0.2\scala-java8-compat_2.13-1.0.2.jar;C:\Users\tobia\.m2\repository\org\scala-lang\scala-reflect\2.13.11\scala-reflect-2.13.11.jar;C:\Users\tobia\.m2\repository\com\typesafe\scala-logging\scala-logging_2.13\3.9.4\scala-logging_2.13-3.9.4.jar;C:\Users\tobia\.m2\repository\io\dropwizard\metrics\metrics-core\4.2.23\metrics-core-4.2.23.jar;C:\Users\tobia\.m2\repository\commons-cli\commons-cli\1.4\commons-cli-1.4.jar;C:\Users\tobia\.m2\repository\org\apache\kafka\kafka_2.13\3.6.1\kafka_2.13-3.6.1-test.jar;C:\Users\tobia\.m2\repository\org\junit\jupiter\junit-jupiter-api\5.10.1\junit-jupiter-api-5.10.1.jar;C:\Users\tobia\.m2\repository\org\opentest4j\opentest4j\1.3.0\opentest4j-1.3.0.jar;C:\Users\tobia\.m2\repository\org\junit\platform\junit-platform-commons\1.10.1\junit-platform-commons-1.10.1.jar;C:\Users\tobia\.m2\repository\org\apiguardian\apiguardian-api\1.1.2\apiguardian-api-1.1.2.jar;C:\Users\tobia\.m2\repository\org\junit\platform\junit-platform-launcher\1.10.1\junit-platform-launcher-1.10.1.jar;C:\Users\tobia\.m2\repository\org\junit\platform\junit-platform-engine\1.10.1\junit-platform-engine-1.10.1.jar;C:\Users\tobia\.m2\repository\com\h2database\h2\2.1.214\h2-2.1.214.jar;C:\Users\tobia\.m2\repository\com\google\code\gson\gson\2.10.1\gson-2.10.1.jar;C:\Users\tobia\.m2\repository\com\squareup\okhttp3\okhttp\4.11.0\okhttp-4.11.0.jar;C:\Users\tobia\.m2\repository\com\squareup\okio\okio\3.2.0\okio-3.2.0.jar;C:\Users\tobia\.m2\repository\com\squareup\okio\okio-jvm\3.2.0\okio-jvm-3.2.0.jar;C:\Users\tobia\.m2\repository\org\jetbrains\kotlin\kotlin-stdlib-common\1.9.22\kotlin-stdlib-common-1.9.22.jar;C:\Users\tobia\.m2\repository\org\jetbrains\kotlin\kotlin-stdlib\1.9.22\kotlin-stdlib-1.9.22.jar;C:\Users\tobia\.m2\repository\org\jetbrains\annotations\13.0\annotations-13.0.jar;C:\Users\tobia\.m2\repository\org\jetbrains\kotlin\kotlin-stdlib-jdk8\1.9.22\kotlin-stdlib-jdk8-1.9.22.jar;C:\Users\tobia\.m2\repository\org\jetbrains\kotlin\kotlin-stdlib-jdk7\1.9.22\kotlin-stdlib-jdk7-1.9.22.jar;C:\Users\tobia\.m2\repository\io\gsonfire\gson-fire\1.9.0\gson-fire-1.9.0.jar;C:\Users\tobia\.m2\repository\io\swagger\swagger-annotations\1.6.12\swagger-annotations-1.6.12.jar;C:\Users\tobia\.m2\repository\com\squareup\okhttp3\logging-interceptor\4.12.0\logging-interceptor-4.12.0.jar;C:\Users\tobia\.m2\repository\org\openapitools\jackson-databind-nullable\0.2.1\jackson-databind-nullable-0.2.1.jar;C:\Users\tobia\.m2\repository\com\fasterxml\jackson\core\jackson-databind\2.15.3\jackson-databind-2.15.3.jar;C:\Users\tobia\.m2\repository\com\fasterxml\jackson\core\jackson-annotations\2.15.3\jackson-annotations-2.15.3.jar;C:\Users\tobia\.m2\repository\com\fasterxml\jackson\core\jackson-core\2.15.3\jackson-core-2.15.3.jar;C:\Users\tobia\.m2\repository\org\springdoc\springdoc-openapi-ui\1.7.0\springdoc-openapi-ui-1.7.0.jar;C:\Users\tobia\.m2\repository\org\springdoc\springdoc-openapi-webmvc-core\1.7.0\springdoc-openapi-webmvc-core-1.7.0.jar;C:\Users\tobia\.m2\repository\org\springdoc\springdoc-openapi-common\1.7.0\springdoc-openapi-common-1.7.0.jar;C:\Users\tobia\.m2\repository\io\swagger\core\v3\swagger-core\2.2.9\swagger-core-2.2.9.jar;C:\Users\tobia\.m2\repository\org\apache\commons\commons-lang3\3.13.0\commons-lang3-3.13.0.jar;C:\Users\tobia\.m2\repository\com\fasterxml\jackson\dataformat\jackson-dataformat-yaml\2.15.3\jackson-dataformat-yaml-2.15.3.jar;C:\Users\tobia\.m2\repository\io\swagger\core\v3\swagger-annotations\2.2.9\swagger-annotations-2.2.9.jar;C:\Users\tobia\.m2\repository\io\swagger\core\v3\swagger-models\2.2.9\swagger-models-2.2.9.jar;C:\Users\tobia\.m2\repository\jakarta\validation\jakarta.validation-api\3.0.2\jakarta.validation-api-3.0.2.jar;C:\Users\tobia\.m2\repository\org\webjars\swagger-ui\4.18.2\swagger-ui-4.18.2.jar;C:\Users\tobia\.m2\repository\javax\validation\validation-api\1.0.0.GA\validation-api-1.0.0.GA.jar;C:\Users\tobia\.m2\repository\javax\annotation\javax.annotation-api\1.3.2\javax.annotation-api-1.3.2.jar;C:\Users\tobia\.m2\repository\javax\servlet\javax.servlet-api\3.0.1\javax.servlet-api-3.0.1.jar;C:\Users\tobia\.m2\repository\org\projectlombok\lombok\1.18.30\lombok-1.18.30.jar;"/>
    <property name="sun.cpu.endian" value="little"/>
    <property name="user.home" value="C:\Users\tobia"/>
    <property name="user.language" value="en"/>
    <property name="java.specification.vendor" value="Oracle Corporation"/>
    <property name="spring.embedded.kafka.brokers" value="localhost:54012"/>
    <property name="java.version.date" value="2021-10-19"/>
    <property name="java.home" value="C:\Program Files\Java\jdk-17.0.1"/>
    <property name="file.separator" value="\"/>
    <property name="basedir" value="C:\Users\tobia\Documents\privat\KIT\Semester_China\financetracker\implementation\analytics"/>
    <property name="java.vm.compressedOopsMode" value="32-bit"/>
    <property name="line.separator" value="&#10;"/>
    <property name="java.vm.specification.vendor" value="Oracle Corporation"/>
    <property name="java.specification.name" value="Java Platform API Specification"/>
    <property name="FILE_LOG_CHARSET" value="windows-1252"/>
    <property name="java.awt.headless" value="true"/>
    <property name="surefire.real.class.path" value="C:\Users\tobia\AppData\Local\Temp\surefire16990683226318270583\surefirebooter-20240305074807277_3.jar"/>
    <property name="user.script" value=""/>
    <property name="sun.management.compiler" value="HotSpot 64-Bit Tiered Compilers"/>
    <property name="java.runtime.version" value="17.0.1+12-LTS-39"/>
    <property name="user.name" value="tobia"/>
    <property name="path.separator" value=";"/>
    <property name="os.version" value="10.0"/>
    <property name="java.runtime.name" value="Java(TM) SE Runtime Environment"/>
    <property name="file.encoding" value="Cp1252"/>
    <property name="java.vm.name" value="Java HotSpot(TM) 64-Bit Server VM"/>
    <property name="localRepository" value="C:\Users\tobia\.m2\repository"/>
    <property name="java.vendor.url.bug" value="https://bugreport.java.com/bugreport/"/>
    <property name="java.io.tmpdir" value="C:\Users\tobia\AppData\Local\Temp\"/>
    <property name="catalina.home" value="C:\Users\tobia\AppData\Local\Temp\tomcat.0.253626924201782466"/>
    <property name="com.zaxxer.hikari.pool_number" value="8"/>
    <property name="java.version" value="17.0.1"/>
    <property name="spring.kafka.bootstrap-servers" value="localhost:54012"/>
    <property name="user.dir" value="C:\Users\tobia\Documents\privat\KIT\Semester_China\financetracker\implementation\analytics"/>
    <property name="os.arch" value="amd64"/>
    <property name="java.vm.specification.name" value="Java Virtual Machine Specification"/>
    <property name="PID" value="11964"/>
    <property name="sun.os.patch.level" value=""/>
    <property name="CONSOLE_LOG_CHARSET" value="windows-1252"/>
    <property name="catalina.base" value="C:\Users\tobia\AppData\Local\Temp\tomcat.0.4388315341402134979"/>
    <property name="native.encoding" value="Cp1252"/>
    <property name="java.library.path" value="C:\Program Files\Java\jdk-17.0.1\bin;C:\WINDOWS\Sun\Java\bin;C:\WINDOWS\system32;C:\WINDOWS;C:\Program Files\Common Files\Oracle\Java\javapath;C:\WINDOWS\system32;C:\WINDOWS;C:\WINDOWS\System32\Wbem;C:\WINDOWS\System32\WindowsPowerShell\v1.0\;C:\WINDOWS\System32\OpenSSH\;C:\Program Files\Git\cmd;C:\Program Files\nodejs\;C:\Program Files\Java\jdk-17.0.1\bin;C:\Program Files\CMake\bin;C:\Program Files\Docker\Docker\resources\bin;C:\ProgramData\DockerDesktop\version-bin;C:\ProgramData\chocolatey\bin;C:\ProgramData\chocolatey\lib\maven\apache-maven-3.9.6\bin;C:\users\tobia\appdata\local\packages\pythonsoftwarefoundation.python.3.9_qbz5n2kfra8p0\localcache\local-packages\python39\Scripts;C:\Users\tobia\AppData\Local\Microsoft\WindowsApps;C:\Users\tobia\AppData\Local\Programs\Microsoft VS Code\bin;C:\Users\tobia\AppData\Roaming\npm;C:\Program Files\Java\jdk-17.0.1\bin;C:\Users\tobia\AppData\Local\Pandoc\;."/>
    <property name="java.vm.info" value="mixed mode, sharing"/>
    <property name="java.vendor" value="Oracle Corporation"/>
    <property name="java.vm.version" value="17.0.1+12-LTS-39"/>
    <property name="sun.io.unicode.encoding" value="UnicodeLittle"/>
    <property name="java.class.version" value="61.0"/>
  </properties>
  <testcase name="createReport_whenCreate_thenExists" classname="com.example.Analytics.logic.operations.AnalyticsTest" time="4.204">
    <system-out><![CDATA[2024-03-05T07:49:34.721+01:00  INFO 11964 --- [           main] t.c.s.AnnotationConfigContextLoaderUtils : Could not detect default configuration classes for test class [com.example.Analytics.logic.operations.AnalyticsTest]: AnalyticsTest does not declare any static, non-private, non-final, nested classes annotated with @Configuration.
2024-03-05T07:49:34.752+01:00  INFO 11964 --- [           main] .b.t.c.SpringBootTestContextBootstrapper : Found @SpringBootConfiguration com.example.Analytics.AnalyticsApplication for test class com.example.Analytics.logic.operations.AnalyticsTest

  .   ____          _            __ _ _
 /\\ / ___'_ __ _ _(_)_ __  __ _ \ \ \ \
( ( )\___ | '_ | '_| | '_ \/ _` | \ \ \ \
 \\/  ___)| |_)| | | | | || (_| |  ) ) ) )
  '  |____| .__|_| |_|_| |_\__, | / / / /
 =========|_|==============|___/=/_/_/_/
 :: Spring Boot ::                (v3.2.2)

2024-03-05T07:49:34.824+01:00  INFO 11964 --- [-kit-executor-1] kafka.server.ControllerServer            : Formatting C:\Users\tobia\AppData\Local\Temp\kafka-11806855896019839531\controller_0 with metadata.version 3.3-IV0.
2024-03-05T07:49:34.825+01:00  INFO 11964 --- [-kit-executor-2] kafka.server.ControllerServer            : [ControllerServer id=0] Starting controller
2024-03-05T07:49:34.825+01:00  INFO 11964 --- [-kit-executor-3] kafka.server.BrokerServer                : [BrokerServer id=0] Transition from SHUTDOWN to STARTING
2024-03-05T07:49:34.825+01:00  INFO 11964 --- [-kit-executor-3] kafka.server.SharedServer                : [SharedServer id=0] Starting SharedServer
2024-03-05T07:49:34.829+01:00  INFO 11964 --- [-kit-executor-2] o.a.k.s.network.EndpointReadyFutures     : authorizerStart completed for endpoint CONTROLLER. Endpoint is now READY.
2024-03-05T07:49:34.842+01:00  INFO 11964 --- [-kit-executor-2] kafka.network.ConnectionQuotas           : Updated connection-accept-rate max connection creation rate to 2147483647
2024-03-05T07:49:34.846+01:00  INFO 11964 --- [-kit-executor-2] kafka.network.DataPlaneAcceptor          : Awaiting socket connections on localhost:54011.
2024-03-05T07:49:34.846+01:00  INFO 11964 --- [-kit-executor-2] kafka.network.DataPlaneAcceptor          : Opened wildcard endpoint localhost:54011
2024-03-05T07:49:34.846+01:00  INFO 11964 --- [-kit-executor-3] kafka.log.UnifiedLog$                    : [LogLoader partition=__cluster_metadata-0, dir=C:\Users\tobia\AppData\Local\Temp\kafka-11806855896019839531\controller_0] Loading producer state till offset 0 with message format version 2
2024-03-05T07:49:34.846+01:00  INFO 11964 --- [-kit-executor-3] kafka.log.UnifiedLog$                    : [LogLoader partition=__cluster_metadata-0, dir=C:\Users\tobia\AppData\Local\Temp\kafka-11806855896019839531\controller_0] Reloading from producer snapshot and rebuilding producer state from offset 0
2024-03-05T07:49:34.846+01:00  INFO 11964 --- [-kit-executor-3] kafka.log.UnifiedLog$                    : [LogLoader partition=__cluster_metadata-0, dir=C:\Users\tobia\AppData\Local\Temp\kafka-11806855896019839531\controller_0] Producer state recovery took 0ms for snapshot load and 0ms for segment recovery from offset 0
2024-03-05T07:49:34.848+01:00  INFO 11964 --- [-kit-executor-3] kafka.raft.KafkaMetadataLog$             : Initialized snapshots with IDs SortedSet() from C:\Users\tobia\AppData\Local\Temp\kafka-11806855896019839531\controller_0\__cluster_metadata-0
2024-03-05T07:49:34.858+01:00  INFO 11964 --- [piration-reaper] ExpirationService$ExpiredOperationReaper : [raft-expiration-reaper]: Starting
2024-03-05T07:49:34.860+01:00  INFO 11964 --- [-kit-executor-2] kafka.network.SocketServer               : [SocketServer listenerType=CONTROLLER, nodeId=0] Created data-plane acceptor and processors for endpoint : ListenerName(CONTROLLER)
2024-03-05T07:49:34.863+01:00  INFO 11964 --- [-kit-executor-3] org.apache.kafka.raft.QuorumState        : [RaftManager id=0] Completed transition to Unattached(epoch=0, voters=[0], electionTimeoutMs=1093) from null
2024-03-05T07:49:34.870+01:00  INFO 11964 --- [-kit-executor-3] org.apache.kafka.raft.QuorumState        : [RaftManager id=0] Completed transition to CandidateState(localId=0, epoch=1, retries=1, voteStates={0=GRANTED}, highWatermark=Optional.empty, electionTimeoutMs=1165) from Unattached(epoch=0, voters=[0], electionTimeoutMs=1093)
2024-03-05T07:49:34.876+01:00  INFO 11964 --- [-kit-executor-3] org.apache.kafka.raft.QuorumState        : [RaftManager id=0] Completed transition to Leader(localId=0, epoch=1, epochStartOffset=0, highWatermark=Optional.empty, voterStates={0=ReplicaState(nodeId=0, endOffset=Optional.empty, lastFetchTimestamp=-1, lastCaughtUpTimestamp=-1, hasAcknowledgedLeader=true)}) from CandidateState(localId=0, epoch=1, retries=1, voteStates={0=GRANTED}, highWatermark=Optional.empty, electionTimeoutMs=1165)
2024-03-05T07:49:34.890+01:00  INFO 11964 --- [-raft-io-thread] k.raft.KafkaRaftManager$RaftIoThread     : [kafka-0-raft-io-thread]: Starting
2024-03-05T07:49:34.889+01:00  INFO 11964 --- [-request-thread] kafka.raft.RaftSendThread                : [kafka-0-raft-outbound-request-thread]: Starting
2024-03-05T07:49:34.890+01:00  INFO 11964 --- [-kit-executor-3] kafka.server.BrokerServer                : [BrokerServer id=0] Starting broker
2024-03-05T07:49:34.890+01:00  INFO 11964 --- [-kit-executor-2] kafka.server.ControllerServer            : [ControllerServer id=0] Waiting for controller quorum voters future
2024-03-05T07:49:34.890+01:00  INFO 11964 --- [-kit-executor-2] kafka.server.ControllerServer            : [ControllerServer id=0] Finished waiting for controller quorum voters future
2024-03-05T07:49:34.891+01:00  INFO 11964 --- [-kit-executor-2] o.a.kafka.controller.QuorumController    : [QuorumController id=0] Creating new QuorumController with clusterId pQesx8oBRf-PS-l-lqokqg.
2024-03-05T07:49:34.892+01:00  INFO 11964 --- [-raft-io-thread] org.apache.kafka.raft.LeaderState        : [RaftManager id=0] High watermark set to LogOffsetMetadata(offset=1, metadata=Optional[(segmentBaseOffset=0,relativePositionInSegment=91)]) for the first time for epoch 1 based on indexOfHw 0 and voters [ReplicaState(nodeId=0, endOffset=Optional[LogOffsetMetadata(offset=1, metadata=Optional[(segmentBaseOffset=0,relativePositionInSegment=91)])], lastFetchTimestamp=-1, lastCaughtUpTimestamp=-1, hasAcknowledgedLeader=true)]
2024-03-05T07:49:34.893+01:00  INFO 11964 --- [r-event-handler] o.a.kafka.image.loader.MetadataLoader    : [MetadataLoader id=0] initializeNewPublishers: the loader is still catching up because we still don't know the high water mark yet.
2024-03-05T07:49:34.896+01:00  INFO 11964 --- [-kit-executor-2] kafka.server.ControllerServer            : [ControllerServer id=0] Waiting for the controller metadata publishers to be installed
2024-03-05T07:49:34.897+01:00  INFO 11964 --- [r-event-handler] o.a.kafka.image.loader.MetadataLoader    : [MetadataLoader id=0] initializeNewPublishers: The loader is still catching up because we have loaded up to offset -1, but the high water mark is 1
2024-03-05T07:49:34.897+01:00  INFO 11964 --- [-kit-executor-2] kafka.server.ControllerServer            : [ControllerServer id=0] Finished waiting for the controller metadata publishers to be installed
2024-03-05T07:49:34.897+01:00  INFO 11964 --- [-kit-executor-2] kafka.network.SocketServer               : [SocketServer listenerType=CONTROLLER, nodeId=0] Enabling request processing.
2024-03-05T07:49:34.897+01:00  INFO 11964 --- [-kit-executor-3] kafka.log.LogManager                     : Log directory C:\Users\tobia\AppData\Local\Temp\kafka-11806855896019839531\broker_0_data0 not found, creating it.
2024-03-05T07:49:34.897+01:00  INFO 11964 --- [-kit-executor-2] kafka.server.ControllerServer            : [ControllerServer id=0] Waiting for all of the authorizer futures to be completed
2024-03-05T07:49:34.897+01:00  INFO 11964 --- [-kit-executor-2] kafka.server.ControllerServer            : [ControllerServer id=0] Finished waiting for all of the authorizer futures to be completed
2024-03-05T07:49:34.897+01:00  INFO 11964 --- [-kit-executor-2] kafka.server.ControllerServer            : [ControllerServer id=0] Waiting for all of the SocketServer Acceptors to be started
2024-03-05T07:49:34.897+01:00  INFO 11964 --- [-kit-executor-2] kafka.server.ControllerServer            : [ControllerServer id=0] Finished waiting for all of the SocketServer Acceptors to be started
2024-03-05T07:49:34.899+01:00  INFO 11964 --- [-raft-io-thread] org.apache.kafka.raft.KafkaRaftClient    : [RaftManager id=0] Registered the listener org.apache.kafka.image.loader.MetadataLoader@736087401
2024-03-05T07:49:34.900+01:00  INFO 11964 --- [-raft-io-thread] org.apache.kafka.raft.KafkaRaftClient    : [RaftManager id=0] Registered the listener org.apache.kafka.controller.QuorumController$QuorumMetaLogListener@622343778
2024-03-05T07:49:34.900+01:00  INFO 11964 --- [r-event-handler] o.a.kafka.image.loader.MetadataLoader    : [MetadataLoader id=0] maybePublishMetadata(LOG_DELTA): The loader is still catching up because we have not loaded a controller record as of offset 0 and high water mark is 1
2024-03-05T07:49:34.901+01:00  INFO 11964 --- [nelReaper-Fetch] lientQuotaManager$ThrottledChannelReaper : [controller-0-ThrottledChannelReaper-Fetch]: Starting
2024-03-05T07:49:34.901+01:00  INFO 11964 --- [0-event-handler] o.a.kafka.controller.QuorumController    : [QuorumController id=0] Becoming the active controller at epoch 1, next write offset 1.
2024-03-05T07:49:34.901+01:00  WARN 11964 --- [0-event-handler] o.a.kafka.controller.QuorumController    : [QuorumController id=0] Performing controller activation. The metadata log appears to be empty. Appending 1 bootstrap record(s) in metadata transaction at metadata.version 3.6-IV2 from bootstrap source 'testkit'. Setting the ZK migration state to NONE since this is a de-novo KRaft cluster.
2024-03-05T07:49:34.901+01:00  INFO 11964 --- [0-event-handler] o.a.k.controller.OffsetControlManager    : [QuorumController id=0] Replayed BeginTransactionRecord(name='Bootstrap records') at offset 1.
2024-03-05T07:49:34.901+01:00  INFO 11964 --- [lReaper-Produce] lientQuotaManager$ThrottledChannelReaper : [controller-0-ThrottledChannelReaper-Produce]: Starting
2024-03-05T07:49:34.902+01:00  INFO 11964 --- [0-event-handler] o.a.k.controller.FeatureControlManager   : [QuorumController id=0] Replayed a FeatureLevelRecord setting metadata version to 3.6-IV2
2024-03-05T07:49:34.902+01:00  INFO 11964 --- [0-event-handler] o.a.k.controller.OffsetControlManager    : [QuorumController id=0] Replayed EndTransactionRecord() at offset 4.
2024-03-05T07:49:34.902+01:00  INFO 11964 --- [lReaper-Request] lientQuotaManager$ThrottledChannelReaper : [controller-0-ThrottledChannelReaper-Request]: Starting
2024-03-05T07:49:34.902+01:00  INFO 11964 --- [trollerMutation] lientQuotaManager$ThrottledChannelReaper : [controller-0-ThrottledChannelReaper-ControllerMutation]: Starting
2024-03-05T07:49:34.902+01:00  INFO 11964 --- [per-0-AlterAcls] perationPurgatory$ExpiredOperationReaper : [ExpirationReaper-0-AlterAcls]: Starting
2024-03-05T07:49:34.903+01:00  INFO 11964 --- [-kit-executor-3] kafka.server.BrokerServer                : [BrokerServer id=0] Waiting for controller quorum voters future
2024-03-05T07:49:34.903+01:00  INFO 11964 --- [-kit-executor-3] kafka.server.BrokerServer                : [BrokerServer id=0] Finished waiting for controller quorum voters future
2024-03-05T07:49:34.905+01:00  INFO 11964 --- [nelReaper-Fetch] lientQuotaManager$ThrottledChannelReaper : [broker-0-ThrottledChannelReaper-Fetch]: Starting
2024-03-05T07:49:34.905+01:00  INFO 11964 --- [lReaper-Produce] lientQuotaManager$ThrottledChannelReaper : [broker-0-ThrottledChannelReaper-Produce]: Starting
2024-03-05T07:49:34.908+01:00  INFO 11964 --- [lReaper-Request] lientQuotaManager$ThrottledChannelReaper : [broker-0-ThrottledChannelReaper-Request]: Starting
2024-03-05T07:49:34.908+01:00  INFO 11964 --- [trollerMutation] lientQuotaManager$ThrottledChannelReaper : [broker-0-ThrottledChannelReaper-ControllerMutation]: Starting
2024-03-05T07:49:34.926+01:00  INFO 11964 --- [channel-manager] k.s.BrokerToControllerRequestThread      : [broker-0-to-controller-forwarding-channel-manager]: Starting
2024-03-05T07:49:34.926+01:00  INFO 11964 --- [channel-manager] k.s.BrokerToControllerRequestThread      : [broker-0-to-controller-forwarding-channel-manager]: Recorded new controller, from now on will use node localhost:54011 (id: 0 rack: null)
2024-03-05T07:49:34.934+01:00  INFO 11964 --- [-kit-executor-3] kafka.network.ConnectionQuotas           : Updated connection-accept-rate max connection creation rate to 2147483647
2024-03-05T07:49:34.938+01:00  INFO 11964 --- [-kit-executor-3] kafka.network.DataPlaneAcceptor          : Awaiting socket connections on localhost:54012.
2024-03-05T07:49:34.938+01:00  INFO 11964 --- [-kit-executor-3] kafka.network.DataPlaneAcceptor          : Opened wildcard endpoint localhost:54012
2024-03-05T07:49:34.945+01:00  INFO 11964 --- [r-event-handler] o.a.kafka.image.loader.MetadataLoader    : [MetadataLoader id=0] maybePublishMetadata(LOG_DELTA): The loader finished catching up to the current high water mark of 5
2024-03-05T07:49:34.962+01:00  INFO 11964 --- [-kit-executor-3] kafka.network.SocketServer               : [SocketServer listenerType=BROKER, nodeId=0] Created data-plane acceptor and processors for endpoint : ListenerName(EXTERNAL)
2024-03-05T07:49:34.977+01:00  INFO 11964 --- [channel-manager] k.s.BrokerToControllerRequestThread      : [broker-0-to-controller-alter-partition-channel-manager]: Starting
2024-03-05T07:49:34.977+01:00  INFO 11964 --- [channel-manager] k.s.BrokerToControllerRequestThread      : [broker-0-to-controller-alter-partition-channel-manager]: Recorded new controller, from now on will use node localhost:54011 (id: 0 rack: null)
2024-03-05T07:49:34.985+01:00  INFO 11964 --- [eaper-0-Produce] perationPurgatory$ExpiredOperationReaper : [ExpirationReaper-0-Produce]: Starting
2024-03-05T07:49:34.986+01:00  INFO 11964 --- [nReaper-0-Fetch] perationPurgatory$ExpiredOperationReaper : [ExpirationReaper-0-Fetch]: Starting
2024-03-05T07:49:34.986+01:00  INFO 11964 --- [0-DeleteRecords] perationPurgatory$ExpiredOperationReaper : [ExpirationReaper-0-DeleteRecords]: Starting
2024-03-05T07:49:34.987+01:00  INFO 11964 --- [r-0-ElectLeader] perationPurgatory$ExpiredOperationReaper : [ExpirationReaper-0-ElectLeader]: Starting
2024-03-05T07:49:34.989+01:00  INFO 11964 --- [r-0-RemoteFetch] perationPurgatory$ExpiredOperationReaper : [ExpirationReaper-0-RemoteFetch]: Starting
2024-03-05T07:49:34.991+01:00  INFO 11964 --- [per-0-Heartbeat] perationPurgatory$ExpiredOperationReaper : [ExpirationReaper-0-Heartbeat]: Starting
2024-03-05T07:49:34.992+01:00  INFO 11964 --- [per-0-Rebalance] perationPurgatory$ExpiredOperationReaper : [ExpirationReaper-0-Rebalance]: Starting
2024-03-05T07:49:34.999+01:00  INFO 11964 --- [r-event-handler] kafka.server.BrokerLifecycleManager      : [BrokerLifecycleManager id=0] Incarnation 9faP7WbMRMShQRCCdzckbQ of broker 0 in cluster pQesx8oBRf-PS-l-lqokqg is now STARTING.
2024-03-05T07:49:34.999+01:00  INFO 11964 --- [channel-manager] k.s.BrokerToControllerRequestThread      : [broker-0-to-controller-heartbeat-channel-manager]: Starting
2024-03-05T07:49:34.999+01:00  INFO 11964 --- [channel-manager] k.s.BrokerToControllerRequestThread      : [broker-0-to-controller-heartbeat-channel-manager]: Recorded new controller, from now on will use node localhost:54011 (id: 0 rack: null)
2024-03-05T07:49:35.000+01:00  INFO 11964 --- [per-0-AlterAcls] perationPurgatory$ExpiredOperationReaper : [ExpirationReaper-0-AlterAcls]: Starting
2024-03-05T07:49:35.003+01:00  INFO 11964 --- [0-event-handler] o.a.k.controller.ClusterControlManager   : [QuorumController id=0] Replayed initial RegisterBrokerRecord for broker 0: RegisterBrokerRecord(brokerId=0, isMigratingZkBroker=false, incarnationId=9faP7WbMRMShQRCCdzckbQ, brokerEpoch=5, endPoints=[BrokerEndpoint(name='EXTERNAL', host='localhost', port=54012, securityProtocol=0)], features=[BrokerFeature(name='metadata.version', minSupportedVersion=1, maxSupportedVersion=14)], rack=null, fenced=true, inControlledShutdown=false)
2024-03-05T07:49:35.005+01:00  INFO 11964 --- [r-event-handler] o.a.kafka.image.loader.MetadataLoader    : [MetadataLoader id=0] InitializeNewPublishers: initializing SnapshotGenerator with a snapshot at offset 4
2024-03-05T07:49:35.005+01:00  INFO 11964 --- [r-event-handler] o.a.kafka.image.loader.MetadataLoader    : [MetadataLoader id=0] InitializeNewPublishers: initializing FeaturesPublisher with a snapshot at offset 4
2024-03-05T07:49:35.005+01:00  INFO 11964 --- [r-event-handler] o.a.kafka.image.loader.MetadataLoader    : [MetadataLoader id=0] InitializeNewPublishers: initializing DynamicConfigPublisher controller id=0 with a snapshot at offset 4
2024-03-05T07:49:35.005+01:00  INFO 11964 --- [-kit-executor-3] kafka.server.BrokerServer                : [BrokerServer id=0] Waiting for the broker metadata publishers to be installed
2024-03-05T07:49:35.005+01:00  INFO 11964 --- [r-event-handler] o.a.kafka.image.loader.MetadataLoader    : [MetadataLoader id=0] InitializeNewPublishers: initializing DynamicClientQuotaPublisher controller id=0 with a snapshot at offset 4
2024-03-05T07:49:35.005+01:00  INFO 11964 --- [r-event-handler] o.a.kafka.image.loader.MetadataLoader    : [MetadataLoader id=0] InitializeNewPublishers: initializing ScramPublisher controller id=0 with a snapshot at offset 4
2024-03-05T07:49:35.005+01:00  INFO 11964 --- [r-event-handler] o.a.kafka.image.loader.MetadataLoader    : [MetadataLoader id=0] InitializeNewPublishers: initializing DelegationTokenPublisher controller id=0 with a snapshot at offset 4
2024-03-05T07:49:35.006+01:00  INFO 11964 --- [r-event-handler] o.a.kafka.image.loader.MetadataLoader    : [MetadataLoader id=0] InitializeNewPublishers: initializing ControllerMetadataMetricsPublisher with a snapshot at offset 4
2024-03-05T07:49:35.006+01:00  INFO 11964 --- [r-event-handler] o.a.kafka.image.loader.MetadataLoader    : [MetadataLoader id=0] InitializeNewPublishers: initializing AclPublisher controller id=0 with a snapshot at offset 4
2024-03-05T07:49:35.006+01:00  INFO 11964 --- [-kit-executor-3] kafka.server.BrokerServer                : [BrokerServer id=0] Finished waiting for the broker metadata publishers to be installed
2024-03-05T07:49:35.006+01:00  INFO 11964 --- [-kit-executor-3] kafka.server.BrokerServer                : [BrokerServer id=0] Waiting for the controller to acknowledge that we are caught up
2024-03-05T07:49:35.006+01:00  INFO 11964 --- [r-event-handler] o.a.kafka.image.loader.MetadataLoader    : [MetadataLoader id=0] InitializeNewPublishers: initializing BrokerMetadataPublisher with a snapshot at offset 4
2024-03-05T07:49:35.006+01:00  INFO 11964 --- [r-event-handler] k.s.metadata.BrokerMetadataPublisher     : [BrokerMetadataPublisher id=0] Publishing initial metadata at offset OffsetAndEpoch(offset=4, epoch=1) with metadata.version 3.6-IV2.
2024-03-05T07:49:35.006+01:00  INFO 11964 --- [r-event-handler] kafka.log.LogManager                     : Loading logs from log dirs ArraySeq(C:\Users\tobia\AppData\Local\Temp\kafka-11806855896019839531\broker_0_data0)
2024-03-05T07:49:35.009+01:00  INFO 11964 --- [r-event-handler] kafka.log.LogManager                     : No logs found to be loaded in C:\Users\tobia\AppData\Local\Temp\kafka-11806855896019839531\broker_0_data0
2024-03-05T07:49:35.010+01:00  INFO 11964 --- [r-event-handler] kafka.log.LogManager                     : Loaded 0 logs in 4ms
2024-03-05T07:49:35.011+01:00  INFO 11964 --- [r-event-handler] kafka.log.LogManager                     : Starting log cleanup with a period of 300000 ms.
2024-03-05T07:49:35.011+01:00  INFO 11964 --- [r-event-handler] kafka.log.LogManager                     : Starting log flusher with a default period of 9223372036854775807 ms.
2024-03-05T07:49:35.015+01:00  INFO 11964 --- [r-event-handler] kafka.log.LogCleaner                     : Starting the log cleaner
2024-03-05T07:49:35.028+01:00  INFO 11964 --- [r-event-handler] k.coordinator.group.GroupCoordinator     : [GroupCoordinator 0]: Starting up.
2024-03-05T07:49:35.028+01:00  INFO 11964 --- [r-event-handler] k.coordinator.group.GroupCoordinator     : [GroupCoordinator 0]: Startup complete.
2024-03-05T07:49:35.028+01:00  INFO 11964 --- [r-event-handler] k.c.transaction.TransactionCoordinator   : [TransactionCoordinator id=0] Starting up.
2024-03-05T07:49:35.028+01:00  INFO 11964 --- [r-event-handler] k.c.transaction.TransactionCoordinator   : [TransactionCoordinator id=0] Startup complete.
2024-03-05T07:49:35.029+01:00  INFO 11964 --- [r-event-handler] k.s.metadata.BrokerMetadataPublisher     : [BrokerMetadataPublisher id=0] Updating metadata.version to 14 at offset OffsetAndEpoch(offset=4, epoch=1).
2024-03-05T07:49:35.031+01:00  INFO 11964 --- [leaner-thread-0] kafka.log.LogCleaner$CleanerThread       : [kafka-log-cleaner-thread-0]: Starting
2024-03-05T07:49:35.031+01:00  INFO 11964 --- [rFailureHandler] k.s.ReplicaManager$LogDirFailureHandler  : [LogDirFailureHandler]: Starting
2024-03-05T07:49:35.031+01:00  INFO 11964 --- [nSenderThread-0] kafka.server.AddPartitionsToTxnManager   : [AddPartitionsToTxnSenderThread-0]: Starting
2024-03-05T07:49:35.032+01:00  INFO 11964 --- [rSenderThread-0] k.c.t.TransactionMarkerChannelManager    : [TxnMarkerSenderThread-0]: Starting
2024-03-05T07:49:35.037+01:00  INFO 11964 --- [channel-manager] kafka.server.BrokerLifecycleManager      : [BrokerLifecycleManager id=0] Successfully registered broker 0 with broker epoch 5
2024-03-05T07:49:35.041+01:00  INFO 11964 --- [channel-manager] kafka.server.BrokerLifecycleManager      : [BrokerLifecycleManager id=0] The broker has caught up. Transitioning from STARTING to RECOVERY.
2024-03-05T07:49:35.041+01:00  INFO 11964 --- [-kit-executor-3] kafka.server.BrokerServer                : [BrokerServer id=0] Finished waiting for the controller to acknowledge that we are caught up
2024-03-05T07:49:35.041+01:00  INFO 11964 --- [-kit-executor-3] kafka.server.BrokerServer                : [BrokerServer id=0] Waiting for the initial broker metadata update to be published
2024-03-05T07:49:35.041+01:00  INFO 11964 --- [-kit-executor-3] kafka.server.BrokerServer                : [BrokerServer id=0] Finished waiting for the initial broker metadata update to be published
2024-03-05T07:49:35.043+01:00  INFO 11964 --- [-kit-executor-3] kafka.server.KafkaConfig                 : KafkaConfig values: 
	advertised.listeners = null
	alter.config.policy.class.name = null
	alter.log.dirs.replication.quota.window.num = 11
	alter.log.dirs.replication.quota.window.size.seconds = 1
	authorizer.class.name = 
	auto.create.topics.enable = true
	auto.include.jmx.reporter = true
	auto.leader.rebalance.enable = true
	background.threads = 10
	broker.heartbeat.interval.ms = 2000
	broker.id = 0
	broker.id.generation.enable = true
	broker.rack = null
	broker.session.timeout.ms = 9000
	client.quota.callback.class = null
	compression.type = producer
	connection.failed.authentication.delay.ms = 100
	connections.max.idle.ms = 600000
	connections.max.reauth.ms = 0
	control.plane.listener.name = null
	controlled.shutdown.enable = true
	controlled.shutdown.max.retries = 3
	controlled.shutdown.retry.backoff.ms = 5000
	controller.listener.names = CONTROLLER
	controller.quorum.append.linger.ms = 25
	controller.quorum.election.backoff.max.ms = 1000
	controller.quorum.election.timeout.ms = 1000
	controller.quorum.fetch.timeout.ms = 2000
	controller.quorum.request.timeout.ms = 2000
	controller.quorum.retry.backoff.ms = 20
	controller.quorum.voters = [0@0.0.0.0:0]
	controller.quota.window.num = 11
	controller.quota.window.size.seconds = 1
	controller.socket.timeout.ms = 30000
	create.topic.policy.class.name = null
	default.replication.factor = 1
	delegation.token.expiry.check.interval.ms = 3600000
	delegation.token.expiry.time.ms = 86400000
	delegation.token.master.key = null
	delegation.token.max.lifetime.ms = 604800000
	delegation.token.secret.key = null
	delete.records.purgatory.purge.interval.requests = 1
	delete.topic.enable = true
	early.start.listeners = null
	fetch.max.bytes = 57671680
	fetch.purgatory.purge.interval.requests = 1000
	group.consumer.assignors = [org.apache.kafka.coordinator.group.assignor.RangeAssignor]
	group.consumer.heartbeat.interval.ms = 5000
	group.consumer.max.heartbeat.interval.ms = 15000
	group.consumer.max.session.timeout.ms = 60000
	group.consumer.max.size = 2147483647
	group.consumer.min.heartbeat.interval.ms = 5000
	group.consumer.min.session.timeout.ms = 45000
	group.consumer.session.timeout.ms = 45000
	group.coordinator.new.enable = false
	group.coordinator.threads = 1
	group.initial.rebalance.delay.ms = 0
	group.max.session.timeout.ms = 1800000
	group.max.size = 2147483647
	group.min.session.timeout.ms = 6000
	initial.broker.registration.timeout.ms = 60000
	inter.broker.listener.name = EXTERNAL
	inter.broker.protocol.version = 3.6-IV2
	kafka.metrics.polling.interval.secs = 10
	kafka.metrics.reporters = []
	leader.imbalance.check.interval.seconds = 300
	leader.imbalance.per.broker.percentage = 10
	listener.security.protocol.map = EXTERNAL:PLAINTEXT,CONTROLLER:PLAINTEXT
	listeners = EXTERNAL://localhost:0,CONTROLLER://localhost:0
	log.cleaner.backoff.ms = 15000
	log.cleaner.dedupe.buffer.size = 2097152
	log.cleaner.delete.retention.ms = 86400000
	log.cleaner.enable = true
	log.cleaner.io.buffer.load.factor = 0.9
	log.cleaner.io.buffer.size = 524288
	log.cleaner.io.max.bytes.per.second = 1.7976931348623157E308
	log.cleaner.max.compaction.lag.ms = 9223372036854775807
	log.cleaner.min.cleanable.ratio = 0.5
	log.cleaner.min.compaction.lag.ms = 0
	log.cleaner.threads = 1
	log.cleanup.policy = [delete]
	log.dir = /tmp/kafka-logs
	log.dirs = C:\Users\tobia\AppData\Local\Temp\kafka-11806855896019839531\broker_0_data0
	log.flush.interval.messages = 9223372036854775807
	log.flush.interval.ms = null
	log.flush.offset.checkpoint.interval.ms = 60000
	log.flush.scheduler.interval.ms = 9223372036854775807
	log.flush.start.offset.checkpoint.interval.ms = 60000
	log.index.interval.bytes = 4096
	log.index.size.max.bytes = 10485760
	log.local.retention.bytes = -2
	log.local.retention.ms = -2
	log.message.downconversion.enable = true
	log.message.format.version = 3.0-IV1
	log.message.timestamp.after.max.ms = 9223372036854775807
	log.message.timestamp.before.max.ms = 9223372036854775807
	log.message.timestamp.difference.max.ms = 9223372036854775807
	log.message.timestamp.type = CreateTime
	log.preallocate = false
	log.retention.bytes = -1
	log.retention.check.interval.ms = 300000
	log.retention.hours = 168
	log.retention.minutes = null
	log.retention.ms = null
	log.roll.hours = 168
	log.roll.jitter.hours = 0
	log.roll.jitter.ms = null
	log.roll.ms = null
	log.segment.bytes = 1073741824
	log.segment.delete.delay.ms = 60000
	max.connection.creation.rate = 2147483647
	max.connections = 2147483647
	max.connections.per.ip = 2147483647
	max.connections.per.ip.overrides = 
	max.incremental.fetch.session.cache.slots = 1000
	message.max.bytes = 1048588
	metadata.log.dir = C:\Users\tobia\AppData\Local\Temp\kafka-11806855896019839531\controller_0
	metadata.log.max.record.bytes.between.snapshots = 20971520
	metadata.log.max.snapshot.interval.ms = 3600000
	metadata.log.segment.bytes = 1073741824
	metadata.log.segment.min.bytes = 8388608
	metadata.log.segment.ms = 604800000
	metadata.max.idle.interval.ms = 500
	metadata.max.retention.bytes = 104857600
	metadata.max.retention.ms = 604800000
	metric.reporters = []
	metrics.num.samples = 2
	metrics.recording.level = INFO
	metrics.sample.window.ms = 30000
	min.insync.replicas = 1
	node.id = 0
	num.io.threads = 8
	num.network.threads = 3
	num.partitions = 1
	num.recovery.threads.per.data.dir = 1
	num.replica.alter.log.dirs.threads = null
	num.replica.fetchers = 1
	offset.metadata.max.bytes = 4096
	offsets.commit.required.acks = -1
	offsets.commit.timeout.ms = 5000
	offsets.load.buffer.size = 5242880
	offsets.retention.check.interval.ms = 600000
	offsets.retention.minutes = 10080
	offsets.topic.compression.codec = 0
	offsets.topic.num.partitions = 50
	offsets.topic.replication.factor = 1
	offsets.topic.segment.bytes = 104857600
	password.encoder.cipher.algorithm = AES/CBC/PKCS5Padding
	password.encoder.iterations = 4096
	password.encoder.key.length = 128
	password.encoder.keyfactory.algorithm = null
	password.encoder.old.secret = null
	password.encoder.secret = null
	principal.builder.class = class org.apache.kafka.common.security.authenticator.DefaultKafkaPrincipalBuilder
	process.roles = [broker, controller]
	producer.id.expiration.check.interval.ms = 600000
	producer.id.expiration.ms = 86400000
	producer.purgatory.purge.interval.requests = 1000
	queued.max.request.bytes = -1
	queued.max.requests = 500
	quota.window.num = 11
	quota.window.size.seconds = 1
	remote.log.index.file.cache.total.size.bytes = 1073741824
	remote.log.manager.task.interval.ms = 30000
	remote.log.manager.task.retry.backoff.max.ms = 30000
	remote.log.manager.task.retry.backoff.ms = 500
	remote.log.manager.task.retry.jitter = 0.2
	remote.log.manager.thread.pool.size = 10
	remote.log.metadata.custom.metadata.max.bytes = 128
	remote.log.metadata.manager.class.name = org.apache.kafka.server.log.remote.metadata.storage.TopicBasedRemoteLogMetadataManager
	remote.log.metadata.manager.class.path = null
	remote.log.metadata.manager.impl.prefix = rlmm.config.
	remote.log.metadata.manager.listener.name = null
	remote.log.reader.max.pending.tasks = 100
	remote.log.reader.threads = 10
	remote.log.storage.manager.class.name = null
	remote.log.storage.manager.class.path = null
	remote.log.storage.manager.impl.prefix = rsm.config.
	remote.log.storage.system.enable = false
	replica.fetch.backoff.ms = 1000
	replica.fetch.max.bytes = 1048576
	replica.fetch.min.bytes = 1
	replica.fetch.response.max.bytes = 10485760
	replica.fetch.wait.max.ms = 500
	replica.high.watermark.checkpoint.interval.ms = 5000
	replica.lag.time.max.ms = 30000
	replica.selector.class = null
	replica.socket.receive.buffer.bytes = 65536
	replica.socket.timeout.ms = 30000
	replication.quota.window.num = 11
	replication.quota.window.size.seconds = 1
	request.timeout.ms = 30000
	reserved.broker.max.id = 1000
	sasl.client.callback.handler.class = null
	sasl.enabled.mechanisms = [GSSAPI]
	sasl.jaas.config = null
	sasl.kerberos.kinit.cmd = /usr/bin/kinit
	sasl.kerberos.min.time.before.relogin = 60000
	sasl.kerberos.principal.to.local.rules = [DEFAULT]
	sasl.kerberos.service.name = null
	sasl.kerberos.ticket.renew.jitter = 0.05
	sasl.kerberos.ticket.renew.window.factor = 0.8
	sasl.login.callback.handler.class = null
	sasl.login.class = null
	sasl.login.connect.timeout.ms = null
	sasl.login.read.timeout.ms = null
	sasl.login.refresh.buffer.seconds = 300
	sasl.login.refresh.min.period.seconds = 60
	sasl.login.refresh.window.factor = 0.8
	sasl.login.refresh.window.jitter = 0.05
	sasl.login.retry.backoff.max.ms = 10000
	sasl.login.retry.backoff.ms = 100
	sasl.mechanism.controller.protocol = GSSAPI
	sasl.mechanism.inter.broker.protocol = GSSAPI
	sasl.oauthbearer.clock.skew.seconds = 30
	sasl.oauthbearer.expected.audience = null
	sasl.oauthbearer.expected.issuer = null
	sasl.oauthbearer.jwks.endpoint.refresh.ms = 3600000
	sasl.oauthbearer.jwks.endpoint.retry.backoff.max.ms = 10000
	sasl.oauthbearer.jwks.endpoint.retry.backoff.ms = 100
	sasl.oauthbearer.jwks.endpoint.url = null
	sasl.oauthbearer.scope.claim.name = scope
	sasl.oauthbearer.sub.claim.name = sub
	sasl.oauthbearer.token.endpoint.url = null
	sasl.server.callback.handler.class = null
	sasl.server.max.receive.size = 524288
	security.inter.broker.protocol = PLAINTEXT
	security.providers = null
	server.max.startup.time.ms = 600000
	socket.connection.setup.timeout.max.ms = 30000
	socket.connection.setup.timeout.ms = 10000
	socket.listen.backlog.size = 50
	socket.receive.buffer.bytes = 102400
	socket.request.max.bytes = 104857600
	socket.send.buffer.bytes = 102400
	ssl.cipher.suites = []
	ssl.client.auth = none
	ssl.enabled.protocols = [TLSv1.2, TLSv1.3]
	ssl.endpoint.identification.algorithm = https
	ssl.engine.factory.class = null
	ssl.key.password = null
	ssl.keymanager.algorithm = SunX509
	ssl.keystore.certificate.chain = null
	ssl.keystore.key = null
	ssl.keystore.location = null
	ssl.keystore.password = null
	ssl.keystore.type = JKS
	ssl.principal.mapping.rules = DEFAULT
	ssl.protocol = TLSv1.3
	ssl.provider = null
	ssl.secure.random.implementation = null
	ssl.trustmanager.algorithm = PKIX
	ssl.truststore.certificates = null
	ssl.truststore.location = null
	ssl.truststore.password = null
	ssl.truststore.type = JKS
	transaction.abort.timed.out.transaction.cleanup.interval.ms = 10000
	transaction.max.timeout.ms = 900000
	transaction.partition.verification.enable = true
	transaction.remove.expired.transaction.cleanup.interval.ms = 3600000
	transaction.state.log.load.buffer.size = 5242880
	transaction.state.log.min.isr = 2
	transaction.state.log.num.partitions = 50
	transaction.state.log.replication.factor = 3
	transaction.state.log.segment.bytes = 104857600
	transactional.id.expiration.ms = 604800000
	unclean.leader.election.enable = false
	unstable.api.versions.enable = false
	zookeeper.clientCnxnSocket = null
	zookeeper.connect = null
	zookeeper.connection.timeout.ms = null
	zookeeper.max.in.flight.requests = 10
	zookeeper.metadata.migration.enable = false
	zookeeper.session.timeout.ms = 18000
	zookeeper.set.acl = false
	zookeeper.ssl.cipher.suites = null
	zookeeper.ssl.client.enable = false
	zookeeper.ssl.crl.enable = false
	zookeeper.ssl.enabled.protocols = null
	zookeeper.ssl.endpoint.identification.algorithm = HTTPS
	zookeeper.ssl.keystore.location = null
	zookeeper.ssl.keystore.password = null
	zookeeper.ssl.keystore.type = null
	zookeeper.ssl.ocsp.enable = false
	zookeeper.ssl.protocol = TLSv1.2
	zookeeper.ssl.truststore.location = null
	zookeeper.ssl.truststore.password = null
	zookeeper.ssl.truststore.type = null

2024-03-05T07:49:35.049+01:00  INFO 11964 --- [-kit-executor-3] kafka.server.BrokerServer                : [BrokerServer id=0] Waiting for the broker to be unfenced
2024-03-05T07:49:35.050+01:00  INFO 11964 --- [0-event-handler] o.a.k.controller.BrokerHeartbeatManager  : [QuorumController id=0] The request from broker 0 to unfence has been granted because it has caught up with the offset of its register broker record 5.
2024-03-05T07:49:35.050+01:00  INFO 11964 --- [0-event-handler] o.a.k.controller.ClusterControlManager   : [QuorumController id=0] Replayed BrokerRegistrationChangeRecord modifying the registration for broker 0: BrokerRegistrationChangeRecord(brokerId=0, brokerEpoch=5, fenced=-1, inControlledShutdown=0)
2024-03-05T07:49:35.083+01:00  INFO 11964 --- [channel-manager] kafka.server.BrokerLifecycleManager      : [BrokerLifecycleManager id=0] The broker has been unfenced. Transitioning from RECOVERY to RUNNING.
2024-03-05T07:49:35.084+01:00  INFO 11964 --- [-kit-executor-3] kafka.server.BrokerServer                : [BrokerServer id=0] Finished waiting for the broker to be unfenced
2024-03-05T07:49:35.084+01:00  INFO 11964 --- [-kit-executor-3] o.a.k.s.network.EndpointReadyFutures     : authorizerStart completed for endpoint EXTERNAL. Endpoint is now READY.
2024-03-05T07:49:35.084+01:00  INFO 11964 --- [-kit-executor-3] kafka.network.SocketServer               : [SocketServer listenerType=BROKER, nodeId=0] Enabling request processing.
2024-03-05T07:49:35.085+01:00  INFO 11964 --- [-kit-executor-3] kafka.server.BrokerServer                : [BrokerServer id=0] Waiting for all of the authorizer futures to be completed
2024-03-05T07:49:35.085+01:00  INFO 11964 --- [-kit-executor-3] kafka.server.BrokerServer                : [BrokerServer id=0] Finished waiting for all of the authorizer futures to be completed
2024-03-05T07:49:35.085+01:00  INFO 11964 --- [-kit-executor-3] kafka.server.BrokerServer                : [BrokerServer id=0] Waiting for all of the SocketServer Acceptors to be started
2024-03-05T07:49:35.085+01:00  INFO 11964 --- [-kit-executor-3] kafka.server.BrokerServer                : [BrokerServer id=0] Finished waiting for all of the SocketServer Acceptors to be started
2024-03-05T07:49:35.085+01:00  INFO 11964 --- [-kit-executor-3] kafka.server.BrokerServer                : [BrokerServer id=0] Transition from STARTING to STARTED
2024-03-05T07:49:35.086+01:00  INFO 11964 --- [           main] o.a.k.clients.admin.AdminClientConfig    : AdminClientConfig values: 
	auto.include.jmx.reporter = true
	bootstrap.servers = [localhost:54012]
	client.dns.lookup = use_all_dns_ips
	client.id = 
	connections.max.idle.ms = 300000
	default.api.timeout.ms = 60000
	metadata.max.age.ms = 300000
	metric.reporters = []
	metrics.num.samples = 2
	metrics.recording.level = INFO
	metrics.sample.window.ms = 30000
	receive.buffer.bytes = 65536
	reconnect.backoff.max.ms = 1000
	reconnect.backoff.ms = 50
	request.timeout.ms = 30000
	retries = 2147483647
	retry.backoff.ms = 100
	sasl.client.callback.handler.class = null
	sasl.jaas.config = null
	sasl.kerberos.kinit.cmd = /usr/bin/kinit
	sasl.kerberos.min.time.before.relogin = 60000
	sasl.kerberos.service.name = null
	sasl.kerberos.ticket.renew.jitter = 0.05
	sasl.kerberos.ticket.renew.window.factor = 0.8
	sasl.login.callback.handler.class = null
	sasl.login.class = null
	sasl.login.connect.timeout.ms = null
	sasl.login.read.timeout.ms = null
	sasl.login.refresh.buffer.seconds = 300
	sasl.login.refresh.min.period.seconds = 60
	sasl.login.refresh.window.factor = 0.8
	sasl.login.refresh.window.jitter = 0.05
	sasl.login.retry.backoff.max.ms = 10000
	sasl.login.retry.backoff.ms = 100
	sasl.mechanism = GSSAPI
	sasl.oauthbearer.clock.skew.seconds = 30
	sasl.oauthbearer.expected.audience = null
	sasl.oauthbearer.expected.issuer = null
	sasl.oauthbearer.jwks.endpoint.refresh.ms = 3600000
	sasl.oauthbearer.jwks.endpoint.retry.backoff.max.ms = 10000
	sasl.oauthbearer.jwks.endpoint.retry.backoff.ms = 100
	sasl.oauthbearer.jwks.endpoint.url = null
	sasl.oauthbearer.scope.claim.name = scope
	sasl.oauthbearer.sub.claim.name = sub
	sasl.oauthbearer.token.endpoint.url = null
	security.protocol = PLAINTEXT
	security.providers = null
	send.buffer.bytes = 131072
	socket.connection.setup.timeout.max.ms = 30000
	socket.connection.setup.timeout.ms = 10000
	ssl.cipher.suites = null
	ssl.enabled.protocols = [TLSv1.2, TLSv1.3]
	ssl.endpoint.identification.algorithm = https
	ssl.engine.factory.class = null
	ssl.key.password = null
	ssl.keymanager.algorithm = SunX509
	ssl.keystore.certificate.chain = null
	ssl.keystore.key = null
	ssl.keystore.location = null
	ssl.keystore.password = null
	ssl.keystore.type = JKS
	ssl.protocol = TLSv1.3
	ssl.provider = null
	ssl.secure.random.implementation = null
	ssl.trustmanager.algorithm = PKIX
	ssl.truststore.certificates = null
	ssl.truststore.location = null
	ssl.truststore.password = null
	ssl.truststore.type = JKS

2024-03-05T07:49:35.090+01:00  INFO 11964 --- [           main] o.a.kafka.common.utils.AppInfoParser     : Kafka version: 3.6.1
2024-03-05T07:49:35.090+01:00  INFO 11964 --- [           main] o.a.kafka.common.utils.AppInfoParser     : Kafka commitId: 5e3c2b738d253ff5
2024-03-05T07:49:35.090+01:00  INFO 11964 --- [           main] o.a.kafka.common.utils.AppInfoParser     : Kafka startTimeMs: 1709621375090
2024-03-05T07:49:35.109+01:00  INFO 11964 --- [0-event-handler] o.a.k.c.ReplicationControlManager        : [QuorumController id=0] CreateTopics result(s): CreatableTopic(name='product-update', numPartitions=2, replicationFactor=1, assignments=[], configs=[]): SUCCESS, CreatableTopic(name='oneTimeTransaction-update', numPartitions=2, replicationFactor=1, assignments=[], configs=[]): SUCCESS, CreatableTopic(name='recurringTransaction-update', numPartitions=2, replicationFactor=1, assignments=[], configs=[]): SUCCESS
2024-03-05T07:49:35.110+01:00  INFO 11964 --- [0-event-handler] o.a.k.c.ReplicationControlManager        : [QuorumController id=0] Replayed TopicRecord for topic product-update with topic ID 7V647_3jSLOCexDBmY7_pQ.
2024-03-05T07:49:35.110+01:00  INFO 11964 --- [0-event-handler] o.a.k.c.ReplicationControlManager        : [QuorumController id=0] Replayed PartitionRecord for new partition product-update-0 with topic ID 7V647_3jSLOCexDBmY7_pQ and PartitionRegistration(replicas=[0], isr=[0], removingReplicas=[], addingReplicas=[], leader=0, leaderRecoveryState=RECOVERED, leaderEpoch=0, partitionEpoch=0).
2024-03-05T07:49:35.110+01:00  INFO 11964 --- [0-event-handler] o.a.k.c.ReplicationControlManager        : [QuorumController id=0] Replayed PartitionRecord for new partition product-update-1 with topic ID 7V647_3jSLOCexDBmY7_pQ and PartitionRegistration(replicas=[0], isr=[0], removingReplicas=[], addingReplicas=[], leader=0, leaderRecoveryState=RECOVERED, leaderEpoch=0, partitionEpoch=0).
2024-03-05T07:49:35.110+01:00  INFO 11964 --- [0-event-handler] o.a.k.c.ReplicationControlManager        : [QuorumController id=0] Replayed TopicRecord for topic oneTimeTransaction-update with topic ID D8HxcRS3T7GzEy5jkb1Uyw.
2024-03-05T07:49:35.110+01:00  INFO 11964 --- [0-event-handler] o.a.k.c.ReplicationControlManager        : [QuorumController id=0] Replayed PartitionRecord for new partition oneTimeTransaction-update-0 with topic ID D8HxcRS3T7GzEy5jkb1Uyw and PartitionRegistration(replicas=[0], isr=[0], removingReplicas=[], addingReplicas=[], leader=0, leaderRecoveryState=RECOVERED, leaderEpoch=0, partitionEpoch=0).
2024-03-05T07:49:35.110+01:00  INFO 11964 --- [0-event-handler] o.a.k.c.ReplicationControlManager        : [QuorumController id=0] Replayed PartitionRecord for new partition oneTimeTransaction-update-1 with topic ID D8HxcRS3T7GzEy5jkb1Uyw and PartitionRegistration(replicas=[0], isr=[0], removingReplicas=[], addingReplicas=[], leader=0, leaderRecoveryState=RECOVERED, leaderEpoch=0, partitionEpoch=0).
2024-03-05T07:49:35.110+01:00  INFO 11964 --- [0-event-handler] o.a.k.c.ReplicationControlManager        : [QuorumController id=0] Replayed TopicRecord for topic recurringTransaction-update with topic ID F3TeNWbiRhq0qqf1os7J4w.
2024-03-05T07:49:35.110+01:00  INFO 11964 --- [0-event-handler] o.a.k.c.ReplicationControlManager        : [QuorumController id=0] Replayed PartitionRecord for new partition recurringTransaction-update-0 with topic ID F3TeNWbiRhq0qqf1os7J4w and PartitionRegistration(replicas=[0], isr=[0], removingReplicas=[], addingReplicas=[], leader=0, leaderRecoveryState=RECOVERED, leaderEpoch=0, partitionEpoch=0).
2024-03-05T07:49:35.110+01:00  INFO 11964 --- [0-event-handler] o.a.k.c.ReplicationControlManager        : [QuorumController id=0] Replayed PartitionRecord for new partition recurringTransaction-update-1 with topic ID F3TeNWbiRhq0qqf1os7J4w and PartitionRegistration(replicas=[0], isr=[0], removingReplicas=[], addingReplicas=[], leader=0, leaderRecoveryState=RECOVERED, leaderEpoch=0, partitionEpoch=0).
2024-03-05T07:49:35.146+01:00  INFO 11964 --- [r-event-handler] state.change.logger                      : [Broker id=0] Transitioning 6 partition(s) to local leaders.
2024-03-05T07:49:35.146+01:00  INFO 11964 --- [r-event-handler] kafka.server.ReplicaFetcherManager       : [ReplicaFetcherManager on broker 0] Removed fetcher for partitions Set(product-update-1, oneTimeTransaction-update-0, recurringTransaction-update-0, product-update-0, oneTimeTransaction-update-1, recurringTransaction-update-1)
2024-03-05T07:49:35.147+01:00  INFO 11964 --- [r-event-handler] state.change.logger                      : [Broker id=0] Creating new partition product-update-1 with topic id 7V647_3jSLOCexDBmY7_pQ.
2024-03-05T07:49:35.149+01:00  INFO 11964 --- [| adminclient-8] o.a.kafka.common.utils.AppInfoParser     : App info kafka.admin.client for adminclient-8 unregistered
2024-03-05T07:49:35.151+01:00  INFO 11964 --- [| adminclient-8] o.apache.kafka.common.metrics.Metrics    : Metrics scheduler closed
2024-03-05T07:49:35.151+01:00  INFO 11964 --- [| adminclient-8] o.apache.kafka.common.metrics.Metrics    : Closing reporter org.apache.kafka.common.metrics.JmxReporter
2024-03-05T07:49:35.151+01:00  INFO 11964 --- [| adminclient-8] o.apache.kafka.common.metrics.Metrics    : Metrics reporters closed
2024-03-05T07:49:35.154+01:00  INFO 11964 --- [           main] c.e.A.logic.operations.AnalyticsTest     : Starting AnalyticsTest using Java 17.0.1 with PID 11964 (started by tobia in C:\Users\tobia\Documents\privat\KIT\Semester_China\financetracker\implementation\analytics)
2024-03-05T07:49:35.154+01:00  INFO 11964 --- [           main] c.e.A.logic.operations.AnalyticsTest     : No active profile set, falling back to 1 default profile: "default"
2024-03-05T07:49:35.223+01:00  INFO 11964 --- [r-event-handler] kafka.log.UnifiedLog$                    : [LogLoader partition=product-update-1, dir=C:\Users\tobia\AppData\Local\Temp\kafka-11806855896019839531\broker_0_data0] Loading producer state till offset 0 with message format version 2
2024-03-05T07:49:35.225+01:00  INFO 11964 --- [r-event-handler] kafka.log.LogManager                     : Created log for partition product-update-1 in C:\Users\tobia\AppData\Local\Temp\kafka-11806855896019839531\broker_0_data0\product-update-1 with properties {}
2024-03-05T07:49:35.225+01:00  INFO 11964 --- [r-event-handler] kafka.cluster.Partition                  : [Partition product-update-1 broker=0] No checkpointed highwatermark is found for partition product-update-1
2024-03-05T07:49:35.225+01:00  INFO 11964 --- [r-event-handler] kafka.cluster.Partition                  : [Partition product-update-1 broker=0] Log loaded for partition product-update-1 with initial high watermark 0
2024-03-05T07:49:35.225+01:00  INFO 11964 --- [r-event-handler] state.change.logger                      : [Broker id=0] Leader product-update-1 with topic id Some(7V647_3jSLOCexDBmY7_pQ) starts at leader epoch 0 from offset 0 with partition epoch 0, high watermark 0, ISR [0], adding replicas [] and removing replicas [] . Previous leader None and previous leader epoch was -1.
2024-03-05T07:49:35.251+01:00  INFO 11964 --- [r-event-handler] state.change.logger                      : [Broker id=0] Creating new partition oneTimeTransaction-update-0 with topic id D8HxcRS3T7GzEy5jkb1Uyw.
2024-03-05T07:49:35.266+01:00  INFO 11964 --- [r-event-handler] kafka.log.UnifiedLog$                    : [LogLoader partition=oneTimeTransaction-update-0, dir=C:\Users\tobia\AppData\Local\Temp\kafka-11806855896019839531\broker_0_data0] Loading producer state till offset 0 with message format version 2
2024-03-05T07:49:35.267+01:00  INFO 11964 --- [r-event-handler] kafka.log.LogManager                     : Created log for partition oneTimeTransaction-update-0 in C:\Users\tobia\AppData\Local\Temp\kafka-11806855896019839531\broker_0_data0\oneTimeTransaction-update-0 with properties {}
2024-03-05T07:49:35.267+01:00  INFO 11964 --- [r-event-handler] kafka.cluster.Partition                  : [Partition oneTimeTransaction-update-0 broker=0] No checkpointed highwatermark is found for partition oneTimeTransaction-update-0
2024-03-05T07:49:35.267+01:00  INFO 11964 --- [r-event-handler] kafka.cluster.Partition                  : [Partition oneTimeTransaction-update-0 broker=0] Log loaded for partition oneTimeTransaction-update-0 with initial high watermark 0
2024-03-05T07:49:35.267+01:00  INFO 11964 --- [r-event-handler] state.change.logger                      : [Broker id=0] Leader oneTimeTransaction-update-0 with topic id Some(D8HxcRS3T7GzEy5jkb1Uyw) starts at leader epoch 0 from offset 0 with partition epoch 0, high watermark 0, ISR [0], adding replicas [] and removing replicas [] . Previous leader None and previous leader epoch was -1.
2024-03-05T07:49:35.289+01:00  INFO 11964 --- [r-event-handler] state.change.logger                      : [Broker id=0] Creating new partition recurringTransaction-update-0 with topic id F3TeNWbiRhq0qqf1os7J4w.
2024-03-05T07:49:35.300+01:00  INFO 11964 --- [r-event-handler] kafka.log.UnifiedLog$                    : [LogLoader partition=recurringTransaction-update-0, dir=C:\Users\tobia\AppData\Local\Temp\kafka-11806855896019839531\broker_0_data0] Loading producer state till offset 0 with message format version 2
2024-03-05T07:49:35.301+01:00  INFO 11964 --- [r-event-handler] kafka.log.LogManager                     : Created log for partition recurringTransaction-update-0 in C:\Users\tobia\AppData\Local\Temp\kafka-11806855896019839531\broker_0_data0\recurringTransaction-update-0 with properties {}
2024-03-05T07:49:35.301+01:00  INFO 11964 --- [r-event-handler] kafka.cluster.Partition                  : [Partition recurringTransaction-update-0 broker=0] No checkpointed highwatermark is found for partition recurringTransaction-update-0
2024-03-05T07:49:35.301+01:00  INFO 11964 --- [r-event-handler] kafka.cluster.Partition                  : [Partition recurringTransaction-update-0 broker=0] Log loaded for partition recurringTransaction-update-0 with initial high watermark 0
2024-03-05T07:49:35.301+01:00  INFO 11964 --- [r-event-handler] state.change.logger                      : [Broker id=0] Leader recurringTransaction-update-0 with topic id Some(F3TeNWbiRhq0qqf1os7J4w) starts at leader epoch 0 from offset 0 with partition epoch 0, high watermark 0, ISR [0], adding replicas [] and removing replicas [] . Previous leader None and previous leader epoch was -1.
2024-03-05T07:49:35.310+01:00  INFO 11964 --- [r-event-handler] state.change.logger                      : [Broker id=0] Creating new partition product-update-0 with topic id 7V647_3jSLOCexDBmY7_pQ.
2024-03-05T07:49:35.320+01:00  INFO 11964 --- [r-event-handler] kafka.log.UnifiedLog$                    : [LogLoader partition=product-update-0, dir=C:\Users\tobia\AppData\Local\Temp\kafka-11806855896019839531\broker_0_data0] Loading producer state till offset 0 with message format version 2
2024-03-05T07:49:35.321+01:00  INFO 11964 --- [r-event-handler] kafka.log.LogManager                     : Created log for partition product-update-0 in C:\Users\tobia\AppData\Local\Temp\kafka-11806855896019839531\broker_0_data0\product-update-0 with properties {}
2024-03-05T07:49:35.321+01:00  INFO 11964 --- [r-event-handler] kafka.cluster.Partition                  : [Partition product-update-0 broker=0] No checkpointed highwatermark is found for partition product-update-0
2024-03-05T07:49:35.321+01:00  INFO 11964 --- [r-event-handler] kafka.cluster.Partition                  : [Partition product-update-0 broker=0] Log loaded for partition product-update-0 with initial high watermark 0
2024-03-05T07:49:35.321+01:00  INFO 11964 --- [r-event-handler] state.change.logger                      : [Broker id=0] Leader product-update-0 with topic id Some(7V647_3jSLOCexDBmY7_pQ) starts at leader epoch 0 from offset 0 with partition epoch 0, high watermark 0, ISR [0], adding replicas [] and removing replicas [] . Previous leader None and previous leader epoch was -1.
2024-03-05T07:49:35.327+01:00  INFO 11964 --- [r-event-handler] state.change.logger                      : [Broker id=0] Creating new partition oneTimeTransaction-update-1 with topic id D8HxcRS3T7GzEy5jkb1Uyw.
2024-03-05T07:49:35.342+01:00  INFO 11964 --- [r-event-handler] kafka.log.UnifiedLog$                    : [LogLoader partition=oneTimeTransaction-update-1, dir=C:\Users\tobia\AppData\Local\Temp\kafka-11806855896019839531\broker_0_data0] Loading producer state till offset 0 with message format version 2
2024-03-05T07:49:35.343+01:00  INFO 11964 --- [r-event-handler] kafka.log.LogManager                     : Created log for partition oneTimeTransaction-update-1 in C:\Users\tobia\AppData\Local\Temp\kafka-11806855896019839531\broker_0_data0\oneTimeTransaction-update-1 with properties {}
2024-03-05T07:49:35.343+01:00  INFO 11964 --- [r-event-handler] kafka.cluster.Partition                  : [Partition oneTimeTransaction-update-1 broker=0] No checkpointed highwatermark is found for partition oneTimeTransaction-update-1
2024-03-05T07:49:35.343+01:00  INFO 11964 --- [r-event-handler] kafka.cluster.Partition                  : [Partition oneTimeTransaction-update-1 broker=0] Log loaded for partition oneTimeTransaction-update-1 with initial high watermark 0
2024-03-05T07:49:35.343+01:00  INFO 11964 --- [r-event-handler] state.change.logger                      : [Broker id=0] Leader oneTimeTransaction-update-1 with topic id Some(D8HxcRS3T7GzEy5jkb1Uyw) starts at leader epoch 0 from offset 0 with partition epoch 0, high watermark 0, ISR [0], adding replicas [] and removing replicas [] . Previous leader None and previous leader epoch was -1.
2024-03-05T07:49:35.352+01:00  INFO 11964 --- [r-event-handler] state.change.logger                      : [Broker id=0] Creating new partition recurringTransaction-update-1 with topic id F3TeNWbiRhq0qqf1os7J4w.
2024-03-05T07:49:35.368+01:00  INFO 11964 --- [r-event-handler] kafka.log.UnifiedLog$                    : [LogLoader partition=recurringTransaction-update-1, dir=C:\Users\tobia\AppData\Local\Temp\kafka-11806855896019839531\broker_0_data0] Loading producer state till offset 0 with message format version 2
2024-03-05T07:49:35.369+01:00  INFO 11964 --- [r-event-handler] kafka.log.LogManager                     : Created log for partition recurringTransaction-update-1 in C:\Users\tobia\AppData\Local\Temp\kafka-11806855896019839531\broker_0_data0\recurringTransaction-update-1 with properties {}
2024-03-05T07:49:35.369+01:00  INFO 11964 --- [r-event-handler] kafka.cluster.Partition                  : [Partition recurringTransaction-update-1 broker=0] No checkpointed highwatermark is found for partition recurringTransaction-update-1
2024-03-05T07:49:35.369+01:00  INFO 11964 --- [r-event-handler] kafka.cluster.Partition                  : [Partition recurringTransaction-update-1 broker=0] Log loaded for partition recurringTransaction-update-1 with initial high watermark 0
2024-03-05T07:49:35.369+01:00  INFO 11964 --- [r-event-handler] state.change.logger                      : [Broker id=0] Leader recurringTransaction-update-1 with topic id Some(F3TeNWbiRhq0qqf1os7J4w) starts at leader epoch 0 from offset 0 with partition epoch 0, high watermark 0, ISR [0], adding replicas [] and removing replicas [] . Previous leader None and previous leader epoch was -1.
2024-03-05T07:49:35.628+01:00  INFO 11964 --- [           main] .s.d.r.c.RepositoryConfigurationDelegate : Bootstrapping Spring Data JPA repositories in DEFAULT mode.
2024-03-05T07:49:35.666+01:00  INFO 11964 --- [           main] .s.d.r.c.RepositoryConfigurationDelegate : Finished Spring Data repository scanning in 37 ms. Found 5 JPA repository interfaces.
2024-03-05T07:49:35.800+01:00  INFO 11964 --- [           main] o.s.b.w.embedded.tomcat.TomcatWebServer  : Tomcat initialized with port 0 (http)
2024-03-05T07:49:35.801+01:00  INFO 11964 --- [           main] o.apache.catalina.core.StandardService   : Starting service [Tomcat]
2024-03-05T07:49:35.801+01:00  INFO 11964 --- [           main] o.apache.catalina.core.StandardEngine    : Starting Servlet engine: [Apache Tomcat/10.1.18]
2024-03-05T07:49:35.885+01:00  INFO 11964 --- [           main] o.a.c.c.C.[Tomcat].[localhost].[/]       : Initializing Spring embedded WebApplicationContext
2024-03-05T07:49:35.885+01:00  INFO 11964 --- [           main] w.s.c.ServletWebServerApplicationContext : Root WebApplicationContext: initialization completed in 728 ms
2024-03-05T07:49:35.906+01:00  INFO 11964 --- [           main] com.zaxxer.hikari.HikariDataSource       : HikariPool-8 - Starting...
2024-03-05T07:49:35.909+01:00  INFO 11964 --- [           main] com.zaxxer.hikari.pool.HikariPool        : HikariPool-8 - Added connection conn70: url=jdbc:h2:mem:analytics user=USERNAME
2024-03-05T07:49:35.909+01:00  INFO 11964 --- [           main] com.zaxxer.hikari.HikariDataSource       : HikariPool-8 - Start completed.
2024-03-05T07:49:35.909+01:00  INFO 11964 --- [           main] o.s.b.a.h2.H2ConsoleAutoConfiguration    : H2 console available at '/h2-console'. Database available at 'jdbc:h2:mem:analytics'
2024-03-05T07:49:35.972+01:00  INFO 11964 --- [           main] o.hibernate.jpa.internal.util.LogHelper  : HHH000204: Processing PersistenceUnitInfo [name: default]
2024-03-05T07:49:35.982+01:00  INFO 11964 --- [           main] o.h.c.internal.RegionFactoryInitiator    : HHH000026: Second-level cache disabled
2024-03-05T07:49:35.996+01:00  INFO 11964 --- [           main] o.s.o.j.p.SpringPersistenceUnitInfo      : No LoadTimeWeaver setup: ignoring JPA class transformer
2024-03-05T07:49:36.003+01:00  WARN 11964 --- [           main] org.hibernate.orm.deprecation            : HHH90000025: H2Dialect does not need to be specified explicitly using 'hibernate.dialect' (remove the property setting and it will be selected by default)
2024-03-05T07:49:36.222+01:00  INFO 11964 --- [           main] o.h.e.t.j.p.i.JtaPlatformInitiator       : HHH000489: No JTA platform available (set 'hibernate.transaction.jta.platform' to enable JTA platform integration)
2024-03-05T07:49:36.244+01:00  INFO 11964 --- [           main] j.LocalContainerEntityManagerFactoryBean : Initialized JPA EntityManagerFactory for persistence unit 'default'
2024-03-05T07:49:36.404+01:00  WARN 11964 --- [           main] JpaBaseConfiguration$JpaWebConfiguration : spring.jpa.open-in-view is enabled by default. Therefore, database queries may be performed during view rendering. Explicitly configure spring.jpa.open-in-view to disable this warning
2024-03-05T07:49:36.616+01:00  INFO 11964 --- [           main] o.s.b.w.embedded.tomcat.TomcatWebServer  : Tomcat started on port 54018 (http) with context path ''
2024-03-05T07:49:36.618+01:00  INFO 11964 --- [           main] o.a.k.clients.consumer.ConsumerConfig    : ConsumerConfig values: 
	allow.auto.create.topics = true
	auto.commit.interval.ms = 5000
	auto.include.jmx.reporter = true
	auto.offset.reset = earliest
	bootstrap.servers = [localhost:54012]
	check.crcs = true
	client.dns.lookup = use_all_dns_ips
	client.id = consumer-budget-22
	client.rack = 
	connections.max.idle.ms = 540000
	default.api.timeout.ms = 60000
	enable.auto.commit = false
	exclude.internal.topics = true
	fetch.max.bytes = 52428800
	fetch.max.wait.ms = 500
	fetch.min.bytes = 1
	group.id = budget
	group.instance.id = null
	heartbeat.interval.ms = 3000
	interceptor.classes = []
	internal.leave.group.on.close = true
	internal.throw.on.fetch.stable.offset.unsupported = false
	isolation.level = read_uncommitted
	key.deserializer = class org.apache.kafka.common.serialization.StringDeserializer
	max.partition.fetch.bytes = 1048576
	max.poll.interval.ms = 300000
	max.poll.records = 500
	metadata.max.age.ms = 300000
	metric.reporters = []
	metrics.num.samples = 2
	metrics.recording.level = INFO
	metrics.sample.window.ms = 30000
	partition.assignment.strategy = [class org.apache.kafka.clients.consumer.RangeAssignor, class org.apache.kafka.clients.consumer.CooperativeStickyAssignor]
	receive.buffer.bytes = 65536
	reconnect.backoff.max.ms = 1000
	reconnect.backoff.ms = 50
	request.timeout.ms = 30000
	retry.backoff.ms = 100
	sasl.client.callback.handler.class = null
	sasl.jaas.config = null
	sasl.kerberos.kinit.cmd = /usr/bin/kinit
	sasl.kerberos.min.time.before.relogin = 60000
	sasl.kerberos.service.name = null
	sasl.kerberos.ticket.renew.jitter = 0.05
	sasl.kerberos.ticket.renew.window.factor = 0.8
	sasl.login.callback.handler.class = null
	sasl.login.class = null
	sasl.login.connect.timeout.ms = null
	sasl.login.read.timeout.ms = null
	sasl.login.refresh.buffer.seconds = 300
	sasl.login.refresh.min.period.seconds = 60
	sasl.login.refresh.window.factor = 0.8
	sasl.login.refresh.window.jitter = 0.05
	sasl.login.retry.backoff.max.ms = 10000
	sasl.login.retry.backoff.ms = 100
	sasl.mechanism = GSSAPI
	sasl.oauthbearer.clock.skew.seconds = 30
	sasl.oauthbearer.expected.audience = null
	sasl.oauthbearer.expected.issuer = null
	sasl.oauthbearer.jwks.endpoint.refresh.ms = 3600000
	sasl.oauthbearer.jwks.endpoint.retry.backoff.max.ms = 10000
	sasl.oauthbearer.jwks.endpoint.retry.backoff.ms = 100
	sasl.oauthbearer.jwks.endpoint.url = null
	sasl.oauthbearer.scope.claim.name = scope
	sasl.oauthbearer.sub.claim.name = sub
	sasl.oauthbearer.token.endpoint.url = null
	security.protocol = PLAINTEXT
	security.providers = null
	send.buffer.bytes = 131072
	session.timeout.ms = 45000
	socket.connection.setup.timeout.max.ms = 30000
	socket.connection.setup.timeout.ms = 10000
	ssl.cipher.suites = null
	ssl.enabled.protocols = [TLSv1.2, TLSv1.3]
	ssl.endpoint.identification.algorithm = https
	ssl.engine.factory.class = null
	ssl.key.password = null
	ssl.keymanager.algorithm = SunX509
	ssl.keystore.certificate.chain = null
	ssl.keystore.key = null
	ssl.keystore.location = null
	ssl.keystore.password = null
	ssl.keystore.type = JKS
	ssl.protocol = TLSv1.3
	ssl.provider = null
	ssl.secure.random.implementation = null
	ssl.trustmanager.algorithm = PKIX
	ssl.truststore.certificates = null
	ssl.truststore.location = null
	ssl.truststore.password = null
	ssl.truststore.type = JKS
	value.deserializer = class org.springframework.kafka.support.serializer.JsonDeserializer

2024-03-05T07:49:36.622+01:00  INFO 11964 --- [           main] o.a.kafka.common.utils.AppInfoParser     : Kafka version: 3.6.1
2024-03-05T07:49:36.623+01:00  INFO 11964 --- [           main] o.a.kafka.common.utils.AppInfoParser     : Kafka commitId: 5e3c2b738d253ff5
2024-03-05T07:49:36.623+01:00  INFO 11964 --- [           main] o.a.kafka.common.utils.AppInfoParser     : Kafka startTimeMs: 1709621376622
2024-03-05T07:49:36.623+01:00  INFO 11964 --- [           main] fkaConsumerFactory$ExtendedKafkaConsumer : [Consumer clientId=consumer-budget-22, groupId=budget] Subscribed to topic(s): oneTimeTransaction-update
2024-03-05T07:49:36.625+01:00  INFO 11964 --- [           main] o.a.k.clients.consumer.ConsumerConfig    : ConsumerConfig values: 
	allow.auto.create.topics = true
	auto.commit.interval.ms = 5000
	auto.include.jmx.reporter = true
	auto.offset.reset = earliest
	bootstrap.servers = [localhost:54012]
	check.crcs = true
	client.dns.lookup = use_all_dns_ips
	client.id = consumer-product-23
	client.rack = 
	connections.max.idle.ms = 540000
	default.api.timeout.ms = 60000
	enable.auto.commit = false
	exclude.internal.topics = true
	fetch.max.bytes = 52428800
	fetch.max.wait.ms = 500
	fetch.min.bytes = 1
	group.id = product
	group.instance.id = null
	heartbeat.interval.ms = 3000
	interceptor.classes = []
	internal.leave.group.on.close = true
	internal.throw.on.fetch.stable.offset.unsupported = false
	isolation.level = read_uncommitted
	key.deserializer = class org.apache.kafka.common.serialization.StringDeserializer
	max.partition.fetch.bytes = 1048576
	max.poll.interval.ms = 300000
	max.poll.records = 500
	metadata.max.age.ms = 300000
	metric.reporters = []
	metrics.num.samples = 2
	metrics.recording.level = INFO
	metrics.sample.window.ms = 30000
	partition.assignment.strategy = [class org.apache.kafka.clients.consumer.RangeAssignor, class org.apache.kafka.clients.consumer.CooperativeStickyAssignor]
	receive.buffer.bytes = 65536
	reconnect.backoff.max.ms = 1000
	reconnect.backoff.ms = 50
	request.timeout.ms = 30000
	retry.backoff.ms = 100
	sasl.client.callback.handler.class = null
	sasl.jaas.config = null
	sasl.kerberos.kinit.cmd = /usr/bin/kinit
	sasl.kerberos.min.time.before.relogin = 60000
	sasl.kerberos.service.name = null
	sasl.kerberos.ticket.renew.jitter = 0.05
	sasl.kerberos.ticket.renew.window.factor = 0.8
	sasl.login.callback.handler.class = null
	sasl.login.class = null
	sasl.login.connect.timeout.ms = null
	sasl.login.read.timeout.ms = null
	sasl.login.refresh.buffer.seconds = 300
	sasl.login.refresh.min.period.seconds = 60
	sasl.login.refresh.window.factor = 0.8
	sasl.login.refresh.window.jitter = 0.05
	sasl.login.retry.backoff.max.ms = 10000
	sasl.login.retry.backoff.ms = 100
	sasl.mechanism = GSSAPI
	sasl.oauthbearer.clock.skew.seconds = 30
	sasl.oauthbearer.expected.audience = null
	sasl.oauthbearer.expected.issuer = null
	sasl.oauthbearer.jwks.endpoint.refresh.ms = 3600000
	sasl.oauthbearer.jwks.endpoint.retry.backoff.max.ms = 10000
	sasl.oauthbearer.jwks.endpoint.retry.backoff.ms = 100
	sasl.oauthbearer.jwks.endpoint.url = null
	sasl.oauthbearer.scope.claim.name = scope
	sasl.oauthbearer.sub.claim.name = sub
	sasl.oauthbearer.token.endpoint.url = null
	security.protocol = PLAINTEXT
	security.providers = null
	send.buffer.bytes = 131072
	session.timeout.ms = 45000
	socket.connection.setup.timeout.max.ms = 30000
	socket.connection.setup.timeout.ms = 10000
	ssl.cipher.suites = null
	ssl.enabled.protocols = [TLSv1.2, TLSv1.3]
	ssl.endpoint.identification.algorithm = https
	ssl.engine.factory.class = null
	ssl.key.password = null
	ssl.keymanager.algorithm = SunX509
	ssl.keystore.certificate.chain = null
	ssl.keystore.key = null
	ssl.keystore.location = null
	ssl.keystore.password = null
	ssl.keystore.type = JKS
	ssl.protocol = TLSv1.3
	ssl.provider = null
	ssl.secure.random.implementation = null
	ssl.trustmanager.algorithm = PKIX
	ssl.truststore.certificates = null
	ssl.truststore.location = null
	ssl.truststore.password = null
	ssl.truststore.type = JKS
	value.deserializer = class org.springframework.kafka.support.serializer.JsonDeserializer

2024-03-05T07:49:36.630+01:00  INFO 11964 --- [           main] o.a.kafka.common.utils.AppInfoParser     : Kafka version: 3.6.1
2024-03-05T07:49:36.630+01:00  INFO 11964 --- [           main] o.a.kafka.common.utils.AppInfoParser     : Kafka commitId: 5e3c2b738d253ff5
2024-03-05T07:49:36.630+01:00  INFO 11964 --- [           main] o.a.kafka.common.utils.AppInfoParser     : Kafka startTimeMs: 1709621376630
2024-03-05T07:49:36.630+01:00  INFO 11964 --- [           main] fkaConsumerFactory$ExtendedKafkaConsumer : [Consumer clientId=consumer-product-23, groupId=product] Subscribed to topic(s): product-update
2024-03-05T07:49:36.634+01:00  INFO 11964 --- [           main] o.a.k.clients.consumer.ConsumerConfig    : ConsumerConfig values: 
	allow.auto.create.topics = true
	auto.commit.interval.ms = 5000
	auto.include.jmx.reporter = true
	auto.offset.reset = earliest
	bootstrap.servers = [localhost:54012]
	check.crcs = true
	client.dns.lookup = use_all_dns_ips
	client.id = consumer-budget-24
	client.rack = 
	connections.max.idle.ms = 540000
	default.api.timeout.ms = 60000
	enable.auto.commit = false
	exclude.internal.topics = true
	fetch.max.bytes = 52428800
	fetch.max.wait.ms = 500
	fetch.min.bytes = 1
	group.id = budget
	group.instance.id = null
	heartbeat.interval.ms = 3000
	interceptor.classes = []
	internal.leave.group.on.close = true
	internal.throw.on.fetch.stable.offset.unsupported = false
	isolation.level = read_uncommitted
	key.deserializer = class org.apache.kafka.common.serialization.StringDeserializer
	max.partition.fetch.bytes = 1048576
	max.poll.interval.ms = 300000
	max.poll.records = 500
	metadata.max.age.ms = 300000
	metric.reporters = []
	metrics.num.samples = 2
	metrics.recording.level = INFO
	metrics.sample.window.ms = 30000
	partition.assignment.strategy = [class org.apache.kafka.clients.consumer.RangeAssignor, class org.apache.kafka.clients.consumer.CooperativeStickyAssignor]
	receive.buffer.bytes = 65536
	reconnect.backoff.max.ms = 1000
	reconnect.backoff.ms = 50
	request.timeout.ms = 30000
	retry.backoff.ms = 100
	sasl.client.callback.handler.class = null
	sasl.jaas.config = null
	sasl.kerberos.kinit.cmd = /usr/bin/kinit
	sasl.kerberos.min.time.before.relogin = 60000
	sasl.kerberos.service.name = null
	sasl.kerberos.ticket.renew.jitter = 0.05
	sasl.kerberos.ticket.renew.window.factor = 0.8
	sasl.login.callback.handler.class = null
	sasl.login.class = null
	sasl.login.connect.timeout.ms = null
	sasl.login.read.timeout.ms = null
	sasl.login.refresh.buffer.seconds = 300
	sasl.login.refresh.min.period.seconds = 60
	sasl.login.refresh.window.factor = 0.8
	sasl.login.refresh.window.jitter = 0.05
	sasl.login.retry.backoff.max.ms = 10000
	sasl.login.retry.backoff.ms = 100
	sasl.mechanism = GSSAPI
	sasl.oauthbearer.clock.skew.seconds = 30
	sasl.oauthbearer.expected.audience = null
	sasl.oauthbearer.expected.issuer = null
	sasl.oauthbearer.jwks.endpoint.refresh.ms = 3600000
	sasl.oauthbearer.jwks.endpoint.retry.backoff.max.ms = 10000
	sasl.oauthbearer.jwks.endpoint.retry.backoff.ms = 100
	sasl.oauthbearer.jwks.endpoint.url = null
	sasl.oauthbearer.scope.claim.name = scope
	sasl.oauthbearer.sub.claim.name = sub
	sasl.oauthbearer.token.endpoint.url = null
	security.protocol = PLAINTEXT
	security.providers = null
	send.buffer.bytes = 131072
	session.timeout.ms = 45000
	socket.connection.setup.timeout.max.ms = 30000
	socket.connection.setup.timeout.ms = 10000
	ssl.cipher.suites = null
	ssl.enabled.protocols = [TLSv1.2, TLSv1.3]
	ssl.endpoint.identification.algorithm = https
	ssl.engine.factory.class = null
	ssl.key.password = null
	ssl.keymanager.algorithm = SunX509
	ssl.keystore.certificate.chain = null
	ssl.keystore.key = null
	ssl.keystore.location = null
	ssl.keystore.password = null
	ssl.keystore.type = JKS
	ssl.protocol = TLSv1.3
	ssl.provider = null
	ssl.secure.random.implementation = null
	ssl.trustmanager.algorithm = PKIX
	ssl.truststore.certificates = null
	ssl.truststore.location = null
	ssl.truststore.password = null
	ssl.truststore.type = JKS
	value.deserializer = class org.springframework.kafka.support.serializer.JsonDeserializer

2024-03-05T07:49:36.638+01:00  INFO 11964 --- [ntainer#2-0-C-1] org.apache.kafka.clients.Metadata        : [Consumer clientId=consumer-budget-22, groupId=budget] Cluster ID: pQesx8oBRf-PS-l-lqokqg
2024-03-05T07:49:36.639+01:00  INFO 11964 --- [quest-handler-1] k.s.DefaultAutoTopicCreationManager      : Sent auto-creation request for Set(__consumer_offsets) to the active controller.
2024-03-05T07:49:36.642+01:00  INFO 11964 --- [0-event-handler] o.a.k.c.ReplicationControlManager        : [QuorumController id=0] CreateTopics result(s): CreatableTopic(name='__consumer_offsets', numPartitions=50, replicationFactor=1, assignments=[], configs=[CreateableTopicConfig(name='compression.type', value='producer'), CreateableTopicConfig(name='cleanup.policy', value='compact'), CreateableTopicConfig(name='segment.bytes', value='104857600')]): SUCCESS
2024-03-05T07:49:36.642+01:00  INFO 11964 --- [0-event-handler] o.a.k.c.ReplicationControlManager        : [QuorumController id=0] Replayed TopicRecord for topic __consumer_offsets with topic ID wtoGSdqRT1O8g4FydhJzhQ.
2024-03-05T07:49:36.642+01:00  INFO 11964 --- [0-event-handler] o.a.k.c.ConfigurationControlManager      : [QuorumController id=0] Replayed ConfigRecord for ConfigResource(type=TOPIC, name='__consumer_offsets') which set configuration compression.type to producer
2024-03-05T07:49:36.642+01:00  INFO 11964 --- [0-event-handler] o.a.k.c.ConfigurationControlManager      : [QuorumController id=0] Replayed ConfigRecord for ConfigResource(type=TOPIC, name='__consumer_offsets') which set configuration cleanup.policy to compact
2024-03-05T07:49:36.642+01:00  INFO 11964 --- [0-event-handler] o.a.k.c.ConfigurationControlManager      : [QuorumController id=0] Replayed ConfigRecord for ConfigResource(type=TOPIC, name='__consumer_offsets') which set configuration segment.bytes to 104857600
2024-03-05T07:49:36.642+01:00  INFO 11964 --- [0-event-handler] o.a.k.c.ReplicationControlManager        : [QuorumController id=0] Replayed PartitionRecord for new partition __consumer_offsets-0 with topic ID wtoGSdqRT1O8g4FydhJzhQ and PartitionRegistration(replicas=[0], isr=[0], removingReplicas=[], addingReplicas=[], leader=0, leaderRecoveryState=RECOVERED, leaderEpoch=0, partitionEpoch=0).
2024-03-05T07:49:36.642+01:00  INFO 11964 --- [0-event-handler] o.a.k.c.ReplicationControlManager        : [QuorumController id=0] Replayed PartitionRecord for new partition __consumer_offsets-1 with topic ID wtoGSdqRT1O8g4FydhJzhQ and PartitionRegistration(replicas=[0], isr=[0], removingReplicas=[], addingReplicas=[], leader=0, leaderRecoveryState=RECOVERED, leaderEpoch=0, partitionEpoch=0).
2024-03-05T07:49:36.642+01:00  INFO 11964 --- [0-event-handler] o.a.k.c.ReplicationControlManager        : [QuorumController id=0] Replayed PartitionRecord for new partition __consumer_offsets-2 with topic ID wtoGSdqRT1O8g4FydhJzhQ and PartitionRegistration(replicas=[0], isr=[0], removingReplicas=[], addingReplicas=[], leader=0, leaderRecoveryState=RECOVERED, leaderEpoch=0, partitionEpoch=0).
2024-03-05T07:49:36.642+01:00  INFO 11964 --- [0-event-handler] o.a.k.c.ReplicationControlManager        : [QuorumController id=0] Replayed PartitionRecord for new partition __consumer_offsets-3 with topic ID wtoGSdqRT1O8g4FydhJzhQ and PartitionRegistration(replicas=[0], isr=[0], removingReplicas=[], addingReplicas=[], leader=0, leaderRecoveryState=RECOVERED, leaderEpoch=0, partitionEpoch=0).
2024-03-05T07:49:36.642+01:00  INFO 11964 --- [0-event-handler] o.a.k.c.ReplicationControlManager        : [QuorumController id=0] Replayed PartitionRecord for new partition __consumer_offsets-4 with topic ID wtoGSdqRT1O8g4FydhJzhQ and PartitionRegistration(replicas=[0], isr=[0], removingReplicas=[], addingReplicas=[], leader=0, leaderRecoveryState=RECOVERED, leaderEpoch=0, partitionEpoch=0).
2024-03-05T07:49:36.642+01:00  INFO 11964 --- [0-event-handler] o.a.k.c.ReplicationControlManager        : [QuorumController id=0] Replayed PartitionRecord for new partition __consumer_offsets-5 with topic ID wtoGSdqRT1O8g4FydhJzhQ and PartitionRegistration(replicas=[0], isr=[0], removingReplicas=[], addingReplicas=[], leader=0, leaderRecoveryState=RECOVERED, leaderEpoch=0, partitionEpoch=0).
2024-03-05T07:49:36.642+01:00  INFO 11964 --- [0-event-handler] o.a.k.c.ReplicationControlManager        : [QuorumController id=0] Replayed PartitionRecord for new partition __consumer_offsets-6 with topic ID wtoGSdqRT1O8g4FydhJzhQ and PartitionRegistration(replicas=[0], isr=[0], removingReplicas=[], addingReplicas=[], leader=0, leaderRecoveryState=RECOVERED, leaderEpoch=0, partitionEpoch=0).
2024-03-05T07:49:36.642+01:00  INFO 11964 --- [0-event-handler] o.a.k.c.ReplicationControlManager        : [QuorumController id=0] Replayed PartitionRecord for new partition __consumer_offsets-7 with topic ID wtoGSdqRT1O8g4FydhJzhQ and PartitionRegistration(replicas=[0], isr=[0], removingReplicas=[], addingReplicas=[], leader=0, leaderRecoveryState=RECOVERED, leaderEpoch=0, partitionEpoch=0).
2024-03-05T07:49:36.643+01:00  INFO 11964 --- [0-event-handler] o.a.k.c.ReplicationControlManager        : [QuorumController id=0] Replayed PartitionRecord for new partition __consumer_offsets-8 with topic ID wtoGSdqRT1O8g4FydhJzhQ and PartitionRegistration(replicas=[0], isr=[0], removingReplicas=[], addingReplicas=[], leader=0, leaderRecoveryState=RECOVERED, leaderEpoch=0, partitionEpoch=0).
2024-03-05T07:49:36.643+01:00  INFO 11964 --- [0-event-handler] o.a.k.c.ReplicationControlManager        : [QuorumController id=0] Replayed PartitionRecord for new partition __consumer_offsets-9 with topic ID wtoGSdqRT1O8g4FydhJzhQ and PartitionRegistration(replicas=[0], isr=[0], removingReplicas=[], addingReplicas=[], leader=0, leaderRecoveryState=RECOVERED, leaderEpoch=0, partitionEpoch=0).
2024-03-05T07:49:36.643+01:00  INFO 11964 --- [0-event-handler] o.a.k.c.ReplicationControlManager        : [QuorumController id=0] Replayed PartitionRecord for new partition __consumer_offsets-10 with topic ID wtoGSdqRT1O8g4FydhJzhQ and PartitionRegistration(replicas=[0], isr=[0], removingReplicas=[], addingReplicas=[], leader=0, leaderRecoveryState=RECOVERED, leaderEpoch=0, partitionEpoch=0).
2024-03-05T07:49:36.643+01:00  INFO 11964 --- [0-event-handler] o.a.k.c.ReplicationControlManager        : [QuorumController id=0] Replayed PartitionRecord for new partition __consumer_offsets-11 with topic ID wtoGSdqRT1O8g4FydhJzhQ and PartitionRegistration(replicas=[0], isr=[0], removingReplicas=[], addingReplicas=[], leader=0, leaderRecoveryState=RECOVERED, leaderEpoch=0, partitionEpoch=0).
2024-03-05T07:49:36.643+01:00  INFO 11964 --- [0-event-handler] o.a.k.c.ReplicationControlManager        : [QuorumController id=0] Replayed PartitionRecord for new partition __consumer_offsets-12 with topic ID wtoGSdqRT1O8g4FydhJzhQ and PartitionRegistration(replicas=[0], isr=[0], removingReplicas=[], addingReplicas=[], leader=0, leaderRecoveryState=RECOVERED, leaderEpoch=0, partitionEpoch=0).
2024-03-05T07:49:36.643+01:00  INFO 11964 --- [0-event-handler] o.a.k.c.ReplicationControlManager        : [QuorumController id=0] Replayed PartitionRecord for new partition __consumer_offsets-13 with topic ID wtoGSdqRT1O8g4FydhJzhQ and PartitionRegistration(replicas=[0], isr=[0], removingReplicas=[], addingReplicas=[], leader=0, leaderRecoveryState=RECOVERED, leaderEpoch=0, partitionEpoch=0).
2024-03-05T07:49:36.643+01:00  INFO 11964 --- [0-event-handler] o.a.k.c.ReplicationControlManager        : [QuorumController id=0] Replayed PartitionRecord for new partition __consumer_offsets-14 with topic ID wtoGSdqRT1O8g4FydhJzhQ and PartitionRegistration(replicas=[0], isr=[0], removingReplicas=[], addingReplicas=[], leader=0, leaderRecoveryState=RECOVERED, leaderEpoch=0, partitionEpoch=0).
2024-03-05T07:49:36.643+01:00  INFO 11964 --- [0-event-handler] o.a.k.c.ReplicationControlManager        : [QuorumController id=0] Replayed PartitionRecord for new partition __consumer_offsets-15 with topic ID wtoGSdqRT1O8g4FydhJzhQ and PartitionRegistration(replicas=[0], isr=[0], removingReplicas=[], addingReplicas=[], leader=0, leaderRecoveryState=RECOVERED, leaderEpoch=0, partitionEpoch=0).
2024-03-05T07:49:36.643+01:00  INFO 11964 --- [0-event-handler] o.a.k.c.ReplicationControlManager        : [QuorumController id=0] Replayed PartitionRecord for new partition __consumer_offsets-16 with topic ID wtoGSdqRT1O8g4FydhJzhQ and PartitionRegistration(replicas=[0], isr=[0], removingReplicas=[], addingReplicas=[], leader=0, leaderRecoveryState=RECOVERED, leaderEpoch=0, partitionEpoch=0).
2024-03-05T07:49:36.643+01:00  INFO 11964 --- [0-event-handler] o.a.k.c.ReplicationControlManager        : [QuorumController id=0] Replayed PartitionRecord for new partition __consumer_offsets-17 with topic ID wtoGSdqRT1O8g4FydhJzhQ and PartitionRegistration(replicas=[0], isr=[0], removingReplicas=[], addingReplicas=[], leader=0, leaderRecoveryState=RECOVERED, leaderEpoch=0, partitionEpoch=0).
2024-03-05T07:49:36.643+01:00  INFO 11964 --- [0-event-handler] o.a.k.c.ReplicationControlManager        : [QuorumController id=0] Replayed PartitionRecord for new partition __consumer_offsets-18 with topic ID wtoGSdqRT1O8g4FydhJzhQ and PartitionRegistration(replicas=[0], isr=[0], removingReplicas=[], addingReplicas=[], leader=0, leaderRecoveryState=RECOVERED, leaderEpoch=0, partitionEpoch=0).
2024-03-05T07:49:36.643+01:00  INFO 11964 --- [0-event-handler] o.a.k.c.ReplicationControlManager        : [QuorumController id=0] Replayed PartitionRecord for new partition __consumer_offsets-19 with topic ID wtoGSdqRT1O8g4FydhJzhQ and PartitionRegistration(replicas=[0], isr=[0], removingReplicas=[], addingReplicas=[], leader=0, leaderRecoveryState=RECOVERED, leaderEpoch=0, partitionEpoch=0).
2024-03-05T07:49:36.643+01:00  INFO 11964 --- [0-event-handler] o.a.k.c.ReplicationControlManager        : [QuorumController id=0] Replayed PartitionRecord for new partition __consumer_offsets-20 with topic ID wtoGSdqRT1O8g4FydhJzhQ and PartitionRegistration(replicas=[0], isr=[0], removingReplicas=[], addingReplicas=[], leader=0, leaderRecoveryState=RECOVERED, leaderEpoch=0, partitionEpoch=0).
2024-03-05T07:49:36.643+01:00  INFO 11964 --- [0-event-handler] o.a.k.c.ReplicationControlManager        : [QuorumController id=0] Replayed PartitionRecord for new partition __consumer_offsets-21 with topic ID wtoGSdqRT1O8g4FydhJzhQ and PartitionRegistration(replicas=[0], isr=[0], removingReplicas=[], addingReplicas=[], leader=0, leaderRecoveryState=RECOVERED, leaderEpoch=0, partitionEpoch=0).
2024-03-05T07:49:36.643+01:00  INFO 11964 --- [0-event-handler] o.a.k.c.ReplicationControlManager        : [QuorumController id=0] Replayed PartitionRecord for new partition __consumer_offsets-22 with topic ID wtoGSdqRT1O8g4FydhJzhQ and PartitionRegistration(replicas=[0], isr=[0], removingReplicas=[], addingReplicas=[], leader=0, leaderRecoveryState=RECOVERED, leaderEpoch=0, partitionEpoch=0).
2024-03-05T07:49:36.643+01:00  INFO 11964 --- [0-event-handler] o.a.k.c.ReplicationControlManager        : [QuorumController id=0] Replayed PartitionRecord for new partition __consumer_offsets-23 with topic ID wtoGSdqRT1O8g4FydhJzhQ and PartitionRegistration(replicas=[0], isr=[0], removingReplicas=[], addingReplicas=[], leader=0, leaderRecoveryState=RECOVERED, leaderEpoch=0, partitionEpoch=0).
2024-03-05T07:49:36.643+01:00  INFO 11964 --- [0-event-handler] o.a.k.c.ReplicationControlManager        : [QuorumController id=0] Replayed PartitionRecord for new partition __consumer_offsets-24 with topic ID wtoGSdqRT1O8g4FydhJzhQ and PartitionRegistration(replicas=[0], isr=[0], removingReplicas=[], addingReplicas=[], leader=0, leaderRecoveryState=RECOVERED, leaderEpoch=0, partitionEpoch=0).
2024-03-05T07:49:36.643+01:00  INFO 11964 --- [0-event-handler] o.a.k.c.ReplicationControlManager        : [QuorumController id=0] Replayed PartitionRecord for new partition __consumer_offsets-25 with topic ID wtoGSdqRT1O8g4FydhJzhQ and PartitionRegistration(replicas=[0], isr=[0], removingReplicas=[], addingReplicas=[], leader=0, leaderRecoveryState=RECOVERED, leaderEpoch=0, partitionEpoch=0).
2024-03-05T07:49:36.643+01:00  INFO 11964 --- [0-event-handler] o.a.k.c.ReplicationControlManager        : [QuorumController id=0] Replayed PartitionRecord for new partition __consumer_offsets-26 with topic ID wtoGSdqRT1O8g4FydhJzhQ and PartitionRegistration(replicas=[0], isr=[0], removingReplicas=[], addingReplicas=[], leader=0, leaderRecoveryState=RECOVERED, leaderEpoch=0, partitionEpoch=0).
2024-03-05T07:49:36.643+01:00  INFO 11964 --- [0-event-handler] o.a.k.c.ReplicationControlManager        : [QuorumController id=0] Replayed PartitionRecord for new partition __consumer_offsets-27 with topic ID wtoGSdqRT1O8g4FydhJzhQ and PartitionRegistration(replicas=[0], isr=[0], removingReplicas=[], addingReplicas=[], leader=0, leaderRecoveryState=RECOVERED, leaderEpoch=0, partitionEpoch=0).
2024-03-05T07:49:36.643+01:00  INFO 11964 --- [0-event-handler] o.a.k.c.ReplicationControlManager        : [QuorumController id=0] Replayed PartitionRecord for new partition __consumer_offsets-28 with topic ID wtoGSdqRT1O8g4FydhJzhQ and PartitionRegistration(replicas=[0], isr=[0], removingReplicas=[], addingReplicas=[], leader=0, leaderRecoveryState=RECOVERED, leaderEpoch=0, partitionEpoch=0).
2024-03-05T07:49:36.643+01:00  INFO 11964 --- [0-event-handler] o.a.k.c.ReplicationControlManager        : [QuorumController id=0] Replayed PartitionRecord for new partition __consumer_offsets-29 with topic ID wtoGSdqRT1O8g4FydhJzhQ and PartitionRegistration(replicas=[0], isr=[0], removingReplicas=[], addingReplicas=[], leader=0, leaderRecoveryState=RECOVERED, leaderEpoch=0, partitionEpoch=0).
2024-03-05T07:49:36.643+01:00  INFO 11964 --- [0-event-handler] o.a.k.c.ReplicationControlManager        : [QuorumController id=0] Replayed PartitionRecord for new partition __consumer_offsets-30 with topic ID wtoGSdqRT1O8g4FydhJzhQ and PartitionRegistration(replicas=[0], isr=[0], removingReplicas=[], addingReplicas=[], leader=0, leaderRecoveryState=RECOVERED, leaderEpoch=0, partitionEpoch=0).
2024-03-05T07:49:36.643+01:00  INFO 11964 --- [0-event-handler] o.a.k.c.ReplicationControlManager        : [QuorumController id=0] Replayed PartitionRecord for new partition __consumer_offsets-31 with topic ID wtoGSdqRT1O8g4FydhJzhQ and PartitionRegistration(replicas=[0], isr=[0], removingReplicas=[], addingReplicas=[], leader=0, leaderRecoveryState=RECOVERED, leaderEpoch=0, partitionEpoch=0).
2024-03-05T07:49:36.643+01:00  INFO 11964 --- [0-event-handler] o.a.k.c.ReplicationControlManager        : [QuorumController id=0] Replayed PartitionRecord for new partition __consumer_offsets-32 with topic ID wtoGSdqRT1O8g4FydhJzhQ and PartitionRegistration(replicas=[0], isr=[0], removingReplicas=[], addingReplicas=[], leader=0, leaderRecoveryState=RECOVERED, leaderEpoch=0, partitionEpoch=0).
2024-03-05T07:49:36.643+01:00  INFO 11964 --- [0-event-handler] o.a.k.c.ReplicationControlManager        : [QuorumController id=0] Replayed PartitionRecord for new partition __consumer_offsets-33 with topic ID wtoGSdqRT1O8g4FydhJzhQ and PartitionRegistration(replicas=[0], isr=[0], removingReplicas=[], addingReplicas=[], leader=0, leaderRecoveryState=RECOVERED, leaderEpoch=0, partitionEpoch=0).
2024-03-05T07:49:36.643+01:00  INFO 11964 --- [0-event-handler] o.a.k.c.ReplicationControlManager        : [QuorumController id=0] Replayed PartitionRecord for new partition __consumer_offsets-34 with topic ID wtoGSdqRT1O8g4FydhJzhQ and PartitionRegistration(replicas=[0], isr=[0], removingReplicas=[], addingReplicas=[], leader=0, leaderRecoveryState=RECOVERED, leaderEpoch=0, partitionEpoch=0).
2024-03-05T07:49:36.644+01:00  INFO 11964 --- [0-event-handler] o.a.k.c.ReplicationControlManager        : [QuorumController id=0] Replayed PartitionRecord for new partition __consumer_offsets-35 with topic ID wtoGSdqRT1O8g4FydhJzhQ and PartitionRegistration(replicas=[0], isr=[0], removingReplicas=[], addingReplicas=[], leader=0, leaderRecoveryState=RECOVERED, leaderEpoch=0, partitionEpoch=0).
2024-03-05T07:49:36.644+01:00  INFO 11964 --- [0-event-handler] o.a.k.c.ReplicationControlManager        : [QuorumController id=0] Replayed PartitionRecord for new partition __consumer_offsets-36 with topic ID wtoGSdqRT1O8g4FydhJzhQ and PartitionRegistration(replicas=[0], isr=[0], removingReplicas=[], addingReplicas=[], leader=0, leaderRecoveryState=RECOVERED, leaderEpoch=0, partitionEpoch=0).
2024-03-05T07:49:36.644+01:00  INFO 11964 --- [0-event-handler] o.a.k.c.ReplicationControlManager        : [QuorumController id=0] Replayed PartitionRecord for new partition __consumer_offsets-37 with topic ID wtoGSdqRT1O8g4FydhJzhQ and PartitionRegistration(replicas=[0], isr=[0], removingReplicas=[], addingReplicas=[], leader=0, leaderRecoveryState=RECOVERED, leaderEpoch=0, partitionEpoch=0).
2024-03-05T07:49:36.644+01:00  INFO 11964 --- [0-event-handler] o.a.k.c.ReplicationControlManager        : [QuorumController id=0] Replayed PartitionRecord for new partition __consumer_offsets-38 with topic ID wtoGSdqRT1O8g4FydhJzhQ and PartitionRegistration(replicas=[0], isr=[0], removingReplicas=[], addingReplicas=[], leader=0, leaderRecoveryState=RECOVERED, leaderEpoch=0, partitionEpoch=0).
2024-03-05T07:49:36.644+01:00  INFO 11964 --- [0-event-handler] o.a.k.c.ReplicationControlManager        : [QuorumController id=0] Replayed PartitionRecord for new partition __consumer_offsets-39 with topic ID wtoGSdqRT1O8g4FydhJzhQ and PartitionRegistration(replicas=[0], isr=[0], removingReplicas=[], addingReplicas=[], leader=0, leaderRecoveryState=RECOVERED, leaderEpoch=0, partitionEpoch=0).
2024-03-05T07:49:36.644+01:00  INFO 11964 --- [0-event-handler] o.a.k.c.ReplicationControlManager        : [QuorumController id=0] Replayed PartitionRecord for new partition __consumer_offsets-40 with topic ID wtoGSdqRT1O8g4FydhJzhQ and PartitionRegistration(replicas=[0], isr=[0], removingReplicas=[], addingReplicas=[], leader=0, leaderRecoveryState=RECOVERED, leaderEpoch=0, partitionEpoch=0).
2024-03-05T07:49:36.644+01:00  INFO 11964 --- [0-event-handler] o.a.k.c.ReplicationControlManager        : [QuorumController id=0] Replayed PartitionRecord for new partition __consumer_offsets-41 with topic ID wtoGSdqRT1O8g4FydhJzhQ and PartitionRegistration(replicas=[0], isr=[0], removingReplicas=[], addingReplicas=[], leader=0, leaderRecoveryState=RECOVERED, leaderEpoch=0, partitionEpoch=0).
2024-03-05T07:49:36.644+01:00  INFO 11964 --- [0-event-handler] o.a.k.c.ReplicationControlManager        : [QuorumController id=0] Replayed PartitionRecord for new partition __consumer_offsets-42 with topic ID wtoGSdqRT1O8g4FydhJzhQ and PartitionRegistration(replicas=[0], isr=[0], removingReplicas=[], addingReplicas=[], leader=0, leaderRecoveryState=RECOVERED, leaderEpoch=0, partitionEpoch=0).
2024-03-05T07:49:36.644+01:00  INFO 11964 --- [0-event-handler] o.a.k.c.ReplicationControlManager        : [QuorumController id=0] Replayed PartitionRecord for new partition __consumer_offsets-43 with topic ID wtoGSdqRT1O8g4FydhJzhQ and PartitionRegistration(replicas=[0], isr=[0], removingReplicas=[], addingReplicas=[], leader=0, leaderRecoveryState=RECOVERED, leaderEpoch=0, partitionEpoch=0).
2024-03-05T07:49:36.644+01:00  INFO 11964 --- [0-event-handler] o.a.k.c.ReplicationControlManager        : [QuorumController id=0] Replayed PartitionRecord for new partition __consumer_offsets-44 with topic ID wtoGSdqRT1O8g4FydhJzhQ and PartitionRegistration(replicas=[0], isr=[0], removingReplicas=[], addingReplicas=[], leader=0, leaderRecoveryState=RECOVERED, leaderEpoch=0, partitionEpoch=0).
2024-03-05T07:49:36.644+01:00  INFO 11964 --- [0-event-handler] o.a.k.c.ReplicationControlManager        : [QuorumController id=0] Replayed PartitionRecord for new partition __consumer_offsets-45 with topic ID wtoGSdqRT1O8g4FydhJzhQ and PartitionRegistration(replicas=[0], isr=[0], removingReplicas=[], addingReplicas=[], leader=0, leaderRecoveryState=RECOVERED, leaderEpoch=0, partitionEpoch=0).
2024-03-05T07:49:36.644+01:00  INFO 11964 --- [0-event-handler] o.a.k.c.ReplicationControlManager        : [QuorumController id=0] Replayed PartitionRecord for new partition __consumer_offsets-46 with topic ID wtoGSdqRT1O8g4FydhJzhQ and PartitionRegistration(replicas=[0], isr=[0], removingReplicas=[], addingReplicas=[], leader=0, leaderRecoveryState=RECOVERED, leaderEpoch=0, partitionEpoch=0).
2024-03-05T07:49:36.644+01:00  INFO 11964 --- [0-event-handler] o.a.k.c.ReplicationControlManager        : [QuorumController id=0] Replayed PartitionRecord for new partition __consumer_offsets-47 with topic ID wtoGSdqRT1O8g4FydhJzhQ and PartitionRegistration(replicas=[0], isr=[0], removingReplicas=[], addingReplicas=[], leader=0, leaderRecoveryState=RECOVERED, leaderEpoch=0, partitionEpoch=0).
2024-03-05T07:49:36.645+01:00  INFO 11964 --- [0-event-handler] o.a.k.c.ReplicationControlManager        : [QuorumController id=0] Replayed PartitionRecord for new partition __consumer_offsets-48 with topic ID wtoGSdqRT1O8g4FydhJzhQ and PartitionRegistration(replicas=[0], isr=[0], removingReplicas=[], addingReplicas=[], leader=0, leaderRecoveryState=RECOVERED, leaderEpoch=0, partitionEpoch=0).
2024-03-05T07:49:36.645+01:00  INFO 11964 --- [0-event-handler] o.a.k.c.ReplicationControlManager        : [QuorumController id=0] Replayed PartitionRecord for new partition __consumer_offsets-49 with topic ID wtoGSdqRT1O8g4FydhJzhQ and PartitionRegistration(replicas=[0], isr=[0], removingReplicas=[], addingReplicas=[], leader=0, leaderRecoveryState=RECOVERED, leaderEpoch=0, partitionEpoch=0).
2024-03-05T07:49:36.647+01:00  INFO 11964 --- [ntainer#0-0-C-1] org.apache.kafka.clients.Metadata        : [Consumer clientId=consumer-product-23, groupId=product] Cluster ID: pQesx8oBRf-PS-l-lqokqg
2024-03-05T07:49:36.650+01:00  INFO 11964 --- [           main] o.a.kafka.common.utils.AppInfoParser     : Kafka version: 3.6.1
2024-03-05T07:49:36.650+01:00  INFO 11964 --- [           main] o.a.kafka.common.utils.AppInfoParser     : Kafka commitId: 5e3c2b738d253ff5
2024-03-05T07:49:36.650+01:00  INFO 11964 --- [           main] o.a.kafka.common.utils.AppInfoParser     : Kafka startTimeMs: 1709621376650
2024-03-05T07:49:36.650+01:00  INFO 11964 --- [           main] fkaConsumerFactory$ExtendedKafkaConsumer : [Consumer clientId=consumer-budget-24, groupId=budget] Subscribed to topic(s): recurringTransaction-update
2024-03-05T07:49:36.655+01:00  INFO 11964 --- [           main] c.e.A.logic.operations.AnalyticsTest     : Started AnalyticsTest in 1.898 seconds (process running for 89.056)
2024-03-05T07:49:36.658+01:00  INFO 11964 --- [ntainer#1-0-C-1] org.apache.kafka.clients.Metadata        : [Consumer clientId=consumer-budget-24, groupId=budget] Cluster ID: pQesx8oBRf-PS-l-lqokqg
2024-03-05T07:49:36.683+01:00  INFO 11964 --- [r-event-handler] state.change.logger                      : [Broker id=0] Transitioning 50 partition(s) to local leaders.
2024-03-05T07:49:36.684+01:00  INFO 11964 --- [r-event-handler] kafka.server.ReplicaFetcherManager       : [ReplicaFetcherManager on broker 0] Removed fetcher for partitions Set(__consumer_offsets-13, __consumer_offsets-46, __consumer_offsets-9, __consumer_offsets-42, __consumer_offsets-21, __consumer_offsets-17, __consumer_offsets-30, __consumer_offsets-26, __consumer_offsets-5, __consumer_offsets-38, __consumer_offsets-1, __consumer_offsets-34, __consumer_offsets-16, __consumer_offsets-45, __consumer_offsets-12, __consumer_offsets-41, __consumer_offsets-24, __consumer_offsets-20, __consumer_offsets-49, __consumer_offsets-0, __consumer_offsets-29, __consumer_offsets-25, __consumer_offsets-8, __consumer_offsets-37, __consumer_offsets-4, __consumer_offsets-33, __consumer_offsets-15, __consumer_offsets-48, __consumer_offsets-11, __consumer_offsets-44, __consumer_offsets-23, __consumer_offsets-19, __consumer_offsets-32, __consumer_offsets-28, __consumer_offsets-7, __consumer_offsets-40, __consumer_offsets-3, __consumer_offsets-36, __consumer_offsets-47, __consumer_offsets-14, __consumer_offsets-43, __consumer_offsets-10, __consumer_offsets-22, __consumer_offsets-18, __consumer_offsets-31, __consumer_offsets-27, __consumer_offsets-39, __consumer_offsets-6, __consumer_offsets-35, __consumer_offsets-2)
2024-03-05T07:49:36.684+01:00  INFO 11964 --- [r-event-handler] state.change.logger                      : [Broker id=0] Creating new partition __consumer_offsets-13 with topic id wtoGSdqRT1O8g4FydhJzhQ.
2024-03-05T07:49:36.699+01:00  INFO 11964 --- [r-event-handler] kafka.log.UnifiedLog$                    : [LogLoader partition=__consumer_offsets-13, dir=C:\Users\tobia\AppData\Local\Temp\kafka-11806855896019839531\broker_0_data0] Loading producer state till offset 0 with message format version 2
2024-03-05T07:49:36.702+01:00  INFO 11964 --- [r-event-handler] kafka.log.LogManager                     : Created log for partition __consumer_offsets-13 in C:\Users\tobia\AppData\Local\Temp\kafka-11806855896019839531\broker_0_data0\__consumer_offsets-13 with properties {cleanup.policy=compact, compression.type="producer", segment.bytes=104857600}
2024-03-05T07:49:36.703+01:00  INFO 11964 --- [r-event-handler] kafka.cluster.Partition                  : [Partition __consumer_offsets-13 broker=0] No checkpointed highwatermark is found for partition __consumer_offsets-13
2024-03-05T07:49:36.703+01:00  INFO 11964 --- [r-event-handler] kafka.cluster.Partition                  : [Partition __consumer_offsets-13 broker=0] Log loaded for partition __consumer_offsets-13 with initial high watermark 0
2024-03-05T07:49:36.703+01:00  INFO 11964 --- [r-event-handler] state.change.logger                      : [Broker id=0] Leader __consumer_offsets-13 with topic id Some(wtoGSdqRT1O8g4FydhJzhQ) starts at leader epoch 0 from offset 0 with partition epoch 0, high watermark 0, ISR [0], adding replicas [] and removing replicas [] . Previous leader None and previous leader epoch was -1.
2024-03-05T07:49:36.718+01:00  INFO 11964 --- [r-event-handler] state.change.logger                      : [Broker id=0] Creating new partition __consumer_offsets-46 with topic id wtoGSdqRT1O8g4FydhJzhQ.
2024-03-05T07:49:36.728+01:00  INFO 11964 --- [r-event-handler] kafka.log.UnifiedLog$                    : [LogLoader partition=__consumer_offsets-46, dir=C:\Users\tobia\AppData\Local\Temp\kafka-11806855896019839531\broker_0_data0] Loading producer state till offset 0 with message format version 2
2024-03-05T07:49:36.729+01:00  INFO 11964 --- [r-event-handler] kafka.log.LogManager                     : Created log for partition __consumer_offsets-46 in C:\Users\tobia\AppData\Local\Temp\kafka-11806855896019839531\broker_0_data0\__consumer_offsets-46 with properties {cleanup.policy=compact, compression.type="producer", segment.bytes=104857600}
2024-03-05T07:49:36.729+01:00  INFO 11964 --- [r-event-handler] kafka.cluster.Partition                  : [Partition __consumer_offsets-46 broker=0] No checkpointed highwatermark is found for partition __consumer_offsets-46
2024-03-05T07:49:36.729+01:00  INFO 11964 --- [r-event-handler] kafka.cluster.Partition                  : [Partition __consumer_offsets-46 broker=0] Log loaded for partition __consumer_offsets-46 with initial high watermark 0
2024-03-05T07:49:36.729+01:00  INFO 11964 --- [r-event-handler] state.change.logger                      : [Broker id=0] Leader __consumer_offsets-46 with topic id Some(wtoGSdqRT1O8g4FydhJzhQ) starts at leader epoch 0 from offset 0 with partition epoch 0, high watermark 0, ISR [0], adding replicas [] and removing replicas [] . Previous leader None and previous leader epoch was -1.
2024-03-05T07:49:36.738+01:00  INFO 11964 --- [r-event-handler] state.change.logger                      : [Broker id=0] Creating new partition __consumer_offsets-9 with topic id wtoGSdqRT1O8g4FydhJzhQ.
2024-03-05T07:49:36.757+01:00  INFO 11964 --- [ntainer#2-0-C-1] o.a.k.c.c.internals.ConsumerCoordinator  : [Consumer clientId=consumer-budget-22, groupId=budget] Discovered group coordinator localhost:54012 (id: 2147483647 rack: null)
2024-03-05T07:49:36.758+01:00  INFO 11964 --- [ntainer#2-0-C-1] o.a.k.c.c.internals.ConsumerCoordinator  : [Consumer clientId=consumer-budget-22, groupId=budget] (Re-)joining group
2024-03-05T07:49:36.763+01:00  INFO 11964 --- [ntainer#2-0-C-1] o.a.k.c.c.internals.ConsumerCoordinator  : [Consumer clientId=consumer-budget-22, groupId=budget] Group coordinator localhost:54012 (id: 2147483647 rack: null) is unavailable or invalid due to cause: error response NOT_COORDINATOR. isDisconnected: false. Rediscovery will be attempted.
2024-03-05T07:49:36.763+01:00  INFO 11964 --- [ntainer#2-0-C-1] o.a.k.c.c.internals.ConsumerCoordinator  : [Consumer clientId=consumer-budget-22, groupId=budget] Requesting disconnect from last known coordinator localhost:54012 (id: 2147483647 rack: null)
2024-03-05T07:49:36.763+01:00  INFO 11964 --- [ntainer#2-0-C-1] o.a.k.c.c.internals.ConsumerCoordinator  : [Consumer clientId=consumer-budget-22, groupId=budget] JoinGroup failed: This is not the correct coordinator. Marking coordinator unknown. Sent generation was Generation{generationId=-1, memberId='', protocol='null'}
2024-03-05T07:49:36.763+01:00  INFO 11964 --- [ntainer#2-0-C-1] org.apache.kafka.clients.NetworkClient   : [Consumer clientId=consumer-budget-22, groupId=budget] Client requested disconnect from node 2147483647
2024-03-05T07:49:36.766+01:00  INFO 11964 --- [ntainer#2-0-C-1] o.a.k.c.c.internals.ConsumerCoordinator  : [Consumer clientId=consumer-budget-22, groupId=budget] Discovered group coordinator localhost:54012 (id: 2147483647 rack: null)
2024-03-05T07:49:36.766+01:00  INFO 11964 --- [ntainer#2-0-C-1] o.a.k.c.c.internals.ConsumerCoordinator  : [Consumer clientId=consumer-budget-22, groupId=budget] Group coordinator localhost:54012 (id: 2147483647 rack: null) is unavailable or invalid due to cause: coordinator unavailable. isDisconnected: false. Rediscovery will be attempted.
2024-03-05T07:49:36.766+01:00  INFO 11964 --- [ntainer#2-0-C-1] o.a.k.c.c.internals.ConsumerCoordinator  : [Consumer clientId=consumer-budget-22, groupId=budget] Requesting disconnect from last known coordinator localhost:54012 (id: 2147483647 rack: null)
2024-03-05T07:49:36.768+01:00  INFO 11964 --- [ntainer#1-0-C-1] o.a.k.c.c.internals.ConsumerCoordinator  : [Consumer clientId=consumer-budget-24, groupId=budget] Discovered group coordinator localhost:54012 (id: 2147483647 rack: null)
2024-03-05T07:49:36.770+01:00  INFO 11964 --- [ntainer#0-0-C-1] o.a.k.c.c.internals.ConsumerCoordinator  : [Consumer clientId=consumer-product-23, groupId=product] Discovered group coordinator localhost:54012 (id: 2147483647 rack: null)
2024-03-05T07:49:36.773+01:00  INFO 11964 --- [ntainer#1-0-C-1] o.a.k.c.c.internals.ConsumerCoordinator  : [Consumer clientId=consumer-budget-24, groupId=budget] (Re-)joining group
2024-03-05T07:49:36.776+01:00  INFO 11964 --- [ntainer#0-0-C-1] o.a.k.c.c.internals.ConsumerCoordinator  : [Consumer clientId=consumer-product-23, groupId=product] (Re-)joining group
2024-03-05T07:49:36.782+01:00  INFO 11964 --- [ntainer#1-0-C-1] o.a.k.c.c.internals.ConsumerCoordinator  : [Consumer clientId=consumer-budget-24, groupId=budget] Group coordinator localhost:54012 (id: 2147483647 rack: null) is unavailable or invalid due to cause: error response NOT_COORDINATOR. isDisconnected: false. Rediscovery will be attempted.
2024-03-05T07:49:36.782+01:00  INFO 11964 --- [ntainer#1-0-C-1] o.a.k.c.c.internals.ConsumerCoordinator  : [Consumer clientId=consumer-budget-24, groupId=budget] Requesting disconnect from last known coordinator localhost:54012 (id: 2147483647 rack: null)
2024-03-05T07:49:36.782+01:00  INFO 11964 --- [ntainer#1-0-C-1] o.a.k.c.c.internals.ConsumerCoordinator  : [Consumer clientId=consumer-budget-24, groupId=budget] JoinGroup failed: This is not the correct coordinator. Marking coordinator unknown. Sent generation was Generation{generationId=-1, memberId='', protocol='null'}
2024-03-05T07:49:36.782+01:00  INFO 11964 --- [ntainer#1-0-C-1] org.apache.kafka.clients.NetworkClient   : [Consumer clientId=consumer-budget-24, groupId=budget] Client requested disconnect from node 2147483647
2024-03-05T07:49:36.783+01:00  INFO 11964 --- [ntainer#0-0-C-1] o.a.k.c.c.internals.ConsumerCoordinator  : [Consumer clientId=consumer-product-23, groupId=product] Group coordinator localhost:54012 (id: 2147483647 rack: null) is unavailable or invalid due to cause: error response NOT_COORDINATOR. isDisconnected: false. Rediscovery will be attempted.
2024-03-05T07:49:36.783+01:00  INFO 11964 --- [ntainer#0-0-C-1] o.a.k.c.c.internals.ConsumerCoordinator  : [Consumer clientId=consumer-product-23, groupId=product] Requesting disconnect from last known coordinator localhost:54012 (id: 2147483647 rack: null)
2024-03-05T07:49:36.783+01:00  INFO 11964 --- [ntainer#0-0-C-1] o.a.k.c.c.internals.ConsumerCoordinator  : [Consumer clientId=consumer-product-23, groupId=product] JoinGroup failed: This is not the correct coordinator. Marking coordinator unknown. Sent generation was Generation{generationId=-1, memberId='', protocol='null'}
2024-03-05T07:49:36.783+01:00  INFO 11964 --- [ntainer#0-0-C-1] org.apache.kafka.clients.NetworkClient   : [Consumer clientId=consumer-product-23, groupId=product] Client requested disconnect from node 2147483647
2024-03-05T07:49:36.787+01:00  INFO 11964 --- [ntainer#1-0-C-1] o.a.k.c.c.internals.ConsumerCoordinator  : [Consumer clientId=consumer-budget-24, groupId=budget] Discovered group coordinator localhost:54012 (id: 2147483647 rack: null)
2024-03-05T07:49:36.788+01:00  INFO 11964 --- [ntainer#1-0-C-1] o.a.k.c.c.internals.ConsumerCoordinator  : [Consumer clientId=consumer-budget-24, groupId=budget] Group coordinator localhost:54012 (id: 2147483647 rack: null) is unavailable or invalid due to cause: coordinator unavailable. isDisconnected: false. Rediscovery will be attempted.
2024-03-05T07:49:36.788+01:00  INFO 11964 --- [ntainer#1-0-C-1] o.a.k.c.c.internals.ConsumerCoordinator  : [Consumer clientId=consumer-budget-24, groupId=budget] Requesting disconnect from last known coordinator localhost:54012 (id: 2147483647 rack: null)
2024-03-05T07:49:36.789+01:00  INFO 11964 --- [ntainer#0-0-C-1] o.a.k.c.c.internals.ConsumerCoordinator  : [Consumer clientId=consumer-product-23, groupId=product] Discovered group coordinator localhost:54012 (id: 2147483647 rack: null)
2024-03-05T07:49:36.789+01:00  INFO 11964 --- [ntainer#0-0-C-1] o.a.k.c.c.internals.ConsumerCoordinator  : [Consumer clientId=consumer-product-23, groupId=product] Group coordinator localhost:54012 (id: 2147483647 rack: null) is unavailable or invalid due to cause: coordinator unavailable. isDisconnected: false. Rediscovery will be attempted.
2024-03-05T07:49:36.789+01:00  INFO 11964 --- [ntainer#0-0-C-1] o.a.k.c.c.internals.ConsumerCoordinator  : [Consumer clientId=consumer-product-23, groupId=product] Requesting disconnect from last known coordinator localhost:54012 (id: 2147483647 rack: null)
2024-03-05T07:49:36.867+01:00  INFO 11964 --- [r-event-handler] kafka.log.UnifiedLog$                    : [LogLoader partition=__consumer_offsets-9, dir=C:\Users\tobia\AppData\Local\Temp\kafka-11806855896019839531\broker_0_data0] Loading producer state till offset 0 with message format version 2
2024-03-05T07:49:36.868+01:00  INFO 11964 --- [r-event-handler] kafka.log.LogManager                     : Created log for partition __consumer_offsets-9 in C:\Users\tobia\AppData\Local\Temp\kafka-11806855896019839531\broker_0_data0\__consumer_offsets-9 with properties {cleanup.policy=compact, compression.type="producer", segment.bytes=104857600}
2024-03-05T07:49:36.868+01:00  INFO 11964 --- [r-event-handler] kafka.cluster.Partition                  : [Partition __consumer_offsets-9 broker=0] No checkpointed highwatermark is found for partition __consumer_offsets-9
2024-03-05T07:49:36.868+01:00  INFO 11964 --- [r-event-handler] kafka.cluster.Partition                  : [Partition __consumer_offsets-9 broker=0] Log loaded for partition __consumer_offsets-9 with initial high watermark 0
2024-03-05T07:49:36.868+01:00  INFO 11964 --- [r-event-handler] state.change.logger                      : [Broker id=0] Leader __consumer_offsets-9 with topic id Some(wtoGSdqRT1O8g4FydhJzhQ) starts at leader epoch 0 from offset 0 with partition epoch 0, high watermark 0, ISR [0], adding replicas [] and removing replicas [] . Previous leader None and previous leader epoch was -1.
2024-03-05T07:49:36.874+01:00  INFO 11964 --- [ntainer#2-0-C-1] o.a.k.c.c.internals.ConsumerCoordinator  : [Consumer clientId=consumer-budget-22, groupId=budget] Discovered group coordinator localhost:54012 (id: 2147483647 rack: null)
2024-03-05T07:49:36.876+01:00  INFO 11964 --- [ntainer#2-0-C-1] o.a.k.c.c.internals.ConsumerCoordinator  : [Consumer clientId=consumer-budget-22, groupId=budget] Request joining group due to: rebalance failed due to 'This is not the correct coordinator.' (NotCoordinatorException)
2024-03-05T07:49:36.876+01:00  INFO 11964 --- [ntainer#2-0-C-1] o.a.k.c.c.internals.ConsumerCoordinator  : [Consumer clientId=consumer-budget-22, groupId=budget] (Re-)joining group
2024-03-05T07:49:36.881+01:00  INFO 11964 --- [ntainer#2-0-C-1] o.a.k.c.c.internals.ConsumerCoordinator  : [Consumer clientId=consumer-budget-22, groupId=budget] Group coordinator localhost:54012 (id: 2147483647 rack: null) is unavailable or invalid due to cause: error response NOT_COORDINATOR. isDisconnected: false. Rediscovery will be attempted.
2024-03-05T07:49:36.881+01:00  INFO 11964 --- [ntainer#2-0-C-1] o.a.k.c.c.internals.ConsumerCoordinator  : [Consumer clientId=consumer-budget-22, groupId=budget] Requesting disconnect from last known coordinator localhost:54012 (id: 2147483647 rack: null)
2024-03-05T07:49:36.881+01:00  INFO 11964 --- [ntainer#2-0-C-1] o.a.k.c.c.internals.ConsumerCoordinator  : [Consumer clientId=consumer-budget-22, groupId=budget] JoinGroup failed: This is not the correct coordinator. Marking coordinator unknown. Sent generation was Generation{generationId=-1, memberId='', protocol='null'}
2024-03-05T07:49:36.881+01:00  INFO 11964 --- [ntainer#2-0-C-1] org.apache.kafka.clients.NetworkClient   : [Consumer clientId=consumer-budget-22, groupId=budget] Client requested disconnect from node 2147483647
2024-03-05T07:49:36.884+01:00  INFO 11964 --- [ntainer#2-0-C-1] o.a.k.c.c.internals.ConsumerCoordinator  : [Consumer clientId=consumer-budget-22, groupId=budget] Discovered group coordinator localhost:54012 (id: 2147483647 rack: null)
2024-03-05T07:49:36.884+01:00  INFO 11964 --- [ntainer#2-0-C-1] o.a.k.c.c.internals.ConsumerCoordinator  : [Consumer clientId=consumer-budget-22, groupId=budget] Group coordinator localhost:54012 (id: 2147483647 rack: null) is unavailable or invalid due to cause: coordinator unavailable. isDisconnected: false. Rediscovery will be attempted.
2024-03-05T07:49:36.884+01:00  INFO 11964 --- [ntainer#2-0-C-1] o.a.k.c.c.internals.ConsumerCoordinator  : [Consumer clientId=consumer-budget-22, groupId=budget] Requesting disconnect from last known coordinator localhost:54012 (id: 2147483647 rack: null)
2024-03-05T07:49:36.924+01:00  INFO 11964 --- [ntainer#0-0-C-1] o.a.k.c.c.internals.ConsumerCoordinator  : [Consumer clientId=consumer-product-23, groupId=product] Discovered group coordinator localhost:54012 (id: 2147483647 rack: null)
2024-03-05T07:49:36.925+01:00  INFO 11964 --- [ntainer#0-0-C-1] o.a.k.c.c.internals.ConsumerCoordinator  : [Consumer clientId=consumer-product-23, groupId=product] Request joining group due to: rebalance failed due to 'This is not the correct coordinator.' (NotCoordinatorException)
2024-03-05T07:49:36.925+01:00  INFO 11964 --- [ntainer#0-0-C-1] o.a.k.c.c.internals.ConsumerCoordinator  : [Consumer clientId=consumer-product-23, groupId=product] (Re-)joining group
2024-03-05T07:49:36.928+01:00  INFO 11964 --- [ntainer#1-0-C-1] o.a.k.c.c.internals.ConsumerCoordinator  : [Consumer clientId=consumer-budget-24, groupId=budget] Discovered group coordinator localhost:54012 (id: 2147483647 rack: null)
2024-03-05T07:49:36.931+01:00  INFO 11964 --- [ntainer#1-0-C-1] o.a.k.c.c.internals.ConsumerCoordinator  : [Consumer clientId=consumer-budget-24, groupId=budget] Request joining group due to: rebalance failed due to 'This is not the correct coordinator.' (NotCoordinatorException)
2024-03-05T07:49:36.932+01:00  INFO 11964 --- [ntainer#1-0-C-1] o.a.k.c.c.internals.ConsumerCoordinator  : [Consumer clientId=consumer-budget-24, groupId=budget] (Re-)joining group
2024-03-05T07:49:36.936+01:00  INFO 11964 --- [ntainer#0-0-C-1] o.a.k.c.c.internals.ConsumerCoordinator  : [Consumer clientId=consumer-product-23, groupId=product] Group coordinator localhost:54012 (id: 2147483647 rack: null) is unavailable or invalid due to cause: error response NOT_COORDINATOR. isDisconnected: false. Rediscovery will be attempted.
2024-03-05T07:49:36.936+01:00  INFO 11964 --- [ntainer#0-0-C-1] o.a.k.c.c.internals.ConsumerCoordinator  : [Consumer clientId=consumer-product-23, groupId=product] Requesting disconnect from last known coordinator localhost:54012 (id: 2147483647 rack: null)
2024-03-05T07:49:36.936+01:00  INFO 11964 --- [ntainer#0-0-C-1] o.a.k.c.c.internals.ConsumerCoordinator  : [Consumer clientId=consumer-product-23, groupId=product] JoinGroup failed: This is not the correct coordinator. Marking coordinator unknown. Sent generation was Generation{generationId=-1, memberId='', protocol='null'}
2024-03-05T07:49:36.936+01:00  INFO 11964 --- [ntainer#0-0-C-1] org.apache.kafka.clients.NetworkClient   : [Consumer clientId=consumer-product-23, groupId=product] Client requested disconnect from node 2147483647
2024-03-05T07:49:36.937+01:00  INFO 11964 --- [ntainer#1-0-C-1] o.a.k.c.c.internals.ConsumerCoordinator  : [Consumer clientId=consumer-budget-24, groupId=budget] Group coordinator localhost:54012 (id: 2147483647 rack: null) is unavailable or invalid due to cause: error response NOT_COORDINATOR. isDisconnected: false. Rediscovery will be attempted.
2024-03-05T07:49:36.937+01:00  INFO 11964 --- [ntainer#1-0-C-1] o.a.k.c.c.internals.ConsumerCoordinator  : [Consumer clientId=consumer-budget-24, groupId=budget] Requesting disconnect from last known coordinator localhost:54012 (id: 2147483647 rack: null)
2024-03-05T07:49:36.937+01:00  INFO 11964 --- [ntainer#1-0-C-1] o.a.k.c.c.internals.ConsumerCoordinator  : [Consumer clientId=consumer-budget-24, groupId=budget] JoinGroup failed: This is not the correct coordinator. Marking coordinator unknown. Sent generation was Generation{generationId=-1, memberId='', protocol='null'}
2024-03-05T07:49:36.937+01:00  INFO 11964 --- [ntainer#1-0-C-1] org.apache.kafka.clients.NetworkClient   : [Consumer clientId=consumer-budget-24, groupId=budget] Client requested disconnect from node 2147483647
2024-03-05T07:49:36.940+01:00  INFO 11964 --- [ntainer#0-0-C-1] o.a.k.c.c.internals.ConsumerCoordinator  : [Consumer clientId=consumer-product-23, groupId=product] Discovered group coordinator localhost:54012 (id: 2147483647 rack: null)
2024-03-05T07:49:36.940+01:00  INFO 11964 --- [ntainer#0-0-C-1] o.a.k.c.c.internals.ConsumerCoordinator  : [Consumer clientId=consumer-product-23, groupId=product] Group coordinator localhost:54012 (id: 2147483647 rack: null) is unavailable or invalid due to cause: coordinator unavailable. isDisconnected: false. Rediscovery will be attempted.
2024-03-05T07:49:36.940+01:00  INFO 11964 --- [ntainer#0-0-C-1] o.a.k.c.c.internals.ConsumerCoordinator  : [Consumer clientId=consumer-product-23, groupId=product] Requesting disconnect from last known coordinator localhost:54012 (id: 2147483647 rack: null)
2024-03-05T07:49:36.940+01:00  INFO 11964 --- [ntainer#1-0-C-1] o.a.k.c.c.internals.ConsumerCoordinator  : [Consumer clientId=consumer-budget-24, groupId=budget] Discovered group coordinator localhost:54012 (id: 2147483647 rack: null)
2024-03-05T07:49:36.940+01:00  INFO 11964 --- [ntainer#1-0-C-1] o.a.k.c.c.internals.ConsumerCoordinator  : [Consumer clientId=consumer-budget-24, groupId=budget] Group coordinator localhost:54012 (id: 2147483647 rack: null) is unavailable or invalid due to cause: coordinator unavailable. isDisconnected: false. Rediscovery will be attempted.
2024-03-05T07:49:36.940+01:00  INFO 11964 --- [ntainer#1-0-C-1] o.a.k.c.c.internals.ConsumerCoordinator  : [Consumer clientId=consumer-budget-24, groupId=budget] Requesting disconnect from last known coordinator localhost:54012 (id: 2147483647 rack: null)
2024-03-05T07:49:36.946+01:00  INFO 11964 --- [r-event-handler] state.change.logger                      : [Broker id=0] Creating new partition __consumer_offsets-42 with topic id wtoGSdqRT1O8g4FydhJzhQ.
2024-03-05T07:49:36.957+01:00  INFO 11964 --- [r-event-handler] kafka.log.UnifiedLog$                    : [LogLoader partition=__consumer_offsets-42, dir=C:\Users\tobia\AppData\Local\Temp\kafka-11806855896019839531\broker_0_data0] Loading producer state till offset 0 with message format version 2
2024-03-05T07:49:36.957+01:00  INFO 11964 --- [r-event-handler] kafka.log.LogManager                     : Created log for partition __consumer_offsets-42 in C:\Users\tobia\AppData\Local\Temp\kafka-11806855896019839531\broker_0_data0\__consumer_offsets-42 with properties {cleanup.policy=compact, compression.type="producer", segment.bytes=104857600}
2024-03-05T07:49:36.957+01:00  INFO 11964 --- [r-event-handler] kafka.cluster.Partition                  : [Partition __consumer_offsets-42 broker=0] No checkpointed highwatermark is found for partition __consumer_offsets-42
2024-03-05T07:49:36.957+01:00  INFO 11964 --- [r-event-handler] kafka.cluster.Partition                  : [Partition __consumer_offsets-42 broker=0] Log loaded for partition __consumer_offsets-42 with initial high watermark 0
2024-03-05T07:49:36.957+01:00  INFO 11964 --- [r-event-handler] state.change.logger                      : [Broker id=0] Leader __consumer_offsets-42 with topic id Some(wtoGSdqRT1O8g4FydhJzhQ) starts at leader epoch 0 from offset 0 with partition epoch 0, high watermark 0, ISR [0], adding replicas [] and removing replicas [] . Previous leader None and previous leader epoch was -1.
2024-03-05T07:49:36.963+01:00  INFO 11964 --- [r-event-handler] state.change.logger                      : [Broker id=0] Creating new partition __consumer_offsets-21 with topic id wtoGSdqRT1O8g4FydhJzhQ.
2024-03-05T07:49:36.973+01:00  INFO 11964 --- [r-event-handler] kafka.log.UnifiedLog$                    : [LogLoader partition=__consumer_offsets-21, dir=C:\Users\tobia\AppData\Local\Temp\kafka-11806855896019839531\broker_0_data0] Loading producer state till offset 0 with message format version 2
2024-03-05T07:49:36.973+01:00  INFO 11964 --- [r-event-handler] kafka.log.LogManager                     : Created log for partition __consumer_offsets-21 in C:\Users\tobia\AppData\Local\Temp\kafka-11806855896019839531\broker_0_data0\__consumer_offsets-21 with properties {cleanup.policy=compact, compression.type="producer", segment.bytes=104857600}
2024-03-05T07:49:36.973+01:00  INFO 11964 --- [r-event-handler] kafka.cluster.Partition                  : [Partition __consumer_offsets-21 broker=0] No checkpointed highwatermark is found for partition __consumer_offsets-21
2024-03-05T07:49:36.973+01:00  INFO 11964 --- [r-event-handler] kafka.cluster.Partition                  : [Partition __consumer_offsets-21 broker=0] Log loaded for partition __consumer_offsets-21 with initial high watermark 0
2024-03-05T07:49:36.973+01:00  INFO 11964 --- [r-event-handler] state.change.logger                      : [Broker id=0] Leader __consumer_offsets-21 with topic id Some(wtoGSdqRT1O8g4FydhJzhQ) starts at leader epoch 0 from offset 0 with partition epoch 0, high watermark 0, ISR [0], adding replicas [] and removing replicas [] . Previous leader None and previous leader epoch was -1.
2024-03-05T07:49:36.988+01:00  INFO 11964 --- [ntainer#2-0-C-1] o.a.k.c.c.internals.ConsumerCoordinator  : [Consumer clientId=consumer-budget-22, groupId=budget] Discovered group coordinator localhost:54012 (id: 2147483647 rack: null)
2024-03-05T07:49:36.989+01:00  INFO 11964 --- [ntainer#2-0-C-1] o.a.k.c.c.internals.ConsumerCoordinator  : [Consumer clientId=consumer-budget-22, groupId=budget] Request joining group due to: rebalance failed due to 'This is not the correct coordinator.' (NotCoordinatorException)
2024-03-05T07:49:36.990+01:00  INFO 11964 --- [ntainer#2-0-C-1] o.a.k.c.c.internals.ConsumerCoordinator  : [Consumer clientId=consumer-budget-22, groupId=budget] (Re-)joining group
2024-03-05T07:49:36.996+01:00  INFO 11964 --- [ntainer#2-0-C-1] o.a.k.c.c.internals.ConsumerCoordinator  : [Consumer clientId=consumer-budget-22, groupId=budget] Group coordinator localhost:54012 (id: 2147483647 rack: null) is unavailable or invalid due to cause: error response NOT_COORDINATOR. isDisconnected: false. Rediscovery will be attempted.
2024-03-05T07:49:36.996+01:00  INFO 11964 --- [ntainer#2-0-C-1] o.a.k.c.c.internals.ConsumerCoordinator  : [Consumer clientId=consumer-budget-22, groupId=budget] Requesting disconnect from last known coordinator localhost:54012 (id: 2147483647 rack: null)
2024-03-05T07:49:36.996+01:00  INFO 11964 --- [ntainer#2-0-C-1] o.a.k.c.c.internals.ConsumerCoordinator  : [Consumer clientId=consumer-budget-22, groupId=budget] JoinGroup failed: This is not the correct coordinator. Marking coordinator unknown. Sent generation was Generation{generationId=-1, memberId='', protocol='null'}
2024-03-05T07:49:36.996+01:00  INFO 11964 --- [ntainer#2-0-C-1] org.apache.kafka.clients.NetworkClient   : [Consumer clientId=consumer-budget-22, groupId=budget] Client requested disconnect from node 2147483647
2024-03-05T07:49:37.004+01:00  INFO 11964 --- [ntainer#2-0-C-1] o.a.k.c.c.internals.ConsumerCoordinator  : [Consumer clientId=consumer-budget-22, groupId=budget] Discovered group coordinator localhost:54012 (id: 2147483647 rack: null)
2024-03-05T07:49:37.004+01:00  INFO 11964 --- [ntainer#2-0-C-1] o.a.k.c.c.internals.ConsumerCoordinator  : [Consumer clientId=consumer-budget-22, groupId=budget] Group coordinator localhost:54012 (id: 2147483647 rack: null) is unavailable or invalid due to cause: coordinator unavailable. isDisconnected: false. Rediscovery will be attempted.
2024-03-05T07:49:37.004+01:00  INFO 11964 --- [ntainer#2-0-C-1] o.a.k.c.c.internals.ConsumerCoordinator  : [Consumer clientId=consumer-budget-22, groupId=budget] Requesting disconnect from last known coordinator localhost:54012 (id: 2147483647 rack: null)
2024-03-05T07:49:37.017+01:00  INFO 11964 --- [r-event-handler] state.change.logger                      : [Broker id=0] Creating new partition __consumer_offsets-17 with topic id wtoGSdqRT1O8g4FydhJzhQ.
2024-03-05T07:49:37.034+01:00  INFO 11964 --- [r-event-handler] kafka.log.UnifiedLog$                    : [LogLoader partition=__consumer_offsets-17, dir=C:\Users\tobia\AppData\Local\Temp\kafka-11806855896019839531\broker_0_data0] Loading producer state till offset 0 with message format version 2
2024-03-05T07:49:37.035+01:00  INFO 11964 --- [r-event-handler] kafka.log.LogManager                     : Created log for partition __consumer_offsets-17 in C:\Users\tobia\AppData\Local\Temp\kafka-11806855896019839531\broker_0_data0\__consumer_offsets-17 with properties {cleanup.policy=compact, compression.type="producer", segment.bytes=104857600}
2024-03-05T07:49:37.035+01:00  INFO 11964 --- [r-event-handler] kafka.cluster.Partition                  : [Partition __consumer_offsets-17 broker=0] No checkpointed highwatermark is found for partition __consumer_offsets-17
2024-03-05T07:49:37.035+01:00  INFO 11964 --- [r-event-handler] kafka.cluster.Partition                  : [Partition __consumer_offsets-17 broker=0] Log loaded for partition __consumer_offsets-17 with initial high watermark 0
2024-03-05T07:49:37.035+01:00  INFO 11964 --- [r-event-handler] state.change.logger                      : [Broker id=0] Leader __consumer_offsets-17 with topic id Some(wtoGSdqRT1O8g4FydhJzhQ) starts at leader epoch 0 from offset 0 with partition epoch 0, high watermark 0, ISR [0], adding replicas [] and removing replicas [] . Previous leader None and previous leader epoch was -1.
2024-03-05T07:49:37.043+01:00  INFO 11964 --- [ntainer#1-0-C-1] o.a.k.c.c.internals.ConsumerCoordinator  : [Consumer clientId=consumer-budget-24, groupId=budget] Discovered group coordinator localhost:54012 (id: 2147483647 rack: null)
2024-03-05T07:49:37.045+01:00  INFO 11964 --- [ntainer#1-0-C-1] o.a.k.c.c.internals.ConsumerCoordinator  : [Consumer clientId=consumer-budget-24, groupId=budget] Request joining group due to: rebalance failed due to 'This is not the correct coordinator.' (NotCoordinatorException)
2024-03-05T07:49:37.046+01:00  INFO 11964 --- [ntainer#0-0-C-1] o.a.k.c.c.internals.ConsumerCoordinator  : [Consumer clientId=consumer-product-23, groupId=product] Discovered group coordinator localhost:54012 (id: 2147483647 rack: null)
2024-03-05T07:49:37.048+01:00  INFO 11964 --- [ntainer#0-0-C-1] o.a.k.c.c.internals.ConsumerCoordinator  : [Consumer clientId=consumer-product-23, groupId=product] Request joining group due to: rebalance failed due to 'This is not the correct coordinator.' (NotCoordinatorException)
2024-03-05T07:49:37.048+01:00  INFO 11964 --- [ntainer#1-0-C-1] o.a.k.c.c.internals.ConsumerCoordinator  : [Consumer clientId=consumer-budget-24, groupId=budget] (Re-)joining group
2024-03-05T07:49:37.048+01:00  INFO 11964 --- [ntainer#0-0-C-1] o.a.k.c.c.internals.ConsumerCoordinator  : [Consumer clientId=consumer-product-23, groupId=product] (Re-)joining group
2024-03-05T07:49:37.056+01:00  INFO 11964 --- [ntainer#0-0-C-1] o.a.k.c.c.internals.ConsumerCoordinator  : [Consumer clientId=consumer-product-23, groupId=product] Group coordinator localhost:54012 (id: 2147483647 rack: null) is unavailable or invalid due to cause: error response NOT_COORDINATOR. isDisconnected: false. Rediscovery will be attempted.
2024-03-05T07:49:37.056+01:00  INFO 11964 --- [ntainer#0-0-C-1] o.a.k.c.c.internals.ConsumerCoordinator  : [Consumer clientId=consumer-product-23, groupId=product] Requesting disconnect from last known coordinator localhost:54012 (id: 2147483647 rack: null)
2024-03-05T07:49:37.056+01:00  INFO 11964 --- [ntainer#0-0-C-1] o.a.k.c.c.internals.ConsumerCoordinator  : [Consumer clientId=consumer-product-23, groupId=product] JoinGroup failed: This is not the correct coordinator. Marking coordinator unknown. Sent generation was Generation{generationId=-1, memberId='', protocol='null'}
2024-03-05T07:49:37.056+01:00  INFO 11964 --- [ntainer#0-0-C-1] org.apache.kafka.clients.NetworkClient   : [Consumer clientId=consumer-product-23, groupId=product] Client requested disconnect from node 2147483647
2024-03-05T07:49:37.061+01:00  INFO 11964 --- [ntainer#1-0-C-1] o.a.k.c.c.internals.ConsumerCoordinator  : [Consumer clientId=consumer-budget-24, groupId=budget] Group coordinator localhost:54012 (id: 2147483647 rack: null) is unavailable or invalid due to cause: error response NOT_COORDINATOR. isDisconnected: false. Rediscovery will be attempted.
2024-03-05T07:49:37.061+01:00  INFO 11964 --- [ntainer#1-0-C-1] o.a.k.c.c.internals.ConsumerCoordinator  : [Consumer clientId=consumer-budget-24, groupId=budget] Requesting disconnect from last known coordinator localhost:54012 (id: 2147483647 rack: null)
2024-03-05T07:49:37.061+01:00  INFO 11964 --- [ntainer#1-0-C-1] o.a.k.c.c.internals.ConsumerCoordinator  : [Consumer clientId=consumer-budget-24, groupId=budget] JoinGroup failed: This is not the correct coordinator. Marking coordinator unknown. Sent generation was Generation{generationId=-1, memberId='', protocol='null'}
2024-03-05T07:49:37.061+01:00  INFO 11964 --- [ntainer#1-0-C-1] org.apache.kafka.clients.NetworkClient   : [Consumer clientId=consumer-budget-24, groupId=budget] Client requested disconnect from node 2147483647
2024-03-05T07:49:37.065+01:00  INFO 11964 --- [ntainer#0-0-C-1] o.a.k.c.c.internals.ConsumerCoordinator  : [Consumer clientId=consumer-product-23, groupId=product] Discovered group coordinator localhost:54012 (id: 2147483647 rack: null)
2024-03-05T07:49:37.065+01:00  INFO 11964 --- [ntainer#0-0-C-1] o.a.k.c.c.internals.ConsumerCoordinator  : [Consumer clientId=consumer-product-23, groupId=product] Group coordinator localhost:54012 (id: 2147483647 rack: null) is unavailable or invalid due to cause: coordinator unavailable. isDisconnected: false. Rediscovery will be attempted.
2024-03-05T07:49:37.065+01:00  INFO 11964 --- [ntainer#0-0-C-1] o.a.k.c.c.internals.ConsumerCoordinator  : [Consumer clientId=consumer-product-23, groupId=product] Requesting disconnect from last known coordinator localhost:54012 (id: 2147483647 rack: null)
2024-03-05T07:49:37.067+01:00  INFO 11964 --- [ntainer#1-0-C-1] o.a.k.c.c.internals.ConsumerCoordinator  : [Consumer clientId=consumer-budget-24, groupId=budget] Discovered group coordinator localhost:54012 (id: 2147483647 rack: null)
2024-03-05T07:49:37.068+01:00  INFO 11964 --- [ntainer#1-0-C-1] o.a.k.c.c.internals.ConsumerCoordinator  : [Consumer clientId=consumer-budget-24, groupId=budget] Group coordinator localhost:54012 (id: 2147483647 rack: null) is unavailable or invalid due to cause: coordinator unavailable. isDisconnected: false. Rediscovery will be attempted.
2024-03-05T07:49:37.068+01:00  INFO 11964 --- [ntainer#1-0-C-1] o.a.k.c.c.internals.ConsumerCoordinator  : [Consumer clientId=consumer-budget-24, groupId=budget] Requesting disconnect from last known coordinator localhost:54012 (id: 2147483647 rack: null)
2024-03-05T07:49:37.082+01:00  INFO 11964 --- [r-event-handler] state.change.logger                      : [Broker id=0] Creating new partition __consumer_offsets-30 with topic id wtoGSdqRT1O8g4FydhJzhQ.
2024-03-05T07:49:37.107+01:00  INFO 11964 --- [ntainer#2-0-C-1] o.a.k.c.c.internals.ConsumerCoordinator  : [Consumer clientId=consumer-budget-22, groupId=budget] Discovered group coordinator localhost:54012 (id: 2147483647 rack: null)
2024-03-05T07:49:37.110+01:00  INFO 11964 --- [ntainer#2-0-C-1] o.a.k.c.c.internals.ConsumerCoordinator  : [Consumer clientId=consumer-budget-22, groupId=budget] Request joining group due to: rebalance failed due to 'This is not the correct coordinator.' (NotCoordinatorException)
2024-03-05T07:49:37.111+01:00  INFO 11964 --- [ntainer#2-0-C-1] o.a.k.c.c.internals.ConsumerCoordinator  : [Consumer clientId=consumer-budget-22, groupId=budget] (Re-)joining group
2024-03-05T07:49:37.117+01:00  INFO 11964 --- [ntainer#2-0-C-1] o.a.k.c.c.internals.ConsumerCoordinator  : [Consumer clientId=consumer-budget-22, groupId=budget] Group coordinator localhost:54012 (id: 2147483647 rack: null) is unavailable or invalid due to cause: error response NOT_COORDINATOR. isDisconnected: false. Rediscovery will be attempted.
2024-03-05T07:49:37.117+01:00  INFO 11964 --- [ntainer#2-0-C-1] o.a.k.c.c.internals.ConsumerCoordinator  : [Consumer clientId=consumer-budget-22, groupId=budget] Requesting disconnect from last known coordinator localhost:54012 (id: 2147483647 rack: null)
2024-03-05T07:49:37.117+01:00  INFO 11964 --- [ntainer#2-0-C-1] o.a.k.c.c.internals.ConsumerCoordinator  : [Consumer clientId=consumer-budget-22, groupId=budget] JoinGroup failed: This is not the correct coordinator. Marking coordinator unknown. Sent generation was Generation{generationId=-1, memberId='', protocol='null'}
2024-03-05T07:49:37.118+01:00  INFO 11964 --- [ntainer#2-0-C-1] org.apache.kafka.clients.NetworkClient   : [Consumer clientId=consumer-budget-22, groupId=budget] Client requested disconnect from node 2147483647
2024-03-05T07:49:37.120+01:00  INFO 11964 --- [ntainer#2-0-C-1] o.a.k.c.c.internals.ConsumerCoordinator  : [Consumer clientId=consumer-budget-22, groupId=budget] Discovered group coordinator localhost:54012 (id: 2147483647 rack: null)
2024-03-05T07:49:37.120+01:00  INFO 11964 --- [ntainer#2-0-C-1] o.a.k.c.c.internals.ConsumerCoordinator  : [Consumer clientId=consumer-budget-22, groupId=budget] Group coordinator localhost:54012 (id: 2147483647 rack: null) is unavailable or invalid due to cause: coordinator unavailable. isDisconnected: false. Rediscovery will be attempted.
2024-03-05T07:49:37.120+01:00  INFO 11964 --- [ntainer#2-0-C-1] o.a.k.c.c.internals.ConsumerCoordinator  : [Consumer clientId=consumer-budget-22, groupId=budget] Requesting disconnect from last known coordinator localhost:54012 (id: 2147483647 rack: null)
2024-03-05T07:49:37.121+01:00  INFO 11964 --- [r-event-handler] kafka.log.UnifiedLog$                    : [LogLoader partition=__consumer_offsets-30, dir=C:\Users\tobia\AppData\Local\Temp\kafka-11806855896019839531\broker_0_data0] Loading producer state till offset 0 with message format version 2
2024-03-05T07:49:37.123+01:00  INFO 11964 --- [r-event-handler] kafka.log.LogManager                     : Created log for partition __consumer_offsets-30 in C:\Users\tobia\AppData\Local\Temp\kafka-11806855896019839531\broker_0_data0\__consumer_offsets-30 with properties {cleanup.policy=compact, compression.type="producer", segment.bytes=104857600}
2024-03-05T07:49:37.123+01:00  INFO 11964 --- [r-event-handler] kafka.cluster.Partition                  : [Partition __consumer_offsets-30 broker=0] No checkpointed highwatermark is found for partition __consumer_offsets-30
2024-03-05T07:49:37.123+01:00  INFO 11964 --- [r-event-handler] kafka.cluster.Partition                  : [Partition __consumer_offsets-30 broker=0] Log loaded for partition __consumer_offsets-30 with initial high watermark 0
2024-03-05T07:49:37.123+01:00  INFO 11964 --- [r-event-handler] state.change.logger                      : [Broker id=0] Leader __consumer_offsets-30 with topic id Some(wtoGSdqRT1O8g4FydhJzhQ) starts at leader epoch 0 from offset 0 with partition epoch 0, high watermark 0, ISR [0], adding replicas [] and removing replicas [] . Previous leader None and previous leader epoch was -1.
2024-03-05T07:49:37.170+01:00  INFO 11964 --- [ntainer#0-0-C-1] o.a.k.c.c.internals.ConsumerCoordinator  : [Consumer clientId=consumer-product-23, groupId=product] Discovered group coordinator localhost:54012 (id: 2147483647 rack: null)
2024-03-05T07:49:37.171+01:00  INFO 11964 --- [ntainer#0-0-C-1] o.a.k.c.c.internals.ConsumerCoordinator  : [Consumer clientId=consumer-product-23, groupId=product] Request joining group due to: rebalance failed due to 'This is not the correct coordinator.' (NotCoordinatorException)
2024-03-05T07:49:37.171+01:00  INFO 11964 --- [ntainer#0-0-C-1] o.a.k.c.c.internals.ConsumerCoordinator  : [Consumer clientId=consumer-product-23, groupId=product] (Re-)joining group
2024-03-05T07:49:37.178+01:00  INFO 11964 --- [ntainer#0-0-C-1] o.a.k.c.c.internals.ConsumerCoordinator  : [Consumer clientId=consumer-product-23, groupId=product] Group coordinator localhost:54012 (id: 2147483647 rack: null) is unavailable or invalid due to cause: error response NOT_COORDINATOR. isDisconnected: false. Rediscovery will be attempted.
2024-03-05T07:49:37.179+01:00  INFO 11964 --- [ntainer#0-0-C-1] o.a.k.c.c.internals.ConsumerCoordinator  : [Consumer clientId=consumer-product-23, groupId=product] Requesting disconnect from last known coordinator localhost:54012 (id: 2147483647 rack: null)
2024-03-05T07:49:37.179+01:00  INFO 11964 --- [ntainer#0-0-C-1] o.a.k.c.c.internals.ConsumerCoordinator  : [Consumer clientId=consumer-product-23, groupId=product] JoinGroup failed: This is not the correct coordinator. Marking coordinator unknown. Sent generation was Generation{generationId=-1, memberId='', protocol='null'}
2024-03-05T07:49:37.179+01:00  INFO 11964 --- [ntainer#0-0-C-1] org.apache.kafka.clients.NetworkClient   : [Consumer clientId=consumer-product-23, groupId=product] Client requested disconnect from node 2147483647
2024-03-05T07:49:37.185+01:00  INFO 11964 --- [ntainer#0-0-C-1] o.a.k.c.c.internals.ConsumerCoordinator  : [Consumer clientId=consumer-product-23, groupId=product] Discovered group coordinator localhost:54012 (id: 2147483647 rack: null)
2024-03-05T07:49:37.185+01:00  INFO 11964 --- [ntainer#1-0-C-1] o.a.k.c.c.internals.ConsumerCoordinator  : [Consumer clientId=consumer-budget-24, groupId=budget] Discovered group coordinator localhost:54012 (id: 2147483647 rack: null)
2024-03-05T07:49:37.185+01:00  INFO 11964 --- [ntainer#0-0-C-1] o.a.k.c.c.internals.ConsumerCoordinator  : [Consumer clientId=consumer-product-23, groupId=product] Group coordinator localhost:54012 (id: 2147483647 rack: null) is unavailable or invalid due to cause: coordinator unavailable. isDisconnected: false. Rediscovery will be attempted.
2024-03-05T07:49:37.185+01:00  INFO 11964 --- [ntainer#0-0-C-1] o.a.k.c.c.internals.ConsumerCoordinator  : [Consumer clientId=consumer-product-23, groupId=product] Requesting disconnect from last known coordinator localhost:54012 (id: 2147483647 rack: null)
2024-03-05T07:49:37.187+01:00  INFO 11964 --- [ntainer#1-0-C-1] o.a.k.c.c.internals.ConsumerCoordinator  : [Consumer clientId=consumer-budget-24, groupId=budget] Request joining group due to: rebalance failed due to 'This is not the correct coordinator.' (NotCoordinatorException)
2024-03-05T07:49:37.187+01:00  INFO 11964 --- [ntainer#1-0-C-1] o.a.k.c.c.internals.ConsumerCoordinator  : [Consumer clientId=consumer-budget-24, groupId=budget] (Re-)joining group
2024-03-05T07:49:37.191+01:00  INFO 11964 --- [ntainer#1-0-C-1] o.a.k.c.c.internals.ConsumerCoordinator  : [Consumer clientId=consumer-budget-24, groupId=budget] Group coordinator localhost:54012 (id: 2147483647 rack: null) is unavailable or invalid due to cause: error response NOT_COORDINATOR. isDisconnected: false. Rediscovery will be attempted.
2024-03-05T07:49:37.191+01:00  INFO 11964 --- [ntainer#1-0-C-1] o.a.k.c.c.internals.ConsumerCoordinator  : [Consumer clientId=consumer-budget-24, groupId=budget] Requesting disconnect from last known coordinator localhost:54012 (id: 2147483647 rack: null)
2024-03-05T07:49:37.191+01:00  INFO 11964 --- [ntainer#1-0-C-1] o.a.k.c.c.internals.ConsumerCoordinator  : [Consumer clientId=consumer-budget-24, groupId=budget] JoinGroup failed: This is not the correct coordinator. Marking coordinator unknown. Sent generation was Generation{generationId=-1, memberId='', protocol='null'}
2024-03-05T07:49:37.191+01:00  INFO 11964 --- [ntainer#1-0-C-1] org.apache.kafka.clients.NetworkClient   : [Consumer clientId=consumer-budget-24, groupId=budget] Client requested disconnect from node 2147483647
2024-03-05T07:49:37.193+01:00  INFO 11964 --- [ntainer#1-0-C-1] o.a.k.c.c.internals.ConsumerCoordinator  : [Consumer clientId=consumer-budget-24, groupId=budget] Discovered group coordinator localhost:54012 (id: 2147483647 rack: null)
2024-03-05T07:49:37.193+01:00  INFO 11964 --- [ntainer#1-0-C-1] o.a.k.c.c.internals.ConsumerCoordinator  : [Consumer clientId=consumer-budget-24, groupId=budget] Group coordinator localhost:54012 (id: 2147483647 rack: null) is unavailable or invalid due to cause: coordinator unavailable. isDisconnected: false. Rediscovery will be attempted.
2024-03-05T07:49:37.193+01:00  INFO 11964 --- [ntainer#1-0-C-1] o.a.k.c.c.internals.ConsumerCoordinator  : [Consumer clientId=consumer-budget-24, groupId=budget] Requesting disconnect from last known coordinator localhost:54012 (id: 2147483647 rack: null)
2024-03-05T07:49:37.228+01:00  INFO 11964 --- [r-event-handler] state.change.logger                      : [Broker id=0] Creating new partition __consumer_offsets-26 with topic id wtoGSdqRT1O8g4FydhJzhQ.
2024-03-05T07:49:37.239+01:00  INFO 11964 --- [ntainer#2-0-C-1] o.a.k.c.c.internals.ConsumerCoordinator  : [Consumer clientId=consumer-budget-22, groupId=budget] Discovered group coordinator localhost:54012 (id: 2147483647 rack: null)
2024-03-05T07:49:37.241+01:00  INFO 11964 --- [ntainer#2-0-C-1] o.a.k.c.c.internals.ConsumerCoordinator  : [Consumer clientId=consumer-budget-22, groupId=budget] Request joining group due to: rebalance failed due to 'This is not the correct coordinator.' (NotCoordinatorException)
2024-03-05T07:49:37.242+01:00  INFO 11964 --- [ntainer#2-0-C-1] o.a.k.c.c.internals.ConsumerCoordinator  : [Consumer clientId=consumer-budget-22, groupId=budget] (Re-)joining group
2024-03-05T07:49:37.260+01:00  INFO 11964 --- [ntainer#2-0-C-1] o.a.k.c.c.internals.ConsumerCoordinator  : [Consumer clientId=consumer-budget-22, groupId=budget] Group coordinator localhost:54012 (id: 2147483647 rack: null) is unavailable or invalid due to cause: error response NOT_COORDINATOR. isDisconnected: false. Rediscovery will be attempted.
2024-03-05T07:49:37.260+01:00  INFO 11964 --- [ntainer#2-0-C-1] o.a.k.c.c.internals.ConsumerCoordinator  : [Consumer clientId=consumer-budget-22, groupId=budget] Requesting disconnect from last known coordinator localhost:54012 (id: 2147483647 rack: null)
2024-03-05T07:49:37.260+01:00  INFO 11964 --- [ntainer#2-0-C-1] o.a.k.c.c.internals.ConsumerCoordinator  : [Consumer clientId=consumer-budget-22, groupId=budget] JoinGroup failed: This is not the correct coordinator. Marking coordinator unknown. Sent generation was Generation{generationId=-1, memberId='', protocol='null'}
2024-03-05T07:49:37.261+01:00  INFO 11964 --- [ntainer#2-0-C-1] org.apache.kafka.clients.NetworkClient   : [Consumer clientId=consumer-budget-22, groupId=budget] Client requested disconnect from node 2147483647
2024-03-05T07:49:37.264+01:00  INFO 11964 --- [ntainer#2-0-C-1] o.a.k.c.c.internals.ConsumerCoordinator  : [Consumer clientId=consumer-budget-22, groupId=budget] Discovered group coordinator localhost:54012 (id: 2147483647 rack: null)
2024-03-05T07:49:37.264+01:00  INFO 11964 --- [ntainer#2-0-C-1] o.a.k.c.c.internals.ConsumerCoordinator  : [Consumer clientId=consumer-budget-22, groupId=budget] Group coordinator localhost:54012 (id: 2147483647 rack: null) is unavailable or invalid due to cause: coordinator unavailable. isDisconnected: false. Rediscovery will be attempted.
2024-03-05T07:49:37.264+01:00  INFO 11964 --- [ntainer#2-0-C-1] o.a.k.c.c.internals.ConsumerCoordinator  : [Consumer clientId=consumer-budget-22, groupId=budget] Requesting disconnect from last known coordinator localhost:54012 (id: 2147483647 rack: null)
2024-03-05T07:49:37.275+01:00  INFO 11964 --- [r-event-handler] kafka.log.UnifiedLog$                    : [LogLoader partition=__consumer_offsets-26, dir=C:\Users\tobia\AppData\Local\Temp\kafka-11806855896019839531\broker_0_data0] Loading producer state till offset 0 with message format version 2
2024-03-05T07:49:37.276+01:00  INFO 11964 --- [r-event-handler] kafka.log.LogManager                     : Created log for partition __consumer_offsets-26 in C:\Users\tobia\AppData\Local\Temp\kafka-11806855896019839531\broker_0_data0\__consumer_offsets-26 with properties {cleanup.policy=compact, compression.type="producer", segment.bytes=104857600}
2024-03-05T07:49:37.276+01:00  INFO 11964 --- [r-event-handler] kafka.cluster.Partition                  : [Partition __consumer_offsets-26 broker=0] No checkpointed highwatermark is found for partition __consumer_offsets-26
2024-03-05T07:49:37.276+01:00  INFO 11964 --- [r-event-handler] kafka.cluster.Partition                  : [Partition __consumer_offsets-26 broker=0] Log loaded for partition __consumer_offsets-26 with initial high watermark 0
2024-03-05T07:49:37.277+01:00  INFO 11964 --- [r-event-handler] state.change.logger                      : [Broker id=0] Leader __consumer_offsets-26 with topic id Some(wtoGSdqRT1O8g4FydhJzhQ) starts at leader epoch 0 from offset 0 with partition epoch 0, high watermark 0, ISR [0], adding replicas [] and removing replicas [] . Previous leader None and previous leader epoch was -1.
2024-03-05T07:49:37.286+01:00  INFO 11964 --- [r-event-handler] state.change.logger                      : [Broker id=0] Creating new partition __consumer_offsets-5 with topic id wtoGSdqRT1O8g4FydhJzhQ.
2024-03-05T07:49:37.298+01:00  INFO 11964 --- [ntainer#0-0-C-1] o.a.k.c.c.internals.ConsumerCoordinator  : [Consumer clientId=consumer-product-23, groupId=product] Discovered group coordinator localhost:54012 (id: 2147483647 rack: null)
2024-03-05T07:49:37.300+01:00  INFO 11964 --- [ntainer#0-0-C-1] o.a.k.c.c.internals.ConsumerCoordinator  : [Consumer clientId=consumer-product-23, groupId=product] Request joining group due to: rebalance failed due to 'This is not the correct coordinator.' (NotCoordinatorException)
2024-03-05T07:49:37.300+01:00  INFO 11964 --- [ntainer#0-0-C-1] o.a.k.c.c.internals.ConsumerCoordinator  : [Consumer clientId=consumer-product-23, groupId=product] (Re-)joining group
2024-03-05T07:49:37.306+01:00  INFO 11964 --- [ntainer#0-0-C-1] o.a.k.c.c.internals.ConsumerCoordinator  : [Consumer clientId=consumer-product-23, groupId=product] Group coordinator localhost:54012 (id: 2147483647 rack: null) is unavailable or invalid due to cause: error response NOT_COORDINATOR. isDisconnected: false. Rediscovery will be attempted.
2024-03-05T07:49:37.306+01:00  INFO 11964 --- [ntainer#0-0-C-1] o.a.k.c.c.internals.ConsumerCoordinator  : [Consumer clientId=consumer-product-23, groupId=product] Requesting disconnect from last known coordinator localhost:54012 (id: 2147483647 rack: null)
2024-03-05T07:49:37.307+01:00  INFO 11964 --- [ntainer#0-0-C-1] o.a.k.c.c.internals.ConsumerCoordinator  : [Consumer clientId=consumer-product-23, groupId=product] JoinGroup failed: This is not the correct coordinator. Marking coordinator unknown. Sent generation was Generation{generationId=-1, memberId='', protocol='null'}
2024-03-05T07:49:37.307+01:00  INFO 11964 --- [ntainer#0-0-C-1] org.apache.kafka.clients.NetworkClient   : [Consumer clientId=consumer-product-23, groupId=product] Client requested disconnect from node 2147483647
2024-03-05T07:49:37.310+01:00  INFO 11964 --- [ntainer#1-0-C-1] o.a.k.c.c.internals.ConsumerCoordinator  : [Consumer clientId=consumer-budget-24, groupId=budget] Discovered group coordinator localhost:54012 (id: 2147483647 rack: null)
2024-03-05T07:49:37.310+01:00  INFO 11964 --- [ntainer#0-0-C-1] o.a.k.c.c.internals.ConsumerCoordinator  : [Consumer clientId=consumer-product-23, groupId=product] Discovered group coordinator localhost:54012 (id: 2147483647 rack: null)
2024-03-05T07:49:37.310+01:00  INFO 11964 --- [ntainer#0-0-C-1] o.a.k.c.c.internals.ConsumerCoordinator  : [Consumer clientId=consumer-product-23, groupId=product] Group coordinator localhost:54012 (id: 2147483647 rack: null) is unavailable or invalid due to cause: coordinator unavailable. isDisconnected: false. Rediscovery will be attempted.
2024-03-05T07:49:37.310+01:00  INFO 11964 --- [ntainer#0-0-C-1] o.a.k.c.c.internals.ConsumerCoordinator  : [Consumer clientId=consumer-product-23, groupId=product] Requesting disconnect from last known coordinator localhost:54012 (id: 2147483647 rack: null)
2024-03-05T07:49:37.311+01:00  INFO 11964 --- [ntainer#1-0-C-1] o.a.k.c.c.internals.ConsumerCoordinator  : [Consumer clientId=consumer-budget-24, groupId=budget] Request joining group due to: rebalance failed due to 'This is not the correct coordinator.' (NotCoordinatorException)
2024-03-05T07:49:37.312+01:00  INFO 11964 --- [ntainer#1-0-C-1] o.a.k.c.c.internals.ConsumerCoordinator  : [Consumer clientId=consumer-budget-24, groupId=budget] (Re-)joining group
2024-03-05T07:49:37.316+01:00  INFO 11964 --- [ntainer#1-0-C-1] o.a.k.c.c.internals.ConsumerCoordinator  : [Consumer clientId=consumer-budget-24, groupId=budget] Group coordinator localhost:54012 (id: 2147483647 rack: null) is unavailable or invalid due to cause: error response NOT_COORDINATOR. isDisconnected: false. Rediscovery will be attempted.
2024-03-05T07:49:37.316+01:00  INFO 11964 --- [ntainer#1-0-C-1] o.a.k.c.c.internals.ConsumerCoordinator  : [Consumer clientId=consumer-budget-24, groupId=budget] Requesting disconnect from last known coordinator localhost:54012 (id: 2147483647 rack: null)
2024-03-05T07:49:37.316+01:00  INFO 11964 --- [ntainer#1-0-C-1] o.a.k.c.c.internals.ConsumerCoordinator  : [Consumer clientId=consumer-budget-24, groupId=budget] JoinGroup failed: This is not the correct coordinator. Marking coordinator unknown. Sent generation was Generation{generationId=-1, memberId='', protocol='null'}
2024-03-05T07:49:37.316+01:00  INFO 11964 --- [ntainer#1-0-C-1] org.apache.kafka.clients.NetworkClient   : [Consumer clientId=consumer-budget-24, groupId=budget] Client requested disconnect from node 2147483647
2024-03-05T07:49:37.318+01:00  INFO 11964 --- [ntainer#1-0-C-1] o.a.k.c.c.internals.ConsumerCoordinator  : [Consumer clientId=consumer-budget-24, groupId=budget] Discovered group coordinator localhost:54012 (id: 2147483647 rack: null)
2024-03-05T07:49:37.318+01:00  INFO 11964 --- [ntainer#1-0-C-1] o.a.k.c.c.internals.ConsumerCoordinator  : [Consumer clientId=consumer-budget-24, groupId=budget] Group coordinator localhost:54012 (id: 2147483647 rack: null) is unavailable or invalid due to cause: coordinator unavailable. isDisconnected: false. Rediscovery will be attempted.
2024-03-05T07:49:37.318+01:00  INFO 11964 --- [ntainer#1-0-C-1] o.a.k.c.c.internals.ConsumerCoordinator  : [Consumer clientId=consumer-budget-24, groupId=budget] Requesting disconnect from last known coordinator localhost:54012 (id: 2147483647 rack: null)
2024-03-05T07:49:37.323+01:00  INFO 11964 --- [r-event-handler] kafka.log.UnifiedLog$                    : [LogLoader partition=__consumer_offsets-5, dir=C:\Users\tobia\AppData\Local\Temp\kafka-11806855896019839531\broker_0_data0] Loading producer state till offset 0 with message format version 2
2024-03-05T07:49:37.324+01:00  INFO 11964 --- [r-event-handler] kafka.log.LogManager                     : Created log for partition __consumer_offsets-5 in C:\Users\tobia\AppData\Local\Temp\kafka-11806855896019839531\broker_0_data0\__consumer_offsets-5 with properties {cleanup.policy=compact, compression.type="producer", segment.bytes=104857600}
2024-03-05T07:49:37.326+01:00  INFO 11964 --- [r-event-handler] kafka.cluster.Partition                  : [Partition __consumer_offsets-5 broker=0] No checkpointed highwatermark is found for partition __consumer_offsets-5
2024-03-05T07:49:37.326+01:00  INFO 11964 --- [r-event-handler] kafka.cluster.Partition                  : [Partition __consumer_offsets-5 broker=0] Log loaded for partition __consumer_offsets-5 with initial high watermark 0
2024-03-05T07:49:37.326+01:00  INFO 11964 --- [r-event-handler] state.change.logger                      : [Broker id=0] Leader __consumer_offsets-5 with topic id Some(wtoGSdqRT1O8g4FydhJzhQ) starts at leader epoch 0 from offset 0 with partition epoch 0, high watermark 0, ISR [0], adding replicas [] and removing replicas [] . Previous leader None and previous leader epoch was -1.
2024-03-05T07:49:37.344+01:00  INFO 11964 --- [r-event-handler] state.change.logger                      : [Broker id=0] Creating new partition __consumer_offsets-38 with topic id wtoGSdqRT1O8g4FydhJzhQ.
2024-03-05T07:49:37.355+01:00  INFO 11964 --- [r-event-handler] kafka.log.UnifiedLog$                    : [LogLoader partition=__consumer_offsets-38, dir=C:\Users\tobia\AppData\Local\Temp\kafka-11806855896019839531\broker_0_data0] Loading producer state till offset 0 with message format version 2
2024-03-05T07:49:37.356+01:00  INFO 11964 --- [r-event-handler] kafka.log.LogManager                     : Created log for partition __consumer_offsets-38 in C:\Users\tobia\AppData\Local\Temp\kafka-11806855896019839531\broker_0_data0\__consumer_offsets-38 with properties {cleanup.policy=compact, compression.type="producer", segment.bytes=104857600}
2024-03-05T07:49:37.356+01:00  INFO 11964 --- [r-event-handler] kafka.cluster.Partition                  : [Partition __consumer_offsets-38 broker=0] No checkpointed highwatermark is found for partition __consumer_offsets-38
2024-03-05T07:49:37.356+01:00  INFO 11964 --- [r-event-handler] kafka.cluster.Partition                  : [Partition __consumer_offsets-38 broker=0] Log loaded for partition __consumer_offsets-38 with initial high watermark 0
2024-03-05T07:49:37.357+01:00  INFO 11964 --- [r-event-handler] state.change.logger                      : [Broker id=0] Leader __consumer_offsets-38 with topic id Some(wtoGSdqRT1O8g4FydhJzhQ) starts at leader epoch 0 from offset 0 with partition epoch 0, high watermark 0, ISR [0], adding replicas [] and removing replicas [] . Previous leader None and previous leader epoch was -1.
2024-03-05T07:49:37.367+01:00  INFO 11964 --- [r-event-handler] state.change.logger                      : [Broker id=0] Creating new partition __consumer_offsets-1 with topic id wtoGSdqRT1O8g4FydhJzhQ.
2024-03-05T07:49:37.373+01:00  INFO 11964 --- [ntainer#2-0-C-1] o.a.k.c.c.internals.ConsumerCoordinator  : [Consumer clientId=consumer-budget-22, groupId=budget] Discovered group coordinator localhost:54012 (id: 2147483647 rack: null)
2024-03-05T07:49:37.375+01:00  INFO 11964 --- [ntainer#2-0-C-1] o.a.k.c.c.internals.ConsumerCoordinator  : [Consumer clientId=consumer-budget-22, groupId=budget] Request joining group due to: rebalance failed due to 'This is not the correct coordinator.' (NotCoordinatorException)
2024-03-05T07:49:37.375+01:00  INFO 11964 --- [ntainer#2-0-C-1] o.a.k.c.c.internals.ConsumerCoordinator  : [Consumer clientId=consumer-budget-22, groupId=budget] (Re-)joining group
2024-03-05T07:49:37.383+01:00  INFO 11964 --- [ntainer#2-0-C-1] o.a.k.c.c.internals.ConsumerCoordinator  : [Consumer clientId=consumer-budget-22, groupId=budget] Group coordinator localhost:54012 (id: 2147483647 rack: null) is unavailable or invalid due to cause: error response NOT_COORDINATOR. isDisconnected: false. Rediscovery will be attempted.
2024-03-05T07:49:37.383+01:00  INFO 11964 --- [ntainer#2-0-C-1] o.a.k.c.c.internals.ConsumerCoordinator  : [Consumer clientId=consumer-budget-22, groupId=budget] Requesting disconnect from last known coordinator localhost:54012 (id: 2147483647 rack: null)
2024-03-05T07:49:37.383+01:00  INFO 11964 --- [ntainer#2-0-C-1] o.a.k.c.c.internals.ConsumerCoordinator  : [Consumer clientId=consumer-budget-22, groupId=budget] JoinGroup failed: This is not the correct coordinator. Marking coordinator unknown. Sent generation was Generation{generationId=-1, memberId='', protocol='null'}
2024-03-05T07:49:37.383+01:00  INFO 11964 --- [ntainer#2-0-C-1] org.apache.kafka.clients.NetworkClient   : [Consumer clientId=consumer-budget-22, groupId=budget] Client requested disconnect from node 2147483647
2024-03-05T07:49:37.385+01:00  INFO 11964 --- [ntainer#2-0-C-1] o.a.k.c.c.internals.ConsumerCoordinator  : [Consumer clientId=consumer-budget-22, groupId=budget] Discovered group coordinator localhost:54012 (id: 2147483647 rack: null)
2024-03-05T07:49:37.385+01:00  INFO 11964 --- [ntainer#2-0-C-1] o.a.k.c.c.internals.ConsumerCoordinator  : [Consumer clientId=consumer-budget-22, groupId=budget] Group coordinator localhost:54012 (id: 2147483647 rack: null) is unavailable or invalid due to cause: coordinator unavailable. isDisconnected: false. Rediscovery will be attempted.
2024-03-05T07:49:37.385+01:00  INFO 11964 --- [ntainer#2-0-C-1] o.a.k.c.c.internals.ConsumerCoordinator  : [Consumer clientId=consumer-budget-22, groupId=budget] Requesting disconnect from last known coordinator localhost:54012 (id: 2147483647 rack: null)
2024-03-05T07:49:37.392+01:00  INFO 11964 --- [r-event-handler] kafka.log.UnifiedLog$                    : [LogLoader partition=__consumer_offsets-1, dir=C:\Users\tobia\AppData\Local\Temp\kafka-11806855896019839531\broker_0_data0] Loading producer state till offset 0 with message format version 2
2024-03-05T07:49:37.393+01:00  INFO 11964 --- [r-event-handler] kafka.log.LogManager                     : Created log for partition __consumer_offsets-1 in C:\Users\tobia\AppData\Local\Temp\kafka-11806855896019839531\broker_0_data0\__consumer_offsets-1 with properties {cleanup.policy=compact, compression.type="producer", segment.bytes=104857600}
2024-03-05T07:49:37.393+01:00  INFO 11964 --- [r-event-handler] kafka.cluster.Partition                  : [Partition __consumer_offsets-1 broker=0] No checkpointed highwatermark is found for partition __consumer_offsets-1
2024-03-05T07:49:37.393+01:00  INFO 11964 --- [r-event-handler] kafka.cluster.Partition                  : [Partition __consumer_offsets-1 broker=0] Log loaded for partition __consumer_offsets-1 with initial high watermark 0
2024-03-05T07:49:37.393+01:00  INFO 11964 --- [r-event-handler] state.change.logger                      : [Broker id=0] Leader __consumer_offsets-1 with topic id Some(wtoGSdqRT1O8g4FydhJzhQ) starts at leader epoch 0 from offset 0 with partition epoch 0, high watermark 0, ISR [0], adding replicas [] and removing replicas [] . Previous leader None and previous leader epoch was -1.
2024-03-05T07:49:37.402+01:00  INFO 11964 --- [r-event-handler] state.change.logger                      : [Broker id=0] Creating new partition __consumer_offsets-34 with topic id wtoGSdqRT1O8g4FydhJzhQ.
2024-03-05T07:49:37.413+01:00  INFO 11964 --- [r-event-handler] kafka.log.UnifiedLog$                    : [LogLoader partition=__consumer_offsets-34, dir=C:\Users\tobia\AppData\Local\Temp\kafka-11806855896019839531\broker_0_data0] Loading producer state till offset 0 with message format version 2
2024-03-05T07:49:37.416+01:00  INFO 11964 --- [r-event-handler] kafka.log.LogManager                     : Created log for partition __consumer_offsets-34 in C:\Users\tobia\AppData\Local\Temp\kafka-11806855896019839531\broker_0_data0\__consumer_offsets-34 with properties {cleanup.policy=compact, compression.type="producer", segment.bytes=104857600}
2024-03-05T07:49:37.416+01:00  INFO 11964 --- [r-event-handler] kafka.cluster.Partition                  : [Partition __consumer_offsets-34 broker=0] No checkpointed highwatermark is found for partition __consumer_offsets-34
2024-03-05T07:49:37.416+01:00  INFO 11964 --- [r-event-handler] kafka.cluster.Partition                  : [Partition __consumer_offsets-34 broker=0] Log loaded for partition __consumer_offsets-34 with initial high watermark 0
2024-03-05T07:49:37.416+01:00  INFO 11964 --- [r-event-handler] state.change.logger                      : [Broker id=0] Leader __consumer_offsets-34 with topic id Some(wtoGSdqRT1O8g4FydhJzhQ) starts at leader epoch 0 from offset 0 with partition epoch 0, high watermark 0, ISR [0], adding replicas [] and removing replicas [] . Previous leader None and previous leader epoch was -1.
2024-03-05T07:49:37.424+01:00  INFO 11964 --- [ntainer#0-0-C-1] o.a.k.c.c.internals.ConsumerCoordinator  : [Consumer clientId=consumer-product-23, groupId=product] Discovered group coordinator localhost:54012 (id: 2147483647 rack: null)
2024-03-05T07:49:37.424+01:00  INFO 11964 --- [ntainer#1-0-C-1] o.a.k.c.c.internals.ConsumerCoordinator  : [Consumer clientId=consumer-budget-24, groupId=budget] Discovered group coordinator localhost:54012 (id: 2147483647 rack: null)
2024-03-05T07:49:37.425+01:00  INFO 11964 --- [ntainer#0-0-C-1] o.a.k.c.c.internals.ConsumerCoordinator  : [Consumer clientId=consumer-product-23, groupId=product] Request joining group due to: rebalance failed due to 'This is not the correct coordinator.' (NotCoordinatorException)
2024-03-05T07:49:37.426+01:00  INFO 11964 --- [ntainer#0-0-C-1] o.a.k.c.c.internals.ConsumerCoordinator  : [Consumer clientId=consumer-product-23, groupId=product] (Re-)joining group
2024-03-05T07:49:37.426+01:00  INFO 11964 --- [r-event-handler] state.change.logger                      : [Broker id=0] Creating new partition __consumer_offsets-16 with topic id wtoGSdqRT1O8g4FydhJzhQ.
2024-03-05T07:49:37.429+01:00  INFO 11964 --- [ntainer#1-0-C-1] o.a.k.c.c.internals.ConsumerCoordinator  : [Consumer clientId=consumer-budget-24, groupId=budget] Request joining group due to: rebalance failed due to 'This is not the correct coordinator.' (NotCoordinatorException)
2024-03-05T07:49:37.430+01:00  INFO 11964 --- [ntainer#1-0-C-1] o.a.k.c.c.internals.ConsumerCoordinator  : [Consumer clientId=consumer-budget-24, groupId=budget] (Re-)joining group
2024-03-05T07:49:37.437+01:00  INFO 11964 --- [r-event-handler] kafka.log.UnifiedLog$                    : [LogLoader partition=__consumer_offsets-16, dir=C:\Users\tobia\AppData\Local\Temp\kafka-11806855896019839531\broker_0_data0] Loading producer state till offset 0 with message format version 2
2024-03-05T07:49:37.438+01:00  INFO 11964 --- [r-event-handler] kafka.log.LogManager                     : Created log for partition __consumer_offsets-16 in C:\Users\tobia\AppData\Local\Temp\kafka-11806855896019839531\broker_0_data0\__consumer_offsets-16 with properties {cleanup.policy=compact, compression.type="producer", segment.bytes=104857600}
2024-03-05T07:49:37.438+01:00  INFO 11964 --- [r-event-handler] kafka.cluster.Partition                  : [Partition __consumer_offsets-16 broker=0] No checkpointed highwatermark is found for partition __consumer_offsets-16
2024-03-05T07:49:37.438+01:00  INFO 11964 --- [r-event-handler] kafka.cluster.Partition                  : [Partition __consumer_offsets-16 broker=0] Log loaded for partition __consumer_offsets-16 with initial high watermark 0
2024-03-05T07:49:37.438+01:00  INFO 11964 --- [r-event-handler] state.change.logger                      : [Broker id=0] Leader __consumer_offsets-16 with topic id Some(wtoGSdqRT1O8g4FydhJzhQ) starts at leader epoch 0 from offset 0 with partition epoch 0, high watermark 0, ISR [0], adding replicas [] and removing replicas [] . Previous leader None and previous leader epoch was -1.
2024-03-05T07:49:37.439+01:00  INFO 11964 --- [ntainer#0-0-C-1] o.a.k.c.c.internals.ConsumerCoordinator  : [Consumer clientId=consumer-product-23, groupId=product] Group coordinator localhost:54012 (id: 2147483647 rack: null) is unavailable or invalid due to cause: error response NOT_COORDINATOR. isDisconnected: false. Rediscovery will be attempted.
2024-03-05T07:49:37.439+01:00  INFO 11964 --- [ntainer#0-0-C-1] o.a.k.c.c.internals.ConsumerCoordinator  : [Consumer clientId=consumer-product-23, groupId=product] Requesting disconnect from last known coordinator localhost:54012 (id: 2147483647 rack: null)
2024-03-05T07:49:37.439+01:00  INFO 11964 --- [ntainer#0-0-C-1] o.a.k.c.c.internals.ConsumerCoordinator  : [Consumer clientId=consumer-product-23, groupId=product] JoinGroup failed: This is not the correct coordinator. Marking coordinator unknown. Sent generation was Generation{generationId=-1, memberId='', protocol='null'}
2024-03-05T07:49:37.439+01:00  INFO 11964 --- [ntainer#0-0-C-1] org.apache.kafka.clients.NetworkClient   : [Consumer clientId=consumer-product-23, groupId=product] Client requested disconnect from node 2147483647
2024-03-05T07:49:37.444+01:00  INFO 11964 --- [r-event-handler] state.change.logger                      : [Broker id=0] Creating new partition __consumer_offsets-45 with topic id wtoGSdqRT1O8g4FydhJzhQ.
2024-03-05T07:49:37.449+01:00  INFO 11964 --- [ntainer#1-0-C-1] o.a.k.c.c.internals.ConsumerCoordinator  : [Consumer clientId=consumer-budget-24, groupId=budget] Group coordinator localhost:54012 (id: 2147483647 rack: null) is unavailable or invalid due to cause: error response NOT_COORDINATOR. isDisconnected: false. Rediscovery will be attempted.
2024-03-05T07:49:37.449+01:00  INFO 11964 --- [ntainer#1-0-C-1] o.a.k.c.c.internals.ConsumerCoordinator  : [Consumer clientId=consumer-budget-24, groupId=budget] Requesting disconnect from last known coordinator localhost:54012 (id: 2147483647 rack: null)
2024-03-05T07:49:37.449+01:00  INFO 11964 --- [ntainer#1-0-C-1] o.a.k.c.c.internals.ConsumerCoordinator  : [Consumer clientId=consumer-budget-24, groupId=budget] JoinGroup failed: This is not the correct coordinator. Marking coordinator unknown. Sent generation was Generation{generationId=-1, memberId='', protocol='null'}
2024-03-05T07:49:37.449+01:00  INFO 11964 --- [ntainer#1-0-C-1] org.apache.kafka.clients.NetworkClient   : [Consumer clientId=consumer-budget-24, groupId=budget] Client requested disconnect from node 2147483647
2024-03-05T07:49:37.454+01:00  INFO 11964 --- [r-event-handler] kafka.log.UnifiedLog$                    : [LogLoader partition=__consumer_offsets-45, dir=C:\Users\tobia\AppData\Local\Temp\kafka-11806855896019839531\broker_0_data0] Loading producer state till offset 0 with message format version 2
2024-03-05T07:49:37.454+01:00  INFO 11964 --- [r-event-handler] kafka.log.LogManager                     : Created log for partition __consumer_offsets-45 in C:\Users\tobia\AppData\Local\Temp\kafka-11806855896019839531\broker_0_data0\__consumer_offsets-45 with properties {cleanup.policy=compact, compression.type="producer", segment.bytes=104857600}
2024-03-05T07:49:37.454+01:00  INFO 11964 --- [r-event-handler] kafka.cluster.Partition                  : [Partition __consumer_offsets-45 broker=0] No checkpointed highwatermark is found for partition __consumer_offsets-45
2024-03-05T07:49:37.454+01:00  INFO 11964 --- [r-event-handler] kafka.cluster.Partition                  : [Partition __consumer_offsets-45 broker=0] Log loaded for partition __consumer_offsets-45 with initial high watermark 0
2024-03-05T07:49:37.454+01:00  INFO 11964 --- [r-event-handler] state.change.logger                      : [Broker id=0] Leader __consumer_offsets-45 with topic id Some(wtoGSdqRT1O8g4FydhJzhQ) starts at leader epoch 0 from offset 0 with partition epoch 0, high watermark 0, ISR [0], adding replicas [] and removing replicas [] . Previous leader None and previous leader epoch was -1.
2024-03-05T07:49:37.461+01:00  INFO 11964 --- [r-event-handler] state.change.logger                      : [Broker id=0] Creating new partition __consumer_offsets-12 with topic id wtoGSdqRT1O8g4FydhJzhQ.
2024-03-05T07:49:37.467+01:00  INFO 11964 --- [ntainer#0-0-C-1] o.a.k.c.c.internals.ConsumerCoordinator  : [Consumer clientId=consumer-product-23, groupId=product] Discovered group coordinator localhost:54012 (id: 2147483647 rack: null)
2024-03-05T07:49:37.467+01:00  INFO 11964 --- [ntainer#0-0-C-1] o.a.k.c.c.internals.ConsumerCoordinator  : [Consumer clientId=consumer-product-23, groupId=product] Group coordinator localhost:54012 (id: 2147483647 rack: null) is unavailable or invalid due to cause: coordinator unavailable. isDisconnected: false. Rediscovery will be attempted.
2024-03-05T07:49:37.468+01:00  INFO 11964 --- [ntainer#0-0-C-1] o.a.k.c.c.internals.ConsumerCoordinator  : [Consumer clientId=consumer-product-23, groupId=product] Requesting disconnect from last known coordinator localhost:54012 (id: 2147483647 rack: null)
2024-03-05T07:49:37.471+01:00  INFO 11964 --- [r-event-handler] kafka.log.UnifiedLog$                    : [LogLoader partition=__consumer_offsets-12, dir=C:\Users\tobia\AppData\Local\Temp\kafka-11806855896019839531\broker_0_data0] Loading producer state till offset 0 with message format version 2
2024-03-05T07:49:37.472+01:00  INFO 11964 --- [r-event-handler] kafka.log.LogManager                     : Created log for partition __consumer_offsets-12 in C:\Users\tobia\AppData\Local\Temp\kafka-11806855896019839531\broker_0_data0\__consumer_offsets-12 with properties {cleanup.policy=compact, compression.type="producer", segment.bytes=104857600}
2024-03-05T07:49:37.472+01:00  INFO 11964 --- [r-event-handler] kafka.cluster.Partition                  : [Partition __consumer_offsets-12 broker=0] No checkpointed highwatermark is found for partition __consumer_offsets-12
2024-03-05T07:49:37.472+01:00  INFO 11964 --- [r-event-handler] kafka.cluster.Partition                  : [Partition __consumer_offsets-12 broker=0] Log loaded for partition __consumer_offsets-12 with initial high watermark 0
2024-03-05T07:49:37.472+01:00  INFO 11964 --- [r-event-handler] state.change.logger                      : [Broker id=0] Leader __consumer_offsets-12 with topic id Some(wtoGSdqRT1O8g4FydhJzhQ) starts at leader epoch 0 from offset 0 with partition epoch 0, high watermark 0, ISR [0], adding replicas [] and removing replicas [] . Previous leader None and previous leader epoch was -1.
2024-03-05T07:49:37.474+01:00  INFO 11964 --- [ntainer#1-0-C-1] o.a.k.c.c.internals.ConsumerCoordinator  : [Consumer clientId=consumer-budget-24, groupId=budget] Discovered group coordinator localhost:54012 (id: 2147483647 rack: null)
2024-03-05T07:49:37.474+01:00  INFO 11964 --- [ntainer#1-0-C-1] o.a.k.c.c.internals.ConsumerCoordinator  : [Consumer clientId=consumer-budget-24, groupId=budget] Group coordinator localhost:54012 (id: 2147483647 rack: null) is unavailable or invalid due to cause: coordinator unavailable. isDisconnected: false. Rediscovery will be attempted.
2024-03-05T07:49:37.474+01:00  INFO 11964 --- [ntainer#1-0-C-1] o.a.k.c.c.internals.ConsumerCoordinator  : [Consumer clientId=consumer-budget-24, groupId=budget] Requesting disconnect from last known coordinator localhost:54012 (id: 2147483647 rack: null)
2024-03-05T07:49:37.478+01:00  INFO 11964 --- [r-event-handler] state.change.logger                      : [Broker id=0] Creating new partition __consumer_offsets-41 with topic id wtoGSdqRT1O8g4FydhJzhQ.
2024-03-05T07:49:37.496+01:00  INFO 11964 --- [r-event-handler] kafka.log.UnifiedLog$                    : [LogLoader partition=__consumer_offsets-41, dir=C:\Users\tobia\AppData\Local\Temp\kafka-11806855896019839531\broker_0_data0] Loading producer state till offset 0 with message format version 2
2024-03-05T07:49:37.497+01:00  INFO 11964 --- [r-event-handler] kafka.log.LogManager                     : Created log for partition __consumer_offsets-41 in C:\Users\tobia\AppData\Local\Temp\kafka-11806855896019839531\broker_0_data0\__consumer_offsets-41 with properties {cleanup.policy=compact, compression.type="producer", segment.bytes=104857600}
2024-03-05T07:49:37.498+01:00  INFO 11964 --- [r-event-handler] kafka.cluster.Partition                  : [Partition __consumer_offsets-41 broker=0] No checkpointed highwatermark is found for partition __consumer_offsets-41
2024-03-05T07:49:37.498+01:00  INFO 11964 --- [r-event-handler] kafka.cluster.Partition                  : [Partition __consumer_offsets-41 broker=0] Log loaded for partition __consumer_offsets-41 with initial high watermark 0
2024-03-05T07:49:37.499+01:00  INFO 11964 --- [r-event-handler] state.change.logger                      : [Broker id=0] Leader __consumer_offsets-41 with topic id Some(wtoGSdqRT1O8g4FydhJzhQ) starts at leader epoch 0 from offset 0 with partition epoch 0, high watermark 0, ISR [0], adding replicas [] and removing replicas [] . Previous leader None and previous leader epoch was -1.
2024-03-05T07:49:37.500+01:00  INFO 11964 --- [ntainer#2-0-C-1] o.a.k.c.c.internals.ConsumerCoordinator  : [Consumer clientId=consumer-budget-22, groupId=budget] Discovered group coordinator localhost:54012 (id: 2147483647 rack: null)
2024-03-05T07:49:37.501+01:00  INFO 11964 --- [ntainer#2-0-C-1] o.a.k.c.c.internals.ConsumerCoordinator  : [Consumer clientId=consumer-budget-22, groupId=budget] Request joining group due to: rebalance failed due to 'This is not the correct coordinator.' (NotCoordinatorException)
2024-03-05T07:49:37.501+01:00  INFO 11964 --- [ntainer#2-0-C-1] o.a.k.c.c.internals.ConsumerCoordinator  : [Consumer clientId=consumer-budget-22, groupId=budget] (Re-)joining group
2024-03-05T07:49:37.505+01:00  INFO 11964 --- [ntainer#2-0-C-1] o.a.k.c.c.internals.ConsumerCoordinator  : [Consumer clientId=consumer-budget-22, groupId=budget] Group coordinator localhost:54012 (id: 2147483647 rack: null) is unavailable or invalid due to cause: error response NOT_COORDINATOR. isDisconnected: false. Rediscovery will be attempted.
2024-03-05T07:49:37.505+01:00  INFO 11964 --- [ntainer#2-0-C-1] o.a.k.c.c.internals.ConsumerCoordinator  : [Consumer clientId=consumer-budget-22, groupId=budget] Requesting disconnect from last known coordinator localhost:54012 (id: 2147483647 rack: null)
2024-03-05T07:49:37.505+01:00  INFO 11964 --- [ntainer#2-0-C-1] o.a.k.c.c.internals.ConsumerCoordinator  : [Consumer clientId=consumer-budget-22, groupId=budget] JoinGroup failed: This is not the correct coordinator. Marking coordinator unknown. Sent generation was Generation{generationId=-1, memberId='', protocol='null'}
2024-03-05T07:49:37.505+01:00  INFO 11964 --- [ntainer#2-0-C-1] org.apache.kafka.clients.NetworkClient   : [Consumer clientId=consumer-budget-22, groupId=budget] Client requested disconnect from node 2147483647
2024-03-05T07:49:37.509+01:00  INFO 11964 --- [ntainer#2-0-C-1] o.a.k.c.c.internals.ConsumerCoordinator  : [Consumer clientId=consumer-budget-22, groupId=budget] Discovered group coordinator localhost:54012 (id: 2147483647 rack: null)
2024-03-05T07:49:37.510+01:00  INFO 11964 --- [ntainer#2-0-C-1] o.a.k.c.c.internals.ConsumerCoordinator  : [Consumer clientId=consumer-budget-22, groupId=budget] Group coordinator localhost:54012 (id: 2147483647 rack: null) is unavailable or invalid due to cause: coordinator unavailable. isDisconnected: false. Rediscovery will be attempted.
2024-03-05T07:49:37.510+01:00  INFO 11964 --- [ntainer#2-0-C-1] o.a.k.c.c.internals.ConsumerCoordinator  : [Consumer clientId=consumer-budget-22, groupId=budget] Requesting disconnect from last known coordinator localhost:54012 (id: 2147483647 rack: null)
2024-03-05T07:49:37.545+01:00  INFO 11964 --- [r-event-handler] state.change.logger                      : [Broker id=0] Creating new partition __consumer_offsets-24 with topic id wtoGSdqRT1O8g4FydhJzhQ.
2024-03-05T07:49:37.570+01:00  INFO 11964 --- [r-event-handler] kafka.log.UnifiedLog$                    : [LogLoader partition=__consumer_offsets-24, dir=C:\Users\tobia\AppData\Local\Temp\kafka-11806855896019839531\broker_0_data0] Loading producer state till offset 0 with message format version 2
2024-03-05T07:49:37.571+01:00  INFO 11964 --- [r-event-handler] kafka.log.LogManager                     : Created log for partition __consumer_offsets-24 in C:\Users\tobia\AppData\Local\Temp\kafka-11806855896019839531\broker_0_data0\__consumer_offsets-24 with properties {cleanup.policy=compact, compression.type="producer", segment.bytes=104857600}
2024-03-05T07:49:37.571+01:00  INFO 11964 --- [r-event-handler] kafka.cluster.Partition                  : [Partition __consumer_offsets-24 broker=0] No checkpointed highwatermark is found for partition __consumer_offsets-24
2024-03-05T07:49:37.571+01:00  INFO 11964 --- [r-event-handler] kafka.cluster.Partition                  : [Partition __consumer_offsets-24 broker=0] Log loaded for partition __consumer_offsets-24 with initial high watermark 0
2024-03-05T07:49:37.571+01:00  INFO 11964 --- [r-event-handler] state.change.logger                      : [Broker id=0] Leader __consumer_offsets-24 with topic id Some(wtoGSdqRT1O8g4FydhJzhQ) starts at leader epoch 0 from offset 0 with partition epoch 0, high watermark 0, ISR [0], adding replicas [] and removing replicas [] . Previous leader None and previous leader epoch was -1.
2024-03-05T07:49:37.576+01:00  INFO 11964 --- [ntainer#0-0-C-1] o.a.k.c.c.internals.ConsumerCoordinator  : [Consumer clientId=consumer-product-23, groupId=product] Discovered group coordinator localhost:54012 (id: 2147483647 rack: null)
2024-03-05T07:49:37.577+01:00  INFO 11964 --- [ntainer#0-0-C-1] o.a.k.c.c.internals.ConsumerCoordinator  : [Consumer clientId=consumer-product-23, groupId=product] Request joining group due to: rebalance failed due to 'This is not the correct coordinator.' (NotCoordinatorException)
2024-03-05T07:49:37.578+01:00  INFO 11964 --- [ntainer#0-0-C-1] o.a.k.c.c.internals.ConsumerCoordinator  : [Consumer clientId=consumer-product-23, groupId=product] (Re-)joining group
2024-03-05T07:49:37.583+01:00  INFO 11964 --- [ntainer#0-0-C-1] o.a.k.c.c.internals.ConsumerCoordinator  : [Consumer clientId=consumer-product-23, groupId=product] Group coordinator localhost:54012 (id: 2147483647 rack: null) is unavailable or invalid due to cause: error response NOT_COORDINATOR. isDisconnected: false. Rediscovery will be attempted.
2024-03-05T07:49:37.583+01:00  INFO 11964 --- [ntainer#0-0-C-1] o.a.k.c.c.internals.ConsumerCoordinator  : [Consumer clientId=consumer-product-23, groupId=product] Requesting disconnect from last known coordinator localhost:54012 (id: 2147483647 rack: null)
2024-03-05T07:49:37.583+01:00  INFO 11964 --- [ntainer#0-0-C-1] o.a.k.c.c.internals.ConsumerCoordinator  : [Consumer clientId=consumer-product-23, groupId=product] JoinGroup failed: This is not the correct coordinator. Marking coordinator unknown. Sent generation was Generation{generationId=-1, memberId='', protocol='null'}
2024-03-05T07:49:37.583+01:00  INFO 11964 --- [ntainer#0-0-C-1] org.apache.kafka.clients.NetworkClient   : [Consumer clientId=consumer-product-23, groupId=product] Client requested disconnect from node 2147483647
2024-03-05T07:49:37.587+01:00  INFO 11964 --- [ntainer#0-0-C-1] o.a.k.c.c.internals.ConsumerCoordinator  : [Consumer clientId=consumer-product-23, groupId=product] Discovered group coordinator localhost:54012 (id: 2147483647 rack: null)
2024-03-05T07:49:37.587+01:00  INFO 11964 --- [ntainer#0-0-C-1] o.a.k.c.c.internals.ConsumerCoordinator  : [Consumer clientId=consumer-product-23, groupId=product] Group coordinator localhost:54012 (id: 2147483647 rack: null) is unavailable or invalid due to cause: coordinator unavailable. isDisconnected: false. Rediscovery will be attempted.
2024-03-05T07:49:37.587+01:00  INFO 11964 --- [ntainer#0-0-C-1] o.a.k.c.c.internals.ConsumerCoordinator  : [Consumer clientId=consumer-product-23, groupId=product] Requesting disconnect from last known coordinator localhost:54012 (id: 2147483647 rack: null)
2024-03-05T07:49:37.591+01:00  INFO 11964 --- [ntainer#1-0-C-1] o.a.k.c.c.internals.ConsumerCoordinator  : [Consumer clientId=consumer-budget-24, groupId=budget] Discovered group coordinator localhost:54012 (id: 2147483647 rack: null)
2024-03-05T07:49:37.592+01:00  INFO 11964 --- [ntainer#1-0-C-1] o.a.k.c.c.internals.ConsumerCoordinator  : [Consumer clientId=consumer-budget-24, groupId=budget] Request joining group due to: rebalance failed due to 'This is not the correct coordinator.' (NotCoordinatorException)
2024-03-05T07:49:37.593+01:00  INFO 11964 --- [ntainer#1-0-C-1] o.a.k.c.c.internals.ConsumerCoordinator  : [Consumer clientId=consumer-budget-24, groupId=budget] (Re-)joining group
2024-03-05T07:49:37.595+01:00  INFO 11964 --- [ntainer#1-0-C-1] o.a.k.c.c.internals.ConsumerCoordinator  : [Consumer clientId=consumer-budget-24, groupId=budget] Group coordinator localhost:54012 (id: 2147483647 rack: null) is unavailable or invalid due to cause: error response NOT_COORDINATOR. isDisconnected: false. Rediscovery will be attempted.
2024-03-05T07:49:37.595+01:00  INFO 11964 --- [ntainer#1-0-C-1] o.a.k.c.c.internals.ConsumerCoordinator  : [Consumer clientId=consumer-budget-24, groupId=budget] Requesting disconnect from last known coordinator localhost:54012 (id: 2147483647 rack: null)
2024-03-05T07:49:37.595+01:00  INFO 11964 --- [ntainer#1-0-C-1] o.a.k.c.c.internals.ConsumerCoordinator  : [Consumer clientId=consumer-budget-24, groupId=budget] JoinGroup failed: This is not the correct coordinator. Marking coordinator unknown. Sent generation was Generation{generationId=-1, memberId='', protocol='null'}
2024-03-05T07:49:37.596+01:00  INFO 11964 --- [ntainer#1-0-C-1] org.apache.kafka.clients.NetworkClient   : [Consumer clientId=consumer-budget-24, groupId=budget] Client requested disconnect from node 2147483647
2024-03-05T07:49:37.598+01:00  INFO 11964 --- [ntainer#1-0-C-1] o.a.k.c.c.internals.ConsumerCoordinator  : [Consumer clientId=consumer-budget-24, groupId=budget] Discovered group coordinator localhost:54012 (id: 2147483647 rack: null)
2024-03-05T07:49:37.598+01:00  INFO 11964 --- [ntainer#1-0-C-1] o.a.k.c.c.internals.ConsumerCoordinator  : [Consumer clientId=consumer-budget-24, groupId=budget] Group coordinator localhost:54012 (id: 2147483647 rack: null) is unavailable or invalid due to cause: coordinator unavailable. isDisconnected: false. Rediscovery will be attempted.
2024-03-05T07:49:37.598+01:00  INFO 11964 --- [ntainer#1-0-C-1] o.a.k.c.c.internals.ConsumerCoordinator  : [Consumer clientId=consumer-budget-24, groupId=budget] Requesting disconnect from last known coordinator localhost:54012 (id: 2147483647 rack: null)
2024-03-05T07:49:37.602+01:00  INFO 11964 --- [r-event-handler] state.change.logger                      : [Broker id=0] Creating new partition __consumer_offsets-20 with topic id wtoGSdqRT1O8g4FydhJzhQ.
2024-03-05T07:49:37.612+01:00  INFO 11964 --- [r-event-handler] kafka.log.UnifiedLog$                    : [LogLoader partition=__consumer_offsets-20, dir=C:\Users\tobia\AppData\Local\Temp\kafka-11806855896019839531\broker_0_data0] Loading producer state till offset 0 with message format version 2
2024-03-05T07:49:37.613+01:00  INFO 11964 --- [r-event-handler] kafka.log.LogManager                     : Created log for partition __consumer_offsets-20 in C:\Users\tobia\AppData\Local\Temp\kafka-11806855896019839531\broker_0_data0\__consumer_offsets-20 with properties {cleanup.policy=compact, compression.type="producer", segment.bytes=104857600}
2024-03-05T07:49:37.613+01:00  INFO 11964 --- [r-event-handler] kafka.cluster.Partition                  : [Partition __consumer_offsets-20 broker=0] No checkpointed highwatermark is found for partition __consumer_offsets-20
2024-03-05T07:49:37.613+01:00  INFO 11964 --- [r-event-handler] kafka.cluster.Partition                  : [Partition __consumer_offsets-20 broker=0] Log loaded for partition __consumer_offsets-20 with initial high watermark 0
2024-03-05T07:49:37.613+01:00  INFO 11964 --- [r-event-handler] state.change.logger                      : [Broker id=0] Leader __consumer_offsets-20 with topic id Some(wtoGSdqRT1O8g4FydhJzhQ) starts at leader epoch 0 from offset 0 with partition epoch 0, high watermark 0, ISR [0], adding replicas [] and removing replicas [] . Previous leader None and previous leader epoch was -1.
2024-03-05T07:49:37.624+01:00  INFO 11964 --- [ntainer#2-0-C-1] o.a.k.c.c.internals.ConsumerCoordinator  : [Consumer clientId=consumer-budget-22, groupId=budget] Discovered group coordinator localhost:54012 (id: 2147483647 rack: null)
2024-03-05T07:49:37.625+01:00  INFO 11964 --- [ntainer#2-0-C-1] o.a.k.c.c.internals.ConsumerCoordinator  : [Consumer clientId=consumer-budget-22, groupId=budget] Request joining group due to: rebalance failed due to 'This is not the correct coordinator.' (NotCoordinatorException)
2024-03-05T07:49:37.626+01:00  INFO 11964 --- [ntainer#2-0-C-1] o.a.k.c.c.internals.ConsumerCoordinator  : [Consumer clientId=consumer-budget-22, groupId=budget] (Re-)joining group
2024-03-05T07:49:37.639+01:00  INFO 11964 --- [ntainer#2-0-C-1] o.a.k.c.c.internals.ConsumerCoordinator  : [Consumer clientId=consumer-budget-22, groupId=budget] Group coordinator localhost:54012 (id: 2147483647 rack: null) is unavailable or invalid due to cause: error response NOT_COORDINATOR. isDisconnected: false. Rediscovery will be attempted.
2024-03-05T07:49:37.639+01:00  INFO 11964 --- [ntainer#2-0-C-1] o.a.k.c.c.internals.ConsumerCoordinator  : [Consumer clientId=consumer-budget-22, groupId=budget] Requesting disconnect from last known coordinator localhost:54012 (id: 2147483647 rack: null)
2024-03-05T07:49:37.639+01:00  INFO 11964 --- [ntainer#2-0-C-1] o.a.k.c.c.internals.ConsumerCoordinator  : [Consumer clientId=consumer-budget-22, groupId=budget] JoinGroup failed: This is not the correct coordinator. Marking coordinator unknown. Sent generation was Generation{generationId=-1, memberId='', protocol='null'}
2024-03-05T07:49:37.639+01:00  INFO 11964 --- [ntainer#2-0-C-1] org.apache.kafka.clients.NetworkClient   : [Consumer clientId=consumer-budget-22, groupId=budget] Client requested disconnect from node 2147483647
2024-03-05T07:49:37.641+01:00  INFO 11964 --- [ntainer#2-0-C-1] o.a.k.c.c.internals.ConsumerCoordinator  : [Consumer clientId=consumer-budget-22, groupId=budget] Discovered group coordinator localhost:54012 (id: 2147483647 rack: null)
2024-03-05T07:49:37.641+01:00  INFO 11964 --- [ntainer#2-0-C-1] o.a.k.c.c.internals.ConsumerCoordinator  : [Consumer clientId=consumer-budget-22, groupId=budget] Group coordinator localhost:54012 (id: 2147483647 rack: null) is unavailable or invalid due to cause: coordinator unavailable. isDisconnected: false. Rediscovery will be attempted.
2024-03-05T07:49:37.641+01:00  INFO 11964 --- [ntainer#2-0-C-1] o.a.k.c.c.internals.ConsumerCoordinator  : [Consumer clientId=consumer-budget-22, groupId=budget] Requesting disconnect from last known coordinator localhost:54012 (id: 2147483647 rack: null)
2024-03-05T07:49:37.660+01:00  INFO 11964 --- [r-event-handler] state.change.logger                      : [Broker id=0] Creating new partition __consumer_offsets-49 with topic id wtoGSdqRT1O8g4FydhJzhQ.
2024-03-05T07:49:37.673+01:00  INFO 11964 --- [r-event-handler] kafka.log.UnifiedLog$                    : [LogLoader partition=__consumer_offsets-49, dir=C:\Users\tobia\AppData\Local\Temp\kafka-11806855896019839531\broker_0_data0] Loading producer state till offset 0 with message format version 2
2024-03-05T07:49:37.675+01:00  INFO 11964 --- [r-event-handler] kafka.log.LogManager                     : Created log for partition __consumer_offsets-49 in C:\Users\tobia\AppData\Local\Temp\kafka-11806855896019839531\broker_0_data0\__consumer_offsets-49 with properties {cleanup.policy=compact, compression.type="producer", segment.bytes=104857600}
2024-03-05T07:49:37.675+01:00  INFO 11964 --- [r-event-handler] kafka.cluster.Partition                  : [Partition __consumer_offsets-49 broker=0] No checkpointed highwatermark is found for partition __consumer_offsets-49
2024-03-05T07:49:37.675+01:00  INFO 11964 --- [r-event-handler] kafka.cluster.Partition                  : [Partition __consumer_offsets-49 broker=0] Log loaded for partition __consumer_offsets-49 with initial high watermark 0
2024-03-05T07:49:37.676+01:00  INFO 11964 --- [r-event-handler] state.change.logger                      : [Broker id=0] Leader __consumer_offsets-49 with topic id Some(wtoGSdqRT1O8g4FydhJzhQ) starts at leader epoch 0 from offset 0 with partition epoch 0, high watermark 0, ISR [0], adding replicas [] and removing replicas [] . Previous leader None and previous leader epoch was -1.
2024-03-05T07:49:37.702+01:00  INFO 11964 --- [ntainer#1-0-C-1] o.a.k.c.c.internals.ConsumerCoordinator  : [Consumer clientId=consumer-budget-24, groupId=budget] Discovered group coordinator localhost:54012 (id: 2147483647 rack: null)
2024-03-05T07:49:37.703+01:00  INFO 11964 --- [ntainer#0-0-C-1] o.a.k.c.c.internals.ConsumerCoordinator  : [Consumer clientId=consumer-product-23, groupId=product] Discovered group coordinator localhost:54012 (id: 2147483647 rack: null)
2024-03-05T07:49:37.704+01:00  INFO 11964 --- [ntainer#1-0-C-1] o.a.k.c.c.internals.ConsumerCoordinator  : [Consumer clientId=consumer-budget-24, groupId=budget] Request joining group due to: rebalance failed due to 'This is not the correct coordinator.' (NotCoordinatorException)
2024-03-05T07:49:37.704+01:00  INFO 11964 --- [ntainer#1-0-C-1] o.a.k.c.c.internals.ConsumerCoordinator  : [Consumer clientId=consumer-budget-24, groupId=budget] (Re-)joining group
2024-03-05T07:49:37.704+01:00  INFO 11964 --- [ntainer#0-0-C-1] o.a.k.c.c.internals.ConsumerCoordinator  : [Consumer clientId=consumer-product-23, groupId=product] Request joining group due to: rebalance failed due to 'This is not the correct coordinator.' (NotCoordinatorException)
2024-03-05T07:49:37.705+01:00  INFO 11964 --- [ntainer#0-0-C-1] o.a.k.c.c.internals.ConsumerCoordinator  : [Consumer clientId=consumer-product-23, groupId=product] (Re-)joining group
2024-03-05T07:49:37.709+01:00  INFO 11964 --- [ntainer#0-0-C-1] o.a.k.c.c.internals.ConsumerCoordinator  : [Consumer clientId=consumer-product-23, groupId=product] Group coordinator localhost:54012 (id: 2147483647 rack: null) is unavailable or invalid due to cause: error response NOT_COORDINATOR. isDisconnected: false. Rediscovery will be attempted.
2024-03-05T07:49:37.709+01:00  INFO 11964 --- [ntainer#0-0-C-1] o.a.k.c.c.internals.ConsumerCoordinator  : [Consumer clientId=consumer-product-23, groupId=product] Requesting disconnect from last known coordinator localhost:54012 (id: 2147483647 rack: null)
2024-03-05T07:49:37.709+01:00  INFO 11964 --- [ntainer#0-0-C-1] o.a.k.c.c.internals.ConsumerCoordinator  : [Consumer clientId=consumer-product-23, groupId=product] JoinGroup failed: This is not the correct coordinator. Marking coordinator unknown. Sent generation was Generation{generationId=-1, memberId='', protocol='null'}
2024-03-05T07:49:37.709+01:00  INFO 11964 --- [ntainer#0-0-C-1] org.apache.kafka.clients.NetworkClient   : [Consumer clientId=consumer-product-23, groupId=product] Client requested disconnect from node 2147483647
2024-03-05T07:49:37.710+01:00  INFO 11964 --- [ntainer#1-0-C-1] o.a.k.c.c.internals.ConsumerCoordinator  : [Consumer clientId=consumer-budget-24, groupId=budget] Group coordinator localhost:54012 (id: 2147483647 rack: null) is unavailable or invalid due to cause: error response NOT_COORDINATOR. isDisconnected: false. Rediscovery will be attempted.
2024-03-05T07:49:37.710+01:00  INFO 11964 --- [ntainer#1-0-C-1] o.a.k.c.c.internals.ConsumerCoordinator  : [Consumer clientId=consumer-budget-24, groupId=budget] Requesting disconnect from last known coordinator localhost:54012 (id: 2147483647 rack: null)
2024-03-05T07:49:37.710+01:00  INFO 11964 --- [ntainer#1-0-C-1] o.a.k.c.c.internals.ConsumerCoordinator  : [Consumer clientId=consumer-budget-24, groupId=budget] JoinGroup failed: This is not the correct coordinator. Marking coordinator unknown. Sent generation was Generation{generationId=-1, memberId='', protocol='null'}
2024-03-05T07:49:37.710+01:00  INFO 11964 --- [ntainer#1-0-C-1] org.apache.kafka.clients.NetworkClient   : [Consumer clientId=consumer-budget-24, groupId=budget] Client requested disconnect from node 2147483647
2024-03-05T07:49:37.713+01:00  INFO 11964 --- [ntainer#0-0-C-1] o.a.k.c.c.internals.ConsumerCoordinator  : [Consumer clientId=consumer-product-23, groupId=product] Discovered group coordinator localhost:54012 (id: 2147483647 rack: null)
2024-03-05T07:49:37.713+01:00  INFO 11964 --- [ntainer#0-0-C-1] o.a.k.c.c.internals.ConsumerCoordinator  : [Consumer clientId=consumer-product-23, groupId=product] Group coordinator localhost:54012 (id: 2147483647 rack: null) is unavailable or invalid due to cause: coordinator unavailable. isDisconnected: false. Rediscovery will be attempted.
2024-03-05T07:49:37.713+01:00  INFO 11964 --- [ntainer#0-0-C-1] o.a.k.c.c.internals.ConsumerCoordinator  : [Consumer clientId=consumer-product-23, groupId=product] Requesting disconnect from last known coordinator localhost:54012 (id: 2147483647 rack: null)
2024-03-05T07:49:37.714+01:00  INFO 11964 --- [ntainer#1-0-C-1] o.a.k.c.c.internals.ConsumerCoordinator  : [Consumer clientId=consumer-budget-24, groupId=budget] Discovered group coordinator localhost:54012 (id: 2147483647 rack: null)
2024-03-05T07:49:37.714+01:00  INFO 11964 --- [ntainer#1-0-C-1] o.a.k.c.c.internals.ConsumerCoordinator  : [Consumer clientId=consumer-budget-24, groupId=budget] Group coordinator localhost:54012 (id: 2147483647 rack: null) is unavailable or invalid due to cause: coordinator unavailable. isDisconnected: false. Rediscovery will be attempted.
2024-03-05T07:49:37.714+01:00  INFO 11964 --- [ntainer#1-0-C-1] o.a.k.c.c.internals.ConsumerCoordinator  : [Consumer clientId=consumer-budget-24, groupId=budget] Requesting disconnect from last known coordinator localhost:54012 (id: 2147483647 rack: null)
2024-03-05T07:49:37.749+01:00  INFO 11964 --- [ntainer#2-0-C-1] o.a.k.c.c.internals.ConsumerCoordinator  : [Consumer clientId=consumer-budget-22, groupId=budget] Discovered group coordinator localhost:54012 (id: 2147483647 rack: null)
2024-03-05T07:49:37.751+01:00  INFO 11964 --- [ntainer#2-0-C-1] o.a.k.c.c.internals.ConsumerCoordinator  : [Consumer clientId=consumer-budget-22, groupId=budget] Request joining group due to: rebalance failed due to 'This is not the correct coordinator.' (NotCoordinatorException)
2024-03-05T07:49:37.751+01:00  INFO 11964 --- [ntainer#2-0-C-1] o.a.k.c.c.internals.ConsumerCoordinator  : [Consumer clientId=consumer-budget-22, groupId=budget] (Re-)joining group
2024-03-05T07:49:37.755+01:00  INFO 11964 --- [ntainer#2-0-C-1] o.a.k.c.c.internals.ConsumerCoordinator  : [Consumer clientId=consumer-budget-22, groupId=budget] Group coordinator localhost:54012 (id: 2147483647 rack: null) is unavailable or invalid due to cause: error response NOT_COORDINATOR. isDisconnected: false. Rediscovery will be attempted.
2024-03-05T07:49:37.755+01:00  INFO 11964 --- [ntainer#2-0-C-1] o.a.k.c.c.internals.ConsumerCoordinator  : [Consumer clientId=consumer-budget-22, groupId=budget] Requesting disconnect from last known coordinator localhost:54012 (id: 2147483647 rack: null)
2024-03-05T07:49:37.755+01:00  INFO 11964 --- [ntainer#2-0-C-1] o.a.k.c.c.internals.ConsumerCoordinator  : [Consumer clientId=consumer-budget-22, groupId=budget] JoinGroup failed: This is not the correct coordinator. Marking coordinator unknown. Sent generation was Generation{generationId=-1, memberId='', protocol='null'}
2024-03-05T07:49:37.755+01:00  INFO 11964 --- [ntainer#2-0-C-1] org.apache.kafka.clients.NetworkClient   : [Consumer clientId=consumer-budget-22, groupId=budget] Client requested disconnect from node 2147483647
2024-03-05T07:49:37.757+01:00  INFO 11964 --- [ntainer#2-0-C-1] o.a.k.c.c.internals.ConsumerCoordinator  : [Consumer clientId=consumer-budget-22, groupId=budget] Discovered group coordinator localhost:54012 (id: 2147483647 rack: null)
2024-03-05T07:49:37.758+01:00  INFO 11964 --- [ntainer#2-0-C-1] o.a.k.c.c.internals.ConsumerCoordinator  : [Consumer clientId=consumer-budget-22, groupId=budget] Group coordinator localhost:54012 (id: 2147483647 rack: null) is unavailable or invalid due to cause: coordinator unavailable. isDisconnected: false. Rediscovery will be attempted.
2024-03-05T07:49:37.758+01:00  INFO 11964 --- [ntainer#2-0-C-1] o.a.k.c.c.internals.ConsumerCoordinator  : [Consumer clientId=consumer-budget-22, groupId=budget] Requesting disconnect from last known coordinator localhost:54012 (id: 2147483647 rack: null)
2024-03-05T07:49:37.788+01:00  INFO 11964 --- [r-event-handler] state.change.logger                      : [Broker id=0] Creating new partition __consumer_offsets-0 with topic id wtoGSdqRT1O8g4FydhJzhQ.
2024-03-05T07:49:37.807+01:00  INFO 11964 --- [r-event-handler] kafka.log.UnifiedLog$                    : [LogLoader partition=__consumer_offsets-0, dir=C:\Users\tobia\AppData\Local\Temp\kafka-11806855896019839531\broker_0_data0] Loading producer state till offset 0 with message format version 2
2024-03-05T07:49:37.809+01:00  INFO 11964 --- [r-event-handler] kafka.log.LogManager                     : Created log for partition __consumer_offsets-0 in C:\Users\tobia\AppData\Local\Temp\kafka-11806855896019839531\broker_0_data0\__consumer_offsets-0 with properties {cleanup.policy=compact, compression.type="producer", segment.bytes=104857600}
2024-03-05T07:49:37.809+01:00  INFO 11964 --- [r-event-handler] kafka.cluster.Partition                  : [Partition __consumer_offsets-0 broker=0] No checkpointed highwatermark is found for partition __consumer_offsets-0
2024-03-05T07:49:37.809+01:00  INFO 11964 --- [r-event-handler] kafka.cluster.Partition                  : [Partition __consumer_offsets-0 broker=0] Log loaded for partition __consumer_offsets-0 with initial high watermark 0
2024-03-05T07:49:37.809+01:00  INFO 11964 --- [r-event-handler] state.change.logger                      : [Broker id=0] Leader __consumer_offsets-0 with topic id Some(wtoGSdqRT1O8g4FydhJzhQ) starts at leader epoch 0 from offset 0 with partition epoch 0, high watermark 0, ISR [0], adding replicas [] and removing replicas [] . Previous leader None and previous leader epoch was -1.
2024-03-05T07:49:37.820+01:00  INFO 11964 --- [r-event-handler] state.change.logger                      : [Broker id=0] Creating new partition __consumer_offsets-29 with topic id wtoGSdqRT1O8g4FydhJzhQ.
2024-03-05T07:49:37.828+01:00  INFO 11964 --- [ntainer#1-0-C-1] o.a.k.c.c.internals.ConsumerCoordinator  : [Consumer clientId=consumer-budget-24, groupId=budget] Discovered group coordinator localhost:54012 (id: 2147483647 rack: null)
2024-03-05T07:49:37.828+01:00  INFO 11964 --- [ntainer#0-0-C-1] o.a.k.c.c.internals.ConsumerCoordinator  : [Consumer clientId=consumer-product-23, groupId=product] Discovered group coordinator localhost:54012 (id: 2147483647 rack: null)
2024-03-05T07:49:37.829+01:00  INFO 11964 --- [ntainer#1-0-C-1] o.a.k.c.c.internals.ConsumerCoordinator  : [Consumer clientId=consumer-budget-24, groupId=budget] Request joining group due to: rebalance failed due to 'This is not the correct coordinator.' (NotCoordinatorException)
2024-03-05T07:49:37.829+01:00  INFO 11964 --- [ntainer#0-0-C-1] o.a.k.c.c.internals.ConsumerCoordinator  : [Consumer clientId=consumer-product-23, groupId=product] Request joining group due to: rebalance failed due to 'This is not the correct coordinator.' (NotCoordinatorException)
2024-03-05T07:49:37.829+01:00  INFO 11964 --- [ntainer#1-0-C-1] o.a.k.c.c.internals.ConsumerCoordinator  : [Consumer clientId=consumer-budget-24, groupId=budget] (Re-)joining group
2024-03-05T07:49:37.829+01:00  INFO 11964 --- [ntainer#0-0-C-1] o.a.k.c.c.internals.ConsumerCoordinator  : [Consumer clientId=consumer-product-23, groupId=product] (Re-)joining group
2024-03-05T07:49:37.834+01:00  INFO 11964 --- [ntainer#0-0-C-1] o.a.k.c.c.internals.ConsumerCoordinator  : [Consumer clientId=consumer-product-23, groupId=product] Group coordinator localhost:54012 (id: 2147483647 rack: null) is unavailable or invalid due to cause: error response NOT_COORDINATOR. isDisconnected: false. Rediscovery will be attempted.
2024-03-05T07:49:37.834+01:00  INFO 11964 --- [ntainer#1-0-C-1] o.a.k.c.c.internals.ConsumerCoordinator  : [Consumer clientId=consumer-budget-24, groupId=budget] Group coordinator localhost:54012 (id: 2147483647 rack: null) is unavailable or invalid due to cause: error response NOT_COORDINATOR. isDisconnected: false. Rediscovery will be attempted.
2024-03-05T07:49:37.834+01:00  INFO 11964 --- [ntainer#0-0-C-1] o.a.k.c.c.internals.ConsumerCoordinator  : [Consumer clientId=consumer-product-23, groupId=product] Requesting disconnect from last known coordinator localhost:54012 (id: 2147483647 rack: null)
2024-03-05T07:49:37.834+01:00  INFO 11964 --- [ntainer#1-0-C-1] o.a.k.c.c.internals.ConsumerCoordinator  : [Consumer clientId=consumer-budget-24, groupId=budget] Requesting disconnect from last known coordinator localhost:54012 (id: 2147483647 rack: null)
2024-03-05T07:49:37.834+01:00  INFO 11964 --- [ntainer#0-0-C-1] o.a.k.c.c.internals.ConsumerCoordinator  : [Consumer clientId=consumer-product-23, groupId=product] JoinGroup failed: This is not the correct coordinator. Marking coordinator unknown. Sent generation was Generation{generationId=-1, memberId='', protocol='null'}
2024-03-05T07:49:37.834+01:00  INFO 11964 --- [ntainer#1-0-C-1] o.a.k.c.c.internals.ConsumerCoordinator  : [Consumer clientId=consumer-budget-24, groupId=budget] JoinGroup failed: This is not the correct coordinator. Marking coordinator unknown. Sent generation was Generation{generationId=-1, memberId='', protocol='null'}
2024-03-05T07:49:37.834+01:00  INFO 11964 --- [ntainer#0-0-C-1] org.apache.kafka.clients.NetworkClient   : [Consumer clientId=consumer-product-23, groupId=product] Client requested disconnect from node 2147483647
2024-03-05T07:49:37.834+01:00  INFO 11964 --- [ntainer#1-0-C-1] org.apache.kafka.clients.NetworkClient   : [Consumer clientId=consumer-budget-24, groupId=budget] Client requested disconnect from node 2147483647
2024-03-05T07:49:37.837+01:00  INFO 11964 --- [ntainer#1-0-C-1] o.a.k.c.c.internals.ConsumerCoordinator  : [Consumer clientId=consumer-budget-24, groupId=budget] Discovered group coordinator localhost:54012 (id: 2147483647 rack: null)
2024-03-05T07:49:37.837+01:00  INFO 11964 --- [ntainer#1-0-C-1] o.a.k.c.c.internals.ConsumerCoordinator  : [Consumer clientId=consumer-budget-24, groupId=budget] Group coordinator localhost:54012 (id: 2147483647 rack: null) is unavailable or invalid due to cause: coordinator unavailable. isDisconnected: false. Rediscovery will be attempted.
2024-03-05T07:49:37.837+01:00  INFO 11964 --- [ntainer#1-0-C-1] o.a.k.c.c.internals.ConsumerCoordinator  : [Consumer clientId=consumer-budget-24, groupId=budget] Requesting disconnect from last known coordinator localhost:54012 (id: 2147483647 rack: null)
2024-03-05T07:49:37.839+01:00  INFO 11964 --- [ntainer#0-0-C-1] o.a.k.c.c.internals.ConsumerCoordinator  : [Consumer clientId=consumer-product-23, groupId=product] Discovered group coordinator localhost:54012 (id: 2147483647 rack: null)
2024-03-05T07:49:37.839+01:00  INFO 11964 --- [ntainer#0-0-C-1] o.a.k.c.c.internals.ConsumerCoordinator  : [Consumer clientId=consumer-product-23, groupId=product] Group coordinator localhost:54012 (id: 2147483647 rack: null) is unavailable or invalid due to cause: coordinator unavailable. isDisconnected: false. Rediscovery will be attempted.
2024-03-05T07:49:37.839+01:00  INFO 11964 --- [ntainer#0-0-C-1] o.a.k.c.c.internals.ConsumerCoordinator  : [Consumer clientId=consumer-product-23, groupId=product] Requesting disconnect from last known coordinator localhost:54012 (id: 2147483647 rack: null)
2024-03-05T07:49:37.849+01:00  INFO 11964 --- [r-event-handler] kafka.log.UnifiedLog$                    : [LogLoader partition=__consumer_offsets-29, dir=C:\Users\tobia\AppData\Local\Temp\kafka-11806855896019839531\broker_0_data0] Loading producer state till offset 0 with message format version 2
2024-03-05T07:49:37.850+01:00  INFO 11964 --- [r-event-handler] kafka.log.LogManager                     : Created log for partition __consumer_offsets-29 in C:\Users\tobia\AppData\Local\Temp\kafka-11806855896019839531\broker_0_data0\__consumer_offsets-29 with properties {cleanup.policy=compact, compression.type="producer", segment.bytes=104857600}
2024-03-05T07:49:37.850+01:00  INFO 11964 --- [r-event-handler] kafka.cluster.Partition                  : [Partition __consumer_offsets-29 broker=0] No checkpointed highwatermark is found for partition __consumer_offsets-29
2024-03-05T07:49:37.850+01:00  INFO 11964 --- [r-event-handler] kafka.cluster.Partition                  : [Partition __consumer_offsets-29 broker=0] Log loaded for partition __consumer_offsets-29 with initial high watermark 0
2024-03-05T07:49:37.850+01:00  INFO 11964 --- [r-event-handler] state.change.logger                      : [Broker id=0] Leader __consumer_offsets-29 with topic id Some(wtoGSdqRT1O8g4FydhJzhQ) starts at leader epoch 0 from offset 0 with partition epoch 0, high watermark 0, ISR [0], adding replicas [] and removing replicas [] . Previous leader None and previous leader epoch was -1.
2024-03-05T07:49:37.858+01:00  INFO 11964 --- [r-event-handler] state.change.logger                      : [Broker id=0] Creating new partition __consumer_offsets-25 with topic id wtoGSdqRT1O8g4FydhJzhQ.
2024-03-05T07:49:37.872+01:00  INFO 11964 --- [r-event-handler] kafka.log.UnifiedLog$                    : [LogLoader partition=__consumer_offsets-25, dir=C:\Users\tobia\AppData\Local\Temp\kafka-11806855896019839531\broker_0_data0] Loading producer state till offset 0 with message format version 2
2024-03-05T07:49:37.874+01:00  INFO 11964 --- [ntainer#2-0-C-1] o.a.k.c.c.internals.ConsumerCoordinator  : [Consumer clientId=consumer-budget-22, groupId=budget] Discovered group coordinator localhost:54012 (id: 2147483647 rack: null)
2024-03-05T07:49:37.875+01:00  INFO 11964 --- [ntainer#2-0-C-1] o.a.k.c.c.internals.ConsumerCoordinator  : [Consumer clientId=consumer-budget-22, groupId=budget] Request joining group due to: rebalance failed due to 'This is not the correct coordinator.' (NotCoordinatorException)
2024-03-05T07:49:37.876+01:00  INFO 11964 --- [ntainer#2-0-C-1] o.a.k.c.c.internals.ConsumerCoordinator  : [Consumer clientId=consumer-budget-22, groupId=budget] (Re-)joining group
2024-03-05T07:49:37.883+01:00  INFO 11964 --- [ntainer#2-0-C-1] o.a.k.c.c.internals.ConsumerCoordinator  : [Consumer clientId=consumer-budget-22, groupId=budget] Group coordinator localhost:54012 (id: 2147483647 rack: null) is unavailable or invalid due to cause: error response NOT_COORDINATOR. isDisconnected: false. Rediscovery will be attempted.
2024-03-05T07:49:37.883+01:00  INFO 11964 --- [ntainer#2-0-C-1] o.a.k.c.c.internals.ConsumerCoordinator  : [Consumer clientId=consumer-budget-22, groupId=budget] Requesting disconnect from last known coordinator localhost:54012 (id: 2147483647 rack: null)
2024-03-05T07:49:37.884+01:00  INFO 11964 --- [ntainer#2-0-C-1] o.a.k.c.c.internals.ConsumerCoordinator  : [Consumer clientId=consumer-budget-22, groupId=budget] JoinGroup failed: This is not the correct coordinator. Marking coordinator unknown. Sent generation was Generation{generationId=-1, memberId='', protocol='null'}
2024-03-05T07:49:37.884+01:00  INFO 11964 --- [ntainer#2-0-C-1] org.apache.kafka.clients.NetworkClient   : [Consumer clientId=consumer-budget-22, groupId=budget] Client requested disconnect from node 2147483647
2024-03-05T07:49:37.886+01:00  INFO 11964 --- [ntainer#2-0-C-1] o.a.k.c.c.internals.ConsumerCoordinator  : [Consumer clientId=consumer-budget-22, groupId=budget] Discovered group coordinator localhost:54012 (id: 2147483647 rack: null)
2024-03-05T07:49:37.886+01:00  INFO 11964 --- [ntainer#2-0-C-1] o.a.k.c.c.internals.ConsumerCoordinator  : [Consumer clientId=consumer-budget-22, groupId=budget] Group coordinator localhost:54012 (id: 2147483647 rack: null) is unavailable or invalid due to cause: coordinator unavailable. isDisconnected: false. Rediscovery will be attempted.
2024-03-05T07:49:37.886+01:00  INFO 11964 --- [ntainer#2-0-C-1] o.a.k.c.c.internals.ConsumerCoordinator  : [Consumer clientId=consumer-budget-22, groupId=budget] Requesting disconnect from last known coordinator localhost:54012 (id: 2147483647 rack: null)
2024-03-05T07:49:37.886+01:00  INFO 11964 --- [r-event-handler] kafka.log.LogManager                     : Created log for partition __consumer_offsets-25 in C:\Users\tobia\AppData\Local\Temp\kafka-11806855896019839531\broker_0_data0\__consumer_offsets-25 with properties {cleanup.policy=compact, compression.type="producer", segment.bytes=104857600}
2024-03-05T07:49:37.887+01:00  INFO 11964 --- [r-event-handler] kafka.cluster.Partition                  : [Partition __consumer_offsets-25 broker=0] No checkpointed highwatermark is found for partition __consumer_offsets-25
2024-03-05T07:49:37.887+01:00  INFO 11964 --- [r-event-handler] kafka.cluster.Partition                  : [Partition __consumer_offsets-25 broker=0] Log loaded for partition __consumer_offsets-25 with initial high watermark 0
2024-03-05T07:49:37.887+01:00  INFO 11964 --- [r-event-handler] state.change.logger                      : [Broker id=0] Leader __consumer_offsets-25 with topic id Some(wtoGSdqRT1O8g4FydhJzhQ) starts at leader epoch 0 from offset 0 with partition epoch 0, high watermark 0, ISR [0], adding replicas [] and removing replicas [] . Previous leader None and previous leader epoch was -1.
2024-03-05T07:49:37.907+01:00  INFO 11964 --- [r-event-handler] state.change.logger                      : [Broker id=0] Creating new partition __consumer_offsets-8 with topic id wtoGSdqRT1O8g4FydhJzhQ.
2024-03-05T07:49:37.925+01:00  INFO 11964 --- [r-event-handler] kafka.log.UnifiedLog$                    : [LogLoader partition=__consumer_offsets-8, dir=C:\Users\tobia\AppData\Local\Temp\kafka-11806855896019839531\broker_0_data0] Loading producer state till offset 0 with message format version 2
2024-03-05T07:49:37.926+01:00  INFO 11964 --- [r-event-handler] kafka.log.LogManager                     : Created log for partition __consumer_offsets-8 in C:\Users\tobia\AppData\Local\Temp\kafka-11806855896019839531\broker_0_data0\__consumer_offsets-8 with properties {cleanup.policy=compact, compression.type="producer", segment.bytes=104857600}
2024-03-05T07:49:37.926+01:00  INFO 11964 --- [r-event-handler] kafka.cluster.Partition                  : [Partition __consumer_offsets-8 broker=0] No checkpointed highwatermark is found for partition __consumer_offsets-8
2024-03-05T07:49:37.926+01:00  INFO 11964 --- [r-event-handler] kafka.cluster.Partition                  : [Partition __consumer_offsets-8 broker=0] Log loaded for partition __consumer_offsets-8 with initial high watermark 0
2024-03-05T07:49:37.926+01:00  INFO 11964 --- [r-event-handler] state.change.logger                      : [Broker id=0] Leader __consumer_offsets-8 with topic id Some(wtoGSdqRT1O8g4FydhJzhQ) starts at leader epoch 0 from offset 0 with partition epoch 0, high watermark 0, ISR [0], adding replicas [] and removing replicas [] . Previous leader None and previous leader epoch was -1.
2024-03-05T07:49:37.937+01:00  INFO 11964 --- [r-event-handler] state.change.logger                      : [Broker id=0] Creating new partition __consumer_offsets-37 with topic id wtoGSdqRT1O8g4FydhJzhQ.
2024-03-05T07:49:37.953+01:00  INFO 11964 --- [ntainer#0-0-C-1] o.a.k.c.c.internals.ConsumerCoordinator  : [Consumer clientId=consumer-product-23, groupId=product] Discovered group coordinator localhost:54012 (id: 2147483647 rack: null)
2024-03-05T07:49:37.953+01:00  INFO 11964 --- [ntainer#1-0-C-1] o.a.k.c.c.internals.ConsumerCoordinator  : [Consumer clientId=consumer-budget-24, groupId=budget] Discovered group coordinator localhost:54012 (id: 2147483647 rack: null)
2024-03-05T07:49:37.954+01:00  INFO 11964 --- [ntainer#0-0-C-1] o.a.k.c.c.internals.ConsumerCoordinator  : [Consumer clientId=consumer-product-23, groupId=product] Request joining group due to: rebalance failed due to 'This is not the correct coordinator.' (NotCoordinatorException)
2024-03-05T07:49:37.954+01:00  INFO 11964 --- [ntainer#0-0-C-1] o.a.k.c.c.internals.ConsumerCoordinator  : [Consumer clientId=consumer-product-23, groupId=product] (Re-)joining group
2024-03-05T07:49:37.954+01:00  INFO 11964 --- [ntainer#1-0-C-1] o.a.k.c.c.internals.ConsumerCoordinator  : [Consumer clientId=consumer-budget-24, groupId=budget] Request joining group due to: rebalance failed due to 'This is not the correct coordinator.' (NotCoordinatorException)
2024-03-05T07:49:37.955+01:00  INFO 11964 --- [ntainer#1-0-C-1] o.a.k.c.c.internals.ConsumerCoordinator  : [Consumer clientId=consumer-budget-24, groupId=budget] (Re-)joining group
2024-03-05T07:49:37.962+01:00  INFO 11964 --- [ntainer#0-0-C-1] o.a.k.c.c.internals.ConsumerCoordinator  : [Consumer clientId=consumer-product-23, groupId=product] Group coordinator localhost:54012 (id: 2147483647 rack: null) is unavailable or invalid due to cause: error response NOT_COORDINATOR. isDisconnected: false. Rediscovery will be attempted.
2024-03-05T07:49:37.962+01:00  INFO 11964 --- [ntainer#0-0-C-1] o.a.k.c.c.internals.ConsumerCoordinator  : [Consumer clientId=consumer-product-23, groupId=product] Requesting disconnect from last known coordinator localhost:54012 (id: 2147483647 rack: null)
2024-03-05T07:49:37.962+01:00  INFO 11964 --- [ntainer#0-0-C-1] o.a.k.c.c.internals.ConsumerCoordinator  : [Consumer clientId=consumer-product-23, groupId=product] JoinGroup failed: This is not the correct coordinator. Marking coordinator unknown. Sent generation was Generation{generationId=-1, memberId='', protocol='null'}
2024-03-05T07:49:37.962+01:00  INFO 11964 --- [ntainer#0-0-C-1] org.apache.kafka.clients.NetworkClient   : [Consumer clientId=consumer-product-23, groupId=product] Client requested disconnect from node 2147483647
2024-03-05T07:49:37.963+01:00  INFO 11964 --- [ntainer#1-0-C-1] o.a.k.c.c.internals.ConsumerCoordinator  : [Consumer clientId=consumer-budget-24, groupId=budget] Group coordinator localhost:54012 (id: 2147483647 rack: null) is unavailable or invalid due to cause: error response NOT_COORDINATOR. isDisconnected: false. Rediscovery will be attempted.
2024-03-05T07:49:37.964+01:00  INFO 11964 --- [ntainer#1-0-C-1] o.a.k.c.c.internals.ConsumerCoordinator  : [Consumer clientId=consumer-budget-24, groupId=budget] Requesting disconnect from last known coordinator localhost:54012 (id: 2147483647 rack: null)
2024-03-05T07:49:37.964+01:00  INFO 11964 --- [ntainer#1-0-C-1] o.a.k.c.c.internals.ConsumerCoordinator  : [Consumer clientId=consumer-budget-24, groupId=budget] JoinGroup failed: This is not the correct coordinator. Marking coordinator unknown. Sent generation was Generation{generationId=-1, memberId='', protocol='null'}
2024-03-05T07:49:37.965+01:00  INFO 11964 --- [ntainer#1-0-C-1] org.apache.kafka.clients.NetworkClient   : [Consumer clientId=consumer-budget-24, groupId=budget] Client requested disconnect from node 2147483647
2024-03-05T07:49:37.972+01:00  INFO 11964 --- [ntainer#0-0-C-1] o.a.k.c.c.internals.ConsumerCoordinator  : [Consumer clientId=consumer-product-23, groupId=product] Discovered group coordinator localhost:54012 (id: 2147483647 rack: null)
2024-03-05T07:49:37.972+01:00  INFO 11964 --- [ntainer#0-0-C-1] o.a.k.c.c.internals.ConsumerCoordinator  : [Consumer clientId=consumer-product-23, groupId=product] Group coordinator localhost:54012 (id: 2147483647 rack: null) is unavailable or invalid due to cause: coordinator unavailable. isDisconnected: false. Rediscovery will be attempted.
2024-03-05T07:49:37.972+01:00  INFO 11964 --- [ntainer#0-0-C-1] o.a.k.c.c.internals.ConsumerCoordinator  : [Consumer clientId=consumer-product-23, groupId=product] Requesting disconnect from last known coordinator localhost:54012 (id: 2147483647 rack: null)
2024-03-05T07:49:37.973+01:00  INFO 11964 --- [ntainer#1-0-C-1] o.a.k.c.c.internals.ConsumerCoordinator  : [Consumer clientId=consumer-budget-24, groupId=budget] Discovered group coordinator localhost:54012 (id: 2147483647 rack: null)
2024-03-05T07:49:37.974+01:00  INFO 11964 --- [ntainer#1-0-C-1] o.a.k.c.c.internals.ConsumerCoordinator  : [Consumer clientId=consumer-budget-24, groupId=budget] Group coordinator localhost:54012 (id: 2147483647 rack: null) is unavailable or invalid due to cause: coordinator unavailable. isDisconnected: false. Rediscovery will be attempted.
2024-03-05T07:49:37.974+01:00  INFO 11964 --- [ntainer#1-0-C-1] o.a.k.c.c.internals.ConsumerCoordinator  : [Consumer clientId=consumer-budget-24, groupId=budget] Requesting disconnect from last known coordinator localhost:54012 (id: 2147483647 rack: null)
2024-03-05T07:49:37.978+01:00  INFO 11964 --- [r-event-handler] kafka.log.UnifiedLog$                    : [LogLoader partition=__consumer_offsets-37, dir=C:\Users\tobia\AppData\Local\Temp\kafka-11806855896019839531\broker_0_data0] Loading producer state till offset 0 with message format version 2
2024-03-05T07:49:37.979+01:00  INFO 11964 --- [r-event-handler] kafka.log.LogManager                     : Created log for partition __consumer_offsets-37 in C:\Users\tobia\AppData\Local\Temp\kafka-11806855896019839531\broker_0_data0\__consumer_offsets-37 with properties {cleanup.policy=compact, compression.type="producer", segment.bytes=104857600}
2024-03-05T07:49:37.979+01:00  INFO 11964 --- [r-event-handler] kafka.cluster.Partition                  : [Partition __consumer_offsets-37 broker=0] No checkpointed highwatermark is found for partition __consumer_offsets-37
2024-03-05T07:49:37.979+01:00  INFO 11964 --- [r-event-handler] kafka.cluster.Partition                  : [Partition __consumer_offsets-37 broker=0] Log loaded for partition __consumer_offsets-37 with initial high watermark 0
2024-03-05T07:49:37.980+01:00  INFO 11964 --- [r-event-handler] state.change.logger                      : [Broker id=0] Leader __consumer_offsets-37 with topic id Some(wtoGSdqRT1O8g4FydhJzhQ) starts at leader epoch 0 from offset 0 with partition epoch 0, high watermark 0, ISR [0], adding replicas [] and removing replicas [] . Previous leader None and previous leader epoch was -1.
2024-03-05T07:49:37.989+01:00  INFO 11964 --- [r-event-handler] state.change.logger                      : [Broker id=0] Creating new partition __consumer_offsets-4 with topic id wtoGSdqRT1O8g4FydhJzhQ.
2024-03-05T07:49:37.999+01:00  INFO 11964 --- [r-event-handler] kafka.log.UnifiedLog$                    : [LogLoader partition=__consumer_offsets-4, dir=C:\Users\tobia\AppData\Local\Temp\kafka-11806855896019839531\broker_0_data0] Loading producer state till offset 0 with message format version 2
2024-03-05T07:49:38.000+01:00  INFO 11964 --- [r-event-handler] kafka.log.LogManager                     : Created log for partition __consumer_offsets-4 in C:\Users\tobia\AppData\Local\Temp\kafka-11806855896019839531\broker_0_data0\__consumer_offsets-4 with properties {cleanup.policy=compact, compression.type="producer", segment.bytes=104857600}
2024-03-05T07:49:38.000+01:00  INFO 11964 --- [r-event-handler] kafka.cluster.Partition                  : [Partition __consumer_offsets-4 broker=0] No checkpointed highwatermark is found for partition __consumer_offsets-4
2024-03-05T07:49:38.000+01:00  INFO 11964 --- [r-event-handler] kafka.cluster.Partition                  : [Partition __consumer_offsets-4 broker=0] Log loaded for partition __consumer_offsets-4 with initial high watermark 0
2024-03-05T07:49:38.000+01:00  INFO 11964 --- [r-event-handler] state.change.logger                      : [Broker id=0] Leader __consumer_offsets-4 with topic id Some(wtoGSdqRT1O8g4FydhJzhQ) starts at leader epoch 0 from offset 0 with partition epoch 0, high watermark 0, ISR [0], adding replicas [] and removing replicas [] . Previous leader None and previous leader epoch was -1.
2024-03-05T07:49:38.008+01:00  INFO 11964 --- [r-event-handler] state.change.logger                      : [Broker id=0] Creating new partition __consumer_offsets-33 with topic id wtoGSdqRT1O8g4FydhJzhQ.
2024-03-05T07:49:38.017+01:00  INFO 11964 --- [r-event-handler] kafka.log.UnifiedLog$                    : [LogLoader partition=__consumer_offsets-33, dir=C:\Users\tobia\AppData\Local\Temp\kafka-11806855896019839531\broker_0_data0] Loading producer state till offset 0 with message format version 2
2024-03-05T07:49:38.018+01:00  INFO 11964 --- [r-event-handler] kafka.log.LogManager                     : Created log for partition __consumer_offsets-33 in C:\Users\tobia\AppData\Local\Temp\kafka-11806855896019839531\broker_0_data0\__consumer_offsets-33 with properties {cleanup.policy=compact, compression.type="producer", segment.bytes=104857600}
2024-03-05T07:49:38.018+01:00  INFO 11964 --- [r-event-handler] kafka.cluster.Partition                  : [Partition __consumer_offsets-33 broker=0] No checkpointed highwatermark is found for partition __consumer_offsets-33
2024-03-05T07:49:38.018+01:00  INFO 11964 --- [r-event-handler] kafka.cluster.Partition                  : [Partition __consumer_offsets-33 broker=0] Log loaded for partition __consumer_offsets-33 with initial high watermark 0
2024-03-05T07:49:38.018+01:00  INFO 11964 --- [r-event-handler] state.change.logger                      : [Broker id=0] Leader __consumer_offsets-33 with topic id Some(wtoGSdqRT1O8g4FydhJzhQ) starts at leader epoch 0 from offset 0 with partition epoch 0, high watermark 0, ISR [0], adding replicas [] and removing replicas [] . Previous leader None and previous leader epoch was -1.
2024-03-05T07:49:38.019+01:00  INFO 11964 --- [ntainer#2-0-C-1] o.a.k.c.c.internals.ConsumerCoordinator  : [Consumer clientId=consumer-budget-22, groupId=budget] Discovered group coordinator localhost:54012 (id: 2147483647 rack: null)
2024-03-05T07:49:38.021+01:00  INFO 11964 --- [ntainer#2-0-C-1] o.a.k.c.c.internals.ConsumerCoordinator  : [Consumer clientId=consumer-budget-22, groupId=budget] Request joining group due to: rebalance failed due to 'This is not the correct coordinator.' (NotCoordinatorException)
2024-03-05T07:49:38.021+01:00  INFO 11964 --- [ntainer#2-0-C-1] o.a.k.c.c.internals.ConsumerCoordinator  : [Consumer clientId=consumer-budget-22, groupId=budget] (Re-)joining group
2024-03-05T07:49:38.024+01:00  INFO 11964 --- [ntainer#2-0-C-1] o.a.k.c.c.internals.ConsumerCoordinator  : [Consumer clientId=consumer-budget-22, groupId=budget] Group coordinator localhost:54012 (id: 2147483647 rack: null) is unavailable or invalid due to cause: error response NOT_COORDINATOR. isDisconnected: false. Rediscovery will be attempted.
2024-03-05T07:49:38.024+01:00  INFO 11964 --- [ntainer#2-0-C-1] o.a.k.c.c.internals.ConsumerCoordinator  : [Consumer clientId=consumer-budget-22, groupId=budget] Requesting disconnect from last known coordinator localhost:54012 (id: 2147483647 rack: null)
2024-03-05T07:49:38.024+01:00  INFO 11964 --- [ntainer#2-0-C-1] o.a.k.c.c.internals.ConsumerCoordinator  : [Consumer clientId=consumer-budget-22, groupId=budget] JoinGroup failed: This is not the correct coordinator. Marking coordinator unknown. Sent generation was Generation{generationId=-1, memberId='', protocol='null'}
2024-03-05T07:49:38.024+01:00  INFO 11964 --- [ntainer#2-0-C-1] org.apache.kafka.clients.NetworkClient   : [Consumer clientId=consumer-budget-22, groupId=budget] Client requested disconnect from node 2147483647
2024-03-05T07:49:38.024+01:00  INFO 11964 --- [r-event-handler] state.change.logger                      : [Broker id=0] Creating new partition __consumer_offsets-15 with topic id wtoGSdqRT1O8g4FydhJzhQ.
2024-03-05T07:49:38.026+01:00  INFO 11964 --- [ntainer#2-0-C-1] o.a.k.c.c.internals.ConsumerCoordinator  : [Consumer clientId=consumer-budget-22, groupId=budget] Discovered group coordinator localhost:54012 (id: 2147483647 rack: null)
2024-03-05T07:49:38.026+01:00  INFO 11964 --- [ntainer#2-0-C-1] o.a.k.c.c.internals.ConsumerCoordinator  : [Consumer clientId=consumer-budget-22, groupId=budget] Group coordinator localhost:54012 (id: 2147483647 rack: null) is unavailable or invalid due to cause: coordinator unavailable. isDisconnected: false. Rediscovery will be attempted.
2024-03-05T07:49:38.027+01:00  INFO 11964 --- [ntainer#2-0-C-1] o.a.k.c.c.internals.ConsumerCoordinator  : [Consumer clientId=consumer-budget-22, groupId=budget] Requesting disconnect from last known coordinator localhost:54012 (id: 2147483647 rack: null)
2024-03-05T07:49:38.035+01:00  INFO 11964 --- [r-event-handler] kafka.log.UnifiedLog$                    : [LogLoader partition=__consumer_offsets-15, dir=C:\Users\tobia\AppData\Local\Temp\kafka-11806855896019839531\broker_0_data0] Loading producer state till offset 0 with message format version 2
2024-03-05T07:49:38.036+01:00  INFO 11964 --- [r-event-handler] kafka.log.LogManager                     : Created log for partition __consumer_offsets-15 in C:\Users\tobia\AppData\Local\Temp\kafka-11806855896019839531\broker_0_data0\__consumer_offsets-15 with properties {cleanup.policy=compact, compression.type="producer", segment.bytes=104857600}
2024-03-05T07:49:38.036+01:00  INFO 11964 --- [r-event-handler] kafka.cluster.Partition                  : [Partition __consumer_offsets-15 broker=0] No checkpointed highwatermark is found for partition __consumer_offsets-15
2024-03-05T07:49:38.036+01:00  INFO 11964 --- [r-event-handler] kafka.cluster.Partition                  : [Partition __consumer_offsets-15 broker=0] Log loaded for partition __consumer_offsets-15 with initial high watermark 0
2024-03-05T07:49:38.036+01:00  INFO 11964 --- [r-event-handler] state.change.logger                      : [Broker id=0] Leader __consumer_offsets-15 with topic id Some(wtoGSdqRT1O8g4FydhJzhQ) starts at leader epoch 0 from offset 0 with partition epoch 0, high watermark 0, ISR [0], adding replicas [] and removing replicas [] . Previous leader None and previous leader epoch was -1.
2024-03-05T07:49:38.041+01:00  INFO 11964 --- [r-event-handler] state.change.logger                      : [Broker id=0] Creating new partition __consumer_offsets-48 with topic id wtoGSdqRT1O8g4FydhJzhQ.
2024-03-05T07:49:38.053+01:00  INFO 11964 --- [r-event-handler] kafka.log.UnifiedLog$                    : [LogLoader partition=__consumer_offsets-48, dir=C:\Users\tobia\AppData\Local\Temp\kafka-11806855896019839531\broker_0_data0] Loading producer state till offset 0 with message format version 2
2024-03-05T07:49:38.054+01:00  INFO 11964 --- [r-event-handler] kafka.log.LogManager                     : Created log for partition __consumer_offsets-48 in C:\Users\tobia\AppData\Local\Temp\kafka-11806855896019839531\broker_0_data0\__consumer_offsets-48 with properties {cleanup.policy=compact, compression.type="producer", segment.bytes=104857600}
2024-03-05T07:49:38.054+01:00  INFO 11964 --- [r-event-handler] kafka.cluster.Partition                  : [Partition __consumer_offsets-48 broker=0] No checkpointed highwatermark is found for partition __consumer_offsets-48
2024-03-05T07:49:38.054+01:00  INFO 11964 --- [r-event-handler] kafka.cluster.Partition                  : [Partition __consumer_offsets-48 broker=0] Log loaded for partition __consumer_offsets-48 with initial high watermark 0
2024-03-05T07:49:38.054+01:00  INFO 11964 --- [r-event-handler] state.change.logger                      : [Broker id=0] Leader __consumer_offsets-48 with topic id Some(wtoGSdqRT1O8g4FydhJzhQ) starts at leader epoch 0 from offset 0 with partition epoch 0, high watermark 0, ISR [0], adding replicas [] and removing replicas [] . Previous leader None and previous leader epoch was -1.
2024-03-05T07:49:38.062+01:00  INFO 11964 --- [r-event-handler] state.change.logger                      : [Broker id=0] Creating new partition __consumer_offsets-11 with topic id wtoGSdqRT1O8g4FydhJzhQ.
2024-03-05T07:49:38.072+01:00  INFO 11964 --- [r-event-handler] kafka.log.UnifiedLog$                    : [LogLoader partition=__consumer_offsets-11, dir=C:\Users\tobia\AppData\Local\Temp\kafka-11806855896019839531\broker_0_data0] Loading producer state till offset 0 with message format version 2
2024-03-05T07:49:38.073+01:00  INFO 11964 --- [r-event-handler] kafka.log.LogManager                     : Created log for partition __consumer_offsets-11 in C:\Users\tobia\AppData\Local\Temp\kafka-11806855896019839531\broker_0_data0\__consumer_offsets-11 with properties {cleanup.policy=compact, compression.type="producer", segment.bytes=104857600}
2024-03-05T07:49:38.073+01:00  INFO 11964 --- [r-event-handler] kafka.cluster.Partition                  : [Partition __consumer_offsets-11 broker=0] No checkpointed highwatermark is found for partition __consumer_offsets-11
2024-03-05T07:49:38.073+01:00  INFO 11964 --- [r-event-handler] kafka.cluster.Partition                  : [Partition __consumer_offsets-11 broker=0] Log loaded for partition __consumer_offsets-11 with initial high watermark 0
2024-03-05T07:49:38.073+01:00  INFO 11964 --- [r-event-handler] state.change.logger                      : [Broker id=0] Leader __consumer_offsets-11 with topic id Some(wtoGSdqRT1O8g4FydhJzhQ) starts at leader epoch 0 from offset 0 with partition epoch 0, high watermark 0, ISR [0], adding replicas [] and removing replicas [] . Previous leader None and previous leader epoch was -1.
2024-03-05T07:49:38.080+01:00  INFO 11964 --- [ntainer#0-0-C-1] o.a.k.c.c.internals.ConsumerCoordinator  : [Consumer clientId=consumer-product-23, groupId=product] Discovered group coordinator localhost:54012 (id: 2147483647 rack: null)
2024-03-05T07:49:38.080+01:00  INFO 11964 --- [ntainer#1-0-C-1] o.a.k.c.c.internals.ConsumerCoordinator  : [Consumer clientId=consumer-budget-24, groupId=budget] Discovered group coordinator localhost:54012 (id: 2147483647 rack: null)
2024-03-05T07:49:38.081+01:00  INFO 11964 --- [ntainer#0-0-C-1] o.a.k.c.c.internals.ConsumerCoordinator  : [Consumer clientId=consumer-product-23, groupId=product] Request joining group due to: rebalance failed due to 'This is not the correct coordinator.' (NotCoordinatorException)
2024-03-05T07:49:38.082+01:00  INFO 11964 --- [ntainer#0-0-C-1] o.a.k.c.c.internals.ConsumerCoordinator  : [Consumer clientId=consumer-product-23, groupId=product] (Re-)joining group
2024-03-05T07:49:38.081+01:00  INFO 11964 --- [ntainer#1-0-C-1] o.a.k.c.c.internals.ConsumerCoordinator  : [Consumer clientId=consumer-budget-24, groupId=budget] Request joining group due to: rebalance failed due to 'This is not the correct coordinator.' (NotCoordinatorException)
2024-03-05T07:49:38.083+01:00  INFO 11964 --- [r-event-handler] state.change.logger                      : [Broker id=0] Creating new partition __consumer_offsets-44 with topic id wtoGSdqRT1O8g4FydhJzhQ.
2024-03-05T07:49:38.083+01:00  INFO 11964 --- [ntainer#1-0-C-1] o.a.k.c.c.internals.ConsumerCoordinator  : [Consumer clientId=consumer-budget-24, groupId=budget] (Re-)joining group
2024-03-05T07:49:38.090+01:00  INFO 11964 --- [ntainer#0-0-C-1] o.a.k.c.c.internals.ConsumerCoordinator  : [Consumer clientId=consumer-product-23, groupId=product] Group coordinator localhost:54012 (id: 2147483647 rack: null) is unavailable or invalid due to cause: error response NOT_COORDINATOR. isDisconnected: false. Rediscovery will be attempted.
2024-03-05T07:49:38.090+01:00  INFO 11964 --- [ntainer#0-0-C-1] o.a.k.c.c.internals.ConsumerCoordinator  : [Consumer clientId=consumer-product-23, groupId=product] Requesting disconnect from last known coordinator localhost:54012 (id: 2147483647 rack: null)
2024-03-05T07:49:38.090+01:00  INFO 11964 --- [ntainer#0-0-C-1] o.a.k.c.c.internals.ConsumerCoordinator  : [Consumer clientId=consumer-product-23, groupId=product] JoinGroup failed: This is not the correct coordinator. Marking coordinator unknown. Sent generation was Generation{generationId=-1, memberId='', protocol='null'}
2024-03-05T07:49:38.090+01:00  INFO 11964 --- [ntainer#0-0-C-1] org.apache.kafka.clients.NetworkClient   : [Consumer clientId=consumer-product-23, groupId=product] Client requested disconnect from node 2147483647
2024-03-05T07:49:38.092+01:00  INFO 11964 --- [r-event-handler] kafka.log.UnifiedLog$                    : [LogLoader partition=__consumer_offsets-44, dir=C:\Users\tobia\AppData\Local\Temp\kafka-11806855896019839531\broker_0_data0] Loading producer state till offset 0 with message format version 2
2024-03-05T07:49:38.093+01:00  INFO 11964 --- [r-event-handler] kafka.log.LogManager                     : Created log for partition __consumer_offsets-44 in C:\Users\tobia\AppData\Local\Temp\kafka-11806855896019839531\broker_0_data0\__consumer_offsets-44 with properties {cleanup.policy=compact, compression.type="producer", segment.bytes=104857600}
2024-03-05T07:49:38.093+01:00  INFO 11964 --- [r-event-handler] kafka.cluster.Partition                  : [Partition __consumer_offsets-44 broker=0] No checkpointed highwatermark is found for partition __consumer_offsets-44
2024-03-05T07:49:38.093+01:00  INFO 11964 --- [r-event-handler] kafka.cluster.Partition                  : [Partition __consumer_offsets-44 broker=0] Log loaded for partition __consumer_offsets-44 with initial high watermark 0
2024-03-05T07:49:38.093+01:00  INFO 11964 --- [r-event-handler] state.change.logger                      : [Broker id=0] Leader __consumer_offsets-44 with topic id Some(wtoGSdqRT1O8g4FydhJzhQ) starts at leader epoch 0 from offset 0 with partition epoch 0, high watermark 0, ISR [0], adding replicas [] and removing replicas [] . Previous leader None and previous leader epoch was -1.
2024-03-05T07:49:38.096+01:00  INFO 11964 --- [ntainer#1-0-C-1] o.a.k.c.c.internals.ConsumerCoordinator  : [Consumer clientId=consumer-budget-24, groupId=budget] Group coordinator localhost:54012 (id: 2147483647 rack: null) is unavailable or invalid due to cause: error response NOT_COORDINATOR. isDisconnected: false. Rediscovery will be attempted.
2024-03-05T07:49:38.096+01:00  INFO 11964 --- [ntainer#1-0-C-1] o.a.k.c.c.internals.ConsumerCoordinator  : [Consumer clientId=consumer-budget-24, groupId=budget] Requesting disconnect from last known coordinator localhost:54012 (id: 2147483647 rack: null)
2024-03-05T07:49:38.096+01:00  INFO 11964 --- [ntainer#1-0-C-1] o.a.k.c.c.internals.ConsumerCoordinator  : [Consumer clientId=consumer-budget-24, groupId=budget] JoinGroup failed: This is not the correct coordinator. Marking coordinator unknown. Sent generation was Generation{generationId=-1, memberId='', protocol='null'}
2024-03-05T07:49:38.097+01:00  INFO 11964 --- [ntainer#1-0-C-1] org.apache.kafka.clients.NetworkClient   : [Consumer clientId=consumer-budget-24, groupId=budget] Client requested disconnect from node 2147483647
2024-03-05T07:49:38.100+01:00  INFO 11964 --- [ntainer#0-0-C-1] o.a.k.c.c.internals.ConsumerCoordinator  : [Consumer clientId=consumer-product-23, groupId=product] Discovered group coordinator localhost:54012 (id: 2147483647 rack: null)
2024-03-05T07:49:38.100+01:00  INFO 11964 --- [ntainer#0-0-C-1] o.a.k.c.c.internals.ConsumerCoordinator  : [Consumer clientId=consumer-product-23, groupId=product] Group coordinator localhost:54012 (id: 2147483647 rack: null) is unavailable or invalid due to cause: coordinator unavailable. isDisconnected: false. Rediscovery will be attempted.
2024-03-05T07:49:38.100+01:00  INFO 11964 --- [ntainer#0-0-C-1] o.a.k.c.c.internals.ConsumerCoordinator  : [Consumer clientId=consumer-product-23, groupId=product] Requesting disconnect from last known coordinator localhost:54012 (id: 2147483647 rack: null)
2024-03-05T07:49:38.101+01:00  INFO 11964 --- [ntainer#1-0-C-1] o.a.k.c.c.internals.ConsumerCoordinator  : [Consumer clientId=consumer-budget-24, groupId=budget] Discovered group coordinator localhost:54012 (id: 2147483647 rack: null)
2024-03-05T07:49:38.101+01:00  INFO 11964 --- [ntainer#1-0-C-1] o.a.k.c.c.internals.ConsumerCoordinator  : [Consumer clientId=consumer-budget-24, groupId=budget] Group coordinator localhost:54012 (id: 2147483647 rack: null) is unavailable or invalid due to cause: coordinator unavailable. isDisconnected: false. Rediscovery will be attempted.
2024-03-05T07:49:38.101+01:00  INFO 11964 --- [ntainer#1-0-C-1] o.a.k.c.c.internals.ConsumerCoordinator  : [Consumer clientId=consumer-budget-24, groupId=budget] Requesting disconnect from last known coordinator localhost:54012 (id: 2147483647 rack: null)
2024-03-05T07:49:38.104+01:00  INFO 11964 --- [r-event-handler] state.change.logger                      : [Broker id=0] Creating new partition __consumer_offsets-23 with topic id wtoGSdqRT1O8g4FydhJzhQ.
2024-03-05T07:49:38.114+01:00  INFO 11964 --- [r-event-handler] kafka.log.UnifiedLog$                    : [LogLoader partition=__consumer_offsets-23, dir=C:\Users\tobia\AppData\Local\Temp\kafka-11806855896019839531\broker_0_data0] Loading producer state till offset 0 with message format version 2
2024-03-05T07:49:38.115+01:00  INFO 11964 --- [r-event-handler] kafka.log.LogManager                     : Created log for partition __consumer_offsets-23 in C:\Users\tobia\AppData\Local\Temp\kafka-11806855896019839531\broker_0_data0\__consumer_offsets-23 with properties {cleanup.policy=compact, compression.type="producer", segment.bytes=104857600}
2024-03-05T07:49:38.115+01:00  INFO 11964 --- [r-event-handler] kafka.cluster.Partition                  : [Partition __consumer_offsets-23 broker=0] No checkpointed highwatermark is found for partition __consumer_offsets-23
2024-03-05T07:49:38.115+01:00  INFO 11964 --- [r-event-handler] kafka.cluster.Partition                  : [Partition __consumer_offsets-23 broker=0] Log loaded for partition __consumer_offsets-23 with initial high watermark 0
2024-03-05T07:49:38.116+01:00  INFO 11964 --- [r-event-handler] state.change.logger                      : [Broker id=0] Leader __consumer_offsets-23 with topic id Some(wtoGSdqRT1O8g4FydhJzhQ) starts at leader epoch 0 from offset 0 with partition epoch 0, high watermark 0, ISR [0], adding replicas [] and removing replicas [] . Previous leader None and previous leader epoch was -1.
2024-03-05T07:49:38.124+01:00  INFO 11964 --- [r-event-handler] state.change.logger                      : [Broker id=0] Creating new partition __consumer_offsets-19 with topic id wtoGSdqRT1O8g4FydhJzhQ.
2024-03-05T07:49:38.135+01:00  INFO 11964 --- [r-event-handler] kafka.log.UnifiedLog$                    : [LogLoader partition=__consumer_offsets-19, dir=C:\Users\tobia\AppData\Local\Temp\kafka-11806855896019839531\broker_0_data0] Loading producer state till offset 0 with message format version 2
2024-03-05T07:49:38.135+01:00  INFO 11964 --- [r-event-handler] kafka.log.LogManager                     : Created log for partition __consumer_offsets-19 in C:\Users\tobia\AppData\Local\Temp\kafka-11806855896019839531\broker_0_data0\__consumer_offsets-19 with properties {cleanup.policy=compact, compression.type="producer", segment.bytes=104857600}
2024-03-05T07:49:38.135+01:00  INFO 11964 --- [r-event-handler] kafka.cluster.Partition                  : [Partition __consumer_offsets-19 broker=0] No checkpointed highwatermark is found for partition __consumer_offsets-19
2024-03-05T07:49:38.135+01:00  INFO 11964 --- [r-event-handler] kafka.cluster.Partition                  : [Partition __consumer_offsets-19 broker=0] Log loaded for partition __consumer_offsets-19 with initial high watermark 0
2024-03-05T07:49:38.136+01:00  INFO 11964 --- [r-event-handler] state.change.logger                      : [Broker id=0] Leader __consumer_offsets-19 with topic id Some(wtoGSdqRT1O8g4FydhJzhQ) starts at leader epoch 0 from offset 0 with partition epoch 0, high watermark 0, ISR [0], adding replicas [] and removing replicas [] . Previous leader None and previous leader epoch was -1.
2024-03-05T07:49:38.143+01:00  INFO 11964 --- [r-event-handler] state.change.logger                      : [Broker id=0] Creating new partition __consumer_offsets-32 with topic id wtoGSdqRT1O8g4FydhJzhQ.
2024-03-05T07:49:38.143+01:00  INFO 11964 --- [ntainer#2-0-C-1] o.a.k.c.c.internals.ConsumerCoordinator  : [Consumer clientId=consumer-budget-22, groupId=budget] Discovered group coordinator localhost:54012 (id: 2147483647 rack: null)
2024-03-05T07:49:38.145+01:00  INFO 11964 --- [ntainer#2-0-C-1] o.a.k.c.c.internals.ConsumerCoordinator  : [Consumer clientId=consumer-budget-22, groupId=budget] Request joining group due to: rebalance failed due to 'This is not the correct coordinator.' (NotCoordinatorException)
2024-03-05T07:49:38.145+01:00  INFO 11964 --- [ntainer#2-0-C-1] o.a.k.c.c.internals.ConsumerCoordinator  : [Consumer clientId=consumer-budget-22, groupId=budget] (Re-)joining group
2024-03-05T07:49:38.154+01:00  INFO 11964 --- [r-event-handler] kafka.log.UnifiedLog$                    : [LogLoader partition=__consumer_offsets-32, dir=C:\Users\tobia\AppData\Local\Temp\kafka-11806855896019839531\broker_0_data0] Loading producer state till offset 0 with message format version 2
2024-03-05T07:49:38.154+01:00  INFO 11964 --- [r-event-handler] kafka.log.LogManager                     : Created log for partition __consumer_offsets-32 in C:\Users\tobia\AppData\Local\Temp\kafka-11806855896019839531\broker_0_data0\__consumer_offsets-32 with properties {cleanup.policy=compact, compression.type="producer", segment.bytes=104857600}
2024-03-05T07:49:38.155+01:00  INFO 11964 --- [r-event-handler] kafka.cluster.Partition                  : [Partition __consumer_offsets-32 broker=0] No checkpointed highwatermark is found for partition __consumer_offsets-32
2024-03-05T07:49:38.155+01:00  INFO 11964 --- [r-event-handler] kafka.cluster.Partition                  : [Partition __consumer_offsets-32 broker=0] Log loaded for partition __consumer_offsets-32 with initial high watermark 0
2024-03-05T07:49:38.155+01:00  INFO 11964 --- [r-event-handler] state.change.logger                      : [Broker id=0] Leader __consumer_offsets-32 with topic id Some(wtoGSdqRT1O8g4FydhJzhQ) starts at leader epoch 0 from offset 0 with partition epoch 0, high watermark 0, ISR [0], adding replicas [] and removing replicas [] . Previous leader None and previous leader epoch was -1.
2024-03-05T07:49:38.158+01:00  INFO 11964 --- [ntainer#2-0-C-1] o.a.k.c.c.internals.ConsumerCoordinator  : [Consumer clientId=consumer-budget-22, groupId=budget] Group coordinator localhost:54012 (id: 2147483647 rack: null) is unavailable or invalid due to cause: error response NOT_COORDINATOR. isDisconnected: false. Rediscovery will be attempted.
2024-03-05T07:49:38.158+01:00  INFO 11964 --- [ntainer#2-0-C-1] o.a.k.c.c.internals.ConsumerCoordinator  : [Consumer clientId=consumer-budget-22, groupId=budget] Requesting disconnect from last known coordinator localhost:54012 (id: 2147483647 rack: null)
2024-03-05T07:49:38.159+01:00  INFO 11964 --- [ntainer#2-0-C-1] o.a.k.c.c.internals.ConsumerCoordinator  : [Consumer clientId=consumer-budget-22, groupId=budget] JoinGroup failed: This is not the correct coordinator. Marking coordinator unknown. Sent generation was Generation{generationId=-1, memberId='', protocol='null'}
2024-03-05T07:49:38.159+01:00  INFO 11964 --- [ntainer#2-0-C-1] org.apache.kafka.clients.NetworkClient   : [Consumer clientId=consumer-budget-22, groupId=budget] Client requested disconnect from node 2147483647
2024-03-05T07:49:38.161+01:00  INFO 11964 --- [r-event-handler] state.change.logger                      : [Broker id=0] Creating new partition __consumer_offsets-28 with topic id wtoGSdqRT1O8g4FydhJzhQ.
2024-03-05T07:49:38.165+01:00  INFO 11964 --- [ntainer#2-0-C-1] o.a.k.c.c.internals.ConsumerCoordinator  : [Consumer clientId=consumer-budget-22, groupId=budget] Discovered group coordinator localhost:54012 (id: 2147483647 rack: null)
2024-03-05T07:49:38.165+01:00  INFO 11964 --- [ntainer#2-0-C-1] o.a.k.c.c.internals.ConsumerCoordinator  : [Consumer clientId=consumer-budget-22, groupId=budget] Group coordinator localhost:54012 (id: 2147483647 rack: null) is unavailable or invalid due to cause: coordinator unavailable. isDisconnected: false. Rediscovery will be attempted.
2024-03-05T07:49:38.165+01:00  INFO 11964 --- [ntainer#2-0-C-1] o.a.k.c.c.internals.ConsumerCoordinator  : [Consumer clientId=consumer-budget-22, groupId=budget] Requesting disconnect from last known coordinator localhost:54012 (id: 2147483647 rack: null)
2024-03-05T07:49:38.172+01:00  INFO 11964 --- [r-event-handler] kafka.log.UnifiedLog$                    : [LogLoader partition=__consumer_offsets-28, dir=C:\Users\tobia\AppData\Local\Temp\kafka-11806855896019839531\broker_0_data0] Loading producer state till offset 0 with message format version 2
2024-03-05T07:49:38.173+01:00  INFO 11964 --- [r-event-handler] kafka.log.LogManager                     : Created log for partition __consumer_offsets-28 in C:\Users\tobia\AppData\Local\Temp\kafka-11806855896019839531\broker_0_data0\__consumer_offsets-28 with properties {cleanup.policy=compact, compression.type="producer", segment.bytes=104857600}
2024-03-05T07:49:38.173+01:00  INFO 11964 --- [r-event-handler] kafka.cluster.Partition                  : [Partition __consumer_offsets-28 broker=0] No checkpointed highwatermark is found for partition __consumer_offsets-28
2024-03-05T07:49:38.173+01:00  INFO 11964 --- [r-event-handler] kafka.cluster.Partition                  : [Partition __consumer_offsets-28 broker=0] Log loaded for partition __consumer_offsets-28 with initial high watermark 0
2024-03-05T07:49:38.173+01:00  INFO 11964 --- [r-event-handler] state.change.logger                      : [Broker id=0] Leader __consumer_offsets-28 with topic id Some(wtoGSdqRT1O8g4FydhJzhQ) starts at leader epoch 0 from offset 0 with partition epoch 0, high watermark 0, ISR [0], adding replicas [] and removing replicas [] . Previous leader None and previous leader epoch was -1.
2024-03-05T07:49:38.180+01:00  INFO 11964 --- [r-event-handler] state.change.logger                      : [Broker id=0] Creating new partition __consumer_offsets-7 with topic id wtoGSdqRT1O8g4FydhJzhQ.
2024-03-05T07:49:38.191+01:00  INFO 11964 --- [r-event-handler] kafka.log.UnifiedLog$                    : [LogLoader partition=__consumer_offsets-7, dir=C:\Users\tobia\AppData\Local\Temp\kafka-11806855896019839531\broker_0_data0] Loading producer state till offset 0 with message format version 2
2024-03-05T07:49:38.192+01:00  INFO 11964 --- [r-event-handler] kafka.log.LogManager                     : Created log for partition __consumer_offsets-7 in C:\Users\tobia\AppData\Local\Temp\kafka-11806855896019839531\broker_0_data0\__consumer_offsets-7 with properties {cleanup.policy=compact, compression.type="producer", segment.bytes=104857600}
2024-03-05T07:49:38.192+01:00  INFO 11964 --- [r-event-handler] kafka.cluster.Partition                  : [Partition __consumer_offsets-7 broker=0] No checkpointed highwatermark is found for partition __consumer_offsets-7
2024-03-05T07:49:38.192+01:00  INFO 11964 --- [r-event-handler] kafka.cluster.Partition                  : [Partition __consumer_offsets-7 broker=0] Log loaded for partition __consumer_offsets-7 with initial high watermark 0
2024-03-05T07:49:38.192+01:00  INFO 11964 --- [r-event-handler] state.change.logger                      : [Broker id=0] Leader __consumer_offsets-7 with topic id Some(wtoGSdqRT1O8g4FydhJzhQ) starts at leader epoch 0 from offset 0 with partition epoch 0, high watermark 0, ISR [0], adding replicas [] and removing replicas [] . Previous leader None and previous leader epoch was -1.
2024-03-05T07:49:38.203+01:00  INFO 11964 --- [r-event-handler] state.change.logger                      : [Broker id=0] Creating new partition __consumer_offsets-40 with topic id wtoGSdqRT1O8g4FydhJzhQ.
2024-03-05T07:49:38.206+01:00  INFO 11964 --- [ntainer#1-0-C-1] o.a.k.c.c.internals.ConsumerCoordinator  : [Consumer clientId=consumer-budget-24, groupId=budget] Discovered group coordinator localhost:54012 (id: 2147483647 rack: null)
2024-03-05T07:49:38.207+01:00  INFO 11964 --- [ntainer#1-0-C-1] o.a.k.c.c.internals.ConsumerCoordinator  : [Consumer clientId=consumer-budget-24, groupId=budget] Request joining group due to: rebalance failed due to 'This is not the correct coordinator.' (NotCoordinatorException)
2024-03-05T07:49:38.208+01:00  INFO 11964 --- [ntainer#1-0-C-1] o.a.k.c.c.internals.ConsumerCoordinator  : [Consumer clientId=consumer-budget-24, groupId=budget] (Re-)joining group
2024-03-05T07:49:38.209+01:00  INFO 11964 --- [ntainer#0-0-C-1] o.a.k.c.c.internals.ConsumerCoordinator  : [Consumer clientId=consumer-product-23, groupId=product] Discovered group coordinator localhost:54012 (id: 2147483647 rack: null)
2024-03-05T07:49:38.211+01:00  INFO 11964 --- [ntainer#0-0-C-1] o.a.k.c.c.internals.ConsumerCoordinator  : [Consumer clientId=consumer-product-23, groupId=product] Request joining group due to: rebalance failed due to 'This is not the correct coordinator.' (NotCoordinatorException)
2024-03-05T07:49:38.211+01:00  INFO 11964 --- [ntainer#0-0-C-1] o.a.k.c.c.internals.ConsumerCoordinator  : [Consumer clientId=consumer-product-23, groupId=product] (Re-)joining group
2024-03-05T07:49:38.213+01:00  INFO 11964 --- [r-event-handler] kafka.log.UnifiedLog$                    : [LogLoader partition=__consumer_offsets-40, dir=C:\Users\tobia\AppData\Local\Temp\kafka-11806855896019839531\broker_0_data0] Loading producer state till offset 0 with message format version 2
2024-03-05T07:49:38.214+01:00  INFO 11964 --- [r-event-handler] kafka.log.LogManager                     : Created log for partition __consumer_offsets-40 in C:\Users\tobia\AppData\Local\Temp\kafka-11806855896019839531\broker_0_data0\__consumer_offsets-40 with properties {cleanup.policy=compact, compression.type="producer", segment.bytes=104857600}
2024-03-05T07:49:38.214+01:00  INFO 11964 --- [r-event-handler] kafka.cluster.Partition                  : [Partition __consumer_offsets-40 broker=0] No checkpointed highwatermark is found for partition __consumer_offsets-40
2024-03-05T07:49:38.214+01:00  INFO 11964 --- [r-event-handler] kafka.cluster.Partition                  : [Partition __consumer_offsets-40 broker=0] Log loaded for partition __consumer_offsets-40 with initial high watermark 0
2024-03-05T07:49:38.214+01:00  INFO 11964 --- [r-event-handler] state.change.logger                      : [Broker id=0] Leader __consumer_offsets-40 with topic id Some(wtoGSdqRT1O8g4FydhJzhQ) starts at leader epoch 0 from offset 0 with partition epoch 0, high watermark 0, ISR [0], adding replicas [] and removing replicas [] . Previous leader None and previous leader epoch was -1.
2024-03-05T07:49:38.220+01:00  INFO 11964 --- [r-event-handler] state.change.logger                      : [Broker id=0] Creating new partition __consumer_offsets-3 with topic id wtoGSdqRT1O8g4FydhJzhQ.
2024-03-05T07:49:38.230+01:00  INFO 11964 --- [r-event-handler] kafka.log.UnifiedLog$                    : [LogLoader partition=__consumer_offsets-3, dir=C:\Users\tobia\AppData\Local\Temp\kafka-11806855896019839531\broker_0_data0] Loading producer state till offset 0 with message format version 2
2024-03-05T07:49:38.231+01:00  INFO 11964 --- [r-event-handler] kafka.log.LogManager                     : Created log for partition __consumer_offsets-3 in C:\Users\tobia\AppData\Local\Temp\kafka-11806855896019839531\broker_0_data0\__consumer_offsets-3 with properties {cleanup.policy=compact, compression.type="producer", segment.bytes=104857600}
2024-03-05T07:49:38.231+01:00  INFO 11964 --- [r-event-handler] kafka.cluster.Partition                  : [Partition __consumer_offsets-3 broker=0] No checkpointed highwatermark is found for partition __consumer_offsets-3
2024-03-05T07:49:38.231+01:00  INFO 11964 --- [r-event-handler] kafka.cluster.Partition                  : [Partition __consumer_offsets-3 broker=0] Log loaded for partition __consumer_offsets-3 with initial high watermark 0
2024-03-05T07:49:38.232+01:00  INFO 11964 --- [r-event-handler] state.change.logger                      : [Broker id=0] Leader __consumer_offsets-3 with topic id Some(wtoGSdqRT1O8g4FydhJzhQ) starts at leader epoch 0 from offset 0 with partition epoch 0, high watermark 0, ISR [0], adding replicas [] and removing replicas [] . Previous leader None and previous leader epoch was -1.
2024-03-05T07:49:38.239+01:00  INFO 11964 --- [ntainer#1-0-C-1] o.a.k.c.c.internals.ConsumerCoordinator  : [Consumer clientId=consumer-budget-24, groupId=budget] Group coordinator localhost:54012 (id: 2147483647 rack: null) is unavailable or invalid due to cause: error response NOT_COORDINATOR. isDisconnected: false. Rediscovery will be attempted.
2024-03-05T07:49:38.240+01:00  INFO 11964 --- [ntainer#1-0-C-1] o.a.k.c.c.internals.ConsumerCoordinator  : [Consumer clientId=consumer-budget-24, groupId=budget] Requesting disconnect from last known coordinator localhost:54012 (id: 2147483647 rack: null)
2024-03-05T07:49:38.240+01:00  INFO 11964 --- [ntainer#1-0-C-1] o.a.k.c.c.internals.ConsumerCoordinator  : [Consumer clientId=consumer-budget-24, groupId=budget] JoinGroup failed: This is not the correct coordinator. Marking coordinator unknown. Sent generation was Generation{generationId=-1, memberId='', protocol='null'}
2024-03-05T07:49:38.240+01:00  INFO 11964 --- [ntainer#1-0-C-1] org.apache.kafka.clients.NetworkClient   : [Consumer clientId=consumer-budget-24, groupId=budget] Client requested disconnect from node 2147483647
2024-03-05T07:49:38.243+01:00  INFO 11964 --- [ntainer#0-0-C-1] o.a.k.c.c.internals.ConsumerCoordinator  : [Consumer clientId=consumer-product-23, groupId=product] Group coordinator localhost:54012 (id: 2147483647 rack: null) is unavailable or invalid due to cause: error response NOT_COORDINATOR. isDisconnected: false. Rediscovery will be attempted.
2024-03-05T07:49:38.243+01:00  INFO 11964 --- [ntainer#0-0-C-1] o.a.k.c.c.internals.ConsumerCoordinator  : [Consumer clientId=consumer-product-23, groupId=product] Requesting disconnect from last known coordinator localhost:54012 (id: 2147483647 rack: null)
2024-03-05T07:49:38.243+01:00  INFO 11964 --- [ntainer#0-0-C-1] o.a.k.c.c.internals.ConsumerCoordinator  : [Consumer clientId=consumer-product-23, groupId=product] JoinGroup failed: This is not the correct coordinator. Marking coordinator unknown. Sent generation was Generation{generationId=-1, memberId='', protocol='null'}
2024-03-05T07:49:38.243+01:00  INFO 11964 --- [ntainer#0-0-C-1] org.apache.kafka.clients.NetworkClient   : [Consumer clientId=consumer-product-23, groupId=product] Client requested disconnect from node 2147483647
2024-03-05T07:49:38.245+01:00  INFO 11964 --- [r-event-handler] state.change.logger                      : [Broker id=0] Creating new partition __consumer_offsets-36 with topic id wtoGSdqRT1O8g4FydhJzhQ.
2024-03-05T07:49:38.251+01:00  INFO 11964 --- [ntainer#1-0-C-1] o.a.k.c.c.internals.ConsumerCoordinator  : [Consumer clientId=consumer-budget-24, groupId=budget] Discovered group coordinator localhost:54012 (id: 2147483647 rack: null)
2024-03-05T07:49:38.252+01:00  INFO 11964 --- [ntainer#1-0-C-1] o.a.k.c.c.internals.ConsumerCoordinator  : [Consumer clientId=consumer-budget-24, groupId=budget] Group coordinator localhost:54012 (id: 2147483647 rack: null) is unavailable or invalid due to cause: coordinator unavailable. isDisconnected: false. Rediscovery will be attempted.
2024-03-05T07:49:38.252+01:00  INFO 11964 --- [ntainer#1-0-C-1] o.a.k.c.c.internals.ConsumerCoordinator  : [Consumer clientId=consumer-budget-24, groupId=budget] Requesting disconnect from last known coordinator localhost:54012 (id: 2147483647 rack: null)
2024-03-05T07:49:38.253+01:00  INFO 11964 --- [ntainer#0-0-C-1] o.a.k.c.c.internals.ConsumerCoordinator  : [Consumer clientId=consumer-product-23, groupId=product] Discovered group coordinator localhost:54012 (id: 2147483647 rack: null)
2024-03-05T07:49:38.253+01:00  INFO 11964 --- [ntainer#0-0-C-1] o.a.k.c.c.internals.ConsumerCoordinator  : [Consumer clientId=consumer-product-23, groupId=product] Group coordinator localhost:54012 (id: 2147483647 rack: null) is unavailable or invalid due to cause: coordinator unavailable. isDisconnected: false. Rediscovery will be attempted.
2024-03-05T07:49:38.254+01:00  INFO 11964 --- [ntainer#0-0-C-1] o.a.k.c.c.internals.ConsumerCoordinator  : [Consumer clientId=consumer-product-23, groupId=product] Requesting disconnect from last known coordinator localhost:54012 (id: 2147483647 rack: null)
2024-03-05T07:49:38.256+01:00  INFO 11964 --- [r-event-handler] kafka.log.UnifiedLog$                    : [LogLoader partition=__consumer_offsets-36, dir=C:\Users\tobia\AppData\Local\Temp\kafka-11806855896019839531\broker_0_data0] Loading producer state till offset 0 with message format version 2
2024-03-05T07:49:38.257+01:00  INFO 11964 --- [r-event-handler] kafka.log.LogManager                     : Created log for partition __consumer_offsets-36 in C:\Users\tobia\AppData\Local\Temp\kafka-11806855896019839531\broker_0_data0\__consumer_offsets-36 with properties {cleanup.policy=compact, compression.type="producer", segment.bytes=104857600}
2024-03-05T07:49:38.257+01:00  INFO 11964 --- [r-event-handler] kafka.cluster.Partition                  : [Partition __consumer_offsets-36 broker=0] No checkpointed highwatermark is found for partition __consumer_offsets-36
2024-03-05T07:49:38.257+01:00  INFO 11964 --- [r-event-handler] kafka.cluster.Partition                  : [Partition __consumer_offsets-36 broker=0] Log loaded for partition __consumer_offsets-36 with initial high watermark 0
2024-03-05T07:49:38.257+01:00  INFO 11964 --- [r-event-handler] state.change.logger                      : [Broker id=0] Leader __consumer_offsets-36 with topic id Some(wtoGSdqRT1O8g4FydhJzhQ) starts at leader epoch 0 from offset 0 with partition epoch 0, high watermark 0, ISR [0], adding replicas [] and removing replicas [] . Previous leader None and previous leader epoch was -1.
2024-03-05T07:49:38.263+01:00  INFO 11964 --- [r-event-handler] state.change.logger                      : [Broker id=0] Creating new partition __consumer_offsets-47 with topic id wtoGSdqRT1O8g4FydhJzhQ.
2024-03-05T07:49:38.273+01:00  INFO 11964 --- [r-event-handler] kafka.log.UnifiedLog$                    : [LogLoader partition=__consumer_offsets-47, dir=C:\Users\tobia\AppData\Local\Temp\kafka-11806855896019839531\broker_0_data0] Loading producer state till offset 0 with message format version 2
2024-03-05T07:49:38.274+01:00  INFO 11964 --- [r-event-handler] kafka.log.LogManager                     : Created log for partition __consumer_offsets-47 in C:\Users\tobia\AppData\Local\Temp\kafka-11806855896019839531\broker_0_data0\__consumer_offsets-47 with properties {cleanup.policy=compact, compression.type="producer", segment.bytes=104857600}
2024-03-05T07:49:38.274+01:00  INFO 11964 --- [r-event-handler] kafka.cluster.Partition                  : [Partition __consumer_offsets-47 broker=0] No checkpointed highwatermark is found for partition __consumer_offsets-47
2024-03-05T07:49:38.274+01:00  INFO 11964 --- [r-event-handler] kafka.cluster.Partition                  : [Partition __consumer_offsets-47 broker=0] Log loaded for partition __consumer_offsets-47 with initial high watermark 0
2024-03-05T07:49:38.274+01:00  INFO 11964 --- [r-event-handler] state.change.logger                      : [Broker id=0] Leader __consumer_offsets-47 with topic id Some(wtoGSdqRT1O8g4FydhJzhQ) starts at leader epoch 0 from offset 0 with partition epoch 0, high watermark 0, ISR [0], adding replicas [] and removing replicas [] . Previous leader None and previous leader epoch was -1.
2024-03-05T07:49:38.277+01:00  INFO 11964 --- [ntainer#2-0-C-1] o.a.k.c.c.internals.ConsumerCoordinator  : [Consumer clientId=consumer-budget-22, groupId=budget] Discovered group coordinator localhost:54012 (id: 2147483647 rack: null)
2024-03-05T07:49:38.279+01:00  INFO 11964 --- [ntainer#2-0-C-1] o.a.k.c.c.internals.ConsumerCoordinator  : [Consumer clientId=consumer-budget-22, groupId=budget] Request joining group due to: rebalance failed due to 'This is not the correct coordinator.' (NotCoordinatorException)
2024-03-05T07:49:38.280+01:00  INFO 11964 --- [ntainer#2-0-C-1] o.a.k.c.c.internals.ConsumerCoordinator  : [Consumer clientId=consumer-budget-22, groupId=budget] (Re-)joining group
2024-03-05T07:49:38.280+01:00  INFO 11964 --- [r-event-handler] state.change.logger                      : [Broker id=0] Creating new partition __consumer_offsets-14 with topic id wtoGSdqRT1O8g4FydhJzhQ.
2024-03-05T07:49:38.284+01:00  INFO 11964 --- [ntainer#2-0-C-1] o.a.k.c.c.internals.ConsumerCoordinator  : [Consumer clientId=consumer-budget-22, groupId=budget] Group coordinator localhost:54012 (id: 2147483647 rack: null) is unavailable or invalid due to cause: error response NOT_COORDINATOR. isDisconnected: false. Rediscovery will be attempted.
2024-03-05T07:49:38.284+01:00  INFO 11964 --- [ntainer#2-0-C-1] o.a.k.c.c.internals.ConsumerCoordinator  : [Consumer clientId=consumer-budget-22, groupId=budget] Requesting disconnect from last known coordinator localhost:54012 (id: 2147483647 rack: null)
2024-03-05T07:49:38.284+01:00  INFO 11964 --- [ntainer#2-0-C-1] o.a.k.c.c.internals.ConsumerCoordinator  : [Consumer clientId=consumer-budget-22, groupId=budget] JoinGroup failed: This is not the correct coordinator. Marking coordinator unknown. Sent generation was Generation{generationId=-1, memberId='', protocol='null'}
2024-03-05T07:49:38.284+01:00  INFO 11964 --- [ntainer#2-0-C-1] org.apache.kafka.clients.NetworkClient   : [Consumer clientId=consumer-budget-22, groupId=budget] Client requested disconnect from node 2147483647
2024-03-05T07:49:38.287+01:00  INFO 11964 --- [ntainer#2-0-C-1] o.a.k.c.c.internals.ConsumerCoordinator  : [Consumer clientId=consumer-budget-22, groupId=budget] Discovered group coordinator localhost:54012 (id: 2147483647 rack: null)
2024-03-05T07:49:38.287+01:00  INFO 11964 --- [ntainer#2-0-C-1] o.a.k.c.c.internals.ConsumerCoordinator  : [Consumer clientId=consumer-budget-22, groupId=budget] Group coordinator localhost:54012 (id: 2147483647 rack: null) is unavailable or invalid due to cause: coordinator unavailable. isDisconnected: false. Rediscovery will be attempted.
2024-03-05T07:49:38.287+01:00  INFO 11964 --- [ntainer#2-0-C-1] o.a.k.c.c.internals.ConsumerCoordinator  : [Consumer clientId=consumer-budget-22, groupId=budget] Requesting disconnect from last known coordinator localhost:54012 (id: 2147483647 rack: null)
2024-03-05T07:49:38.291+01:00  INFO 11964 --- [r-event-handler] kafka.log.UnifiedLog$                    : [LogLoader partition=__consumer_offsets-14, dir=C:\Users\tobia\AppData\Local\Temp\kafka-11806855896019839531\broker_0_data0] Loading producer state till offset 0 with message format version 2
2024-03-05T07:49:38.291+01:00  INFO 11964 --- [r-event-handler] kafka.log.LogManager                     : Created log for partition __consumer_offsets-14 in C:\Users\tobia\AppData\Local\Temp\kafka-11806855896019839531\broker_0_data0\__consumer_offsets-14 with properties {cleanup.policy=compact, compression.type="producer", segment.bytes=104857600}
2024-03-05T07:49:38.291+01:00  INFO 11964 --- [r-event-handler] kafka.cluster.Partition                  : [Partition __consumer_offsets-14 broker=0] No checkpointed highwatermark is found for partition __consumer_offsets-14
2024-03-05T07:49:38.291+01:00  INFO 11964 --- [r-event-handler] kafka.cluster.Partition                  : [Partition __consumer_offsets-14 broker=0] Log loaded for partition __consumer_offsets-14 with initial high watermark 0
2024-03-05T07:49:38.291+01:00  INFO 11964 --- [r-event-handler] state.change.logger                      : [Broker id=0] Leader __consumer_offsets-14 with topic id Some(wtoGSdqRT1O8g4FydhJzhQ) starts at leader epoch 0 from offset 0 with partition epoch 0, high watermark 0, ISR [0], adding replicas [] and removing replicas [] . Previous leader None and previous leader epoch was -1.
2024-03-05T07:49:38.299+01:00  INFO 11964 --- [r-event-handler] state.change.logger                      : [Broker id=0] Creating new partition __consumer_offsets-43 with topic id wtoGSdqRT1O8g4FydhJzhQ.
2024-03-05T07:49:38.311+01:00  INFO 11964 --- [r-event-handler] kafka.log.UnifiedLog$                    : [LogLoader partition=__consumer_offsets-43, dir=C:\Users\tobia\AppData\Local\Temp\kafka-11806855896019839531\broker_0_data0] Loading producer state till offset 0 with message format version 2
2024-03-05T07:49:38.312+01:00  INFO 11964 --- [r-event-handler] kafka.log.LogManager                     : Created log for partition __consumer_offsets-43 in C:\Users\tobia\AppData\Local\Temp\kafka-11806855896019839531\broker_0_data0\__consumer_offsets-43 with properties {cleanup.policy=compact, compression.type="producer", segment.bytes=104857600}
2024-03-05T07:49:38.312+01:00  INFO 11964 --- [r-event-handler] kafka.cluster.Partition                  : [Partition __consumer_offsets-43 broker=0] No checkpointed highwatermark is found for partition __consumer_offsets-43
2024-03-05T07:49:38.312+01:00  INFO 11964 --- [r-event-handler] kafka.cluster.Partition                  : [Partition __consumer_offsets-43 broker=0] Log loaded for partition __consumer_offsets-43 with initial high watermark 0
2024-03-05T07:49:38.312+01:00  INFO 11964 --- [r-event-handler] state.change.logger                      : [Broker id=0] Leader __consumer_offsets-43 with topic id Some(wtoGSdqRT1O8g4FydhJzhQ) starts at leader epoch 0 from offset 0 with partition epoch 0, high watermark 0, ISR [0], adding replicas [] and removing replicas [] . Previous leader None and previous leader epoch was -1.
2024-03-05T07:49:38.321+01:00  INFO 11964 --- [r-event-handler] state.change.logger                      : [Broker id=0] Creating new partition __consumer_offsets-10 with topic id wtoGSdqRT1O8g4FydhJzhQ.
2024-03-05T07:49:38.346+01:00  INFO 11964 --- [r-event-handler] kafka.log.UnifiedLog$                    : [LogLoader partition=__consumer_offsets-10, dir=C:\Users\tobia\AppData\Local\Temp\kafka-11806855896019839531\broker_0_data0] Loading producer state till offset 0 with message format version 2
2024-03-05T07:49:38.351+01:00  INFO 11964 --- [r-event-handler] kafka.log.LogManager                     : Created log for partition __consumer_offsets-10 in C:\Users\tobia\AppData\Local\Temp\kafka-11806855896019839531\broker_0_data0\__consumer_offsets-10 with properties {cleanup.policy=compact, compression.type="producer", segment.bytes=104857600}
2024-03-05T07:49:38.351+01:00  INFO 11964 --- [r-event-handler] kafka.cluster.Partition                  : [Partition __consumer_offsets-10 broker=0] No checkpointed highwatermark is found for partition __consumer_offsets-10
2024-03-05T07:49:38.351+01:00  INFO 11964 --- [r-event-handler] kafka.cluster.Partition                  : [Partition __consumer_offsets-10 broker=0] Log loaded for partition __consumer_offsets-10 with initial high watermark 0
2024-03-05T07:49:38.352+01:00  INFO 11964 --- [r-event-handler] state.change.logger                      : [Broker id=0] Leader __consumer_offsets-10 with topic id Some(wtoGSdqRT1O8g4FydhJzhQ) starts at leader epoch 0 from offset 0 with partition epoch 0, high watermark 0, ISR [0], adding replicas [] and removing replicas [] . Previous leader None and previous leader epoch was -1.
2024-03-05T07:49:38.361+01:00  INFO 11964 --- [ntainer#1-0-C-1] o.a.k.c.c.internals.ConsumerCoordinator  : [Consumer clientId=consumer-budget-24, groupId=budget] Discovered group coordinator localhost:54012 (id: 2147483647 rack: null)
2024-03-05T07:49:38.362+01:00  INFO 11964 --- [ntainer#0-0-C-1] o.a.k.c.c.internals.ConsumerCoordinator  : [Consumer clientId=consumer-product-23, groupId=product] Discovered group coordinator localhost:54012 (id: 2147483647 rack: null)
2024-03-05T07:49:38.363+01:00  INFO 11964 --- [ntainer#1-0-C-1] o.a.k.c.c.internals.ConsumerCoordinator  : [Consumer clientId=consumer-budget-24, groupId=budget] Request joining group due to: rebalance failed due to 'This is not the correct coordinator.' (NotCoordinatorException)
2024-03-05T07:49:38.363+01:00  INFO 11964 --- [ntainer#0-0-C-1] o.a.k.c.c.internals.ConsumerCoordinator  : [Consumer clientId=consumer-product-23, groupId=product] Request joining group due to: rebalance failed due to 'This is not the correct coordinator.' (NotCoordinatorException)
2024-03-05T07:49:38.363+01:00  INFO 11964 --- [ntainer#1-0-C-1] o.a.k.c.c.internals.ConsumerCoordinator  : [Consumer clientId=consumer-budget-24, groupId=budget] (Re-)joining group
2024-03-05T07:49:38.363+01:00  INFO 11964 --- [ntainer#0-0-C-1] o.a.k.c.c.internals.ConsumerCoordinator  : [Consumer clientId=consumer-product-23, groupId=product] (Re-)joining group
2024-03-05T07:49:38.372+01:00  INFO 11964 --- [ntainer#1-0-C-1] o.a.k.c.c.internals.ConsumerCoordinator  : [Consumer clientId=consumer-budget-24, groupId=budget] Group coordinator localhost:54012 (id: 2147483647 rack: null) is unavailable or invalid due to cause: error response NOT_COORDINATOR. isDisconnected: false. Rediscovery will be attempted.
2024-03-05T07:49:38.372+01:00  INFO 11964 --- [ntainer#1-0-C-1] o.a.k.c.c.internals.ConsumerCoordinator  : [Consumer clientId=consumer-budget-24, groupId=budget] Requesting disconnect from last known coordinator localhost:54012 (id: 2147483647 rack: null)
2024-03-05T07:49:38.372+01:00  INFO 11964 --- [ntainer#1-0-C-1] o.a.k.c.c.internals.ConsumerCoordinator  : [Consumer clientId=consumer-budget-24, groupId=budget] JoinGroup failed: This is not the correct coordinator. Marking coordinator unknown. Sent generation was Generation{generationId=-1, memberId='', protocol='null'}
2024-03-05T07:49:38.372+01:00  INFO 11964 --- [ntainer#1-0-C-1] org.apache.kafka.clients.NetworkClient   : [Consumer clientId=consumer-budget-24, groupId=budget] Client requested disconnect from node 2147483647
2024-03-05T07:49:38.373+01:00  INFO 11964 --- [ntainer#0-0-C-1] o.a.k.c.c.internals.ConsumerCoordinator  : [Consumer clientId=consumer-product-23, groupId=product] Group coordinator localhost:54012 (id: 2147483647 rack: null) is unavailable or invalid due to cause: error response NOT_COORDINATOR. isDisconnected: false. Rediscovery will be attempted.
2024-03-05T07:49:38.373+01:00  INFO 11964 --- [ntainer#0-0-C-1] o.a.k.c.c.internals.ConsumerCoordinator  : [Consumer clientId=consumer-product-23, groupId=product] Requesting disconnect from last known coordinator localhost:54012 (id: 2147483647 rack: null)
2024-03-05T07:49:38.373+01:00  INFO 11964 --- [ntainer#0-0-C-1] o.a.k.c.c.internals.ConsumerCoordinator  : [Consumer clientId=consumer-product-23, groupId=product] JoinGroup failed: This is not the correct coordinator. Marking coordinator unknown. Sent generation was Generation{generationId=-1, memberId='', protocol='null'}
2024-03-05T07:49:38.374+01:00  INFO 11964 --- [ntainer#0-0-C-1] org.apache.kafka.clients.NetworkClient   : [Consumer clientId=consumer-product-23, groupId=product] Client requested disconnect from node 2147483647
2024-03-05T07:49:38.374+01:00  INFO 11964 --- [ntainer#1-0-C-1] o.a.k.c.c.internals.ConsumerCoordinator  : [Consumer clientId=consumer-budget-24, groupId=budget] Discovered group coordinator localhost:54012 (id: 2147483647 rack: null)
2024-03-05T07:49:38.374+01:00  INFO 11964 --- [ntainer#1-0-C-1] o.a.k.c.c.internals.ConsumerCoordinator  : [Consumer clientId=consumer-budget-24, groupId=budget] Group coordinator localhost:54012 (id: 2147483647 rack: null) is unavailable or invalid due to cause: coordinator unavailable. isDisconnected: false. Rediscovery will be attempted.
2024-03-05T07:49:38.374+01:00  INFO 11964 --- [ntainer#1-0-C-1] o.a.k.c.c.internals.ConsumerCoordinator  : [Consumer clientId=consumer-budget-24, groupId=budget] Requesting disconnect from last known coordinator localhost:54012 (id: 2147483647 rack: null)
2024-03-05T07:49:38.376+01:00  INFO 11964 --- [ntainer#0-0-C-1] o.a.k.c.c.internals.ConsumerCoordinator  : [Consumer clientId=consumer-product-23, groupId=product] Discovered group coordinator localhost:54012 (id: 2147483647 rack: null)
2024-03-05T07:49:38.376+01:00  INFO 11964 --- [ntainer#0-0-C-1] o.a.k.c.c.internals.ConsumerCoordinator  : [Consumer clientId=consumer-product-23, groupId=product] Group coordinator localhost:54012 (id: 2147483647 rack: null) is unavailable or invalid due to cause: coordinator unavailable. isDisconnected: false. Rediscovery will be attempted.
2024-03-05T07:49:38.376+01:00  INFO 11964 --- [ntainer#0-0-C-1] o.a.k.c.c.internals.ConsumerCoordinator  : [Consumer clientId=consumer-product-23, groupId=product] Requesting disconnect from last known coordinator localhost:54012 (id: 2147483647 rack: null)
2024-03-05T07:49:38.379+01:00  INFO 11964 --- [r-event-handler] state.change.logger                      : [Broker id=0] Creating new partition __consumer_offsets-22 with topic id wtoGSdqRT1O8g4FydhJzhQ.
2024-03-05T07:49:38.393+01:00  INFO 11964 --- [ntainer#2-0-C-1] o.a.k.c.c.internals.ConsumerCoordinator  : [Consumer clientId=consumer-budget-22, groupId=budget] Discovered group coordinator localhost:54012 (id: 2147483647 rack: null)
2024-03-05T07:49:38.395+01:00  INFO 11964 --- [ntainer#2-0-C-1] o.a.k.c.c.internals.ConsumerCoordinator  : [Consumer clientId=consumer-budget-22, groupId=budget] Request joining group due to: rebalance failed due to 'This is not the correct coordinator.' (NotCoordinatorException)
2024-03-05T07:49:38.395+01:00  INFO 11964 --- [ntainer#2-0-C-1] o.a.k.c.c.internals.ConsumerCoordinator  : [Consumer clientId=consumer-budget-22, groupId=budget] (Re-)joining group
2024-03-05T07:49:38.399+01:00  INFO 11964 --- [ntainer#2-0-C-1] o.a.k.c.c.internals.ConsumerCoordinator  : [Consumer clientId=consumer-budget-22, groupId=budget] Group coordinator localhost:54012 (id: 2147483647 rack: null) is unavailable or invalid due to cause: error response NOT_COORDINATOR. isDisconnected: false. Rediscovery will be attempted.
2024-03-05T07:49:38.400+01:00  INFO 11964 --- [ntainer#2-0-C-1] o.a.k.c.c.internals.ConsumerCoordinator  : [Consumer clientId=consumer-budget-22, groupId=budget] Requesting disconnect from last known coordinator localhost:54012 (id: 2147483647 rack: null)
2024-03-05T07:49:38.400+01:00  INFO 11964 --- [ntainer#2-0-C-1] o.a.k.c.c.internals.ConsumerCoordinator  : [Consumer clientId=consumer-budget-22, groupId=budget] JoinGroup failed: This is not the correct coordinator. Marking coordinator unknown. Sent generation was Generation{generationId=-1, memberId='', protocol='null'}
2024-03-05T07:49:38.400+01:00  INFO 11964 --- [ntainer#2-0-C-1] org.apache.kafka.clients.NetworkClient   : [Consumer clientId=consumer-budget-22, groupId=budget] Client requested disconnect from node 2147483647
2024-03-05T07:49:38.402+01:00  INFO 11964 --- [ntainer#2-0-C-1] o.a.k.c.c.internals.ConsumerCoordinator  : [Consumer clientId=consumer-budget-22, groupId=budget] Discovered group coordinator localhost:54012 (id: 2147483647 rack: null)
2024-03-05T07:49:38.402+01:00  INFO 11964 --- [ntainer#2-0-C-1] o.a.k.c.c.internals.ConsumerCoordinator  : [Consumer clientId=consumer-budget-22, groupId=budget] Group coordinator localhost:54012 (id: 2147483647 rack: null) is unavailable or invalid due to cause: coordinator unavailable. isDisconnected: false. Rediscovery will be attempted.
2024-03-05T07:49:38.402+01:00  INFO 11964 --- [ntainer#2-0-C-1] o.a.k.c.c.internals.ConsumerCoordinator  : [Consumer clientId=consumer-budget-22, groupId=budget] Requesting disconnect from last known coordinator localhost:54012 (id: 2147483647 rack: null)
2024-03-05T07:49:38.402+01:00  INFO 11964 --- [r-event-handler] kafka.log.UnifiedLog$                    : [LogLoader partition=__consumer_offsets-22, dir=C:\Users\tobia\AppData\Local\Temp\kafka-11806855896019839531\broker_0_data0] Loading producer state till offset 0 with message format version 2
2024-03-05T07:49:38.403+01:00  INFO 11964 --- [r-event-handler] kafka.log.LogManager                     : Created log for partition __consumer_offsets-22 in C:\Users\tobia\AppData\Local\Temp\kafka-11806855896019839531\broker_0_data0\__consumer_offsets-22 with properties {cleanup.policy=compact, compression.type="producer", segment.bytes=104857600}
2024-03-05T07:49:38.403+01:00  INFO 11964 --- [r-event-handler] kafka.cluster.Partition                  : [Partition __consumer_offsets-22 broker=0] No checkpointed highwatermark is found for partition __consumer_offsets-22
2024-03-05T07:49:38.403+01:00  INFO 11964 --- [r-event-handler] kafka.cluster.Partition                  : [Partition __consumer_offsets-22 broker=0] Log loaded for partition __consumer_offsets-22 with initial high watermark 0
2024-03-05T07:49:38.404+01:00  INFO 11964 --- [r-event-handler] state.change.logger                      : [Broker id=0] Leader __consumer_offsets-22 with topic id Some(wtoGSdqRT1O8g4FydhJzhQ) starts at leader epoch 0 from offset 0 with partition epoch 0, high watermark 0, ISR [0], adding replicas [] and removing replicas [] . Previous leader None and previous leader epoch was -1.
2024-03-05T07:49:38.412+01:00  INFO 11964 --- [r-event-handler] state.change.logger                      : [Broker id=0] Creating new partition __consumer_offsets-18 with topic id wtoGSdqRT1O8g4FydhJzhQ.
2024-03-05T07:49:38.432+01:00  INFO 11964 --- [r-event-handler] kafka.log.UnifiedLog$                    : [LogLoader partition=__consumer_offsets-18, dir=C:\Users\tobia\AppData\Local\Temp\kafka-11806855896019839531\broker_0_data0] Loading producer state till offset 0 with message format version 2
2024-03-05T07:49:38.433+01:00  INFO 11964 --- [r-event-handler] kafka.log.LogManager                     : Created log for partition __consumer_offsets-18 in C:\Users\tobia\AppData\Local\Temp\kafka-11806855896019839531\broker_0_data0\__consumer_offsets-18 with properties {cleanup.policy=compact, compression.type="producer", segment.bytes=104857600}
2024-03-05T07:49:38.433+01:00  INFO 11964 --- [r-event-handler] kafka.cluster.Partition                  : [Partition __consumer_offsets-18 broker=0] No checkpointed highwatermark is found for partition __consumer_offsets-18
2024-03-05T07:49:38.433+01:00  INFO 11964 --- [r-event-handler] kafka.cluster.Partition                  : [Partition __consumer_offsets-18 broker=0] Log loaded for partition __consumer_offsets-18 with initial high watermark 0
2024-03-05T07:49:38.433+01:00  INFO 11964 --- [r-event-handler] state.change.logger                      : [Broker id=0] Leader __consumer_offsets-18 with topic id Some(wtoGSdqRT1O8g4FydhJzhQ) starts at leader epoch 0 from offset 0 with partition epoch 0, high watermark 0, ISR [0], adding replicas [] and removing replicas [] . Previous leader None and previous leader epoch was -1.
2024-03-05T07:49:38.444+01:00  INFO 11964 --- [r-event-handler] state.change.logger                      : [Broker id=0] Creating new partition __consumer_offsets-31 with topic id wtoGSdqRT1O8g4FydhJzhQ.
2024-03-05T07:49:38.479+01:00  INFO 11964 --- [r-event-handler] kafka.log.UnifiedLog$                    : [LogLoader partition=__consumer_offsets-31, dir=C:\Users\tobia\AppData\Local\Temp\kafka-11806855896019839531\broker_0_data0] Loading producer state till offset 0 with message format version 2
2024-03-05T07:49:38.483+01:00  INFO 11964 --- [r-event-handler] kafka.log.LogManager                     : Created log for partition __consumer_offsets-31 in C:\Users\tobia\AppData\Local\Temp\kafka-11806855896019839531\broker_0_data0\__consumer_offsets-31 with properties {cleanup.policy=compact, compression.type="producer", segment.bytes=104857600}
2024-03-05T07:49:38.483+01:00  INFO 11964 --- [r-event-handler] kafka.cluster.Partition                  : [Partition __consumer_offsets-31 broker=0] No checkpointed highwatermark is found for partition __consumer_offsets-31
2024-03-05T07:49:38.483+01:00  INFO 11964 --- [r-event-handler] kafka.cluster.Partition                  : [Partition __consumer_offsets-31 broker=0] Log loaded for partition __consumer_offsets-31 with initial high watermark 0
2024-03-05T07:49:38.483+01:00  INFO 11964 --- [r-event-handler] state.change.logger                      : [Broker id=0] Leader __consumer_offsets-31 with topic id Some(wtoGSdqRT1O8g4FydhJzhQ) starts at leader epoch 0 from offset 0 with partition epoch 0, high watermark 0, ISR [0], adding replicas [] and removing replicas [] . Previous leader None and previous leader epoch was -1.
2024-03-05T07:49:38.489+01:00  INFO 11964 --- [ntainer#1-0-C-1] o.a.k.c.c.internals.ConsumerCoordinator  : [Consumer clientId=consumer-budget-24, groupId=budget] Discovered group coordinator localhost:54012 (id: 2147483647 rack: null)
2024-03-05T07:49:38.489+01:00  INFO 11964 --- [ntainer#0-0-C-1] o.a.k.c.c.internals.ConsumerCoordinator  : [Consumer clientId=consumer-product-23, groupId=product] Discovered group coordinator localhost:54012 (id: 2147483647 rack: null)
2024-03-05T07:49:38.491+01:00  INFO 11964 --- [ntainer#1-0-C-1] o.a.k.c.c.internals.ConsumerCoordinator  : [Consumer clientId=consumer-budget-24, groupId=budget] Request joining group due to: rebalance failed due to 'This is not the correct coordinator.' (NotCoordinatorException)
2024-03-05T07:49:38.491+01:00  INFO 11964 --- [ntainer#1-0-C-1] o.a.k.c.c.internals.ConsumerCoordinator  : [Consumer clientId=consumer-budget-24, groupId=budget] (Re-)joining group
2024-03-05T07:49:38.491+01:00  INFO 11964 --- [ntainer#0-0-C-1] o.a.k.c.c.internals.ConsumerCoordinator  : [Consumer clientId=consumer-product-23, groupId=product] Request joining group due to: rebalance failed due to 'This is not the correct coordinator.' (NotCoordinatorException)
2024-03-05T07:49:38.492+01:00  INFO 11964 --- [ntainer#0-0-C-1] o.a.k.c.c.internals.ConsumerCoordinator  : [Consumer clientId=consumer-product-23, groupId=product] (Re-)joining group
2024-03-05T07:49:38.496+01:00  INFO 11964 --- [ntainer#1-0-C-1] o.a.k.c.c.internals.ConsumerCoordinator  : [Consumer clientId=consumer-budget-24, groupId=budget] Group coordinator localhost:54012 (id: 2147483647 rack: null) is unavailable or invalid due to cause: error response NOT_COORDINATOR. isDisconnected: false. Rediscovery will be attempted.
2024-03-05T07:49:38.496+01:00  INFO 11964 --- [ntainer#1-0-C-1] o.a.k.c.c.internals.ConsumerCoordinator  : [Consumer clientId=consumer-budget-24, groupId=budget] Requesting disconnect from last known coordinator localhost:54012 (id: 2147483647 rack: null)
2024-03-05T07:49:38.496+01:00  INFO 11964 --- [ntainer#1-0-C-1] o.a.k.c.c.internals.ConsumerCoordinator  : [Consumer clientId=consumer-budget-24, groupId=budget] JoinGroup failed: This is not the correct coordinator. Marking coordinator unknown. Sent generation was Generation{generationId=-1, memberId='', protocol='null'}
2024-03-05T07:49:38.496+01:00  INFO 11964 --- [ntainer#1-0-C-1] org.apache.kafka.clients.NetworkClient   : [Consumer clientId=consumer-budget-24, groupId=budget] Client requested disconnect from node 2147483647
2024-03-05T07:49:38.496+01:00  INFO 11964 --- [ntainer#0-0-C-1] o.a.k.c.c.internals.ConsumerCoordinator  : [Consumer clientId=consumer-product-23, groupId=product] Group coordinator localhost:54012 (id: 2147483647 rack: null) is unavailable or invalid due to cause: error response NOT_COORDINATOR. isDisconnected: false. Rediscovery will be attempted.
2024-03-05T07:49:38.496+01:00  INFO 11964 --- [ntainer#0-0-C-1] o.a.k.c.c.internals.ConsumerCoordinator  : [Consumer clientId=consumer-product-23, groupId=product] Requesting disconnect from last known coordinator localhost:54012 (id: 2147483647 rack: null)
2024-03-05T07:49:38.496+01:00  INFO 11964 --- [ntainer#0-0-C-1] o.a.k.c.c.internals.ConsumerCoordinator  : [Consumer clientId=consumer-product-23, groupId=product] JoinGroup failed: This is not the correct coordinator. Marking coordinator unknown. Sent generation was Generation{generationId=-1, memberId='', protocol='null'}
2024-03-05T07:49:38.496+01:00  INFO 11964 --- [ntainer#0-0-C-1] org.apache.kafka.clients.NetworkClient   : [Consumer clientId=consumer-product-23, groupId=product] Client requested disconnect from node 2147483647
2024-03-05T07:49:38.501+01:00  INFO 11964 --- [ntainer#1-0-C-1] o.a.k.c.c.internals.ConsumerCoordinator  : [Consumer clientId=consumer-budget-24, groupId=budget] Discovered group coordinator localhost:54012 (id: 2147483647 rack: null)
2024-03-05T07:49:38.501+01:00  INFO 11964 --- [ntainer#1-0-C-1] o.a.k.c.c.internals.ConsumerCoordinator  : [Consumer clientId=consumer-budget-24, groupId=budget] Group coordinator localhost:54012 (id: 2147483647 rack: null) is unavailable or invalid due to cause: coordinator unavailable. isDisconnected: false. Rediscovery will be attempted.
2024-03-05T07:49:38.501+01:00  INFO 11964 --- [ntainer#1-0-C-1] o.a.k.c.c.internals.ConsumerCoordinator  : [Consumer clientId=consumer-budget-24, groupId=budget] Requesting disconnect from last known coordinator localhost:54012 (id: 2147483647 rack: null)
2024-03-05T07:49:38.502+01:00  INFO 11964 --- [ntainer#0-0-C-1] o.a.k.c.c.internals.ConsumerCoordinator  : [Consumer clientId=consumer-product-23, groupId=product] Discovered group coordinator localhost:54012 (id: 2147483647 rack: null)
2024-03-05T07:49:38.502+01:00  INFO 11964 --- [ntainer#0-0-C-1] o.a.k.c.c.internals.ConsumerCoordinator  : [Consumer clientId=consumer-product-23, groupId=product] Group coordinator localhost:54012 (id: 2147483647 rack: null) is unavailable or invalid due to cause: coordinator unavailable. isDisconnected: false. Rediscovery will be attempted.
2024-03-05T07:49:38.502+01:00  INFO 11964 --- [ntainer#0-0-C-1] o.a.k.c.c.internals.ConsumerCoordinator  : [Consumer clientId=consumer-product-23, groupId=product] Requesting disconnect from last known coordinator localhost:54012 (id: 2147483647 rack: null)
2024-03-05T07:49:38.519+01:00  INFO 11964 --- [ntainer#2-0-C-1] o.a.k.c.c.internals.ConsumerCoordinator  : [Consumer clientId=consumer-budget-22, groupId=budget] Discovered group coordinator localhost:54012 (id: 2147483647 rack: null)
2024-03-05T07:49:38.520+01:00  INFO 11964 --- [r-event-handler] state.change.logger                      : [Broker id=0] Creating new partition __consumer_offsets-27 with topic id wtoGSdqRT1O8g4FydhJzhQ.
2024-03-05T07:49:38.521+01:00  INFO 11964 --- [ntainer#2-0-C-1] o.a.k.c.c.internals.ConsumerCoordinator  : [Consumer clientId=consumer-budget-22, groupId=budget] Request joining group due to: rebalance failed due to 'This is not the correct coordinator.' (NotCoordinatorException)
2024-03-05T07:49:38.521+01:00  INFO 11964 --- [ntainer#2-0-C-1] o.a.k.c.c.internals.ConsumerCoordinator  : [Consumer clientId=consumer-budget-22, groupId=budget] (Re-)joining group
2024-03-05T07:49:38.524+01:00  INFO 11964 --- [ntainer#2-0-C-1] o.a.k.c.c.internals.ConsumerCoordinator  : [Consumer clientId=consumer-budget-22, groupId=budget] Group coordinator localhost:54012 (id: 2147483647 rack: null) is unavailable or invalid due to cause: error response NOT_COORDINATOR. isDisconnected: false. Rediscovery will be attempted.
2024-03-05T07:49:38.524+01:00  INFO 11964 --- [ntainer#2-0-C-1] o.a.k.c.c.internals.ConsumerCoordinator  : [Consumer clientId=consumer-budget-22, groupId=budget] Requesting disconnect from last known coordinator localhost:54012 (id: 2147483647 rack: null)
2024-03-05T07:49:38.524+01:00  INFO 11964 --- [ntainer#2-0-C-1] o.a.k.c.c.internals.ConsumerCoordinator  : [Consumer clientId=consumer-budget-22, groupId=budget] JoinGroup failed: This is not the correct coordinator. Marking coordinator unknown. Sent generation was Generation{generationId=-1, memberId='', protocol='null'}
2024-03-05T07:49:38.525+01:00  INFO 11964 --- [ntainer#2-0-C-1] org.apache.kafka.clients.NetworkClient   : [Consumer clientId=consumer-budget-22, groupId=budget] Client requested disconnect from node 2147483647
2024-03-05T07:49:38.527+01:00  INFO 11964 --- [ntainer#2-0-C-1] o.a.k.c.c.internals.ConsumerCoordinator  : [Consumer clientId=consumer-budget-22, groupId=budget] Discovered group coordinator localhost:54012 (id: 2147483647 rack: null)
2024-03-05T07:49:38.527+01:00  INFO 11964 --- [ntainer#2-0-C-1] o.a.k.c.c.internals.ConsumerCoordinator  : [Consumer clientId=consumer-budget-22, groupId=budget] Group coordinator localhost:54012 (id: 2147483647 rack: null) is unavailable or invalid due to cause: coordinator unavailable. isDisconnected: false. Rediscovery will be attempted.
2024-03-05T07:49:38.527+01:00  INFO 11964 --- [ntainer#2-0-C-1] o.a.k.c.c.internals.ConsumerCoordinator  : [Consumer clientId=consumer-budget-22, groupId=budget] Requesting disconnect from last known coordinator localhost:54012 (id: 2147483647 rack: null)
2024-03-05T07:49:38.551+01:00  INFO 11964 --- [r-event-handler] kafka.log.UnifiedLog$                    : [LogLoader partition=__consumer_offsets-27, dir=C:\Users\tobia\AppData\Local\Temp\kafka-11806855896019839531\broker_0_data0] Loading producer state till offset 0 with message format version 2
2024-03-05T07:49:38.553+01:00  INFO 11964 --- [r-event-handler] kafka.log.LogManager                     : Created log for partition __consumer_offsets-27 in C:\Users\tobia\AppData\Local\Temp\kafka-11806855896019839531\broker_0_data0\__consumer_offsets-27 with properties {cleanup.policy=compact, compression.type="producer", segment.bytes=104857600}
2024-03-05T07:49:38.553+01:00  INFO 11964 --- [r-event-handler] kafka.cluster.Partition                  : [Partition __consumer_offsets-27 broker=0] No checkpointed highwatermark is found for partition __consumer_offsets-27
2024-03-05T07:49:38.553+01:00  INFO 11964 --- [r-event-handler] kafka.cluster.Partition                  : [Partition __consumer_offsets-27 broker=0] Log loaded for partition __consumer_offsets-27 with initial high watermark 0
2024-03-05T07:49:38.553+01:00  INFO 11964 --- [r-event-handler] state.change.logger                      : [Broker id=0] Leader __consumer_offsets-27 with topic id Some(wtoGSdqRT1O8g4FydhJzhQ) starts at leader epoch 0 from offset 0 with partition epoch 0, high watermark 0, ISR [0], adding replicas [] and removing replicas [] . Previous leader None and previous leader epoch was -1.
2024-03-05T07:49:38.601+01:00  INFO 11964 --- [r-event-handler] state.change.logger                      : [Broker id=0] Creating new partition __consumer_offsets-39 with topic id wtoGSdqRT1O8g4FydhJzhQ.
2024-03-05T07:49:38.615+01:00  INFO 11964 --- [ntainer#1-0-C-1] o.a.k.c.c.internals.ConsumerCoordinator  : [Consumer clientId=consumer-budget-24, groupId=budget] Discovered group coordinator localhost:54012 (id: 2147483647 rack: null)
2024-03-05T07:49:38.617+01:00  INFO 11964 --- [ntainer#1-0-C-1] o.a.k.c.c.internals.ConsumerCoordinator  : [Consumer clientId=consumer-budget-24, groupId=budget] Request joining group due to: rebalance failed due to 'This is not the correct coordinator.' (NotCoordinatorException)
2024-03-05T07:49:38.617+01:00  INFO 11964 --- [ntainer#1-0-C-1] o.a.k.c.c.internals.ConsumerCoordinator  : [Consumer clientId=consumer-budget-24, groupId=budget] (Re-)joining group
2024-03-05T07:49:38.618+01:00  INFO 11964 --- [ntainer#0-0-C-1] o.a.k.c.c.internals.ConsumerCoordinator  : [Consumer clientId=consumer-product-23, groupId=product] Discovered group coordinator localhost:54012 (id: 2147483647 rack: null)
2024-03-05T07:49:38.620+01:00  INFO 11964 --- [ntainer#0-0-C-1] o.a.k.c.c.internals.ConsumerCoordinator  : [Consumer clientId=consumer-product-23, groupId=product] Request joining group due to: rebalance failed due to 'This is not the correct coordinator.' (NotCoordinatorException)
2024-03-05T07:49:38.621+01:00  INFO 11964 --- [ntainer#0-0-C-1] o.a.k.c.c.internals.ConsumerCoordinator  : [Consumer clientId=consumer-product-23, groupId=product] (Re-)joining group
2024-03-05T07:49:38.628+01:00  INFO 11964 --- [ntainer#1-0-C-1] o.a.k.c.c.internals.ConsumerCoordinator  : [Consumer clientId=consumer-budget-24, groupId=budget] Group coordinator localhost:54012 (id: 2147483647 rack: null) is unavailable or invalid due to cause: error response NOT_COORDINATOR. isDisconnected: false. Rediscovery will be attempted.
2024-03-05T07:49:38.628+01:00  INFO 11964 --- [ntainer#1-0-C-1] o.a.k.c.c.internals.ConsumerCoordinator  : [Consumer clientId=consumer-budget-24, groupId=budget] Requesting disconnect from last known coordinator localhost:54012 (id: 2147483647 rack: null)
2024-03-05T07:49:38.628+01:00  INFO 11964 --- [ntainer#1-0-C-1] o.a.k.c.c.internals.ConsumerCoordinator  : [Consumer clientId=consumer-budget-24, groupId=budget] JoinGroup failed: This is not the correct coordinator. Marking coordinator unknown. Sent generation was Generation{generationId=-1, memberId='', protocol='null'}
2024-03-05T07:49:38.628+01:00  INFO 11964 --- [ntainer#1-0-C-1] org.apache.kafka.clients.NetworkClient   : [Consumer clientId=consumer-budget-24, groupId=budget] Client requested disconnect from node 2147483647
2024-03-05T07:49:38.639+01:00  INFO 11964 --- [ntainer#1-0-C-1] o.a.k.c.c.internals.ConsumerCoordinator  : [Consumer clientId=consumer-budget-24, groupId=budget] Discovered group coordinator localhost:54012 (id: 2147483647 rack: null)
2024-03-05T07:49:38.640+01:00  INFO 11964 --- [ntainer#1-0-C-1] o.a.k.c.c.internals.ConsumerCoordinator  : [Consumer clientId=consumer-budget-24, groupId=budget] Group coordinator localhost:54012 (id: 2147483647 rack: null) is unavailable or invalid due to cause: coordinator unavailable. isDisconnected: false. Rediscovery will be attempted.
2024-03-05T07:49:38.640+01:00  INFO 11964 --- [ntainer#1-0-C-1] o.a.k.c.c.internals.ConsumerCoordinator  : [Consumer clientId=consumer-budget-24, groupId=budget] Requesting disconnect from last known coordinator localhost:54012 (id: 2147483647 rack: null)
2024-03-05T07:49:38.640+01:00  INFO 11964 --- [ntainer#0-0-C-1] o.a.k.c.c.internals.ConsumerCoordinator  : [Consumer clientId=consumer-product-23, groupId=product] Group coordinator localhost:54012 (id: 2147483647 rack: null) is unavailable or invalid due to cause: error response NOT_COORDINATOR. isDisconnected: false. Rediscovery will be attempted.
2024-03-05T07:49:38.640+01:00  INFO 11964 --- [ntainer#0-0-C-1] o.a.k.c.c.internals.ConsumerCoordinator  : [Consumer clientId=consumer-product-23, groupId=product] Requesting disconnect from last known coordinator localhost:54012 (id: 2147483647 rack: null)
2024-03-05T07:49:38.640+01:00  INFO 11964 --- [ntainer#0-0-C-1] o.a.k.c.c.internals.ConsumerCoordinator  : [Consumer clientId=consumer-product-23, groupId=product] JoinGroup failed: This is not the correct coordinator. Marking coordinator unknown. Sent generation was Generation{generationId=-1, memberId='', protocol='null'}
2024-03-05T07:49:38.640+01:00  INFO 11964 --- [ntainer#0-0-C-1] org.apache.kafka.clients.NetworkClient   : [Consumer clientId=consumer-product-23, groupId=product] Client requested disconnect from node 2147483647
2024-03-05T07:49:38.643+01:00  INFO 11964 --- [ntainer#0-0-C-1] o.a.k.c.c.internals.ConsumerCoordinator  : [Consumer clientId=consumer-product-23, groupId=product] Discovered group coordinator localhost:54012 (id: 2147483647 rack: null)
2024-03-05T07:49:38.643+01:00  INFO 11964 --- [ntainer#0-0-C-1] o.a.k.c.c.internals.ConsumerCoordinator  : [Consumer clientId=consumer-product-23, groupId=product] Group coordinator localhost:54012 (id: 2147483647 rack: null) is unavailable or invalid due to cause: coordinator unavailable. isDisconnected: false. Rediscovery will be attempted.
2024-03-05T07:49:38.644+01:00  INFO 11964 --- [ntainer#0-0-C-1] o.a.k.c.c.internals.ConsumerCoordinator  : [Consumer clientId=consumer-product-23, groupId=product] Requesting disconnect from last known coordinator localhost:54012 (id: 2147483647 rack: null)
2024-03-05T07:49:38.644+01:00  INFO 11964 --- [ntainer#2-0-C-1] o.a.k.c.c.internals.ConsumerCoordinator  : [Consumer clientId=consumer-budget-22, groupId=budget] Discovered group coordinator localhost:54012 (id: 2147483647 rack: null)
2024-03-05T07:49:38.645+01:00  INFO 11964 --- [ntainer#2-0-C-1] o.a.k.c.c.internals.ConsumerCoordinator  : [Consumer clientId=consumer-budget-22, groupId=budget] Request joining group due to: rebalance failed due to 'This is not the correct coordinator.' (NotCoordinatorException)
2024-03-05T07:49:38.646+01:00  INFO 11964 --- [ntainer#2-0-C-1] o.a.k.c.c.internals.ConsumerCoordinator  : [Consumer clientId=consumer-budget-22, groupId=budget] (Re-)joining group
2024-03-05T07:49:38.651+01:00  INFO 11964 --- [ntainer#2-0-C-1] o.a.k.c.c.internals.ConsumerCoordinator  : [Consumer clientId=consumer-budget-22, groupId=budget] Group coordinator localhost:54012 (id: 2147483647 rack: null) is unavailable or invalid due to cause: error response NOT_COORDINATOR. isDisconnected: false. Rediscovery will be attempted.
2024-03-05T07:49:38.651+01:00  INFO 11964 --- [ntainer#2-0-C-1] o.a.k.c.c.internals.ConsumerCoordinator  : [Consumer clientId=consumer-budget-22, groupId=budget] Requesting disconnect from last known coordinator localhost:54012 (id: 2147483647 rack: null)
2024-03-05T07:49:38.651+01:00  INFO 11964 --- [ntainer#2-0-C-1] o.a.k.c.c.internals.ConsumerCoordinator  : [Consumer clientId=consumer-budget-22, groupId=budget] JoinGroup failed: This is not the correct coordinator. Marking coordinator unknown. Sent generation was Generation{generationId=-1, memberId='', protocol='null'}
2024-03-05T07:49:38.651+01:00  INFO 11964 --- [ntainer#2-0-C-1] org.apache.kafka.clients.NetworkClient   : [Consumer clientId=consumer-budget-22, groupId=budget] Client requested disconnect from node 2147483647
2024-03-05T07:49:38.653+01:00  INFO 11964 --- [ntainer#2-0-C-1] o.a.k.c.c.internals.ConsumerCoordinator  : [Consumer clientId=consumer-budget-22, groupId=budget] Discovered group coordinator localhost:54012 (id: 2147483647 rack: null)
2024-03-05T07:49:38.653+01:00  INFO 11964 --- [ntainer#2-0-C-1] o.a.k.c.c.internals.ConsumerCoordinator  : [Consumer clientId=consumer-budget-22, groupId=budget] Group coordinator localhost:54012 (id: 2147483647 rack: null) is unavailable or invalid due to cause: coordinator unavailable. isDisconnected: false. Rediscovery will be attempted.
2024-03-05T07:49:38.653+01:00  INFO 11964 --- [ntainer#2-0-C-1] o.a.k.c.c.internals.ConsumerCoordinator  : [Consumer clientId=consumer-budget-22, groupId=budget] Requesting disconnect from last known coordinator localhost:54012 (id: 2147483647 rack: null)
2024-03-05T07:49:38.664+01:00  INFO 11964 --- [r-event-handler] kafka.log.UnifiedLog$                    : [LogLoader partition=__consumer_offsets-39, dir=C:\Users\tobia\AppData\Local\Temp\kafka-11806855896019839531\broker_0_data0] Loading producer state till offset 0 with message format version 2
2024-03-05T07:49:38.666+01:00  INFO 11964 --- [r-event-handler] kafka.log.LogManager                     : Created log for partition __consumer_offsets-39 in C:\Users\tobia\AppData\Local\Temp\kafka-11806855896019839531\broker_0_data0\__consumer_offsets-39 with properties {cleanup.policy=compact, compression.type="producer", segment.bytes=104857600}
2024-03-05T07:49:38.667+01:00  INFO 11964 --- [r-event-handler] kafka.cluster.Partition                  : [Partition __consumer_offsets-39 broker=0] No checkpointed highwatermark is found for partition __consumer_offsets-39
2024-03-05T07:49:38.667+01:00  INFO 11964 --- [r-event-handler] kafka.cluster.Partition                  : [Partition __consumer_offsets-39 broker=0] Log loaded for partition __consumer_offsets-39 with initial high watermark 0
2024-03-05T07:49:38.667+01:00  INFO 11964 --- [r-event-handler] state.change.logger                      : [Broker id=0] Leader __consumer_offsets-39 with topic id Some(wtoGSdqRT1O8g4FydhJzhQ) starts at leader epoch 0 from offset 0 with partition epoch 0, high watermark 0, ISR [0], adding replicas [] and removing replicas [] . Previous leader None and previous leader epoch was -1.
2024-03-05T07:49:38.683+01:00  INFO 11964 --- [r-event-handler] state.change.logger                      : [Broker id=0] Creating new partition __consumer_offsets-6 with topic id wtoGSdqRT1O8g4FydhJzhQ.
2024-03-05T07:49:38.708+01:00  INFO 11964 --- [r-event-handler] kafka.log.UnifiedLog$                    : [LogLoader partition=__consumer_offsets-6, dir=C:\Users\tobia\AppData\Local\Temp\kafka-11806855896019839531\broker_0_data0] Loading producer state till offset 0 with message format version 2
2024-03-05T07:49:38.708+01:00  INFO 11964 --- [r-event-handler] kafka.log.LogManager                     : Created log for partition __consumer_offsets-6 in C:\Users\tobia\AppData\Local\Temp\kafka-11806855896019839531\broker_0_data0\__consumer_offsets-6 with properties {cleanup.policy=compact, compression.type="producer", segment.bytes=104857600}
2024-03-05T07:49:38.708+01:00  INFO 11964 --- [r-event-handler] kafka.cluster.Partition                  : [Partition __consumer_offsets-6 broker=0] No checkpointed highwatermark is found for partition __consumer_offsets-6
2024-03-05T07:49:38.709+01:00  INFO 11964 --- [r-event-handler] kafka.cluster.Partition                  : [Partition __consumer_offsets-6 broker=0] Log loaded for partition __consumer_offsets-6 with initial high watermark 0
2024-03-05T07:49:38.709+01:00  INFO 11964 --- [r-event-handler] state.change.logger                      : [Broker id=0] Leader __consumer_offsets-6 with topic id Some(wtoGSdqRT1O8g4FydhJzhQ) starts at leader epoch 0 from offset 0 with partition epoch 0, high watermark 0, ISR [0], adding replicas [] and removing replicas [] . Previous leader None and previous leader epoch was -1.
2024-03-05T07:49:38.717+01:00  INFO 11964 --- [r-event-handler] state.change.logger                      : [Broker id=0] Creating new partition __consumer_offsets-35 with topic id wtoGSdqRT1O8g4FydhJzhQ.
2024-03-05T07:49:38.726+01:00  INFO 11964 --- [r-event-handler] kafka.log.UnifiedLog$                    : [LogLoader partition=__consumer_offsets-35, dir=C:\Users\tobia\AppData\Local\Temp\kafka-11806855896019839531\broker_0_data0] Loading producer state till offset 0 with message format version 2
2024-03-05T07:49:38.727+01:00  INFO 11964 --- [r-event-handler] kafka.log.LogManager                     : Created log for partition __consumer_offsets-35 in C:\Users\tobia\AppData\Local\Temp\kafka-11806855896019839531\broker_0_data0\__consumer_offsets-35 with properties {cleanup.policy=compact, compression.type="producer", segment.bytes=104857600}
2024-03-05T07:49:38.727+01:00  INFO 11964 --- [r-event-handler] kafka.cluster.Partition                  : [Partition __consumer_offsets-35 broker=0] No checkpointed highwatermark is found for partition __consumer_offsets-35
2024-03-05T07:49:38.727+01:00  INFO 11964 --- [r-event-handler] kafka.cluster.Partition                  : [Partition __consumer_offsets-35 broker=0] Log loaded for partition __consumer_offsets-35 with initial high watermark 0
2024-03-05T07:49:38.727+01:00  INFO 11964 --- [r-event-handler] state.change.logger                      : [Broker id=0] Leader __consumer_offsets-35 with topic id Some(wtoGSdqRT1O8g4FydhJzhQ) starts at leader epoch 0 from offset 0 with partition epoch 0, high watermark 0, ISR [0], adding replicas [] and removing replicas [] . Previous leader None and previous leader epoch was -1.
2024-03-05T07:49:38.744+01:00  INFO 11964 --- [r-event-handler] state.change.logger                      : [Broker id=0] Creating new partition __consumer_offsets-2 with topic id wtoGSdqRT1O8g4FydhJzhQ.
2024-03-05T07:49:38.753+01:00  INFO 11964 --- [ntainer#0-0-C-1] o.a.k.c.c.internals.ConsumerCoordinator  : [Consumer clientId=consumer-product-23, groupId=product] Discovered group coordinator localhost:54012 (id: 2147483647 rack: null)
2024-03-05T07:49:38.755+01:00  INFO 11964 --- [ntainer#1-0-C-1] o.a.k.c.c.internals.ConsumerCoordinator  : [Consumer clientId=consumer-budget-24, groupId=budget] Discovered group coordinator localhost:54012 (id: 2147483647 rack: null)
2024-03-05T07:49:38.755+01:00  INFO 11964 --- [ntainer#0-0-C-1] o.a.k.c.c.internals.ConsumerCoordinator  : [Consumer clientId=consumer-product-23, groupId=product] Request joining group due to: rebalance failed due to 'This is not the correct coordinator.' (NotCoordinatorException)
2024-03-05T07:49:38.755+01:00  INFO 11964 --- [ntainer#0-0-C-1] o.a.k.c.c.internals.ConsumerCoordinator  : [Consumer clientId=consumer-product-23, groupId=product] (Re-)joining group
2024-03-05T07:49:38.756+01:00  INFO 11964 --- [ntainer#1-0-C-1] o.a.k.c.c.internals.ConsumerCoordinator  : [Consumer clientId=consumer-budget-24, groupId=budget] Request joining group due to: rebalance failed due to 'This is not the correct coordinator.' (NotCoordinatorException)
2024-03-05T07:49:38.756+01:00  INFO 11964 --- [ntainer#1-0-C-1] o.a.k.c.c.internals.ConsumerCoordinator  : [Consumer clientId=consumer-budget-24, groupId=budget] (Re-)joining group
2024-03-05T07:49:38.759+01:00  INFO 11964 --- [ntainer#1-0-C-1] o.a.k.c.c.internals.ConsumerCoordinator  : [Consumer clientId=consumer-budget-24, groupId=budget] Group coordinator localhost:54012 (id: 2147483647 rack: null) is unavailable or invalid due to cause: error response NOT_COORDINATOR. isDisconnected: false. Rediscovery will be attempted.
2024-03-05T07:49:38.759+01:00  INFO 11964 --- [ntainer#1-0-C-1] o.a.k.c.c.internals.ConsumerCoordinator  : [Consumer clientId=consumer-budget-24, groupId=budget] Requesting disconnect from last known coordinator localhost:54012 (id: 2147483647 rack: null)
2024-03-05T07:49:38.759+01:00  INFO 11964 --- [ntainer#1-0-C-1] o.a.k.c.c.internals.ConsumerCoordinator  : [Consumer clientId=consumer-budget-24, groupId=budget] JoinGroup failed: This is not the correct coordinator. Marking coordinator unknown. Sent generation was Generation{generationId=-1, memberId='', protocol='null'}
2024-03-05T07:49:38.759+01:00  INFO 11964 --- [ntainer#0-0-C-1] o.a.k.c.c.internals.ConsumerCoordinator  : [Consumer clientId=consumer-product-23, groupId=product] Group coordinator localhost:54012 (id: 2147483647 rack: null) is unavailable or invalid due to cause: error response NOT_COORDINATOR. isDisconnected: false. Rediscovery will be attempted.
2024-03-05T07:49:38.759+01:00  INFO 11964 --- [ntainer#0-0-C-1] o.a.k.c.c.internals.ConsumerCoordinator  : [Consumer clientId=consumer-product-23, groupId=product] Requesting disconnect from last known coordinator localhost:54012 (id: 2147483647 rack: null)
2024-03-05T07:49:38.759+01:00  INFO 11964 --- [ntainer#0-0-C-1] o.a.k.c.c.internals.ConsumerCoordinator  : [Consumer clientId=consumer-product-23, groupId=product] JoinGroup failed: This is not the correct coordinator. Marking coordinator unknown. Sent generation was Generation{generationId=-1, memberId='', protocol='null'}
2024-03-05T07:49:38.759+01:00  INFO 11964 --- [ntainer#1-0-C-1] org.apache.kafka.clients.NetworkClient   : [Consumer clientId=consumer-budget-24, groupId=budget] Client requested disconnect from node 2147483647
2024-03-05T07:49:38.759+01:00  INFO 11964 --- [ntainer#0-0-C-1] org.apache.kafka.clients.NetworkClient   : [Consumer clientId=consumer-product-23, groupId=product] Client requested disconnect from node 2147483647
2024-03-05T07:49:38.761+01:00  INFO 11964 --- [ntainer#1-0-C-1] o.a.k.c.c.internals.ConsumerCoordinator  : [Consumer clientId=consumer-budget-24, groupId=budget] Discovered group coordinator localhost:54012 (id: 2147483647 rack: null)
2024-03-05T07:49:38.761+01:00  INFO 11964 --- [ntainer#1-0-C-1] o.a.k.c.c.internals.ConsumerCoordinator  : [Consumer clientId=consumer-budget-24, groupId=budget] Group coordinator localhost:54012 (id: 2147483647 rack: null) is unavailable or invalid due to cause: coordinator unavailable. isDisconnected: false. Rediscovery will be attempted.
2024-03-05T07:49:38.761+01:00  INFO 11964 --- [ntainer#1-0-C-1] o.a.k.c.c.internals.ConsumerCoordinator  : [Consumer clientId=consumer-budget-24, groupId=budget] Requesting disconnect from last known coordinator localhost:54012 (id: 2147483647 rack: null)
2024-03-05T07:49:38.762+01:00  INFO 11964 --- [ntainer#0-0-C-1] o.a.k.c.c.internals.ConsumerCoordinator  : [Consumer clientId=consumer-product-23, groupId=product] Discovered group coordinator localhost:54012 (id: 2147483647 rack: null)
2024-03-05T07:49:38.763+01:00  INFO 11964 --- [ntainer#0-0-C-1] o.a.k.c.c.internals.ConsumerCoordinator  : [Consumer clientId=consumer-product-23, groupId=product] Group coordinator localhost:54012 (id: 2147483647 rack: null) is unavailable or invalid due to cause: coordinator unavailable. isDisconnected: false. Rediscovery will be attempted.
2024-03-05T07:49:38.763+01:00  INFO 11964 --- [ntainer#0-0-C-1] o.a.k.c.c.internals.ConsumerCoordinator  : [Consumer clientId=consumer-product-23, groupId=product] Requesting disconnect from last known coordinator localhost:54012 (id: 2147483647 rack: null)
2024-03-05T07:49:38.768+01:00  INFO 11964 --- [ntainer#2-0-C-1] o.a.k.c.c.internals.ConsumerCoordinator  : [Consumer clientId=consumer-budget-22, groupId=budget] Discovered group coordinator localhost:54012 (id: 2147483647 rack: null)
2024-03-05T07:49:38.770+01:00  INFO 11964 --- [ntainer#2-0-C-1] o.a.k.c.c.internals.ConsumerCoordinator  : [Consumer clientId=consumer-budget-22, groupId=budget] Request joining group due to: rebalance failed due to 'This is not the correct coordinator.' (NotCoordinatorException)
2024-03-05T07:49:38.770+01:00  INFO 11964 --- [ntainer#2-0-C-1] o.a.k.c.c.internals.ConsumerCoordinator  : [Consumer clientId=consumer-budget-22, groupId=budget] (Re-)joining group
2024-03-05T07:49:38.774+01:00  INFO 11964 --- [ntainer#2-0-C-1] o.a.k.c.c.internals.ConsumerCoordinator  : [Consumer clientId=consumer-budget-22, groupId=budget] Group coordinator localhost:54012 (id: 2147483647 rack: null) is unavailable or invalid due to cause: error response NOT_COORDINATOR. isDisconnected: false. Rediscovery will be attempted.
2024-03-05T07:49:38.774+01:00  INFO 11964 --- [ntainer#2-0-C-1] o.a.k.c.c.internals.ConsumerCoordinator  : [Consumer clientId=consumer-budget-22, groupId=budget] Requesting disconnect from last known coordinator localhost:54012 (id: 2147483647 rack: null)
2024-03-05T07:49:38.774+01:00  INFO 11964 --- [ntainer#2-0-C-1] o.a.k.c.c.internals.ConsumerCoordinator  : [Consumer clientId=consumer-budget-22, groupId=budget] JoinGroup failed: This is not the correct coordinator. Marking coordinator unknown. Sent generation was Generation{generationId=-1, memberId='', protocol='null'}
2024-03-05T07:49:38.774+01:00  INFO 11964 --- [ntainer#2-0-C-1] org.apache.kafka.clients.NetworkClient   : [Consumer clientId=consumer-budget-22, groupId=budget] Client requested disconnect from node 2147483647
2024-03-05T07:49:38.777+01:00  INFO 11964 --- [ntainer#2-0-C-1] o.a.k.c.c.internals.ConsumerCoordinator  : [Consumer clientId=consumer-budget-22, groupId=budget] Discovered group coordinator localhost:54012 (id: 2147483647 rack: null)
2024-03-05T07:49:38.777+01:00  INFO 11964 --- [ntainer#2-0-C-1] o.a.k.c.c.internals.ConsumerCoordinator  : [Consumer clientId=consumer-budget-22, groupId=budget] Group coordinator localhost:54012 (id: 2147483647 rack: null) is unavailable or invalid due to cause: coordinator unavailable. isDisconnected: false. Rediscovery will be attempted.
2024-03-05T07:49:38.777+01:00  INFO 11964 --- [ntainer#2-0-C-1] o.a.k.c.c.internals.ConsumerCoordinator  : [Consumer clientId=consumer-budget-22, groupId=budget] Requesting disconnect from last known coordinator localhost:54012 (id: 2147483647 rack: null)
2024-03-05T07:49:38.806+01:00  INFO 11964 --- [r-event-handler] kafka.log.UnifiedLog$                    : [LogLoader partition=__consumer_offsets-2, dir=C:\Users\tobia\AppData\Local\Temp\kafka-11806855896019839531\broker_0_data0] Loading producer state till offset 0 with message format version 2
2024-03-05T07:49:38.809+01:00  INFO 11964 --- [r-event-handler] kafka.log.LogManager                     : Created log for partition __consumer_offsets-2 in C:\Users\tobia\AppData\Local\Temp\kafka-11806855896019839531\broker_0_data0\__consumer_offsets-2 with properties {cleanup.policy=compact, compression.type="producer", segment.bytes=104857600}
2024-03-05T07:49:38.809+01:00  INFO 11964 --- [r-event-handler] kafka.cluster.Partition                  : [Partition __consumer_offsets-2 broker=0] No checkpointed highwatermark is found for partition __consumer_offsets-2
2024-03-05T07:49:38.810+01:00  INFO 11964 --- [r-event-handler] kafka.cluster.Partition                  : [Partition __consumer_offsets-2 broker=0] Log loaded for partition __consumer_offsets-2 with initial high watermark 0
2024-03-05T07:49:38.811+01:00  INFO 11964 --- [r-event-handler] state.change.logger                      : [Broker id=0] Leader __consumer_offsets-2 with topic id Some(wtoGSdqRT1O8g4FydhJzhQ) starts at leader epoch 0 from offset 0 with partition epoch 0, high watermark 0, ISR [0], adding replicas [] and removing replicas [] . Previous leader None and previous leader epoch was -1.
2024-03-05T07:49:38.843+01:00  INFO 11964 --- [r-event-handler] k.coordinator.group.GroupCoordinator     : [GroupCoordinator 0]: Elected as the group coordinator for partition 13 in epoch 0
2024-03-05T07:49:38.844+01:00  INFO 11964 --- [r-event-handler] k.c.group.GroupMetadataManager           : [GroupMetadataManager brokerId=0] Scheduling loading of offsets and group metadata from __consumer_offsets-13 for epoch 0
2024-03-05T07:49:38.844+01:00  INFO 11964 --- [r-event-handler] k.coordinator.group.GroupCoordinator     : [GroupCoordinator 0]: Elected as the group coordinator for partition 46 in epoch 0
2024-03-05T07:49:38.844+01:00  INFO 11964 --- [r-event-handler] k.c.group.GroupMetadataManager           : [GroupMetadataManager brokerId=0] Scheduling loading of offsets and group metadata from __consumer_offsets-46 for epoch 0
2024-03-05T07:49:38.844+01:00  INFO 11964 --- [r-event-handler] k.coordinator.group.GroupCoordinator     : [GroupCoordinator 0]: Elected as the group coordinator for partition 9 in epoch 0
2024-03-05T07:49:38.844+01:00  INFO 11964 --- [r-event-handler] k.c.group.GroupMetadataManager           : [GroupMetadataManager brokerId=0] Scheduling loading of offsets and group metadata from __consumer_offsets-9 for epoch 0
2024-03-05T07:49:38.844+01:00  INFO 11964 --- [r-event-handler] k.coordinator.group.GroupCoordinator     : [GroupCoordinator 0]: Elected as the group coordinator for partition 42 in epoch 0
2024-03-05T07:49:38.844+01:00  INFO 11964 --- [r-event-handler] k.c.group.GroupMetadataManager           : [GroupMetadataManager brokerId=0] Scheduling loading of offsets and group metadata from __consumer_offsets-42 for epoch 0
2024-03-05T07:49:38.844+01:00  INFO 11964 --- [r-event-handler] k.coordinator.group.GroupCoordinator     : [GroupCoordinator 0]: Elected as the group coordinator for partition 21 in epoch 0
2024-03-05T07:49:38.844+01:00  INFO 11964 --- [r-event-handler] k.c.group.GroupMetadataManager           : [GroupMetadataManager brokerId=0] Scheduling loading of offsets and group metadata from __consumer_offsets-21 for epoch 0
2024-03-05T07:49:38.844+01:00  INFO 11964 --- [r-event-handler] k.coordinator.group.GroupCoordinator     : [GroupCoordinator 0]: Elected as the group coordinator for partition 17 in epoch 0
2024-03-05T07:49:38.844+01:00  INFO 11964 --- [r-event-handler] k.c.group.GroupMetadataManager           : [GroupMetadataManager brokerId=0] Scheduling loading of offsets and group metadata from __consumer_offsets-17 for epoch 0
2024-03-05T07:49:38.844+01:00  INFO 11964 --- [r-event-handler] k.coordinator.group.GroupCoordinator     : [GroupCoordinator 0]: Elected as the group coordinator for partition 30 in epoch 0
2024-03-05T07:49:38.844+01:00  INFO 11964 --- [r-event-handler] k.c.group.GroupMetadataManager           : [GroupMetadataManager brokerId=0] Scheduling loading of offsets and group metadata from __consumer_offsets-30 for epoch 0
2024-03-05T07:49:38.844+01:00  INFO 11964 --- [r-event-handler] k.coordinator.group.GroupCoordinator     : [GroupCoordinator 0]: Elected as the group coordinator for partition 26 in epoch 0
2024-03-05T07:49:38.844+01:00  INFO 11964 --- [r-event-handler] k.c.group.GroupMetadataManager           : [GroupMetadataManager brokerId=0] Scheduling loading of offsets and group metadata from __consumer_offsets-26 for epoch 0
2024-03-05T07:49:38.844+01:00  INFO 11964 --- [r-event-handler] k.coordinator.group.GroupCoordinator     : [GroupCoordinator 0]: Elected as the group coordinator for partition 5 in epoch 0
2024-03-05T07:49:38.844+01:00  INFO 11964 --- [r-event-handler] k.c.group.GroupMetadataManager           : [GroupMetadataManager brokerId=0] Scheduling loading of offsets and group metadata from __consumer_offsets-5 for epoch 0
2024-03-05T07:49:38.844+01:00  INFO 11964 --- [r-event-handler] k.coordinator.group.GroupCoordinator     : [GroupCoordinator 0]: Elected as the group coordinator for partition 38 in epoch 0
2024-03-05T07:49:38.844+01:00  INFO 11964 --- [r-event-handler] k.c.group.GroupMetadataManager           : [GroupMetadataManager brokerId=0] Scheduling loading of offsets and group metadata from __consumer_offsets-38 for epoch 0
2024-03-05T07:49:38.844+01:00  INFO 11964 --- [r-event-handler] k.coordinator.group.GroupCoordinator     : [GroupCoordinator 0]: Elected as the group coordinator for partition 1 in epoch 0
2024-03-05T07:49:38.844+01:00  INFO 11964 --- [r-event-handler] k.c.group.GroupMetadataManager           : [GroupMetadataManager brokerId=0] Scheduling loading of offsets and group metadata from __consumer_offsets-1 for epoch 0
2024-03-05T07:49:38.844+01:00  INFO 11964 --- [r-event-handler] k.coordinator.group.GroupCoordinator     : [GroupCoordinator 0]: Elected as the group coordinator for partition 34 in epoch 0
2024-03-05T07:49:38.844+01:00  INFO 11964 --- [r-event-handler] k.c.group.GroupMetadataManager           : [GroupMetadataManager brokerId=0] Scheduling loading of offsets and group metadata from __consumer_offsets-34 for epoch 0
2024-03-05T07:49:38.844+01:00  INFO 11964 --- [r-event-handler] k.coordinator.group.GroupCoordinator     : [GroupCoordinator 0]: Elected as the group coordinator for partition 16 in epoch 0
2024-03-05T07:49:38.844+01:00  INFO 11964 --- [r-event-handler] k.c.group.GroupMetadataManager           : [GroupMetadataManager brokerId=0] Scheduling loading of offsets and group metadata from __consumer_offsets-16 for epoch 0
2024-03-05T07:49:38.844+01:00  INFO 11964 --- [r-event-handler] k.coordinator.group.GroupCoordinator     : [GroupCoordinator 0]: Elected as the group coordinator for partition 45 in epoch 0
2024-03-05T07:49:38.844+01:00  INFO 11964 --- [r-event-handler] k.c.group.GroupMetadataManager           : [GroupMetadataManager brokerId=0] Scheduling loading of offsets and group metadata from __consumer_offsets-45 for epoch 0
2024-03-05T07:49:38.844+01:00  INFO 11964 --- [r-event-handler] k.coordinator.group.GroupCoordinator     : [GroupCoordinator 0]: Elected as the group coordinator for partition 12 in epoch 0
2024-03-05T07:49:38.844+01:00  INFO 11964 --- [adata-manager-0] k.c.group.GroupMetadataManager           : [GroupMetadataManager brokerId=0] Finished loading offsets and group metadata from __consumer_offsets-13 in 0 milliseconds for epoch 0, of which 0 milliseconds was spent in the scheduler.
2024-03-05T07:49:38.844+01:00  INFO 11964 --- [r-event-handler] k.c.group.GroupMetadataManager           : [GroupMetadataManager brokerId=0] Scheduling loading of offsets and group metadata from __consumer_offsets-12 for epoch 0
2024-03-05T07:49:38.844+01:00  INFO 11964 --- [r-event-handler] k.coordinator.group.GroupCoordinator     : [GroupCoordinator 0]: Elected as the group coordinator for partition 41 in epoch 0
2024-03-05T07:49:38.844+01:00  INFO 11964 --- [r-event-handler] k.c.group.GroupMetadataManager           : [GroupMetadataManager brokerId=0] Scheduling loading of offsets and group metadata from __consumer_offsets-41 for epoch 0
2024-03-05T07:49:38.844+01:00  INFO 11964 --- [r-event-handler] k.coordinator.group.GroupCoordinator     : [GroupCoordinator 0]: Elected as the group coordinator for partition 24 in epoch 0
2024-03-05T07:49:38.844+01:00  INFO 11964 --- [r-event-handler] k.c.group.GroupMetadataManager           : [GroupMetadataManager brokerId=0] Scheduling loading of offsets and group metadata from __consumer_offsets-24 for epoch 0
2024-03-05T07:49:38.844+01:00  INFO 11964 --- [r-event-handler] k.coordinator.group.GroupCoordinator     : [GroupCoordinator 0]: Elected as the group coordinator for partition 20 in epoch 0
2024-03-05T07:49:38.844+01:00  INFO 11964 --- [r-event-handler] k.c.group.GroupMetadataManager           : [GroupMetadataManager brokerId=0] Scheduling loading of offsets and group metadata from __consumer_offsets-20 for epoch 0
2024-03-05T07:49:38.844+01:00  INFO 11964 --- [r-event-handler] k.coordinator.group.GroupCoordinator     : [GroupCoordinator 0]: Elected as the group coordinator for partition 49 in epoch 0
2024-03-05T07:49:38.844+01:00  INFO 11964 --- [r-event-handler] k.c.group.GroupMetadataManager           : [GroupMetadataManager brokerId=0] Scheduling loading of offsets and group metadata from __consumer_offsets-49 for epoch 0
2024-03-05T07:49:38.844+01:00  INFO 11964 --- [r-event-handler] k.coordinator.group.GroupCoordinator     : [GroupCoordinator 0]: Elected as the group coordinator for partition 0 in epoch 0
2024-03-05T07:49:38.844+01:00  INFO 11964 --- [r-event-handler] k.c.group.GroupMetadataManager           : [GroupMetadataManager brokerId=0] Scheduling loading of offsets and group metadata from __consumer_offsets-0 for epoch 0
2024-03-05T07:49:38.844+01:00  INFO 11964 --- [adata-manager-0] k.c.group.GroupMetadataManager           : [GroupMetadataManager brokerId=0] Finished loading offsets and group metadata from __consumer_offsets-46 in 0 milliseconds for epoch 0, of which 0 milliseconds was spent in the scheduler.
2024-03-05T07:49:38.844+01:00  INFO 11964 --- [r-event-handler] k.coordinator.group.GroupCoordinator     : [GroupCoordinator 0]: Elected as the group coordinator for partition 29 in epoch 0
2024-03-05T07:49:38.844+01:00  INFO 11964 --- [r-event-handler] k.c.group.GroupMetadataManager           : [GroupMetadataManager brokerId=0] Scheduling loading of offsets and group metadata from __consumer_offsets-29 for epoch 0
2024-03-05T07:49:38.844+01:00  INFO 11964 --- [r-event-handler] k.coordinator.group.GroupCoordinator     : [GroupCoordinator 0]: Elected as the group coordinator for partition 25 in epoch 0
2024-03-05T07:49:38.844+01:00  INFO 11964 --- [r-event-handler] k.c.group.GroupMetadataManager           : [GroupMetadataManager brokerId=0] Scheduling loading of offsets and group metadata from __consumer_offsets-25 for epoch 0
2024-03-05T07:49:38.844+01:00  INFO 11964 --- [r-event-handler] k.coordinator.group.GroupCoordinator     : [GroupCoordinator 0]: Elected as the group coordinator for partition 8 in epoch 0
2024-03-05T07:49:38.844+01:00  INFO 11964 --- [r-event-handler] k.c.group.GroupMetadataManager           : [GroupMetadataManager brokerId=0] Scheduling loading of offsets and group metadata from __consumer_offsets-8 for epoch 0
2024-03-05T07:49:38.844+01:00  INFO 11964 --- [r-event-handler] k.coordinator.group.GroupCoordinator     : [GroupCoordinator 0]: Elected as the group coordinator for partition 37 in epoch 0
2024-03-05T07:49:38.844+01:00  INFO 11964 --- [r-event-handler] k.c.group.GroupMetadataManager           : [GroupMetadataManager brokerId=0] Scheduling loading of offsets and group metadata from __consumer_offsets-37 for epoch 0
2024-03-05T07:49:38.844+01:00  INFO 11964 --- [r-event-handler] k.coordinator.group.GroupCoordinator     : [GroupCoordinator 0]: Elected as the group coordinator for partition 4 in epoch 0
2024-03-05T07:49:38.844+01:00  INFO 11964 --- [r-event-handler] k.c.group.GroupMetadataManager           : [GroupMetadataManager brokerId=0] Scheduling loading of offsets and group metadata from __consumer_offsets-4 for epoch 0
2024-03-05T07:49:38.844+01:00  INFO 11964 --- [r-event-handler] k.coordinator.group.GroupCoordinator     : [GroupCoordinator 0]: Elected as the group coordinator for partition 33 in epoch 0
2024-03-05T07:49:38.844+01:00  INFO 11964 --- [r-event-handler] k.c.group.GroupMetadataManager           : [GroupMetadataManager brokerId=0] Scheduling loading of offsets and group metadata from __consumer_offsets-33 for epoch 0
2024-03-05T07:49:38.844+01:00  INFO 11964 --- [r-event-handler] k.coordinator.group.GroupCoordinator     : [GroupCoordinator 0]: Elected as the group coordinator for partition 15 in epoch 0
2024-03-05T07:49:38.844+01:00  INFO 11964 --- [adata-manager-0] k.c.group.GroupMetadataManager           : [GroupMetadataManager brokerId=0] Finished loading offsets and group metadata from __consumer_offsets-9 in 0 milliseconds for epoch 0, of which 0 milliseconds was spent in the scheduler.
2024-03-05T07:49:38.844+01:00  INFO 11964 --- [r-event-handler] k.c.group.GroupMetadataManager           : [GroupMetadataManager brokerId=0] Scheduling loading of offsets and group metadata from __consumer_offsets-15 for epoch 0
2024-03-05T07:49:38.844+01:00  INFO 11964 --- [r-event-handler] k.coordinator.group.GroupCoordinator     : [GroupCoordinator 0]: Elected as the group coordinator for partition 48 in epoch 0
2024-03-05T07:49:38.844+01:00  INFO 11964 --- [r-event-handler] k.c.group.GroupMetadataManager           : [GroupMetadataManager brokerId=0] Scheduling loading of offsets and group metadata from __consumer_offsets-48 for epoch 0
2024-03-05T07:49:38.844+01:00  INFO 11964 --- [r-event-handler] k.coordinator.group.GroupCoordinator     : [GroupCoordinator 0]: Elected as the group coordinator for partition 11 in epoch 0
2024-03-05T07:49:38.844+01:00  INFO 11964 --- [r-event-handler] k.c.group.GroupMetadataManager           : [GroupMetadataManager brokerId=0] Scheduling loading of offsets and group metadata from __consumer_offsets-11 for epoch 0
2024-03-05T07:49:38.844+01:00  INFO 11964 --- [r-event-handler] k.coordinator.group.GroupCoordinator     : [GroupCoordinator 0]: Elected as the group coordinator for partition 44 in epoch 0
2024-03-05T07:49:38.844+01:00  INFO 11964 --- [r-event-handler] k.c.group.GroupMetadataManager           : [GroupMetadataManager brokerId=0] Scheduling loading of offsets and group metadata from __consumer_offsets-44 for epoch 0
2024-03-05T07:49:38.844+01:00  INFO 11964 --- [adata-manager-0] k.c.group.GroupMetadataManager           : [GroupMetadataManager brokerId=0] Finished loading offsets and group metadata from __consumer_offsets-42 in 0 milliseconds for epoch 0, of which 0 milliseconds was spent in the scheduler.
2024-03-05T07:49:38.844+01:00  INFO 11964 --- [r-event-handler] k.coordinator.group.GroupCoordinator     : [GroupCoordinator 0]: Elected as the group coordinator for partition 23 in epoch 0
2024-03-05T07:49:38.844+01:00  INFO 11964 --- [r-event-handler] k.c.group.GroupMetadataManager           : [GroupMetadataManager brokerId=0] Scheduling loading of offsets and group metadata from __consumer_offsets-23 for epoch 0
2024-03-05T07:49:38.844+01:00  INFO 11964 --- [r-event-handler] k.coordinator.group.GroupCoordinator     : [GroupCoordinator 0]: Elected as the group coordinator for partition 19 in epoch 0
2024-03-05T07:49:38.844+01:00  INFO 11964 --- [r-event-handler] k.c.group.GroupMetadataManager           : [GroupMetadataManager brokerId=0] Scheduling loading of offsets and group metadata from __consumer_offsets-19 for epoch 0
2024-03-05T07:49:38.845+01:00  INFO 11964 --- [r-event-handler] k.coordinator.group.GroupCoordinator     : [GroupCoordinator 0]: Elected as the group coordinator for partition 32 in epoch 0
2024-03-05T07:49:38.845+01:00  INFO 11964 --- [r-event-handler] k.c.group.GroupMetadataManager           : [GroupMetadataManager brokerId=0] Scheduling loading of offsets and group metadata from __consumer_offsets-32 for epoch 0
2024-03-05T07:49:38.845+01:00  INFO 11964 --- [adata-manager-0] k.c.group.GroupMetadataManager           : [GroupMetadataManager brokerId=0] Finished loading offsets and group metadata from __consumer_offsets-21 in 1 milliseconds for epoch 0, of which 0 milliseconds was spent in the scheduler.
2024-03-05T07:49:38.845+01:00  INFO 11964 --- [adata-manager-0] k.c.group.GroupMetadataManager           : [GroupMetadataManager brokerId=0] Finished loading offsets and group metadata from __consumer_offsets-17 in 1 milliseconds for epoch 0, of which 1 milliseconds was spent in the scheduler.
2024-03-05T07:49:38.845+01:00  INFO 11964 --- [r-event-handler] k.coordinator.group.GroupCoordinator     : [GroupCoordinator 0]: Elected as the group coordinator for partition 28 in epoch 0
2024-03-05T07:49:38.845+01:00  INFO 11964 --- [adata-manager-0] k.c.group.GroupMetadataManager           : [GroupMetadataManager brokerId=0] Finished loading offsets and group metadata from __consumer_offsets-30 in 1 milliseconds for epoch 0, of which 1 milliseconds was spent in the scheduler.
2024-03-05T07:49:38.845+01:00  INFO 11964 --- [r-event-handler] k.c.group.GroupMetadataManager           : [GroupMetadataManager brokerId=0] Scheduling loading of offsets and group metadata from __consumer_offsets-28 for epoch 0
2024-03-05T07:49:38.845+01:00  INFO 11964 --- [r-event-handler] k.coordinator.group.GroupCoordinator     : [GroupCoordinator 0]: Elected as the group coordinator for partition 7 in epoch 0
2024-03-05T07:49:38.845+01:00  INFO 11964 --- [r-event-handler] k.c.group.GroupMetadataManager           : [GroupMetadataManager brokerId=0] Scheduling loading of offsets and group metadata from __consumer_offsets-7 for epoch 0
2024-03-05T07:49:38.845+01:00  INFO 11964 --- [r-event-handler] k.coordinator.group.GroupCoordinator     : [GroupCoordinator 0]: Elected as the group coordinator for partition 40 in epoch 0
2024-03-05T07:49:38.845+01:00  INFO 11964 --- [r-event-handler] k.c.group.GroupMetadataManager           : [GroupMetadataManager brokerId=0] Scheduling loading of offsets and group metadata from __consumer_offsets-40 for epoch 0
2024-03-05T07:49:38.845+01:00  INFO 11964 --- [r-event-handler] k.coordinator.group.GroupCoordinator     : [GroupCoordinator 0]: Elected as the group coordinator for partition 3 in epoch 0
2024-03-05T07:49:38.845+01:00  INFO 11964 --- [r-event-handler] k.c.group.GroupMetadataManager           : [GroupMetadataManager brokerId=0] Scheduling loading of offsets and group metadata from __consumer_offsets-3 for epoch 0
2024-03-05T07:49:38.845+01:00  INFO 11964 --- [r-event-handler] k.coordinator.group.GroupCoordinator     : [GroupCoordinator 0]: Elected as the group coordinator for partition 36 in epoch 0
2024-03-05T07:49:38.845+01:00  INFO 11964 --- [r-event-handler] k.c.group.GroupMetadataManager           : [GroupMetadataManager brokerId=0] Scheduling loading of offsets and group metadata from __consumer_offsets-36 for epoch 0
2024-03-05T07:49:38.845+01:00  INFO 11964 --- [r-event-handler] k.coordinator.group.GroupCoordinator     : [GroupCoordinator 0]: Elected as the group coordinator for partition 47 in epoch 0
2024-03-05T07:49:38.845+01:00  INFO 11964 --- [r-event-handler] k.c.group.GroupMetadataManager           : [GroupMetadataManager brokerId=0] Scheduling loading of offsets and group metadata from __consumer_offsets-47 for epoch 0
2024-03-05T07:49:38.845+01:00  INFO 11964 --- [r-event-handler] k.coordinator.group.GroupCoordinator     : [GroupCoordinator 0]: Elected as the group coordinator for partition 14 in epoch 0
2024-03-05T07:49:38.845+01:00  INFO 11964 --- [adata-manager-0] k.c.group.GroupMetadataManager           : [GroupMetadataManager brokerId=0] Finished loading offsets and group metadata from __consumer_offsets-26 in 1 milliseconds for epoch 0, of which 1 milliseconds was spent in the scheduler.
2024-03-05T07:49:38.845+01:00  INFO 11964 --- [r-event-handler] k.c.group.GroupMetadataManager           : [GroupMetadataManager brokerId=0] Scheduling loading of offsets and group metadata from __consumer_offsets-14 for epoch 0
2024-03-05T07:49:38.845+01:00  INFO 11964 --- [r-event-handler] k.coordinator.group.GroupCoordinator     : [GroupCoordinator 0]: Elected as the group coordinator for partition 43 in epoch 0
2024-03-05T07:49:38.845+01:00  INFO 11964 --- [r-event-handler] k.c.group.GroupMetadataManager           : [GroupMetadataManager brokerId=0] Scheduling loading of offsets and group metadata from __consumer_offsets-43 for epoch 0
2024-03-05T07:49:38.845+01:00  INFO 11964 --- [r-event-handler] k.coordinator.group.GroupCoordinator     : [GroupCoordinator 0]: Elected as the group coordinator for partition 10 in epoch 0
2024-03-05T07:49:38.845+01:00  INFO 11964 --- [r-event-handler] k.c.group.GroupMetadataManager           : [GroupMetadataManager brokerId=0] Scheduling loading of offsets and group metadata from __consumer_offsets-10 for epoch 0
2024-03-05T07:49:38.845+01:00  INFO 11964 --- [r-event-handler] k.coordinator.group.GroupCoordinator     : [GroupCoordinator 0]: Elected as the group coordinator for partition 22 in epoch 0
2024-03-05T07:49:38.845+01:00  INFO 11964 --- [r-event-handler] k.c.group.GroupMetadataManager           : [GroupMetadataManager brokerId=0] Scheduling loading of offsets and group metadata from __consumer_offsets-22 for epoch 0
2024-03-05T07:49:38.845+01:00  INFO 11964 --- [r-event-handler] k.coordinator.group.GroupCoordinator     : [GroupCoordinator 0]: Elected as the group coordinator for partition 18 in epoch 0
2024-03-05T07:49:38.845+01:00  INFO 11964 --- [r-event-handler] k.c.group.GroupMetadataManager           : [GroupMetadataManager brokerId=0] Scheduling loading of offsets and group metadata from __consumer_offsets-18 for epoch 0
2024-03-05T07:49:38.845+01:00  INFO 11964 --- [r-event-handler] k.coordinator.group.GroupCoordinator     : [GroupCoordinator 0]: Elected as the group coordinator for partition 31 in epoch 0
2024-03-05T07:49:38.845+01:00  INFO 11964 --- [r-event-handler] k.c.group.GroupMetadataManager           : [GroupMetadataManager brokerId=0] Scheduling loading of offsets and group metadata from __consumer_offsets-31 for epoch 0
2024-03-05T07:49:38.845+01:00  INFO 11964 --- [r-event-handler] k.coordinator.group.GroupCoordinator     : [GroupCoordinator 0]: Elected as the group coordinator for partition 27 in epoch 0
2024-03-05T07:49:38.845+01:00  INFO 11964 --- [adata-manager-0] k.c.group.GroupMetadataManager           : [GroupMetadataManager brokerId=0] Finished loading offsets and group metadata from __consumer_offsets-5 in 1 milliseconds for epoch 0, of which 1 milliseconds was spent in the scheduler.
2024-03-05T07:49:38.845+01:00  INFO 11964 --- [r-event-handler] k.c.group.GroupMetadataManager           : [GroupMetadataManager brokerId=0] Scheduling loading of offsets and group metadata from __consumer_offsets-27 for epoch 0
2024-03-05T07:49:38.846+01:00  INFO 11964 --- [adata-manager-0] k.c.group.GroupMetadataManager           : [GroupMetadataManager brokerId=0] Finished loading offsets and group metadata from __consumer_offsets-38 in 2 milliseconds for epoch 0, of which 1 milliseconds was spent in the scheduler.
2024-03-05T07:49:38.846+01:00  INFO 11964 --- [r-event-handler] k.coordinator.group.GroupCoordinator     : [GroupCoordinator 0]: Elected as the group coordinator for partition 39 in epoch 0
2024-03-05T07:49:38.846+01:00  INFO 11964 --- [r-event-handler] k.c.group.GroupMetadataManager           : [GroupMetadataManager brokerId=0] Scheduling loading of offsets and group metadata from __consumer_offsets-39 for epoch 0
2024-03-05T07:49:38.846+01:00  INFO 11964 --- [r-event-handler] k.coordinator.group.GroupCoordinator     : [GroupCoordinator 0]: Elected as the group coordinator for partition 6 in epoch 0
2024-03-05T07:49:38.846+01:00  INFO 11964 --- [r-event-handler] k.c.group.GroupMetadataManager           : [GroupMetadataManager brokerId=0] Scheduling loading of offsets and group metadata from __consumer_offsets-6 for epoch 0
2024-03-05T07:49:38.846+01:00  INFO 11964 --- [r-event-handler] k.coordinator.group.GroupCoordinator     : [GroupCoordinator 0]: Elected as the group coordinator for partition 35 in epoch 0
2024-03-05T07:49:38.846+01:00  INFO 11964 --- [r-event-handler] k.c.group.GroupMetadataManager           : [GroupMetadataManager brokerId=0] Scheduling loading of offsets and group metadata from __consumer_offsets-35 for epoch 0
2024-03-05T07:49:38.846+01:00  INFO 11964 --- [r-event-handler] k.coordinator.group.GroupCoordinator     : [GroupCoordinator 0]: Elected as the group coordinator for partition 2 in epoch 0
2024-03-05T07:49:38.846+01:00  INFO 11964 --- [adata-manager-0] k.c.group.GroupMetadataManager           : [GroupMetadataManager brokerId=0] Finished loading offsets and group metadata from __consumer_offsets-1 in 2 milliseconds for epoch 0, of which 2 milliseconds was spent in the scheduler.
2024-03-05T07:49:38.846+01:00  INFO 11964 --- [r-event-handler] k.c.group.GroupMetadataManager           : [GroupMetadataManager brokerId=0] Scheduling loading of offsets and group metadata from __consumer_offsets-2 for epoch 0
2024-03-05T07:49:38.846+01:00  INFO 11964 --- [adata-manager-0] k.c.group.GroupMetadataManager           : [GroupMetadataManager brokerId=0] Finished loading offsets and group metadata from __consumer_offsets-34 in 2 milliseconds for epoch 0, of which 2 milliseconds was spent in the scheduler.
2024-03-05T07:49:38.846+01:00  INFO 11964 --- [adata-manager-0] k.c.group.GroupMetadataManager           : [GroupMetadataManager brokerId=0] Finished loading offsets and group metadata from __consumer_offsets-16 in 2 milliseconds for epoch 0, of which 2 milliseconds was spent in the scheduler.
2024-03-05T07:49:38.846+01:00  INFO 11964 --- [r-event-handler] k.s.metadata.DynamicConfigPublisher      : [DynamicConfigPublisher broker id=0] Updating topic __consumer_offsets with new configuration : compression.type -> producer,cleanup.policy -> compact,segment.bytes -> 104857600
2024-03-05T07:49:38.846+01:00  INFO 11964 --- [adata-manager-0] k.c.group.GroupMetadataManager           : [GroupMetadataManager brokerId=0] Finished loading offsets and group metadata from __consumer_offsets-45 in 2 milliseconds for epoch 0, of which 2 milliseconds was spent in the scheduler.
2024-03-05T07:49:38.846+01:00  INFO 11964 --- [adata-manager-0] k.c.group.GroupMetadataManager           : [GroupMetadataManager brokerId=0] Finished loading offsets and group metadata from __consumer_offsets-12 in 2 milliseconds for epoch 0, of which 2 milliseconds was spent in the scheduler.
2024-03-05T07:49:38.846+01:00  INFO 11964 --- [adata-manager-0] k.c.group.GroupMetadataManager           : [GroupMetadataManager brokerId=0] Finished loading offsets and group metadata from __consumer_offsets-41 in 2 milliseconds for epoch 0, of which 2 milliseconds was spent in the scheduler.
2024-03-05T07:49:38.846+01:00  INFO 11964 --- [adata-manager-0] k.c.group.GroupMetadataManager           : [GroupMetadataManager brokerId=0] Finished loading offsets and group metadata from __consumer_offsets-24 in 2 milliseconds for epoch 0, of which 2 milliseconds was spent in the scheduler.
2024-03-05T07:49:38.847+01:00  INFO 11964 --- [adata-manager-0] k.c.group.GroupMetadataManager           : [GroupMetadataManager brokerId=0] Finished loading offsets and group metadata from __consumer_offsets-20 in 2 milliseconds for epoch 0, of which 2 milliseconds was spent in the scheduler.
2024-03-05T07:49:38.849+01:00  INFO 11964 --- [adata-manager-0] k.c.group.GroupMetadataManager           : [GroupMetadataManager brokerId=0] Finished loading offsets and group metadata from __consumer_offsets-49 in 5 milliseconds for epoch 0, of which 5 milliseconds was spent in the scheduler.
2024-03-05T07:49:38.849+01:00  INFO 11964 --- [adata-manager-0] k.c.group.GroupMetadataManager           : [GroupMetadataManager brokerId=0] Finished loading offsets and group metadata from __consumer_offsets-0 in 5 milliseconds for epoch 0, of which 5 milliseconds was spent in the scheduler.
2024-03-05T07:49:38.850+01:00  INFO 11964 --- [adata-manager-0] k.c.group.GroupMetadataManager           : [GroupMetadataManager brokerId=0] Finished loading offsets and group metadata from __consumer_offsets-29 in 6 milliseconds for epoch 0, of which 5 milliseconds was spent in the scheduler.
2024-03-05T07:49:38.850+01:00  INFO 11964 --- [adata-manager-0] k.c.group.GroupMetadataManager           : [GroupMetadataManager brokerId=0] Finished loading offsets and group metadata from __consumer_offsets-25 in 6 milliseconds for epoch 0, of which 6 milliseconds was spent in the scheduler.
2024-03-05T07:49:38.850+01:00  INFO 11964 --- [adata-manager-0] k.c.group.GroupMetadataManager           : [GroupMetadataManager brokerId=0] Finished loading offsets and group metadata from __consumer_offsets-8 in 6 milliseconds for epoch 0, of which 6 milliseconds was spent in the scheduler.
2024-03-05T07:49:38.850+01:00  INFO 11964 --- [adata-manager-0] k.c.group.GroupMetadataManager           : [GroupMetadataManager brokerId=0] Finished loading offsets and group metadata from __consumer_offsets-37 in 6 milliseconds for epoch 0, of which 6 milliseconds was spent in the scheduler.
2024-03-05T07:49:38.851+01:00  INFO 11964 --- [adata-manager-0] k.c.group.GroupMetadataManager           : [GroupMetadataManager brokerId=0] Finished loading offsets and group metadata from __consumer_offsets-4 in 6 milliseconds for epoch 0, of which 6 milliseconds was spent in the scheduler.
2024-03-05T07:49:38.851+01:00  INFO 11964 --- [adata-manager-0] k.c.group.GroupMetadataManager           : [GroupMetadataManager brokerId=0] Finished loading offsets and group metadata from __consumer_offsets-33 in 7 milliseconds for epoch 0, of which 7 milliseconds was spent in the scheduler.
2024-03-05T07:49:38.851+01:00  INFO 11964 --- [adata-manager-0] k.c.group.GroupMetadataManager           : [GroupMetadataManager brokerId=0] Finished loading offsets and group metadata from __consumer_offsets-15 in 7 milliseconds for epoch 0, of which 7 milliseconds was spent in the scheduler.
2024-03-05T07:49:38.851+01:00  INFO 11964 --- [adata-manager-0] k.c.group.GroupMetadataManager           : [GroupMetadataManager brokerId=0] Finished loading offsets and group metadata from __consumer_offsets-48 in 7 milliseconds for epoch 0, of which 7 milliseconds was spent in the scheduler.
2024-03-05T07:49:38.851+01:00  INFO 11964 --- [adata-manager-0] k.c.group.GroupMetadataManager           : [GroupMetadataManager brokerId=0] Finished loading offsets and group metadata from __consumer_offsets-11 in 7 milliseconds for epoch 0, of which 7 milliseconds was spent in the scheduler.
2024-03-05T07:49:38.851+01:00  INFO 11964 --- [adata-manager-0] k.c.group.GroupMetadataManager           : [GroupMetadataManager brokerId=0] Finished loading offsets and group metadata from __consumer_offsets-44 in 7 milliseconds for epoch 0, of which 7 milliseconds was spent in the scheduler.
2024-03-05T07:49:38.851+01:00  INFO 11964 --- [adata-manager-0] k.c.group.GroupMetadataManager           : [GroupMetadataManager brokerId=0] Finished loading offsets and group metadata from __consumer_offsets-23 in 7 milliseconds for epoch 0, of which 7 milliseconds was spent in the scheduler.
2024-03-05T07:49:38.851+01:00  INFO 11964 --- [adata-manager-0] k.c.group.GroupMetadataManager           : [GroupMetadataManager brokerId=0] Finished loading offsets and group metadata from __consumer_offsets-19 in 7 milliseconds for epoch 0, of which 7 milliseconds was spent in the scheduler.
2024-03-05T07:49:38.851+01:00  INFO 11964 --- [adata-manager-0] k.c.group.GroupMetadataManager           : [GroupMetadataManager brokerId=0] Finished loading offsets and group metadata from __consumer_offsets-32 in 6 milliseconds for epoch 0, of which 6 milliseconds was spent in the scheduler.
2024-03-05T07:49:38.852+01:00  INFO 11964 --- [adata-manager-0] k.c.group.GroupMetadataManager           : [GroupMetadataManager brokerId=0] Finished loading offsets and group metadata from __consumer_offsets-28 in 7 milliseconds for epoch 0, of which 7 milliseconds was spent in the scheduler.
2024-03-05T07:49:38.852+01:00  INFO 11964 --- [adata-manager-0] k.c.group.GroupMetadataManager           : [GroupMetadataManager brokerId=0] Finished loading offsets and group metadata from __consumer_offsets-7 in 7 milliseconds for epoch 0, of which 7 milliseconds was spent in the scheduler.
2024-03-05T07:49:38.852+01:00  INFO 11964 --- [adata-manager-0] k.c.group.GroupMetadataManager           : [GroupMetadataManager brokerId=0] Finished loading offsets and group metadata from __consumer_offsets-40 in 7 milliseconds for epoch 0, of which 7 milliseconds was spent in the scheduler.
2024-03-05T07:49:38.852+01:00  INFO 11964 --- [adata-manager-0] k.c.group.GroupMetadataManager           : [GroupMetadataManager brokerId=0] Finished loading offsets and group metadata from __consumer_offsets-3 in 7 milliseconds for epoch 0, of which 7 milliseconds was spent in the scheduler.
2024-03-05T07:49:38.852+01:00  INFO 11964 --- [adata-manager-0] k.c.group.GroupMetadataManager           : [GroupMetadataManager brokerId=0] Finished loading offsets and group metadata from __consumer_offsets-36 in 7 milliseconds for epoch 0, of which 7 milliseconds was spent in the scheduler.
2024-03-05T07:49:38.852+01:00  INFO 11964 --- [adata-manager-0] k.c.group.GroupMetadataManager           : [GroupMetadataManager brokerId=0] Finished loading offsets and group metadata from __consumer_offsets-47 in 7 milliseconds for epoch 0, of which 7 milliseconds was spent in the scheduler.
2024-03-05T07:49:38.853+01:00  INFO 11964 --- [adata-manager-0] k.c.group.GroupMetadataManager           : [GroupMetadataManager brokerId=0] Finished loading offsets and group metadata from __consumer_offsets-14 in 8 milliseconds for epoch 0, of which 7 milliseconds was spent in the scheduler.
2024-03-05T07:49:38.853+01:00  INFO 11964 --- [adata-manager-0] k.c.group.GroupMetadataManager           : [GroupMetadataManager brokerId=0] Finished loading offsets and group metadata from __consumer_offsets-43 in 8 milliseconds for epoch 0, of which 8 milliseconds was spent in the scheduler.
2024-03-05T07:49:38.853+01:00  INFO 11964 --- [adata-manager-0] k.c.group.GroupMetadataManager           : [GroupMetadataManager brokerId=0] Finished loading offsets and group metadata from __consumer_offsets-10 in 8 milliseconds for epoch 0, of which 8 milliseconds was spent in the scheduler.
2024-03-05T07:49:38.853+01:00  INFO 11964 --- [adata-manager-0] k.c.group.GroupMetadataManager           : [GroupMetadataManager brokerId=0] Finished loading offsets and group metadata from __consumer_offsets-22 in 8 milliseconds for epoch 0, of which 8 milliseconds was spent in the scheduler.
2024-03-05T07:49:38.853+01:00  INFO 11964 --- [adata-manager-0] k.c.group.GroupMetadataManager           : [GroupMetadataManager brokerId=0] Finished loading offsets and group metadata from __consumer_offsets-18 in 8 milliseconds for epoch 0, of which 8 milliseconds was spent in the scheduler.
2024-03-05T07:49:38.853+01:00  INFO 11964 --- [adata-manager-0] k.c.group.GroupMetadataManager           : [GroupMetadataManager brokerId=0] Finished loading offsets and group metadata from __consumer_offsets-31 in 8 milliseconds for epoch 0, of which 8 milliseconds was spent in the scheduler.
2024-03-05T07:49:38.853+01:00  INFO 11964 --- [adata-manager-0] k.c.group.GroupMetadataManager           : [GroupMetadataManager brokerId=0] Finished loading offsets and group metadata from __consumer_offsets-27 in 8 milliseconds for epoch 0, of which 8 milliseconds was spent in the scheduler.
2024-03-05T07:49:38.853+01:00  INFO 11964 --- [adata-manager-0] k.c.group.GroupMetadataManager           : [GroupMetadataManager brokerId=0] Finished loading offsets and group metadata from __consumer_offsets-39 in 7 milliseconds for epoch 0, of which 7 milliseconds was spent in the scheduler.
2024-03-05T07:49:38.854+01:00  INFO 11964 --- [adata-manager-0] k.c.group.GroupMetadataManager           : [GroupMetadataManager brokerId=0] Finished loading offsets and group metadata from __consumer_offsets-6 in 7 milliseconds for epoch 0, of which 7 milliseconds was spent in the scheduler.
2024-03-05T07:49:38.854+01:00  INFO 11964 --- [adata-manager-0] k.c.group.GroupMetadataManager           : [GroupMetadataManager brokerId=0] Finished loading offsets and group metadata from __consumer_offsets-35 in 8 milliseconds for epoch 0, of which 8 milliseconds was spent in the scheduler.
2024-03-05T07:49:38.854+01:00  INFO 11964 --- [adata-manager-0] k.c.group.GroupMetadataManager           : [GroupMetadataManager brokerId=0] Finished loading offsets and group metadata from __consumer_offsets-2 in 8 milliseconds for epoch 0, of which 8 milliseconds was spent in the scheduler.
2024-03-05T07:49:38.863+01:00  INFO 11964 --- [ntainer#1-0-C-1] o.a.k.c.c.internals.ConsumerCoordinator  : [Consumer clientId=consumer-budget-24, groupId=budget] Discovered group coordinator localhost:54012 (id: 2147483647 rack: null)
2024-03-05T07:49:38.864+01:00  INFO 11964 --- [ntainer#1-0-C-1] o.a.k.c.c.internals.ConsumerCoordinator  : [Consumer clientId=consumer-budget-24, groupId=budget] Request joining group due to: rebalance failed due to 'This is not the correct coordinator.' (NotCoordinatorException)
2024-03-05T07:49:38.865+01:00  INFO 11964 --- [ntainer#1-0-C-1] o.a.k.c.c.internals.ConsumerCoordinator  : [Consumer clientId=consumer-budget-24, groupId=budget] (Re-)joining group
2024-03-05T07:49:38.886+01:00  INFO 11964 --- [quest-handler-6] k.coordinator.group.GroupCoordinator     : [GroupCoordinator 0]: Dynamic member with unknown member id joins group budget in Empty state. Created a new member id consumer-budget-24-30f7ab5a-4c68-4f83-94ba-5864cf76c5a7 and request the member to rejoin with this id.
2024-03-05T07:49:38.887+01:00  INFO 11964 --- [ntainer#2-0-C-1] o.a.k.c.c.internals.ConsumerCoordinator  : [Consumer clientId=consumer-budget-22, groupId=budget] Discovered group coordinator localhost:54012 (id: 2147483647 rack: null)
2024-03-05T07:49:38.888+01:00  INFO 11964 --- [ntainer#0-0-C-1] o.a.k.c.c.internals.ConsumerCoordinator  : [Consumer clientId=consumer-product-23, groupId=product] Discovered group coordinator localhost:54012 (id: 2147483647 rack: null)
2024-03-05T07:49:38.889+01:00  INFO 11964 --- [ntainer#0-0-C-1] o.a.k.c.c.internals.ConsumerCoordinator  : [Consumer clientId=consumer-product-23, groupId=product] Request joining group due to: rebalance failed due to 'This is not the correct coordinator.' (NotCoordinatorException)
2024-03-05T07:49:38.890+01:00  INFO 11964 --- [ntainer#0-0-C-1] o.a.k.c.c.internals.ConsumerCoordinator  : [Consumer clientId=consumer-product-23, groupId=product] (Re-)joining group
2024-03-05T07:49:38.890+01:00  INFO 11964 --- [ntainer#2-0-C-1] o.a.k.c.c.internals.ConsumerCoordinator  : [Consumer clientId=consumer-budget-22, groupId=budget] Request joining group due to: rebalance failed due to 'This is not the correct coordinator.' (NotCoordinatorException)
2024-03-05T07:49:38.891+01:00  INFO 11964 --- [ntainer#2-0-C-1] o.a.k.c.c.internals.ConsumerCoordinator  : [Consumer clientId=consumer-budget-22, groupId=budget] (Re-)joining group
2024-03-05T07:49:38.901+01:00  INFO 11964 --- [quest-handler-7] k.coordinator.group.GroupCoordinator     : [GroupCoordinator 0]: Dynamic member with unknown member id joins group product in Empty state. Created a new member id consumer-product-23-262af1b6-842a-4ec8-9857-bf47ab0bf9bb and request the member to rejoin with this id.
2024-03-05T07:49:38.927+01:00  INFO 11964 --- [ntainer#0-0-C-1] o.a.k.c.c.internals.ConsumerCoordinator  : [Consumer clientId=consumer-product-23, groupId=product] Request joining group due to: need to re-join with the given member-id: consumer-product-23-262af1b6-842a-4ec8-9857-bf47ab0bf9bb
2024-03-05T07:49:38.927+01:00  INFO 11964 --- [ntainer#0-0-C-1] o.a.k.c.c.internals.ConsumerCoordinator  : [Consumer clientId=consumer-product-23, groupId=product] Request joining group due to: rebalance failed due to 'The group member needs to have a valid member id before actually entering a consumer group.' (MemberIdRequiredException)
2024-03-05T07:49:38.927+01:00  INFO 11964 --- [ntainer#0-0-C-1] o.a.k.c.c.internals.ConsumerCoordinator  : [Consumer clientId=consumer-product-23, groupId=product] (Re-)joining group
2024-03-05T07:49:38.927+01:00  INFO 11964 --- [ntainer#1-0-C-1] o.a.k.c.c.internals.ConsumerCoordinator  : [Consumer clientId=consumer-budget-24, groupId=budget] Request joining group due to: need to re-join with the given member-id: consumer-budget-24-30f7ab5a-4c68-4f83-94ba-5864cf76c5a7
2024-03-05T07:49:38.928+01:00  INFO 11964 --- [ntainer#1-0-C-1] o.a.k.c.c.internals.ConsumerCoordinator  : [Consumer clientId=consumer-budget-24, groupId=budget] Request joining group due to: rebalance failed due to 'The group member needs to have a valid member id before actually entering a consumer group.' (MemberIdRequiredException)
2024-03-05T07:49:38.928+01:00  INFO 11964 --- [ntainer#1-0-C-1] o.a.k.c.c.internals.ConsumerCoordinator  : [Consumer clientId=consumer-budget-24, groupId=budget] (Re-)joining group
2024-03-05T07:49:38.929+01:00  INFO 11964 --- [quest-handler-0] k.coordinator.group.GroupCoordinator     : [GroupCoordinator 0]: Dynamic member with unknown member id joins group budget in Empty state. Created a new member id consumer-budget-22-25384c1b-6024-4844-bd77-4bc97586ad1f and request the member to rejoin with this id.
2024-03-05T07:49:38.930+01:00  INFO 11964 --- [ntainer#2-0-C-1] o.a.k.c.c.internals.ConsumerCoordinator  : [Consumer clientId=consumer-budget-22, groupId=budget] Request joining group due to: need to re-join with the given member-id: consumer-budget-22-25384c1b-6024-4844-bd77-4bc97586ad1f
2024-03-05T07:49:38.930+01:00  INFO 11964 --- [ntainer#2-0-C-1] o.a.k.c.c.internals.ConsumerCoordinator  : [Consumer clientId=consumer-budget-22, groupId=budget] Request joining group due to: rebalance failed due to 'The group member needs to have a valid member id before actually entering a consumer group.' (MemberIdRequiredException)
2024-03-05T07:49:38.930+01:00  INFO 11964 --- [ntainer#2-0-C-1] o.a.k.c.c.internals.ConsumerCoordinator  : [Consumer clientId=consumer-budget-22, groupId=budget] (Re-)joining group
2024-03-05T07:49:38.956+01:00  INFO 11964 --- [quest-handler-6] k.coordinator.group.GroupCoordinator     : [GroupCoordinator 0]: Preparing to rebalance group product in state PreparingRebalance with old generation 0 (__consumer_offsets-15) (reason: Adding new member consumer-product-23-262af1b6-842a-4ec8-9857-bf47ab0bf9bb with group instance id None; client reason: rebalance failed due to MemberIdRequiredException)
2024-03-05T07:49:38.956+01:00  INFO 11964 --- [quest-handler-0] k.coordinator.group.GroupCoordinator     : [GroupCoordinator 0]: Preparing to rebalance group budget in state PreparingRebalance with old generation 0 (__consumer_offsets-11) (reason: Adding new member consumer-budget-24-30f7ab5a-4c68-4f83-94ba-5864cf76c5a7 with group instance id None; client reason: rebalance failed due to MemberIdRequiredException)
2024-03-05T07:49:38.980+01:00  INFO 11964 --- [cutor-Rebalance] k.coordinator.group.GroupCoordinator     : [GroupCoordinator 0]: Stabilized group product generation 1 (__consumer_offsets-15) with 1 members
2024-03-05T07:49:38.985+01:00  INFO 11964 --- [ntainer#0-0-C-1] o.a.k.c.c.internals.ConsumerCoordinator  : [Consumer clientId=consumer-product-23, groupId=product] Successfully joined group with generation Generation{generationId=1, memberId='consumer-product-23-262af1b6-842a-4ec8-9857-bf47ab0bf9bb', protocol='range'}
2024-03-05T07:49:38.990+01:00  INFO 11964 --- [cutor-Rebalance] k.coordinator.group.GroupCoordinator     : [GroupCoordinator 0]: Stabilized group budget generation 1 (__consumer_offsets-11) with 2 members
2024-03-05T07:49:38.991+01:00  INFO 11964 --- [ntainer#2-0-C-1] o.a.k.c.c.internals.ConsumerCoordinator  : [Consumer clientId=consumer-budget-22, groupId=budget] Successfully joined group with generation Generation{generationId=1, memberId='consumer-budget-22-25384c1b-6024-4844-bd77-4bc97586ad1f', protocol='range'}
2024-03-05T07:49:38.992+01:00  INFO 11964 --- [ntainer#1-0-C-1] o.a.k.c.c.internals.ConsumerCoordinator  : [Consumer clientId=consumer-budget-24, groupId=budget] Successfully joined group with generation Generation{generationId=1, memberId='consumer-budget-24-30f7ab5a-4c68-4f83-94ba-5864cf76c5a7', protocol='range'}
2024-03-05T07:49:39.004+01:00  INFO 11964 --- [ntainer#0-0-C-1] o.a.k.c.c.internals.ConsumerCoordinator  : [Consumer clientId=consumer-product-23, groupId=product] Finished assignment for group at generation 1: {consumer-product-23-262af1b6-842a-4ec8-9857-bf47ab0bf9bb=Assignment(partitions=[product-update-0, product-update-1])}
2024-03-05T07:49:39.004+01:00  INFO 11964 --- [ntainer#1-0-C-1] o.a.k.c.c.internals.ConsumerCoordinator  : [Consumer clientId=consumer-budget-24, groupId=budget] Finished assignment for group at generation 1: {consumer-budget-22-25384c1b-6024-4844-bd77-4bc97586ad1f=Assignment(partitions=[oneTimeTransaction-update-0, oneTimeTransaction-update-1]), consumer-budget-24-30f7ab5a-4c68-4f83-94ba-5864cf76c5a7=Assignment(partitions=[recurringTransaction-update-0, recurringTransaction-update-1])}
2024-03-05T07:49:39.012+01:00  INFO 11964 --- [quest-handler-7] k.coordinator.group.GroupCoordinator     : [GroupCoordinator 0]: Assignment received from leader consumer-product-23-262af1b6-842a-4ec8-9857-bf47ab0bf9bb for group product for generation 1. The group has 1 members, 0 of which are static.
2024-03-05T07:49:39.012+01:00  INFO 11964 --- [quest-handler-4] k.coordinator.group.GroupCoordinator     : [GroupCoordinator 0]: Assignment received from leader consumer-budget-24-30f7ab5a-4c68-4f83-94ba-5864cf76c5a7 for group budget for generation 1. The group has 2 members, 0 of which are static.
2024-03-05T07:49:39.118+01:00  INFO 11964 --- [ntainer#0-0-C-1] o.a.k.c.c.internals.ConsumerCoordinator  : [Consumer clientId=consumer-product-23, groupId=product] Successfully synced group in generation Generation{generationId=1, memberId='consumer-product-23-262af1b6-842a-4ec8-9857-bf47ab0bf9bb', protocol='range'}
2024-03-05T07:49:39.118+01:00  INFO 11964 --- [ntainer#0-0-C-1] o.a.k.c.c.internals.ConsumerCoordinator  : [Consumer clientId=consumer-product-23, groupId=product] Notifying assignor about the new Assignment(partitions=[product-update-0, product-update-1])
2024-03-05T07:49:39.119+01:00  INFO 11964 --- [ntainer#2-0-C-1] o.a.k.c.c.internals.ConsumerCoordinator  : [Consumer clientId=consumer-budget-22, groupId=budget] Successfully synced group in generation Generation{generationId=1, memberId='consumer-budget-22-25384c1b-6024-4844-bd77-4bc97586ad1f', protocol='range'}
2024-03-05T07:49:39.120+01:00  INFO 11964 --- [ntainer#2-0-C-1] o.a.k.c.c.internals.ConsumerCoordinator  : [Consumer clientId=consumer-budget-22, groupId=budget] Notifying assignor about the new Assignment(partitions=[oneTimeTransaction-update-0, oneTimeTransaction-update-1])
2024-03-05T07:49:39.122+01:00  INFO 11964 --- [ntainer#1-0-C-1] o.a.k.c.c.internals.ConsumerCoordinator  : [Consumer clientId=consumer-budget-24, groupId=budget] Successfully synced group in generation Generation{generationId=1, memberId='consumer-budget-24-30f7ab5a-4c68-4f83-94ba-5864cf76c5a7', protocol='range'}
2024-03-05T07:49:39.122+01:00  INFO 11964 --- [ntainer#1-0-C-1] o.a.k.c.c.internals.ConsumerCoordinator  : [Consumer clientId=consumer-budget-24, groupId=budget] Notifying assignor about the new Assignment(partitions=[recurringTransaction-update-0, recurringTransaction-update-1])
2024-03-05T07:49:39.126+01:00  INFO 11964 --- [ntainer#2-0-C-1] o.a.k.c.c.internals.ConsumerCoordinator  : [Consumer clientId=consumer-budget-22, groupId=budget] Adding newly assigned partitions: oneTimeTransaction-update-0, oneTimeTransaction-update-1
2024-03-05T07:49:39.127+01:00  INFO 11964 --- [ntainer#0-0-C-1] o.a.k.c.c.internals.ConsumerCoordinator  : [Consumer clientId=consumer-product-23, groupId=product] Adding newly assigned partitions: product-update-0, product-update-1
2024-03-05T07:49:39.126+01:00  INFO 11964 --- [ntainer#1-0-C-1] o.a.k.c.c.internals.ConsumerCoordinator  : [Consumer clientId=consumer-budget-24, groupId=budget] Adding newly assigned partitions: recurringTransaction-update-0, recurringTransaction-update-1
2024-03-05T07:49:39.209+01:00  INFO 11964 --- [ntainer#1-0-C-1] o.a.k.c.c.internals.ConsumerCoordinator  : [Consumer clientId=consumer-budget-24, groupId=budget] Found no committed offset for partition recurringTransaction-update-0
2024-03-05T07:49:39.209+01:00  INFO 11964 --- [ntainer#1-0-C-1] o.a.k.c.c.internals.ConsumerCoordinator  : [Consumer clientId=consumer-budget-24, groupId=budget] Found no committed offset for partition recurringTransaction-update-1
2024-03-05T07:49:39.209+01:00  INFO 11964 --- [ntainer#2-0-C-1] o.a.k.c.c.internals.ConsumerCoordinator  : [Consumer clientId=consumer-budget-22, groupId=budget] Found no committed offset for partition oneTimeTransaction-update-0
2024-03-05T07:49:39.209+01:00  INFO 11964 --- [ntainer#2-0-C-1] o.a.k.c.c.internals.ConsumerCoordinator  : [Consumer clientId=consumer-budget-22, groupId=budget] Found no committed offset for partition oneTimeTransaction-update-1
2024-03-05T07:49:39.209+01:00  INFO 11964 --- [ntainer#0-0-C-1] o.a.k.c.c.internals.ConsumerCoordinator  : [Consumer clientId=consumer-product-23, groupId=product] Found no committed offset for partition product-update-1
2024-03-05T07:49:39.209+01:00  INFO 11964 --- [ntainer#0-0-C-1] o.a.k.c.c.internals.ConsumerCoordinator  : [Consumer clientId=consumer-product-23, groupId=product] Found no committed offset for partition product-update-0
2024-03-05T07:49:39.270+01:00  INFO 11964 --- [ntainer#0-0-C-1] o.a.k.c.c.internals.SubscriptionState    : [Consumer clientId=consumer-product-23, groupId=product] Resetting offset for partition product-update-1 to position FetchPosition{offset=0, offsetEpoch=Optional.empty, currentLeader=LeaderAndEpoch{leader=Optional[localhost:54012 (id: 0 rack: null)], epoch=0}}.
2024-03-05T07:49:39.271+01:00  INFO 11964 --- [ntainer#1-0-C-1] o.a.k.c.c.internals.SubscriptionState    : [Consumer clientId=consumer-budget-24, groupId=budget] Resetting offset for partition recurringTransaction-update-0 to position FetchPosition{offset=0, offsetEpoch=Optional.empty, currentLeader=LeaderAndEpoch{leader=Optional[localhost:54012 (id: 0 rack: null)], epoch=0}}.
2024-03-05T07:49:39.272+01:00  INFO 11964 --- [ntainer#2-0-C-1] o.a.k.c.c.internals.SubscriptionState    : [Consumer clientId=consumer-budget-22, groupId=budget] Resetting offset for partition oneTimeTransaction-update-0 to position FetchPosition{offset=0, offsetEpoch=Optional.empty, currentLeader=LeaderAndEpoch{leader=Optional[localhost:54012 (id: 0 rack: null)], epoch=0}}.
2024-03-05T07:49:39.272+01:00  INFO 11964 --- [ntainer#2-0-C-1] o.a.k.c.c.internals.SubscriptionState    : [Consumer clientId=consumer-budget-22, groupId=budget] Resetting offset for partition oneTimeTransaction-update-1 to position FetchPosition{offset=0, offsetEpoch=Optional.empty, currentLeader=LeaderAndEpoch{leader=Optional[localhost:54012 (id: 0 rack: null)], epoch=0}}.
2024-03-05T07:49:39.272+01:00  INFO 11964 --- [ntainer#0-0-C-1] o.a.k.c.c.internals.SubscriptionState    : [Consumer clientId=consumer-product-23, groupId=product] Resetting offset for partition product-update-0 to position FetchPosition{offset=0, offsetEpoch=Optional.empty, currentLeader=LeaderAndEpoch{leader=Optional[localhost:54012 (id: 0 rack: null)], epoch=0}}.
2024-03-05T07:49:39.272+01:00  INFO 11964 --- [ntainer#1-0-C-1] o.a.k.c.c.internals.SubscriptionState    : [Consumer clientId=consumer-budget-24, groupId=budget] Resetting offset for partition recurringTransaction-update-1 to position FetchPosition{offset=0, offsetEpoch=Optional.empty, currentLeader=LeaderAndEpoch{leader=Optional[localhost:54012 (id: 0 rack: null)], epoch=0}}.
2024-03-05T07:49:39.274+01:00  INFO 11964 --- [ntainer#2-0-C-1] o.s.k.l.KafkaMessageListenerContainer    : budget: partitions assigned: [oneTimeTransaction-update-0, oneTimeTransaction-update-1]
2024-03-05T07:49:39.274+01:00  INFO 11964 --- [ntainer#0-0-C-1] o.s.k.l.KafkaMessageListenerContainer    : product: partitions assigned: [product-update-0, product-update-1]
2024-03-05T07:49:39.275+01:00  INFO 11964 --- [ntainer#1-0-C-1] o.s.k.l.KafkaMessageListenerContainer    : budget: partitions assigned: [recurringTransaction-update-0, recurringTransaction-update-1]
Excel file has been created successfully.
]]></system-out>
  </testcase>
</testsuite>